cbmc-5.2 merge_sort_false-unreach-call_Mem_ver1.c --unwind 7 --no-unwinding-assertions


--------------------------------------------------------------------------------


CBMC version 5.2 64-bit x86_64 linux
Parsing merge_sort_false-unreach-call_Mem_ver1.c
file <command-line> line 0: <command-line>:0:0: warning: "__STDC_VERSION__" redefined
file <command-line> line 0: <built-in>: note: this is the location of the previous definition
Converting
Type-checking merge_sort_false-unreach-call_Mem_ver1
file merge_sort_false-unreach-call_Mem_ver1.c line 369 function inspect_before: function `assert' is not declared
Generating GOTO Program
Adding CPROVER library
Function Pointer Removal
Partial Inlining
Generic Property Instrumentation
Starting Bounded Model Checking
Unwinding loop main.0 iteration 1 (7 max) file merge_sort_false-unreach-call_Mem_ver1.c line 427 function main thread 0
Unwinding loop main.0 iteration 2 (7 max) file merge_sort_false-unreach-call_Mem_ver1.c line 427 function main thread 0
Unwinding loop main.0 iteration 3 (7 max) file merge_sort_false-unreach-call_Mem_ver1.c line 427 function main thread 0
Unwinding loop main.0 iteration 4 (7 max) file merge_sort_false-unreach-call_Mem_ver1.c line 427 function main thread 0
Unwinding loop main.0 iteration 5 (7 max) file merge_sort_false-unreach-call_Mem_ver1.c line 427 function main thread 0
Unwinding loop main.0 iteration 6 (7 max) file merge_sort_false-unreach-call_Mem_ver1.c line 427 function main thread 0
Not unwinding loop main.0 iteration 7 (7 max) file merge_sort_false-unreach-call_Mem_ver1.c line 427 function main thread 0
Unwinding loop inspect_before.0 iteration 1 (7 max) file merge_sort_false-unreach-call_Mem_ver1.c line 372 function inspect_before thread 0
Unwinding loop inspect_before.0 iteration 2 (7 max) file merge_sort_false-unreach-call_Mem_ver1.c line 372 function inspect_before thread 0
Unwinding loop inspect_before.0 iteration 3 (7 max) file merge_sort_false-unreach-call_Mem_ver1.c line 372 function inspect_before thread 0
Unwinding loop inspect_before.0 iteration 4 (7 max) file merge_sort_false-unreach-call_Mem_ver1.c line 372 function inspect_before thread 0
Unwinding loop inspect_before.0 iteration 5 (7 max) file merge_sort_false-unreach-call_Mem_ver1.c line 372 function inspect_before thread 0
Unwinding loop inspect_before.0 iteration 6 (7 max) file merge_sort_false-unreach-call_Mem_ver1.c line 372 function inspect_before thread 0
Not unwinding loop inspect_before.0 iteration 7 (7 max) file merge_sort_false-unreach-call_Mem_ver1.c line 372 function inspect_before thread 0
Unwinding loop merge_pair.0 iteration 1 (7 max) file merge_sort_false-unreach-call_Mem_ver1.c line 302 function merge_pair thread 0
Unwinding loop merge_pair.0 iteration 2 (7 max) file merge_sort_false-unreach-call_Mem_ver1.c line 302 function merge_pair thread 0
Unwinding loop merge_pair.0 iteration 3 (7 max) file merge_sort_false-unreach-call_Mem_ver1.c line 302 function merge_pair thread 0
Unwinding loop merge_pair.0 iteration 4 (7 max) file merge_sort_false-unreach-call_Mem_ver1.c line 302 function merge_pair thread 0
Unwinding loop merge_pair.0 iteration 5 (7 max) file merge_sort_false-unreach-call_Mem_ver1.c line 302 function merge_pair thread 0
Unwinding loop merge_pair.0 iteration 6 (7 max) file merge_sort_false-unreach-call_Mem_ver1.c line 302 function merge_pair thread 0
Not unwinding loop merge_pair.0 iteration 7 (7 max) file merge_sort_false-unreach-call_Mem_ver1.c line 302 function merge_pair thread 0
Unwinding loop seq_sort_core.0 iteration 1 (7 max) file merge_sort_false-unreach-call_Mem_ver1.c line 327 function seq_sort_core thread 0
Unwinding loop merge_pair.0 iteration 1 (7 max) file merge_sort_false-unreach-call_Mem_ver1.c line 302 function merge_pair thread 0
Unwinding loop merge_pair.0 iteration 2 (7 max) file merge_sort_false-unreach-call_Mem_ver1.c line 302 function merge_pair thread 0
Unwinding loop merge_pair.0 iteration 3 (7 max) file merge_sort_false-unreach-call_Mem_ver1.c line 302 function merge_pair thread 0
Unwinding loop merge_pair.0 iteration 4 (7 max) file merge_sort_false-unreach-call_Mem_ver1.c line 302 function merge_pair thread 0
Unwinding loop merge_pair.0 iteration 5 (7 max) file merge_sort_false-unreach-call_Mem_ver1.c line 302 function merge_pair thread 0
Unwinding loop merge_pair.0 iteration 6 (7 max) file merge_sort_false-unreach-call_Mem_ver1.c line 302 function merge_pair thread 0
Not unwinding loop merge_pair.0 iteration 7 (7 max) file merge_sort_false-unreach-call_Mem_ver1.c line 302 function merge_pair thread 0
Unwinding loop seq_sort_core.0 iteration 2 (7 max) file merge_sort_false-unreach-call_Mem_ver1.c line 327 function seq_sort_core thread 0
Unwinding loop merge_pair.0 iteration 1 (7 max) file merge_sort_false-unreach-call_Mem_ver1.c line 302 function merge_pair thread 0
Unwinding loop merge_pair.0 iteration 2 (7 max) file merge_sort_false-unreach-call_Mem_ver1.c line 302 function merge_pair thread 0
Unwinding loop merge_pair.0 iteration 3 (7 max) file merge_sort_false-unreach-call_Mem_ver1.c line 302 function merge_pair thread 0
Unwinding loop merge_pair.0 iteration 4 (7 max) file merge_sort_false-unreach-call_Mem_ver1.c line 302 function merge_pair thread 0
Unwinding loop merge_pair.0 iteration 5 (7 max) file merge_sort_false-unreach-call_Mem_ver1.c line 302 function merge_pair thread 0
Unwinding loop merge_pair.0 iteration 6 (7 max) file merge_sort_false-unreach-call_Mem_ver1.c line 302 function merge_pair thread 0
Not unwinding loop merge_pair.0 iteration 7 (7 max) file merge_sort_false-unreach-call_Mem_ver1.c line 302 function merge_pair thread 0
Unwinding loop seq_sort_core.0 iteration 3 (7 max) file merge_sort_false-unreach-call_Mem_ver1.c line 327 function seq_sort_core thread 0
Unwinding loop merge_pair.0 iteration 1 (7 max) file merge_sort_false-unreach-call_Mem_ver1.c line 302 function merge_pair thread 0
Unwinding loop merge_pair.0 iteration 2 (7 max) file merge_sort_false-unreach-call_Mem_ver1.c line 302 function merge_pair thread 0
Unwinding loop merge_pair.0 iteration 3 (7 max) file merge_sort_false-unreach-call_Mem_ver1.c line 302 function merge_pair thread 0
Unwinding loop merge_pair.0 iteration 4 (7 max) file merge_sort_false-unreach-call_Mem_ver1.c line 302 function merge_pair thread 0
Unwinding loop merge_pair.0 iteration 5 (7 max) file merge_sort_false-unreach-call_Mem_ver1.c line 302 function merge_pair thread 0
Unwinding loop merge_pair.0 iteration 6 (7 max) file merge_sort_false-unreach-call_Mem_ver1.c line 302 function merge_pair thread 0
Not unwinding loop merge_pair.0 iteration 7 (7 max) file merge_sort_false-unreach-call_Mem_ver1.c line 302 function merge_pair thread 0
Unwinding loop seq_sort_core.0 iteration 4 (7 max) file merge_sort_false-unreach-call_Mem_ver1.c line 327 function seq_sort_core thread 0
Unwinding loop merge_pair.0 iteration 1 (7 max) file merge_sort_false-unreach-call_Mem_ver1.c line 302 function merge_pair thread 0
Unwinding loop merge_pair.0 iteration 2 (7 max) file merge_sort_false-unreach-call_Mem_ver1.c line 302 function merge_pair thread 0
Unwinding loop merge_pair.0 iteration 3 (7 max) file merge_sort_false-unreach-call_Mem_ver1.c line 302 function merge_pair thread 0
Unwinding loop merge_pair.0 iteration 4 (7 max) file merge_sort_false-unreach-call_Mem_ver1.c line 302 function merge_pair thread 0
Unwinding loop merge_pair.0 iteration 5 (7 max) file merge_sort_false-unreach-call_Mem_ver1.c line 302 function merge_pair thread 0
Unwinding loop merge_pair.0 iteration 6 (7 max) file merge_sort_false-unreach-call_Mem_ver1.c line 302 function merge_pair thread 0
Not unwinding loop merge_pair.0 iteration 7 (7 max) file merge_sort_false-unreach-call_Mem_ver1.c line 302 function merge_pair thread 0
Unwinding loop seq_sort_core.0 iteration 5 (7 max) file merge_sort_false-unreach-call_Mem_ver1.c line 327 function seq_sort_core thread 0
Unwinding loop merge_pair.0 iteration 1 (7 max) file merge_sort_false-unreach-call_Mem_ver1.c line 302 function merge_pair thread 0
Unwinding loop merge_pair.0 iteration 2 (7 max) file merge_sort_false-unreach-call_Mem_ver1.c line 302 function merge_pair thread 0
Unwinding loop merge_pair.0 iteration 3 (7 max) file merge_sort_false-unreach-call_Mem_ver1.c line 302 function merge_pair thread 0
Unwinding loop merge_pair.0 iteration 4 (7 max) file merge_sort_false-unreach-call_Mem_ver1.c line 302 function merge_pair thread 0
Unwinding loop merge_pair.0 iteration 5 (7 max) file merge_sort_false-unreach-call_Mem_ver1.c line 302 function merge_pair thread 0
Unwinding loop merge_pair.0 iteration 6 (7 max) file merge_sort_false-unreach-call_Mem_ver1.c line 302 function merge_pair thread 0
Not unwinding loop merge_pair.0 iteration 7 (7 max) file merge_sort_false-unreach-call_Mem_ver1.c line 302 function merge_pair thread 0
Unwinding loop seq_sort_core.0 iteration 6 (7 max) file merge_sort_false-unreach-call_Mem_ver1.c line 327 function seq_sort_core thread 0
Unwinding loop merge_pair.0 iteration 1 (7 max) file merge_sort_false-unreach-call_Mem_ver1.c line 302 function merge_pair thread 0
Unwinding loop merge_pair.0 iteration 2 (7 max) file merge_sort_false-unreach-call_Mem_ver1.c line 302 function merge_pair thread 0
Unwinding loop merge_pair.0 iteration 3 (7 max) file merge_sort_false-unreach-call_Mem_ver1.c line 302 function merge_pair thread 0
Unwinding loop merge_pair.0 iteration 4 (7 max) file merge_sort_false-unreach-call_Mem_ver1.c line 302 function merge_pair thread 0
Unwinding loop merge_pair.0 iteration 5 (7 max) file merge_sort_false-unreach-call_Mem_ver1.c line 302 function merge_pair thread 0
Unwinding loop merge_pair.0 iteration 6 (7 max) file merge_sort_false-unreach-call_Mem_ver1.c line 302 function merge_pair thread 0
Not unwinding loop merge_pair.0 iteration 7 (7 max) file merge_sort_false-unreach-call_Mem_ver1.c line 302 function merge_pair thread 0
Not unwinding loop seq_sort_core.0 iteration 7 (7 max) file merge_sort_false-unreach-call_Mem_ver1.c line 327 function seq_sort_core thread 0
Unwinding loop main.1 iteration 1 (7 max) file merge_sort_false-unreach-call_Mem_ver1.c line 476 function main thread 0
Unwinding loop merge_pair.0 iteration 1 (7 max) file merge_sort_false-unreach-call_Mem_ver1.c line 302 function merge_pair thread 0
Unwinding loop merge_pair.0 iteration 2 (7 max) file merge_sort_false-unreach-call_Mem_ver1.c line 302 function merge_pair thread 0
Unwinding loop merge_pair.0 iteration 3 (7 max) file merge_sort_false-unreach-call_Mem_ver1.c line 302 function merge_pair thread 0
Unwinding loop merge_pair.0 iteration 4 (7 max) file merge_sort_false-unreach-call_Mem_ver1.c line 302 function merge_pair thread 0
Unwinding loop merge_pair.0 iteration 5 (7 max) file merge_sort_false-unreach-call_Mem_ver1.c line 302 function merge_pair thread 0
Unwinding loop merge_pair.0 iteration 6 (7 max) file merge_sort_false-unreach-call_Mem_ver1.c line 302 function merge_pair thread 0
Not unwinding loop merge_pair.0 iteration 7 (7 max) file merge_sort_false-unreach-call_Mem_ver1.c line 302 function merge_pair thread 0
Unwinding loop seq_sort_core.0 iteration 1 (7 max) file merge_sort_false-unreach-call_Mem_ver1.c line 327 function seq_sort_core thread 0
Unwinding loop merge_pair.0 iteration 1 (7 max) file merge_sort_false-unreach-call_Mem_ver1.c line 302 function merge_pair thread 0
Unwinding loop merge_pair.0 iteration 2 (7 max) file merge_sort_false-unreach-call_Mem_ver1.c line 302 function merge_pair thread 0
Unwinding loop merge_pair.0 iteration 3 (7 max) file merge_sort_false-unreach-call_Mem_ver1.c line 302 function merge_pair thread 0
Unwinding loop merge_pair.0 iteration 4 (7 max) file merge_sort_false-unreach-call_Mem_ver1.c line 302 function merge_pair thread 0
Unwinding loop merge_pair.0 iteration 5 (7 max) file merge_sort_false-unreach-call_Mem_ver1.c line 302 function merge_pair thread 0
Unwinding loop merge_pair.0 iteration 6 (7 max) file merge_sort_false-unreach-call_Mem_ver1.c line 302 function merge_pair thread 0
Not unwinding loop merge_pair.0 iteration 7 (7 max) file merge_sort_false-unreach-call_Mem_ver1.c line 302 function merge_pair thread 0
Unwinding loop seq_sort_core.0 iteration 2 (7 max) file merge_sort_false-unreach-call_Mem_ver1.c line 327 function seq_sort_core thread 0
Unwinding loop merge_pair.0 iteration 1 (7 max) file merge_sort_false-unreach-call_Mem_ver1.c line 302 function merge_pair thread 0
Unwinding loop merge_pair.0 iteration 2 (7 max) file merge_sort_false-unreach-call_Mem_ver1.c line 302 function merge_pair thread 0
Unwinding loop merge_pair.0 iteration 3 (7 max) file merge_sort_false-unreach-call_Mem_ver1.c line 302 function merge_pair thread 0
Unwinding loop merge_pair.0 iteration 4 (7 max) file merge_sort_false-unreach-call_Mem_ver1.c line 302 function merge_pair thread 0
Unwinding loop merge_pair.0 iteration 5 (7 max) file merge_sort_false-unreach-call_Mem_ver1.c line 302 function merge_pair thread 0
Unwinding loop merge_pair.0 iteration 6 (7 max) file merge_sort_false-unreach-call_Mem_ver1.c line 302 function merge_pair thread 0
Not unwinding loop merge_pair.0 iteration 7 (7 max) file merge_sort_false-unreach-call_Mem_ver1.c line 302 function merge_pair thread 0
Unwinding loop seq_sort_core.0 iteration 3 (7 max) file merge_sort_false-unreach-call_Mem_ver1.c line 327 function seq_sort_core thread 0
Unwinding loop merge_pair.0 iteration 1 (7 max) file merge_sort_false-unreach-call_Mem_ver1.c line 302 function merge_pair thread 0
Unwinding loop merge_pair.0 iteration 2 (7 max) file merge_sort_false-unreach-call_Mem_ver1.c line 302 function merge_pair thread 0
Unwinding loop merge_pair.0 iteration 3 (7 max) file merge_sort_false-unreach-call_Mem_ver1.c line 302 function merge_pair thread 0
Unwinding loop merge_pair.0 iteration 4 (7 max) file merge_sort_false-unreach-call_Mem_ver1.c line 302 function merge_pair thread 0
Unwinding loop merge_pair.0 iteration 5 (7 max) file merge_sort_false-unreach-call_Mem_ver1.c line 302 function merge_pair thread 0
Unwinding loop merge_pair.0 iteration 6 (7 max) file merge_sort_false-unreach-call_Mem_ver1.c line 302 function merge_pair thread 0
Not unwinding loop merge_pair.0 iteration 7 (7 max) file merge_sort_false-unreach-call_Mem_ver1.c line 302 function merge_pair thread 0
Unwinding loop seq_sort_core.0 iteration 4 (7 max) file merge_sort_false-unreach-call_Mem_ver1.c line 327 function seq_sort_core thread 0
Unwinding loop merge_pair.0 iteration 1 (7 max) file merge_sort_false-unreach-call_Mem_ver1.c line 302 function merge_pair thread 0
Unwinding loop merge_pair.0 iteration 2 (7 max) file merge_sort_false-unreach-call_Mem_ver1.c line 302 function merge_pair thread 0
Unwinding loop merge_pair.0 iteration 3 (7 max) file merge_sort_false-unreach-call_Mem_ver1.c line 302 function merge_pair thread 0
Unwinding loop merge_pair.0 iteration 4 (7 max) file merge_sort_false-unreach-call_Mem_ver1.c line 302 function merge_pair thread 0
Unwinding loop merge_pair.0 iteration 5 (7 max) file merge_sort_false-unreach-call_Mem_ver1.c line 302 function merge_pair thread 0
Unwinding loop merge_pair.0 iteration 6 (7 max) file merge_sort_false-unreach-call_Mem_ver1.c line 302 function merge_pair thread 0
Not unwinding loop merge_pair.0 iteration 7 (7 max) file merge_sort_false-unreach-call_Mem_ver1.c line 302 function merge_pair thread 0
Unwinding loop seq_sort_core.0 iteration 5 (7 max) file merge_sort_false-unreach-call_Mem_ver1.c line 327 function seq_sort_core thread 0
Unwinding loop merge_pair.0 iteration 1 (7 max) file merge_sort_false-unreach-call_Mem_ver1.c line 302 function merge_pair thread 0
Unwinding loop merge_pair.0 iteration 2 (7 max) file merge_sort_false-unreach-call_Mem_ver1.c line 302 function merge_pair thread 0
Unwinding loop merge_pair.0 iteration 3 (7 max) file merge_sort_false-unreach-call_Mem_ver1.c line 302 function merge_pair thread 0
Unwinding loop merge_pair.0 iteration 4 (7 max) file merge_sort_false-unreach-call_Mem_ver1.c line 302 function merge_pair thread 0
Unwinding loop merge_pair.0 iteration 5 (7 max) file merge_sort_false-unreach-call_Mem_ver1.c line 302 function merge_pair thread 0
Unwinding loop merge_pair.0 iteration 6 (7 max) file merge_sort_false-unreach-call_Mem_ver1.c line 302 function merge_pair thread 0
Not unwinding loop merge_pair.0 iteration 7 (7 max) file merge_sort_false-unreach-call_Mem_ver1.c line 302 function merge_pair thread 0
Unwinding loop seq_sort_core.0 iteration 6 (7 max) file merge_sort_false-unreach-call_Mem_ver1.c line 327 function seq_sort_core thread 0
Unwinding loop merge_pair.0 iteration 1 (7 max) file merge_sort_false-unreach-call_Mem_ver1.c line 302 function merge_pair thread 0
Unwinding loop merge_pair.0 iteration 2 (7 max) file merge_sort_false-unreach-call_Mem_ver1.c line 302 function merge_pair thread 0
Unwinding loop merge_pair.0 iteration 3 (7 max) file merge_sort_false-unreach-call_Mem_ver1.c line 302 function merge_pair thread 0
Unwinding loop merge_pair.0 iteration 4 (7 max) file merge_sort_false-unreach-call_Mem_ver1.c line 302 function merge_pair thread 0
Unwinding loop merge_pair.0 iteration 5 (7 max) file merge_sort_false-unreach-call_Mem_ver1.c line 302 function merge_pair thread 0
Unwinding loop merge_pair.0 iteration 6 (7 max) file merge_sort_false-unreach-call_Mem_ver1.c line 302 function merge_pair thread 0
Not unwinding loop merge_pair.0 iteration 7 (7 max) file merge_sort_false-unreach-call_Mem_ver1.c line 302 function merge_pair thread 0
Not unwinding loop seq_sort_core.0 iteration 7 (7 max) file merge_sort_false-unreach-call_Mem_ver1.c line 327 function seq_sort_core thread 0
Unwinding loop main.1 iteration 2 (7 max) file merge_sort_false-unreach-call_Mem_ver1.c line 476 function main thread 0
Unwinding loop merge_pair.0 iteration 1 (7 max) file merge_sort_false-unreach-call_Mem_ver1.c line 302 function merge_pair thread 0
Unwinding loop merge_pair.0 iteration 2 (7 max) file merge_sort_false-unreach-call_Mem_ver1.c line 302 function merge_pair thread 0
Unwinding loop merge_pair.0 iteration 3 (7 max) file merge_sort_false-unreach-call_Mem_ver1.c line 302 function merge_pair thread 0
Unwinding loop merge_pair.0 iteration 4 (7 max) file merge_sort_false-unreach-call_Mem_ver1.c line 302 function merge_pair thread 0
Unwinding loop merge_pair.0 iteration 5 (7 max) file merge_sort_false-unreach-call_Mem_ver1.c line 302 function merge_pair thread 0
Unwinding loop merge_pair.0 iteration 6 (7 max) file merge_sort_false-unreach-call_Mem_ver1.c line 302 function merge_pair thread 0
Not unwinding loop merge_pair.0 iteration 7 (7 max) file merge_sort_false-unreach-call_Mem_ver1.c line 302 function merge_pair thread 0
Unwinding loop seq_sort_core.0 iteration 1 (7 max) file merge_sort_false-unreach-call_Mem_ver1.c line 327 function seq_sort_core thread 0
Unwinding loop merge_pair.0 iteration 1 (7 max) file merge_sort_false-unreach-call_Mem_ver1.c line 302 function merge_pair thread 0
Unwinding loop merge_pair.0 iteration 2 (7 max) file merge_sort_false-unreach-call_Mem_ver1.c line 302 function merge_pair thread 0
Unwinding loop merge_pair.0 iteration 3 (7 max) file merge_sort_false-unreach-call_Mem_ver1.c line 302 function merge_pair thread 0
Unwinding loop merge_pair.0 iteration 4 (7 max) file merge_sort_false-unreach-call_Mem_ver1.c line 302 function merge_pair thread 0
Unwinding loop merge_pair.0 iteration 5 (7 max) file merge_sort_false-unreach-call_Mem_ver1.c line 302 function merge_pair thread 0
Unwinding loop merge_pair.0 iteration 6 (7 max) file merge_sort_false-unreach-call_Mem_ver1.c line 302 function merge_pair thread 0
Not unwinding loop merge_pair.0 iteration 7 (7 max) file merge_sort_false-unreach-call_Mem_ver1.c line 302 function merge_pair thread 0
Unwinding loop seq_sort_core.0 iteration 2 (7 max) file merge_sort_false-unreach-call_Mem_ver1.c line 327 function seq_sort_core thread 0
Unwinding loop merge_pair.0 iteration 1 (7 max) file merge_sort_false-unreach-call_Mem_ver1.c line 302 function merge_pair thread 0
Unwinding loop merge_pair.0 iteration 2 (7 max) file merge_sort_false-unreach-call_Mem_ver1.c line 302 function merge_pair thread 0
Unwinding loop merge_pair.0 iteration 3 (7 max) file merge_sort_false-unreach-call_Mem_ver1.c line 302 function merge_pair thread 0
Unwinding loop merge_pair.0 iteration 4 (7 max) file merge_sort_false-unreach-call_Mem_ver1.c line 302 function merge_pair thread 0
Unwinding loop merge_pair.0 iteration 5 (7 max) file merge_sort_false-unreach-call_Mem_ver1.c line 302 function merge_pair thread 0
Unwinding loop merge_pair.0 iteration 6 (7 max) file merge_sort_false-unreach-call_Mem_ver1.c line 302 function merge_pair thread 0
Not unwinding loop merge_pair.0 iteration 7 (7 max) file merge_sort_false-unreach-call_Mem_ver1.c line 302 function merge_pair thread 0
Unwinding loop seq_sort_core.0 iteration 3 (7 max) file merge_sort_false-unreach-call_Mem_ver1.c line 327 function seq_sort_core thread 0
Unwinding loop merge_pair.0 iteration 1 (7 max) file merge_sort_false-unreach-call_Mem_ver1.c line 302 function merge_pair thread 0
Unwinding loop merge_pair.0 iteration 2 (7 max) file merge_sort_false-unreach-call_Mem_ver1.c line 302 function merge_pair thread 0
Unwinding loop merge_pair.0 iteration 3 (7 max) file merge_sort_false-unreach-call_Mem_ver1.c line 302 function merge_pair thread 0
Unwinding loop merge_pair.0 iteration 4 (7 max) file merge_sort_false-unreach-call_Mem_ver1.c line 302 function merge_pair thread 0
Unwinding loop merge_pair.0 iteration 5 (7 max) file merge_sort_false-unreach-call_Mem_ver1.c line 302 function merge_pair thread 0
Unwinding loop merge_pair.0 iteration 6 (7 max) file merge_sort_false-unreach-call_Mem_ver1.c line 302 function merge_pair thread 0
Not unwinding loop merge_pair.0 iteration 7 (7 max) file merge_sort_false-unreach-call_Mem_ver1.c line 302 function merge_pair thread 0
Unwinding loop seq_sort_core.0 iteration 4 (7 max) file merge_sort_false-unreach-call_Mem_ver1.c line 327 function seq_sort_core thread 0
Unwinding loop merge_pair.0 iteration 1 (7 max) file merge_sort_false-unreach-call_Mem_ver1.c line 302 function merge_pair thread 0
Unwinding loop merge_pair.0 iteration 2 (7 max) file merge_sort_false-unreach-call_Mem_ver1.c line 302 function merge_pair thread 0
Unwinding loop merge_pair.0 iteration 3 (7 max) file merge_sort_false-unreach-call_Mem_ver1.c line 302 function merge_pair thread 0
Unwinding loop merge_pair.0 iteration 4 (7 max) file merge_sort_false-unreach-call_Mem_ver1.c line 302 function merge_pair thread 0
Unwinding loop merge_pair.0 iteration 5 (7 max) file merge_sort_false-unreach-call_Mem_ver1.c line 302 function merge_pair thread 0
Unwinding loop merge_pair.0 iteration 6 (7 max) file merge_sort_false-unreach-call_Mem_ver1.c line 302 function merge_pair thread 0
Not unwinding loop merge_pair.0 iteration 7 (7 max) file merge_sort_false-unreach-call_Mem_ver1.c line 302 function merge_pair thread 0
Unwinding loop seq_sort_core.0 iteration 5 (7 max) file merge_sort_false-unreach-call_Mem_ver1.c line 327 function seq_sort_core thread 0
Unwinding loop merge_pair.0 iteration 1 (7 max) file merge_sort_false-unreach-call_Mem_ver1.c line 302 function merge_pair thread 0
Unwinding loop merge_pair.0 iteration 2 (7 max) file merge_sort_false-unreach-call_Mem_ver1.c line 302 function merge_pair thread 0
Unwinding loop merge_pair.0 iteration 3 (7 max) file merge_sort_false-unreach-call_Mem_ver1.c line 302 function merge_pair thread 0
Unwinding loop merge_pair.0 iteration 4 (7 max) file merge_sort_false-unreach-call_Mem_ver1.c line 302 function merge_pair thread 0
Unwinding loop merge_pair.0 iteration 5 (7 max) file merge_sort_false-unreach-call_Mem_ver1.c line 302 function merge_pair thread 0
Unwinding loop merge_pair.0 iteration 6 (7 max) file merge_sort_false-unreach-call_Mem_ver1.c line 302 function merge_pair thread 0
Not unwinding loop merge_pair.0 iteration 7 (7 max) file merge_sort_false-unreach-call_Mem_ver1.c line 302 function merge_pair thread 0
Unwinding loop seq_sort_core.0 iteration 6 (7 max) file merge_sort_false-unreach-call_Mem_ver1.c line 327 function seq_sort_core thread 0
Unwinding loop merge_pair.0 iteration 1 (7 max) file merge_sort_false-unreach-call_Mem_ver1.c line 302 function merge_pair thread 0
Unwinding loop merge_pair.0 iteration 2 (7 max) file merge_sort_false-unreach-call_Mem_ver1.c line 302 function merge_pair thread 0
Unwinding loop merge_pair.0 iteration 3 (7 max) file merge_sort_false-unreach-call_Mem_ver1.c line 302 function merge_pair thread 0
Unwinding loop merge_pair.0 iteration 4 (7 max) file merge_sort_false-unreach-call_Mem_ver1.c line 302 function merge_pair thread 0
Unwinding loop merge_pair.0 iteration 5 (7 max) file merge_sort_false-unreach-call_Mem_ver1.c line 302 function merge_pair thread 0
Unwinding loop merge_pair.0 iteration 6 (7 max) file merge_sort_false-unreach-call_Mem_ver1.c line 302 function merge_pair thread 0
Not unwinding loop merge_pair.0 iteration 7 (7 max) file merge_sort_false-unreach-call_Mem_ver1.c line 302 function merge_pair thread 0
Not unwinding loop seq_sort_core.0 iteration 7 (7 max) file merge_sort_false-unreach-call_Mem_ver1.c line 327 function seq_sort_core thread 0
Unwinding loop main.1 iteration 3 (7 max) file merge_sort_false-unreach-call_Mem_ver1.c line 476 function main thread 0
Unwinding loop merge_pair.0 iteration 1 (7 max) file merge_sort_false-unreach-call_Mem_ver1.c line 302 function merge_pair thread 0
Unwinding loop merge_pair.0 iteration 2 (7 max) file merge_sort_false-unreach-call_Mem_ver1.c line 302 function merge_pair thread 0
Unwinding loop merge_pair.0 iteration 3 (7 max) file merge_sort_false-unreach-call_Mem_ver1.c line 302 function merge_pair thread 0
Unwinding loop merge_pair.0 iteration 4 (7 max) file merge_sort_false-unreach-call_Mem_ver1.c line 302 function merge_pair thread 0
Unwinding loop merge_pair.0 iteration 5 (7 max) file merge_sort_false-unreach-call_Mem_ver1.c line 302 function merge_pair thread 0
Unwinding loop merge_pair.0 iteration 6 (7 max) file merge_sort_false-unreach-call_Mem_ver1.c line 302 function merge_pair thread 0
Not unwinding loop merge_pair.0 iteration 7 (7 max) file merge_sort_false-unreach-call_Mem_ver1.c line 302 function merge_pair thread 0
Unwinding loop seq_sort_core.0 iteration 1 (7 max) file merge_sort_false-unreach-call_Mem_ver1.c line 327 function seq_sort_core thread 0
Unwinding loop merge_pair.0 iteration 1 (7 max) file merge_sort_false-unreach-call_Mem_ver1.c line 302 function merge_pair thread 0
Unwinding loop merge_pair.0 iteration 2 (7 max) file merge_sort_false-unreach-call_Mem_ver1.c line 302 function merge_pair thread 0
Unwinding loop merge_pair.0 iteration 3 (7 max) file merge_sort_false-unreach-call_Mem_ver1.c line 302 function merge_pair thread 0
Unwinding loop merge_pair.0 iteration 4 (7 max) file merge_sort_false-unreach-call_Mem_ver1.c line 302 function merge_pair thread 0
Unwinding loop merge_pair.0 iteration 5 (7 max) file merge_sort_false-unreach-call_Mem_ver1.c line 302 function merge_pair thread 0
Unwinding loop merge_pair.0 iteration 6 (7 max) file merge_sort_false-unreach-call_Mem_ver1.c line 302 function merge_pair thread 0
Not unwinding loop merge_pair.0 iteration 7 (7 max) file merge_sort_false-unreach-call_Mem_ver1.c line 302 function merge_pair thread 0
Unwinding loop seq_sort_core.0 iteration 2 (7 max) file merge_sort_false-unreach-call_Mem_ver1.c line 327 function seq_sort_core thread 0
Unwinding loop merge_pair.0 iteration 1 (7 max) file merge_sort_false-unreach-call_Mem_ver1.c line 302 function merge_pair thread 0
Unwinding loop merge_pair.0 iteration 2 (7 max) file merge_sort_false-unreach-call_Mem_ver1.c line 302 function merge_pair thread 0
Unwinding loop merge_pair.0 iteration 3 (7 max) file merge_sort_false-unreach-call_Mem_ver1.c line 302 function merge_pair thread 0
Unwinding loop merge_pair.0 iteration 4 (7 max) file merge_sort_false-unreach-call_Mem_ver1.c line 302 function merge_pair thread 0
Unwinding loop merge_pair.0 iteration 5 (7 max) file merge_sort_false-unreach-call_Mem_ver1.c line 302 function merge_pair thread 0
Unwinding loop merge_pair.0 iteration 6 (7 max) file merge_sort_false-unreach-call_Mem_ver1.c line 302 function merge_pair thread 0
Not unwinding loop merge_pair.0 iteration 7 (7 max) file merge_sort_false-unreach-call_Mem_ver1.c line 302 function merge_pair thread 0
Unwinding loop seq_sort_core.0 iteration 3 (7 max) file merge_sort_false-unreach-call_Mem_ver1.c line 327 function seq_sort_core thread 0
Unwinding loop merge_pair.0 iteration 1 (7 max) file merge_sort_false-unreach-call_Mem_ver1.c line 302 function merge_pair thread 0
Unwinding loop merge_pair.0 iteration 2 (7 max) file merge_sort_false-unreach-call_Mem_ver1.c line 302 function merge_pair thread 0
Unwinding loop merge_pair.0 iteration 3 (7 max) file merge_sort_false-unreach-call_Mem_ver1.c line 302 function merge_pair thread 0
Unwinding loop merge_pair.0 iteration 4 (7 max) file merge_sort_false-unreach-call_Mem_ver1.c line 302 function merge_pair thread 0
Unwinding loop merge_pair.0 iteration 5 (7 max) file merge_sort_false-unreach-call_Mem_ver1.c line 302 function merge_pair thread 0
Unwinding loop merge_pair.0 iteration 6 (7 max) file merge_sort_false-unreach-call_Mem_ver1.c line 302 function merge_pair thread 0
Not unwinding loop merge_pair.0 iteration 7 (7 max) file merge_sort_false-unreach-call_Mem_ver1.c line 302 function merge_pair thread 0
Unwinding loop seq_sort_core.0 iteration 4 (7 max) file merge_sort_false-unreach-call_Mem_ver1.c line 327 function seq_sort_core thread 0
Unwinding loop merge_pair.0 iteration 1 (7 max) file merge_sort_false-unreach-call_Mem_ver1.c line 302 function merge_pair thread 0
Unwinding loop merge_pair.0 iteration 2 (7 max) file merge_sort_false-unreach-call_Mem_ver1.c line 302 function merge_pair thread 0
Unwinding loop merge_pair.0 iteration 3 (7 max) file merge_sort_false-unreach-call_Mem_ver1.c line 302 function merge_pair thread 0
Unwinding loop merge_pair.0 iteration 4 (7 max) file merge_sort_false-unreach-call_Mem_ver1.c line 302 function merge_pair thread 0
Unwinding loop merge_pair.0 iteration 5 (7 max) file merge_sort_false-unreach-call_Mem_ver1.c line 302 function merge_pair thread 0
Unwinding loop merge_pair.0 iteration 6 (7 max) file merge_sort_false-unreach-call_Mem_ver1.c line 302 function merge_pair thread 0
Not unwinding loop merge_pair.0 iteration 7 (7 max) file merge_sort_false-unreach-call_Mem_ver1.c line 302 function merge_pair thread 0
Unwinding loop seq_sort_core.0 iteration 5 (7 max) file merge_sort_false-unreach-call_Mem_ver1.c line 327 function seq_sort_core thread 0
Unwinding loop merge_pair.0 iteration 1 (7 max) file merge_sort_false-unreach-call_Mem_ver1.c line 302 function merge_pair thread 0
Unwinding loop merge_pair.0 iteration 2 (7 max) file merge_sort_false-unreach-call_Mem_ver1.c line 302 function merge_pair thread 0
Unwinding loop merge_pair.0 iteration 3 (7 max) file merge_sort_false-unreach-call_Mem_ver1.c line 302 function merge_pair thread 0
Unwinding loop merge_pair.0 iteration 4 (7 max) file merge_sort_false-unreach-call_Mem_ver1.c line 302 function merge_pair thread 0
Unwinding loop merge_pair.0 iteration 5 (7 max) file merge_sort_false-unreach-call_Mem_ver1.c line 302 function merge_pair thread 0
Unwinding loop merge_pair.0 iteration 6 (7 max) file merge_sort_false-unreach-call_Mem_ver1.c line 302 function merge_pair thread 0
Not unwinding loop merge_pair.0 iteration 7 (7 max) file merge_sort_false-unreach-call_Mem_ver1.c line 302 function merge_pair thread 0
Unwinding loop seq_sort_core.0 iteration 6 (7 max) file merge_sort_false-unreach-call_Mem_ver1.c line 327 function seq_sort_core thread 0
Unwinding loop merge_pair.0 iteration 1 (7 max) file merge_sort_false-unreach-call_Mem_ver1.c line 302 function merge_pair thread 0
Unwinding loop merge_pair.0 iteration 2 (7 max) file merge_sort_false-unreach-call_Mem_ver1.c line 302 function merge_pair thread 0
Unwinding loop merge_pair.0 iteration 3 (7 max) file merge_sort_false-unreach-call_Mem_ver1.c line 302 function merge_pair thread 0
Unwinding loop merge_pair.0 iteration 4 (7 max) file merge_sort_false-unreach-call_Mem_ver1.c line 302 function merge_pair thread 0
Unwinding loop merge_pair.0 iteration 5 (7 max) file merge_sort_false-unreach-call_Mem_ver1.c line 302 function merge_pair thread 0
Unwinding loop merge_pair.0 iteration 6 (7 max) file merge_sort_false-unreach-call_Mem_ver1.c line 302 function merge_pair thread 0
Not unwinding loop merge_pair.0 iteration 7 (7 max) file merge_sort_false-unreach-call_Mem_ver1.c line 302 function merge_pair thread 0
Not unwinding loop seq_sort_core.0 iteration 7 (7 max) file merge_sort_false-unreach-call_Mem_ver1.c line 327 function seq_sort_core thread 0
Unwinding loop main.1 iteration 4 (7 max) file merge_sort_false-unreach-call_Mem_ver1.c line 476 function main thread 0
Unwinding loop merge_pair.0 iteration 1 (7 max) file merge_sort_false-unreach-call_Mem_ver1.c line 302 function merge_pair thread 0
Unwinding loop merge_pair.0 iteration 2 (7 max) file merge_sort_false-unreach-call_Mem_ver1.c line 302 function merge_pair thread 0
Unwinding loop merge_pair.0 iteration 3 (7 max) file merge_sort_false-unreach-call_Mem_ver1.c line 302 function merge_pair thread 0
Unwinding loop merge_pair.0 iteration 4 (7 max) file merge_sort_false-unreach-call_Mem_ver1.c line 302 function merge_pair thread 0
Unwinding loop merge_pair.0 iteration 5 (7 max) file merge_sort_false-unreach-call_Mem_ver1.c line 302 function merge_pair thread 0
Unwinding loop merge_pair.0 iteration 6 (7 max) file merge_sort_false-unreach-call_Mem_ver1.c line 302 function merge_pair thread 0
Not unwinding loop merge_pair.0 iteration 7 (7 max) file merge_sort_false-unreach-call_Mem_ver1.c line 302 function merge_pair thread 0
Unwinding loop seq_sort_core.0 iteration 1 (7 max) file merge_sort_false-unreach-call_Mem_ver1.c line 327 function seq_sort_core thread 0
Unwinding loop merge_pair.0 iteration 1 (7 max) file merge_sort_false-unreach-call_Mem_ver1.c line 302 function merge_pair thread 0
Unwinding loop merge_pair.0 iteration 2 (7 max) file merge_sort_false-unreach-call_Mem_ver1.c line 302 function merge_pair thread 0
Unwinding loop merge_pair.0 iteration 3 (7 max) file merge_sort_false-unreach-call_Mem_ver1.c line 302 function merge_pair thread 0
Unwinding loop merge_pair.0 iteration 4 (7 max) file merge_sort_false-unreach-call_Mem_ver1.c line 302 function merge_pair thread 0
Unwinding loop merge_pair.0 iteration 5 (7 max) file merge_sort_false-unreach-call_Mem_ver1.c line 302 function merge_pair thread 0
Unwinding loop merge_pair.0 iteration 6 (7 max) file merge_sort_false-unreach-call_Mem_ver1.c line 302 function merge_pair thread 0
Not unwinding loop merge_pair.0 iteration 7 (7 max) file merge_sort_false-unreach-call_Mem_ver1.c line 302 function merge_pair thread 0
Unwinding loop seq_sort_core.0 iteration 2 (7 max) file merge_sort_false-unreach-call_Mem_ver1.c line 327 function seq_sort_core thread 0
Unwinding loop merge_pair.0 iteration 1 (7 max) file merge_sort_false-unreach-call_Mem_ver1.c line 302 function merge_pair thread 0
Unwinding loop merge_pair.0 iteration 2 (7 max) file merge_sort_false-unreach-call_Mem_ver1.c line 302 function merge_pair thread 0
Unwinding loop merge_pair.0 iteration 3 (7 max) file merge_sort_false-unreach-call_Mem_ver1.c line 302 function merge_pair thread 0
Unwinding loop merge_pair.0 iteration 4 (7 max) file merge_sort_false-unreach-call_Mem_ver1.c line 302 function merge_pair thread 0
Unwinding loop merge_pair.0 iteration 5 (7 max) file merge_sort_false-unreach-call_Mem_ver1.c line 302 function merge_pair thread 0
Unwinding loop merge_pair.0 iteration 6 (7 max) file merge_sort_false-unreach-call_Mem_ver1.c line 302 function merge_pair thread 0
Not unwinding loop merge_pair.0 iteration 7 (7 max) file merge_sort_false-unreach-call_Mem_ver1.c line 302 function merge_pair thread 0
Unwinding loop seq_sort_core.0 iteration 3 (7 max) file merge_sort_false-unreach-call_Mem_ver1.c line 327 function seq_sort_core thread 0
Unwinding loop merge_pair.0 iteration 1 (7 max) file merge_sort_false-unreach-call_Mem_ver1.c line 302 function merge_pair thread 0
Unwinding loop merge_pair.0 iteration 2 (7 max) file merge_sort_false-unreach-call_Mem_ver1.c line 302 function merge_pair thread 0
Unwinding loop merge_pair.0 iteration 3 (7 max) file merge_sort_false-unreach-call_Mem_ver1.c line 302 function merge_pair thread 0
Unwinding loop merge_pair.0 iteration 4 (7 max) file merge_sort_false-unreach-call_Mem_ver1.c line 302 function merge_pair thread 0
Unwinding loop merge_pair.0 iteration 5 (7 max) file merge_sort_false-unreach-call_Mem_ver1.c line 302 function merge_pair thread 0
Unwinding loop merge_pair.0 iteration 6 (7 max) file merge_sort_false-unreach-call_Mem_ver1.c line 302 function merge_pair thread 0
Not unwinding loop merge_pair.0 iteration 7 (7 max) file merge_sort_false-unreach-call_Mem_ver1.c line 302 function merge_pair thread 0
Unwinding loop seq_sort_core.0 iteration 4 (7 max) file merge_sort_false-unreach-call_Mem_ver1.c line 327 function seq_sort_core thread 0
Unwinding loop merge_pair.0 iteration 1 (7 max) file merge_sort_false-unreach-call_Mem_ver1.c line 302 function merge_pair thread 0
Unwinding loop merge_pair.0 iteration 2 (7 max) file merge_sort_false-unreach-call_Mem_ver1.c line 302 function merge_pair thread 0
Unwinding loop merge_pair.0 iteration 3 (7 max) file merge_sort_false-unreach-call_Mem_ver1.c line 302 function merge_pair thread 0
Unwinding loop merge_pair.0 iteration 4 (7 max) file merge_sort_false-unreach-call_Mem_ver1.c line 302 function merge_pair thread 0
Unwinding loop merge_pair.0 iteration 5 (7 max) file merge_sort_false-unreach-call_Mem_ver1.c line 302 function merge_pair thread 0
Unwinding loop merge_pair.0 iteration 6 (7 max) file merge_sort_false-unreach-call_Mem_ver1.c line 302 function merge_pair thread 0
Not unwinding loop merge_pair.0 iteration 7 (7 max) file merge_sort_false-unreach-call_Mem_ver1.c line 302 function merge_pair thread 0
Unwinding loop seq_sort_core.0 iteration 5 (7 max) file merge_sort_false-unreach-call_Mem_ver1.c line 327 function seq_sort_core thread 0
Unwinding loop merge_pair.0 iteration 1 (7 max) file merge_sort_false-unreach-call_Mem_ver1.c line 302 function merge_pair thread 0
Unwinding loop merge_pair.0 iteration 2 (7 max) file merge_sort_false-unreach-call_Mem_ver1.c line 302 function merge_pair thread 0
Unwinding loop merge_pair.0 iteration 3 (7 max) file merge_sort_false-unreach-call_Mem_ver1.c line 302 function merge_pair thread 0
Unwinding loop merge_pair.0 iteration 4 (7 max) file merge_sort_false-unreach-call_Mem_ver1.c line 302 function merge_pair thread 0
Unwinding loop merge_pair.0 iteration 5 (7 max) file merge_sort_false-unreach-call_Mem_ver1.c line 302 function merge_pair thread 0
Unwinding loop merge_pair.0 iteration 6 (7 max) file merge_sort_false-unreach-call_Mem_ver1.c line 302 function merge_pair thread 0
Not unwinding loop merge_pair.0 iteration 7 (7 max) file merge_sort_false-unreach-call_Mem_ver1.c line 302 function merge_pair thread 0
Unwinding loop seq_sort_core.0 iteration 6 (7 max) file merge_sort_false-unreach-call_Mem_ver1.c line 327 function seq_sort_core thread 0
Unwinding loop merge_pair.0 iteration 1 (7 max) file merge_sort_false-unreach-call_Mem_ver1.c line 302 function merge_pair thread 0
Unwinding loop merge_pair.0 iteration 2 (7 max) file merge_sort_false-unreach-call_Mem_ver1.c line 302 function merge_pair thread 0
Unwinding loop merge_pair.0 iteration 3 (7 max) file merge_sort_false-unreach-call_Mem_ver1.c line 302 function merge_pair thread 0
Unwinding loop merge_pair.0 iteration 4 (7 max) file merge_sort_false-unreach-call_Mem_ver1.c line 302 function merge_pair thread 0
Unwinding loop merge_pair.0 iteration 5 (7 max) file merge_sort_false-unreach-call_Mem_ver1.c line 302 function merge_pair thread 0
Unwinding loop merge_pair.0 iteration 6 (7 max) file merge_sort_false-unreach-call_Mem_ver1.c line 302 function merge_pair thread 0
Not unwinding loop merge_pair.0 iteration 7 (7 max) file merge_sort_false-unreach-call_Mem_ver1.c line 302 function merge_pair thread 0
Not unwinding loop seq_sort_core.0 iteration 7 (7 max) file merge_sort_false-unreach-call_Mem_ver1.c line 327 function seq_sort_core thread 0
Unwinding loop main.1 iteration 5 (7 max) file merge_sort_false-unreach-call_Mem_ver1.c line 476 function main thread 0
Unwinding loop merge_pair.0 iteration 1 (7 max) file merge_sort_false-unreach-call_Mem_ver1.c line 302 function merge_pair thread 0
Unwinding loop merge_pair.0 iteration 2 (7 max) file merge_sort_false-unreach-call_Mem_ver1.c line 302 function merge_pair thread 0
Unwinding loop merge_pair.0 iteration 3 (7 max) file merge_sort_false-unreach-call_Mem_ver1.c line 302 function merge_pair thread 0
Unwinding loop merge_pair.0 iteration 4 (7 max) file merge_sort_false-unreach-call_Mem_ver1.c line 302 function merge_pair thread 0
Unwinding loop merge_pair.0 iteration 5 (7 max) file merge_sort_false-unreach-call_Mem_ver1.c line 302 function merge_pair thread 0
Unwinding loop merge_pair.0 iteration 6 (7 max) file merge_sort_false-unreach-call_Mem_ver1.c line 302 function merge_pair thread 0
Not unwinding loop merge_pair.0 iteration 7 (7 max) file merge_sort_false-unreach-call_Mem_ver1.c line 302 function merge_pair thread 0
Unwinding loop seq_sort_core.0 iteration 1 (7 max) file merge_sort_false-unreach-call_Mem_ver1.c line 327 function seq_sort_core thread 0
Unwinding loop merge_pair.0 iteration 1 (7 max) file merge_sort_false-unreach-call_Mem_ver1.c line 302 function merge_pair thread 0
Unwinding loop merge_pair.0 iteration 2 (7 max) file merge_sort_false-unreach-call_Mem_ver1.c line 302 function merge_pair thread 0
Unwinding loop merge_pair.0 iteration 3 (7 max) file merge_sort_false-unreach-call_Mem_ver1.c line 302 function merge_pair thread 0
Unwinding loop merge_pair.0 iteration 4 (7 max) file merge_sort_false-unreach-call_Mem_ver1.c line 302 function merge_pair thread 0
Unwinding loop merge_pair.0 iteration 5 (7 max) file merge_sort_false-unreach-call_Mem_ver1.c line 302 function merge_pair thread 0
Unwinding loop merge_pair.0 iteration 6 (7 max) file merge_sort_false-unreach-call_Mem_ver1.c line 302 function merge_pair thread 0
Not unwinding loop merge_pair.0 iteration 7 (7 max) file merge_sort_false-unreach-call_Mem_ver1.c line 302 function merge_pair thread 0
Unwinding loop seq_sort_core.0 iteration 2 (7 max) file merge_sort_false-unreach-call_Mem_ver1.c line 327 function seq_sort_core thread 0
Unwinding loop merge_pair.0 iteration 1 (7 max) file merge_sort_false-unreach-call_Mem_ver1.c line 302 function merge_pair thread 0
Unwinding loop merge_pair.0 iteration 2 (7 max) file merge_sort_false-unreach-call_Mem_ver1.c line 302 function merge_pair thread 0
Unwinding loop merge_pair.0 iteration 3 (7 max) file merge_sort_false-unreach-call_Mem_ver1.c line 302 function merge_pair thread 0
Unwinding loop merge_pair.0 iteration 4 (7 max) file merge_sort_false-unreach-call_Mem_ver1.c line 302 function merge_pair thread 0
Unwinding loop merge_pair.0 iteration 5 (7 max) file merge_sort_false-unreach-call_Mem_ver1.c line 302 function merge_pair thread 0
Unwinding loop merge_pair.0 iteration 6 (7 max) file merge_sort_false-unreach-call_Mem_ver1.c line 302 function merge_pair thread 0
Not unwinding loop merge_pair.0 iteration 7 (7 max) file merge_sort_false-unreach-call_Mem_ver1.c line 302 function merge_pair thread 0
Unwinding loop seq_sort_core.0 iteration 3 (7 max) file merge_sort_false-unreach-call_Mem_ver1.c line 327 function seq_sort_core thread 0
Unwinding loop merge_pair.0 iteration 1 (7 max) file merge_sort_false-unreach-call_Mem_ver1.c line 302 function merge_pair thread 0
Unwinding loop merge_pair.0 iteration 2 (7 max) file merge_sort_false-unreach-call_Mem_ver1.c line 302 function merge_pair thread 0
Unwinding loop merge_pair.0 iteration 3 (7 max) file merge_sort_false-unreach-call_Mem_ver1.c line 302 function merge_pair thread 0
Unwinding loop merge_pair.0 iteration 4 (7 max) file merge_sort_false-unreach-call_Mem_ver1.c line 302 function merge_pair thread 0
Unwinding loop merge_pair.0 iteration 5 (7 max) file merge_sort_false-unreach-call_Mem_ver1.c line 302 function merge_pair thread 0
Unwinding loop merge_pair.0 iteration 6 (7 max) file merge_sort_false-unreach-call_Mem_ver1.c line 302 function merge_pair thread 0
Not unwinding loop merge_pair.0 iteration 7 (7 max) file merge_sort_false-unreach-call_Mem_ver1.c line 302 function merge_pair thread 0
Unwinding loop seq_sort_core.0 iteration 4 (7 max) file merge_sort_false-unreach-call_Mem_ver1.c line 327 function seq_sort_core thread 0
Unwinding loop merge_pair.0 iteration 1 (7 max) file merge_sort_false-unreach-call_Mem_ver1.c line 302 function merge_pair thread 0
Unwinding loop merge_pair.0 iteration 2 (7 max) file merge_sort_false-unreach-call_Mem_ver1.c line 302 function merge_pair thread 0
Unwinding loop merge_pair.0 iteration 3 (7 max) file merge_sort_false-unreach-call_Mem_ver1.c line 302 function merge_pair thread 0
Unwinding loop merge_pair.0 iteration 4 (7 max) file merge_sort_false-unreach-call_Mem_ver1.c line 302 function merge_pair thread 0
Unwinding loop merge_pair.0 iteration 5 (7 max) file merge_sort_false-unreach-call_Mem_ver1.c line 302 function merge_pair thread 0
Unwinding loop merge_pair.0 iteration 6 (7 max) file merge_sort_false-unreach-call_Mem_ver1.c line 302 function merge_pair thread 0
Not unwinding loop merge_pair.0 iteration 7 (7 max) file merge_sort_false-unreach-call_Mem_ver1.c line 302 function merge_pair thread 0
Unwinding loop seq_sort_core.0 iteration 5 (7 max) file merge_sort_false-unreach-call_Mem_ver1.c line 327 function seq_sort_core thread 0
Unwinding loop merge_pair.0 iteration 1 (7 max) file merge_sort_false-unreach-call_Mem_ver1.c line 302 function merge_pair thread 0
Unwinding loop merge_pair.0 iteration 2 (7 max) file merge_sort_false-unreach-call_Mem_ver1.c line 302 function merge_pair thread 0
Unwinding loop merge_pair.0 iteration 3 (7 max) file merge_sort_false-unreach-call_Mem_ver1.c line 302 function merge_pair thread 0
Unwinding loop merge_pair.0 iteration 4 (7 max) file merge_sort_false-unreach-call_Mem_ver1.c line 302 function merge_pair thread 0
Unwinding loop merge_pair.0 iteration 5 (7 max) file merge_sort_false-unreach-call_Mem_ver1.c line 302 function merge_pair thread 0
Unwinding loop merge_pair.0 iteration 6 (7 max) file merge_sort_false-unreach-call_Mem_ver1.c line 302 function merge_pair thread 0
Not unwinding loop merge_pair.0 iteration 7 (7 max) file merge_sort_false-unreach-call_Mem_ver1.c line 302 function merge_pair thread 0
Unwinding loop seq_sort_core.0 iteration 6 (7 max) file merge_sort_false-unreach-call_Mem_ver1.c line 327 function seq_sort_core thread 0
Unwinding loop merge_pair.0 iteration 1 (7 max) file merge_sort_false-unreach-call_Mem_ver1.c line 302 function merge_pair thread 0
Unwinding loop merge_pair.0 iteration 2 (7 max) file merge_sort_false-unreach-call_Mem_ver1.c line 302 function merge_pair thread 0
Unwinding loop merge_pair.0 iteration 3 (7 max) file merge_sort_false-unreach-call_Mem_ver1.c line 302 function merge_pair thread 0
Unwinding loop merge_pair.0 iteration 4 (7 max) file merge_sort_false-unreach-call_Mem_ver1.c line 302 function merge_pair thread 0
Unwinding loop merge_pair.0 iteration 5 (7 max) file merge_sort_false-unreach-call_Mem_ver1.c line 302 function merge_pair thread 0
Unwinding loop merge_pair.0 iteration 6 (7 max) file merge_sort_false-unreach-call_Mem_ver1.c line 302 function merge_pair thread 0
Not unwinding loop merge_pair.0 iteration 7 (7 max) file merge_sort_false-unreach-call_Mem_ver1.c line 302 function merge_pair thread 0
Not unwinding loop seq_sort_core.0 iteration 7 (7 max) file merge_sort_false-unreach-call_Mem_ver1.c line 327 function seq_sort_core thread 0
Unwinding loop main.1 iteration 6 (7 max) file merge_sort_false-unreach-call_Mem_ver1.c line 476 function main thread 0
Unwinding loop merge_pair.0 iteration 1 (7 max) file merge_sort_false-unreach-call_Mem_ver1.c line 302 function merge_pair thread 0
Unwinding loop merge_pair.0 iteration 2 (7 max) file merge_sort_false-unreach-call_Mem_ver1.c line 302 function merge_pair thread 0
Unwinding loop merge_pair.0 iteration 3 (7 max) file merge_sort_false-unreach-call_Mem_ver1.c line 302 function merge_pair thread 0
Unwinding loop merge_pair.0 iteration 4 (7 max) file merge_sort_false-unreach-call_Mem_ver1.c line 302 function merge_pair thread 0
Unwinding loop merge_pair.0 iteration 5 (7 max) file merge_sort_false-unreach-call_Mem_ver1.c line 302 function merge_pair thread 0
Unwinding loop merge_pair.0 iteration 6 (7 max) file merge_sort_false-unreach-call_Mem_ver1.c line 302 function merge_pair thread 0
Not unwinding loop merge_pair.0 iteration 7 (7 max) file merge_sort_false-unreach-call_Mem_ver1.c line 302 function merge_pair thread 0
Unwinding loop seq_sort_core.0 iteration 1 (7 max) file merge_sort_false-unreach-call_Mem_ver1.c line 327 function seq_sort_core thread 0
Unwinding loop merge_pair.0 iteration 1 (7 max) file merge_sort_false-unreach-call_Mem_ver1.c line 302 function merge_pair thread 0
Unwinding loop merge_pair.0 iteration 2 (7 max) file merge_sort_false-unreach-call_Mem_ver1.c line 302 function merge_pair thread 0
Unwinding loop merge_pair.0 iteration 3 (7 max) file merge_sort_false-unreach-call_Mem_ver1.c line 302 function merge_pair thread 0
Unwinding loop merge_pair.0 iteration 4 (7 max) file merge_sort_false-unreach-call_Mem_ver1.c line 302 function merge_pair thread 0
Unwinding loop merge_pair.0 iteration 5 (7 max) file merge_sort_false-unreach-call_Mem_ver1.c line 302 function merge_pair thread 0
Unwinding loop merge_pair.0 iteration 6 (7 max) file merge_sort_false-unreach-call_Mem_ver1.c line 302 function merge_pair thread 0
Not unwinding loop merge_pair.0 iteration 7 (7 max) file merge_sort_false-unreach-call_Mem_ver1.c line 302 function merge_pair thread 0
Unwinding loop seq_sort_core.0 iteration 2 (7 max) file merge_sort_false-unreach-call_Mem_ver1.c line 327 function seq_sort_core thread 0
Unwinding loop merge_pair.0 iteration 1 (7 max) file merge_sort_false-unreach-call_Mem_ver1.c line 302 function merge_pair thread 0
Unwinding loop merge_pair.0 iteration 2 (7 max) file merge_sort_false-unreach-call_Mem_ver1.c line 302 function merge_pair thread 0
Unwinding loop merge_pair.0 iteration 3 (7 max) file merge_sort_false-unreach-call_Mem_ver1.c line 302 function merge_pair thread 0
Unwinding loop merge_pair.0 iteration 4 (7 max) file merge_sort_false-unreach-call_Mem_ver1.c line 302 function merge_pair thread 0
Unwinding loop merge_pair.0 iteration 5 (7 max) file merge_sort_false-unreach-call_Mem_ver1.c line 302 function merge_pair thread 0
Unwinding loop merge_pair.0 iteration 6 (7 max) file merge_sort_false-unreach-call_Mem_ver1.c line 302 function merge_pair thread 0
Not unwinding loop merge_pair.0 iteration 7 (7 max) file merge_sort_false-unreach-call_Mem_ver1.c line 302 function merge_pair thread 0
Unwinding loop seq_sort_core.0 iteration 3 (7 max) file merge_sort_false-unreach-call_Mem_ver1.c line 327 function seq_sort_core thread 0
Unwinding loop merge_pair.0 iteration 1 (7 max) file merge_sort_false-unreach-call_Mem_ver1.c line 302 function merge_pair thread 0
Unwinding loop merge_pair.0 iteration 2 (7 max) file merge_sort_false-unreach-call_Mem_ver1.c line 302 function merge_pair thread 0
Unwinding loop merge_pair.0 iteration 3 (7 max) file merge_sort_false-unreach-call_Mem_ver1.c line 302 function merge_pair thread 0
Unwinding loop merge_pair.0 iteration 4 (7 max) file merge_sort_false-unreach-call_Mem_ver1.c line 302 function merge_pair thread 0
Unwinding loop merge_pair.0 iteration 5 (7 max) file merge_sort_false-unreach-call_Mem_ver1.c line 302 function merge_pair thread 0
Unwinding loop merge_pair.0 iteration 6 (7 max) file merge_sort_false-unreach-call_Mem_ver1.c line 302 function merge_pair thread 0
Not unwinding loop merge_pair.0 iteration 7 (7 max) file merge_sort_false-unreach-call_Mem_ver1.c line 302 function merge_pair thread 0
Unwinding loop seq_sort_core.0 iteration 4 (7 max) file merge_sort_false-unreach-call_Mem_ver1.c line 327 function seq_sort_core thread 0
Unwinding loop merge_pair.0 iteration 1 (7 max) file merge_sort_false-unreach-call_Mem_ver1.c line 302 function merge_pair thread 0
Unwinding loop merge_pair.0 iteration 2 (7 max) file merge_sort_false-unreach-call_Mem_ver1.c line 302 function merge_pair thread 0
Unwinding loop merge_pair.0 iteration 3 (7 max) file merge_sort_false-unreach-call_Mem_ver1.c line 302 function merge_pair thread 0
Unwinding loop merge_pair.0 iteration 4 (7 max) file merge_sort_false-unreach-call_Mem_ver1.c line 302 function merge_pair thread 0
Unwinding loop merge_pair.0 iteration 5 (7 max) file merge_sort_false-unreach-call_Mem_ver1.c line 302 function merge_pair thread 0
Unwinding loop merge_pair.0 iteration 6 (7 max) file merge_sort_false-unreach-call_Mem_ver1.c line 302 function merge_pair thread 0
Not unwinding loop merge_pair.0 iteration 7 (7 max) file merge_sort_false-unreach-call_Mem_ver1.c line 302 function merge_pair thread 0
Unwinding loop seq_sort_core.0 iteration 5 (7 max) file merge_sort_false-unreach-call_Mem_ver1.c line 327 function seq_sort_core thread 0
Unwinding loop merge_pair.0 iteration 1 (7 max) file merge_sort_false-unreach-call_Mem_ver1.c line 302 function merge_pair thread 0
Unwinding loop merge_pair.0 iteration 2 (7 max) file merge_sort_false-unreach-call_Mem_ver1.c line 302 function merge_pair thread 0
Unwinding loop merge_pair.0 iteration 3 (7 max) file merge_sort_false-unreach-call_Mem_ver1.c line 302 function merge_pair thread 0
Unwinding loop merge_pair.0 iteration 4 (7 max) file merge_sort_false-unreach-call_Mem_ver1.c line 302 function merge_pair thread 0
Unwinding loop merge_pair.0 iteration 5 (7 max) file merge_sort_false-unreach-call_Mem_ver1.c line 302 function merge_pair thread 0
Unwinding loop merge_pair.0 iteration 6 (7 max) file merge_sort_false-unreach-call_Mem_ver1.c line 302 function merge_pair thread 0
Not unwinding loop merge_pair.0 iteration 7 (7 max) file merge_sort_false-unreach-call_Mem_ver1.c line 302 function merge_pair thread 0
Unwinding loop seq_sort_core.0 iteration 6 (7 max) file merge_sort_false-unreach-call_Mem_ver1.c line 327 function seq_sort_core thread 0
Unwinding loop merge_pair.0 iteration 1 (7 max) file merge_sort_false-unreach-call_Mem_ver1.c line 302 function merge_pair thread 0
Unwinding loop merge_pair.0 iteration 2 (7 max) file merge_sort_false-unreach-call_Mem_ver1.c line 302 function merge_pair thread 0
Unwinding loop merge_pair.0 iteration 3 (7 max) file merge_sort_false-unreach-call_Mem_ver1.c line 302 function merge_pair thread 0
Unwinding loop merge_pair.0 iteration 4 (7 max) file merge_sort_false-unreach-call_Mem_ver1.c line 302 function merge_pair thread 0
Unwinding loop merge_pair.0 iteration 5 (7 max) file merge_sort_false-unreach-call_Mem_ver1.c line 302 function merge_pair thread 0
Unwinding loop merge_pair.0 iteration 6 (7 max) file merge_sort_false-unreach-call_Mem_ver1.c line 302 function merge_pair thread 0
Not unwinding loop merge_pair.0 iteration 7 (7 max) file merge_sort_false-unreach-call_Mem_ver1.c line 302 function merge_pair thread 0
Not unwinding loop seq_sort_core.0 iteration 7 (7 max) file merge_sort_false-unreach-call_Mem_ver1.c line 327 function seq_sort_core thread 0
Not unwinding loop main.1 iteration 7 (7 max) file merge_sort_false-unreach-call_Mem_ver1.c line 476 function main thread 0
Unwinding loop inspect_after.0 iteration 1 (7 max) file merge_sort_false-unreach-call_Mem_ver1.c line 410 function inspect_after thread 0
Unwinding loop inspect_after.0 iteration 2 (7 max) file merge_sort_false-unreach-call_Mem_ver1.c line 410 function inspect_after thread 0
Unwinding loop inspect_after.0 iteration 3 (7 max) file merge_sort_false-unreach-call_Mem_ver1.c line 410 function inspect_after thread 0
Unwinding loop inspect_after.0 iteration 4 (7 max) file merge_sort_false-unreach-call_Mem_ver1.c line 410 function inspect_after thread 0
Unwinding loop inspect_after.0 iteration 5 (7 max) file merge_sort_false-unreach-call_Mem_ver1.c line 410 function inspect_after thread 0
Unwinding loop inspect_after.0 iteration 6 (7 max) file merge_sort_false-unreach-call_Mem_ver1.c line 410 function inspect_after thread 0
Not unwinding loop inspect_after.0 iteration 7 (7 max) file merge_sort_false-unreach-call_Mem_ver1.c line 410 function inspect_after thread 0
Unwinding loop main.2 iteration 1 (7 max) file merge_sort_false-unreach-call_Mem_ver1.c line 492 function main thread 0
Unwinding loop main.2 iteration 2 (7 max) file merge_sort_false-unreach-call_Mem_ver1.c line 492 function main thread 0
Unwinding loop main.2 iteration 3 (7 max) file merge_sort_false-unreach-call_Mem_ver1.c line 492 function main thread 0
Unwinding loop main.2 iteration 4 (7 max) file merge_sort_false-unreach-call_Mem_ver1.c line 492 function main thread 0
Unwinding loop main.2 iteration 5 (7 max) file merge_sort_false-unreach-call_Mem_ver1.c line 492 function main thread 0
Unwinding loop main.2 iteration 6 (7 max) file merge_sort_false-unreach-call_Mem_ver1.c line 492 function main thread 0
Not unwinding loop main.2 iteration 7 (7 max) file merge_sort_false-unreach-call_Mem_ver1.c line 492 function main thread 0
size of program expression: 106024 steps
simple slicing removed 185 assignments
Generated 37 VCC(s), 37 remaining after simplification
Passing problem to propositional reduction
converting SSA
Running propositional reduction
Post-processing
Solving with MiniSAT 2.2.0 with simplifier
15884649 variables, 78668240 clauses
SAT checker: negated claim is SATISFIABLE, i.e., does not hold
Runtime decision procedure: 924.306s
Building error trace

Counterexample:

State 22 file merge_sort_false-unreach-call_Mem_ver1.c line 16 function init_MEM thread 0
----------------------------------------------------
  TRACK_ADDRESS_tmp={ 58, 131, 139, 140, 256, 515, 899, 906, 907, 924, 925, 926, 927 } ({ 00000000000000000000000000111010, 00000000000000000000000010000011, 00000000000000000000000010001011, 00000000000000000000000010001100, 00000000000000000000000100000000, 00000000000000000000001000000011, 00000000000000000000001110000011, 00000000000000000000001110001010, 00000000000000000000001110001011, 00000000000000000000001110011100, 00000000000000000000001110011101, 00000000000000000000001110011110, 00000000000000000000001110011111 })

State 23 file merge_sort_false-unreach-call_Mem_ver1.c line 17 function init_MEM thread 0
----------------------------------------------------
  TRACK_ADDRESS[0]=0 (00000000000000000000000000000000)

State 24 file merge_sort_false-unreach-call_Mem_ver1.c line 18 function init_MEM thread 0
----------------------------------------------------
  TRACK_ADDRESS[1]=1 (00000000000000000000000000000001)

State 25 file merge_sort_false-unreach-call_Mem_ver1.c line 19 function init_MEM thread 0
----------------------------------------------------
  TRACK_ADDRESS[2]=2 (00000000000000000000000000000010)

State 26 file merge_sort_false-unreach-call_Mem_ver1.c line 20 function init_MEM thread 0
----------------------------------------------------
  TRACK_ADDRESS[3]=3 (00000000000000000000000000000011)

State 27 file merge_sort_false-unreach-call_Mem_ver1.c line 21 function init_MEM thread 0
----------------------------------------------------
  TRACK_ADDRESS[4]=4 (00000000000000000000000000000100)

State 28 file merge_sort_false-unreach-call_Mem_ver1.c line 22 function init_MEM thread 0
----------------------------------------------------
  TRACK_ADDRESS[5]=5 (00000000000000000000000000000101)

State 29 file merge_sort_false-unreach-call_Mem_ver1.c line 23 function init_MEM thread 0
----------------------------------------------------
  TRACK_ADDRESS[6]=6 (00000000000000000000000000000110)

State 30 file merge_sort_false-unreach-call_Mem_ver1.c line 24 function init_MEM thread 0
----------------------------------------------------
  TRACK_ADDRESS[7]=7 (00000000000000000000000000000111)

State 31 file merge_sort_false-unreach-call_Mem_ver1.c line 25 function init_MEM thread 0
----------------------------------------------------
  TRACK_ADDRESS[8]=8 (00000000000000000000000000001000)

State 32 file merge_sort_false-unreach-call_Mem_ver1.c line 26 function init_MEM thread 0
----------------------------------------------------
  TRACK_ADDRESS[9]=9 (00000000000000000000000000001001)

State 33 file merge_sort_false-unreach-call_Mem_ver1.c line 27 function init_MEM thread 0
----------------------------------------------------
  TRACK_ADDRESS[10]=10 (00000000000000000000000000001010)

State 34 file merge_sort_false-unreach-call_Mem_ver1.c line 28 function init_MEM thread 0
----------------------------------------------------
  TRACK_ADDRESS[11]=11 (00000000000000000000000000001011)

State 35 file merge_sort_false-unreach-call_Mem_ver1.c line 29 function init_MEM thread 0
----------------------------------------------------
  TRACK_ADDRESS[12]=12 (00000000000000000000000000001100)

State 36 file merge_sort_false-unreach-call_Mem_ver1.c line 30 function init_MEM thread 0
----------------------------------------------------
  TRACK_ADDRESS[13]=13 (00000000000000000000000000001101)

State 37 file merge_sort_false-unreach-call_Mem_ver1.c line 31 function init_MEM thread 0
----------------------------------------------------
  TRACK_ADDRESS[14]=14 (00000000000000000000000000001110)

State 38 file merge_sort_false-unreach-call_Mem_ver1.c line 32 function init_MEM thread 0
----------------------------------------------------
  TRACK_ADDRESS[15]=15 (00000000000000000000000000001111)

State 39 file merge_sort_false-unreach-call_Mem_ver1.c line 33 function init_MEM thread 0
----------------------------------------------------
  TRACK_ADDRESS[16]=16 (00000000000000000000000000010000)

State 40 file merge_sort_false-unreach-call_Mem_ver1.c line 34 function init_MEM thread 0
----------------------------------------------------
  num_malloc=17 (00000000000000000000000000010001)

State 41 file merge_sort_false-unreach-call_Mem_ver1.c line 35 function init_MEM thread 0
----------------------------------------------------
  TRACK_ADDRESS[17]=58 (00000000000000000000000000111010)

State 43 file merge_sort_false-unreach-call_Mem_ver1.c line 37 function init_MEM thread 0
----------------------------------------------------
  TRACK_ADDRESS[18]=131 (00000000000000000000000010000011)

State 45 file merge_sort_false-unreach-call_Mem_ver1.c line 39 function init_MEM thread 0
----------------------------------------------------
  TRACK_ADDRESS[19]=139 (00000000000000000000000010001011)

State 47 file merge_sort_false-unreach-call_Mem_ver1.c line 41 function init_MEM thread 0
----------------------------------------------------
  TRACK_ADDRESS[20]=140 (00000000000000000000000010001100)

State 49 file merge_sort_false-unreach-call_Mem_ver1.c line 43 function init_MEM thread 0
----------------------------------------------------
  TRACK_ADDRESS[21]=256 (00000000000000000000000100000000)

State 51 file merge_sort_false-unreach-call_Mem_ver1.c line 45 function init_MEM thread 0
----------------------------------------------------
  TRACK_ADDRESS[22]=515 (00000000000000000000001000000011)

State 53 file merge_sort_false-unreach-call_Mem_ver1.c line 47 function init_MEM thread 0
----------------------------------------------------
  TRACK_ADDRESS[23]=899 (00000000000000000000001110000011)

State 55 file merge_sort_false-unreach-call_Mem_ver1.c line 49 function init_MEM thread 0
----------------------------------------------------
  TRACK_ADDRESS[24]=906 (00000000000000000000001110001010)

State 57 file merge_sort_false-unreach-call_Mem_ver1.c line 51 function init_MEM thread 0
----------------------------------------------------
  TRACK_ADDRESS[25]=907 (00000000000000000000001110001011)

State 59 file merge_sort_false-unreach-call_Mem_ver1.c line 53 function init_MEM thread 0
----------------------------------------------------
  TRACK_ADDRESS[26]=924 (00000000000000000000001110011100)

State 61 file merge_sort_false-unreach-call_Mem_ver1.c line 55 function init_MEM thread 0
----------------------------------------------------
  TRACK_ADDRESS[27]=925 (00000000000000000000001110011101)

State 63 file merge_sort_false-unreach-call_Mem_ver1.c line 57 function init_MEM thread 0
----------------------------------------------------
  TRACK_ADDRESS[28]=926 (00000000000000000000001110011110)

State 65 file merge_sort_false-unreach-call_Mem_ver1.c line 59 function init_MEM thread 0
----------------------------------------------------
  TRACK_ADDRESS[29]=927 (00000000000000000000001110011111)

State 67 file merge_sort_false-unreach-call_Mem_ver1.c line 61 function init_MEM thread 0
----------------------------------------------------
  TRACK_ADDRESS[30]=1001 (00000000000000000000001111101001)

State 69 file merge_sort_false-unreach-call_Mem_ver1.c line 425 function main thread 0
----------------------------------------------------
  TRACK_VALUE[0]=0 (00000000000000000000000000000000)

State 75 file merge_sort_false-unreach-call_Mem_ver1.c line 472 function main thread 0
----------------------------------------------------
  shape=0 (00000000000000000000000000000000)

State 76 file merge_sort_false-unreach-call_Mem_ver1.c line 366 function inspect_before thread 0
----------------------------------------------------
  TRACK_VALUE[5]=0 (00000000000000000000000000000000)

Violated property:
  file merge_sort_false-unreach-call_Mem_ver1.c line 369 function inspect_before
  assertion TRACK_VALUE[(signed long int)5]
  (_Bool)TRACK_VALUE[(signed long int)5]

VERIFICATION FAILED
