cbmc-5.2 merge_sort_false-unreach-call_Mem_ver1.c --unwind 8 --no-unwinding-assertions


--------------------------------------------------------------------------------


CBMC version 5.2 64-bit x86_64 linux
Parsing merge_sort_false-unreach-call_Mem_ver1.c
file <command-line> line 0: <command-line>:0:0: warning: "__STDC_VERSION__" redefined
file <command-line> line 0: <built-in>: note: this is the location of the previous definition
Converting
Type-checking merge_sort_false-unreach-call_Mem_ver1
file merge_sort_false-unreach-call_Mem_ver1.c line 369 function inspect_before: function `assert' is not declared
Generating GOTO Program
Adding CPROVER library
Function Pointer Removal
Partial Inlining
Generic Property Instrumentation
Starting Bounded Model Checking
Unwinding loop main.0 iteration 1 (8 max) file merge_sort_false-unreach-call_Mem_ver1.c line 427 function main thread 0
Unwinding loop main.0 iteration 2 (8 max) file merge_sort_false-unreach-call_Mem_ver1.c line 427 function main thread 0
Unwinding loop main.0 iteration 3 (8 max) file merge_sort_false-unreach-call_Mem_ver1.c line 427 function main thread 0
Unwinding loop main.0 iteration 4 (8 max) file merge_sort_false-unreach-call_Mem_ver1.c line 427 function main thread 0
Unwinding loop main.0 iteration 5 (8 max) file merge_sort_false-unreach-call_Mem_ver1.c line 427 function main thread 0
Unwinding loop main.0 iteration 6 (8 max) file merge_sort_false-unreach-call_Mem_ver1.c line 427 function main thread 0
Unwinding loop main.0 iteration 7 (8 max) file merge_sort_false-unreach-call_Mem_ver1.c line 427 function main thread 0
Not unwinding loop main.0 iteration 8 (8 max) file merge_sort_false-unreach-call_Mem_ver1.c line 427 function main thread 0
Unwinding loop inspect_before.0 iteration 1 (8 max) file merge_sort_false-unreach-call_Mem_ver1.c line 372 function inspect_before thread 0
Unwinding loop inspect_before.0 iteration 2 (8 max) file merge_sort_false-unreach-call_Mem_ver1.c line 372 function inspect_before thread 0
Unwinding loop inspect_before.0 iteration 3 (8 max) file merge_sort_false-unreach-call_Mem_ver1.c line 372 function inspect_before thread 0
Unwinding loop inspect_before.0 iteration 4 (8 max) file merge_sort_false-unreach-call_Mem_ver1.c line 372 function inspect_before thread 0
Unwinding loop inspect_before.0 iteration 5 (8 max) file merge_sort_false-unreach-call_Mem_ver1.c line 372 function inspect_before thread 0
Unwinding loop inspect_before.0 iteration 6 (8 max) file merge_sort_false-unreach-call_Mem_ver1.c line 372 function inspect_before thread 0
Unwinding loop inspect_before.0 iteration 7 (8 max) file merge_sort_false-unreach-call_Mem_ver1.c line 372 function inspect_before thread 0
Not unwinding loop inspect_before.0 iteration 8 (8 max) file merge_sort_false-unreach-call_Mem_ver1.c line 372 function inspect_before thread 0
Unwinding loop merge_pair.0 iteration 1 (8 max) file merge_sort_false-unreach-call_Mem_ver1.c line 302 function merge_pair thread 0
Unwinding loop merge_pair.0 iteration 2 (8 max) file merge_sort_false-unreach-call_Mem_ver1.c line 302 function merge_pair thread 0
Unwinding loop merge_pair.0 iteration 3 (8 max) file merge_sort_false-unreach-call_Mem_ver1.c line 302 function merge_pair thread 0
Unwinding loop merge_pair.0 iteration 4 (8 max) file merge_sort_false-unreach-call_Mem_ver1.c line 302 function merge_pair thread 0
Unwinding loop merge_pair.0 iteration 5 (8 max) file merge_sort_false-unreach-call_Mem_ver1.c line 302 function merge_pair thread 0
Unwinding loop merge_pair.0 iteration 6 (8 max) file merge_sort_false-unreach-call_Mem_ver1.c line 302 function merge_pair thread 0
Unwinding loop merge_pair.0 iteration 7 (8 max) file merge_sort_false-unreach-call_Mem_ver1.c line 302 function merge_pair thread 0
Not unwinding loop merge_pair.0 iteration 8 (8 max) file merge_sort_false-unreach-call_Mem_ver1.c line 302 function merge_pair thread 0
Unwinding loop seq_sort_core.0 iteration 1 (8 max) file merge_sort_false-unreach-call_Mem_ver1.c line 327 function seq_sort_core thread 0
Unwinding loop merge_pair.0 iteration 1 (8 max) file merge_sort_false-unreach-call_Mem_ver1.c line 302 function merge_pair thread 0
Unwinding loop merge_pair.0 iteration 2 (8 max) file merge_sort_false-unreach-call_Mem_ver1.c line 302 function merge_pair thread 0
Unwinding loop merge_pair.0 iteration 3 (8 max) file merge_sort_false-unreach-call_Mem_ver1.c line 302 function merge_pair thread 0
Unwinding loop merge_pair.0 iteration 4 (8 max) file merge_sort_false-unreach-call_Mem_ver1.c line 302 function merge_pair thread 0
Unwinding loop merge_pair.0 iteration 5 (8 max) file merge_sort_false-unreach-call_Mem_ver1.c line 302 function merge_pair thread 0
Unwinding loop merge_pair.0 iteration 6 (8 max) file merge_sort_false-unreach-call_Mem_ver1.c line 302 function merge_pair thread 0
Unwinding loop merge_pair.0 iteration 7 (8 max) file merge_sort_false-unreach-call_Mem_ver1.c line 302 function merge_pair thread 0
Not unwinding loop merge_pair.0 iteration 8 (8 max) file merge_sort_false-unreach-call_Mem_ver1.c line 302 function merge_pair thread 0
Unwinding loop seq_sort_core.0 iteration 2 (8 max) file merge_sort_false-unreach-call_Mem_ver1.c line 327 function seq_sort_core thread 0
Unwinding loop merge_pair.0 iteration 1 (8 max) file merge_sort_false-unreach-call_Mem_ver1.c line 302 function merge_pair thread 0
Unwinding loop merge_pair.0 iteration 2 (8 max) file merge_sort_false-unreach-call_Mem_ver1.c line 302 function merge_pair thread 0
Unwinding loop merge_pair.0 iteration 3 (8 max) file merge_sort_false-unreach-call_Mem_ver1.c line 302 function merge_pair thread 0
Unwinding loop merge_pair.0 iteration 4 (8 max) file merge_sort_false-unreach-call_Mem_ver1.c line 302 function merge_pair thread 0
Unwinding loop merge_pair.0 iteration 5 (8 max) file merge_sort_false-unreach-call_Mem_ver1.c line 302 function merge_pair thread 0
Unwinding loop merge_pair.0 iteration 6 (8 max) file merge_sort_false-unreach-call_Mem_ver1.c line 302 function merge_pair thread 0
Unwinding loop merge_pair.0 iteration 7 (8 max) file merge_sort_false-unreach-call_Mem_ver1.c line 302 function merge_pair thread 0
Not unwinding loop merge_pair.0 iteration 8 (8 max) file merge_sort_false-unreach-call_Mem_ver1.c line 302 function merge_pair thread 0
Unwinding loop seq_sort_core.0 iteration 3 (8 max) file merge_sort_false-unreach-call_Mem_ver1.c line 327 function seq_sort_core thread 0
Unwinding loop merge_pair.0 iteration 1 (8 max) file merge_sort_false-unreach-call_Mem_ver1.c line 302 function merge_pair thread 0
Unwinding loop merge_pair.0 iteration 2 (8 max) file merge_sort_false-unreach-call_Mem_ver1.c line 302 function merge_pair thread 0
Unwinding loop merge_pair.0 iteration 3 (8 max) file merge_sort_false-unreach-call_Mem_ver1.c line 302 function merge_pair thread 0
Unwinding loop merge_pair.0 iteration 4 (8 max) file merge_sort_false-unreach-call_Mem_ver1.c line 302 function merge_pair thread 0
Unwinding loop merge_pair.0 iteration 5 (8 max) file merge_sort_false-unreach-call_Mem_ver1.c line 302 function merge_pair thread 0
Unwinding loop merge_pair.0 iteration 6 (8 max) file merge_sort_false-unreach-call_Mem_ver1.c line 302 function merge_pair thread 0
Unwinding loop merge_pair.0 iteration 7 (8 max) file merge_sort_false-unreach-call_Mem_ver1.c line 302 function merge_pair thread 0
Not unwinding loop merge_pair.0 iteration 8 (8 max) file merge_sort_false-unreach-call_Mem_ver1.c line 302 function merge_pair thread 0
Unwinding loop seq_sort_core.0 iteration 4 (8 max) file merge_sort_false-unreach-call_Mem_ver1.c line 327 function seq_sort_core thread 0
Unwinding loop merge_pair.0 iteration 1 (8 max) file merge_sort_false-unreach-call_Mem_ver1.c line 302 function merge_pair thread 0
Unwinding loop merge_pair.0 iteration 2 (8 max) file merge_sort_false-unreach-call_Mem_ver1.c line 302 function merge_pair thread 0
Unwinding loop merge_pair.0 iteration 3 (8 max) file merge_sort_false-unreach-call_Mem_ver1.c line 302 function merge_pair thread 0
Unwinding loop merge_pair.0 iteration 4 (8 max) file merge_sort_false-unreach-call_Mem_ver1.c line 302 function merge_pair thread 0
Unwinding loop merge_pair.0 iteration 5 (8 max) file merge_sort_false-unreach-call_Mem_ver1.c line 302 function merge_pair thread 0
Unwinding loop merge_pair.0 iteration 6 (8 max) file merge_sort_false-unreach-call_Mem_ver1.c line 302 function merge_pair thread 0
Unwinding loop merge_pair.0 iteration 7 (8 max) file merge_sort_false-unreach-call_Mem_ver1.c line 302 function merge_pair thread 0
Not unwinding loop merge_pair.0 iteration 8 (8 max) file merge_sort_false-unreach-call_Mem_ver1.c line 302 function merge_pair thread 0
Unwinding loop seq_sort_core.0 iteration 5 (8 max) file merge_sort_false-unreach-call_Mem_ver1.c line 327 function seq_sort_core thread 0
Unwinding loop merge_pair.0 iteration 1 (8 max) file merge_sort_false-unreach-call_Mem_ver1.c line 302 function merge_pair thread 0
Unwinding loop merge_pair.0 iteration 2 (8 max) file merge_sort_false-unreach-call_Mem_ver1.c line 302 function merge_pair thread 0
Unwinding loop merge_pair.0 iteration 3 (8 max) file merge_sort_false-unreach-call_Mem_ver1.c line 302 function merge_pair thread 0
Unwinding loop merge_pair.0 iteration 4 (8 max) file merge_sort_false-unreach-call_Mem_ver1.c line 302 function merge_pair thread 0
Unwinding loop merge_pair.0 iteration 5 (8 max) file merge_sort_false-unreach-call_Mem_ver1.c line 302 function merge_pair thread 0
Unwinding loop merge_pair.0 iteration 6 (8 max) file merge_sort_false-unreach-call_Mem_ver1.c line 302 function merge_pair thread 0
Unwinding loop merge_pair.0 iteration 7 (8 max) file merge_sort_false-unreach-call_Mem_ver1.c line 302 function merge_pair thread 0
Not unwinding loop merge_pair.0 iteration 8 (8 max) file merge_sort_false-unreach-call_Mem_ver1.c line 302 function merge_pair thread 0
Unwinding loop seq_sort_core.0 iteration 6 (8 max) file merge_sort_false-unreach-call_Mem_ver1.c line 327 function seq_sort_core thread 0
Unwinding loop merge_pair.0 iteration 1 (8 max) file merge_sort_false-unreach-call_Mem_ver1.c line 302 function merge_pair thread 0
Unwinding loop merge_pair.0 iteration 2 (8 max) file merge_sort_false-unreach-call_Mem_ver1.c line 302 function merge_pair thread 0
Unwinding loop merge_pair.0 iteration 3 (8 max) file merge_sort_false-unreach-call_Mem_ver1.c line 302 function merge_pair thread 0
Unwinding loop merge_pair.0 iteration 4 (8 max) file merge_sort_false-unreach-call_Mem_ver1.c line 302 function merge_pair thread 0
Unwinding loop merge_pair.0 iteration 5 (8 max) file merge_sort_false-unreach-call_Mem_ver1.c line 302 function merge_pair thread 0
Unwinding loop merge_pair.0 iteration 6 (8 max) file merge_sort_false-unreach-call_Mem_ver1.c line 302 function merge_pair thread 0
Unwinding loop merge_pair.0 iteration 7 (8 max) file merge_sort_false-unreach-call_Mem_ver1.c line 302 function merge_pair thread 0
Not unwinding loop merge_pair.0 iteration 8 (8 max) file merge_sort_false-unreach-call_Mem_ver1.c line 302 function merge_pair thread 0
Unwinding loop seq_sort_core.0 iteration 7 (8 max) file merge_sort_false-unreach-call_Mem_ver1.c line 327 function seq_sort_core thread 0
Unwinding loop merge_pair.0 iteration 1 (8 max) file merge_sort_false-unreach-call_Mem_ver1.c line 302 function merge_pair thread 0
Unwinding loop merge_pair.0 iteration 2 (8 max) file merge_sort_false-unreach-call_Mem_ver1.c line 302 function merge_pair thread 0
Unwinding loop merge_pair.0 iteration 3 (8 max) file merge_sort_false-unreach-call_Mem_ver1.c line 302 function merge_pair thread 0
Unwinding loop merge_pair.0 iteration 4 (8 max) file merge_sort_false-unreach-call_Mem_ver1.c line 302 function merge_pair thread 0
Unwinding loop merge_pair.0 iteration 5 (8 max) file merge_sort_false-unreach-call_Mem_ver1.c line 302 function merge_pair thread 0
Unwinding loop merge_pair.0 iteration 6 (8 max) file merge_sort_false-unreach-call_Mem_ver1.c line 302 function merge_pair thread 0
Unwinding loop merge_pair.0 iteration 7 (8 max) file merge_sort_false-unreach-call_Mem_ver1.c line 302 function merge_pair thread 0
Not unwinding loop merge_pair.0 iteration 8 (8 max) file merge_sort_false-unreach-call_Mem_ver1.c line 302 function merge_pair thread 0
Not unwinding loop seq_sort_core.0 iteration 8 (8 max) file merge_sort_false-unreach-call_Mem_ver1.c line 327 function seq_sort_core thread 0
Unwinding loop main.1 iteration 1 (8 max) file merge_sort_false-unreach-call_Mem_ver1.c line 476 function main thread 0
Unwinding loop merge_pair.0 iteration 1 (8 max) file merge_sort_false-unreach-call_Mem_ver1.c line 302 function merge_pair thread 0
Unwinding loop merge_pair.0 iteration 2 (8 max) file merge_sort_false-unreach-call_Mem_ver1.c line 302 function merge_pair thread 0
Unwinding loop merge_pair.0 iteration 3 (8 max) file merge_sort_false-unreach-call_Mem_ver1.c line 302 function merge_pair thread 0
Unwinding loop merge_pair.0 iteration 4 (8 max) file merge_sort_false-unreach-call_Mem_ver1.c line 302 function merge_pair thread 0
Unwinding loop merge_pair.0 iteration 5 (8 max) file merge_sort_false-unreach-call_Mem_ver1.c line 302 function merge_pair thread 0
Unwinding loop merge_pair.0 iteration 6 (8 max) file merge_sort_false-unreach-call_Mem_ver1.c line 302 function merge_pair thread 0
Unwinding loop merge_pair.0 iteration 7 (8 max) file merge_sort_false-unreach-call_Mem_ver1.c line 302 function merge_pair thread 0
Not unwinding loop merge_pair.0 iteration 8 (8 max) file merge_sort_false-unreach-call_Mem_ver1.c line 302 function merge_pair thread 0
Unwinding loop seq_sort_core.0 iteration 1 (8 max) file merge_sort_false-unreach-call_Mem_ver1.c line 327 function seq_sort_core thread 0
Unwinding loop merge_pair.0 iteration 1 (8 max) file merge_sort_false-unreach-call_Mem_ver1.c line 302 function merge_pair thread 0
Unwinding loop merge_pair.0 iteration 2 (8 max) file merge_sort_false-unreach-call_Mem_ver1.c line 302 function merge_pair thread 0
Unwinding loop merge_pair.0 iteration 3 (8 max) file merge_sort_false-unreach-call_Mem_ver1.c line 302 function merge_pair thread 0
Unwinding loop merge_pair.0 iteration 4 (8 max) file merge_sort_false-unreach-call_Mem_ver1.c line 302 function merge_pair thread 0
Unwinding loop merge_pair.0 iteration 5 (8 max) file merge_sort_false-unreach-call_Mem_ver1.c line 302 function merge_pair thread 0
Unwinding loop merge_pair.0 iteration 6 (8 max) file merge_sort_false-unreach-call_Mem_ver1.c line 302 function merge_pair thread 0
Unwinding loop merge_pair.0 iteration 7 (8 max) file merge_sort_false-unreach-call_Mem_ver1.c line 302 function merge_pair thread 0
Not unwinding loop merge_pair.0 iteration 8 (8 max) file merge_sort_false-unreach-call_Mem_ver1.c line 302 function merge_pair thread 0
Unwinding loop seq_sort_core.0 iteration 2 (8 max) file merge_sort_false-unreach-call_Mem_ver1.c line 327 function seq_sort_core thread 0
Unwinding loop merge_pair.0 iteration 1 (8 max) file merge_sort_false-unreach-call_Mem_ver1.c line 302 function merge_pair thread 0
Unwinding loop merge_pair.0 iteration 2 (8 max) file merge_sort_false-unreach-call_Mem_ver1.c line 302 function merge_pair thread 0
Unwinding loop merge_pair.0 iteration 3 (8 max) file merge_sort_false-unreach-call_Mem_ver1.c line 302 function merge_pair thread 0
Unwinding loop merge_pair.0 iteration 4 (8 max) file merge_sort_false-unreach-call_Mem_ver1.c line 302 function merge_pair thread 0
Unwinding loop merge_pair.0 iteration 5 (8 max) file merge_sort_false-unreach-call_Mem_ver1.c line 302 function merge_pair thread 0
Unwinding loop merge_pair.0 iteration 6 (8 max) file merge_sort_false-unreach-call_Mem_ver1.c line 302 function merge_pair thread 0
Unwinding loop merge_pair.0 iteration 7 (8 max) file merge_sort_false-unreach-call_Mem_ver1.c line 302 function merge_pair thread 0
Not unwinding loop merge_pair.0 iteration 8 (8 max) file merge_sort_false-unreach-call_Mem_ver1.c line 302 function merge_pair thread 0
Unwinding loop seq_sort_core.0 iteration 3 (8 max) file merge_sort_false-unreach-call_Mem_ver1.c line 327 function seq_sort_core thread 0
Unwinding loop merge_pair.0 iteration 1 (8 max) file merge_sort_false-unreach-call_Mem_ver1.c line 302 function merge_pair thread 0
Unwinding loop merge_pair.0 iteration 2 (8 max) file merge_sort_false-unreach-call_Mem_ver1.c line 302 function merge_pair thread 0
Unwinding loop merge_pair.0 iteration 3 (8 max) file merge_sort_false-unreach-call_Mem_ver1.c line 302 function merge_pair thread 0
Unwinding loop merge_pair.0 iteration 4 (8 max) file merge_sort_false-unreach-call_Mem_ver1.c line 302 function merge_pair thread 0
Unwinding loop merge_pair.0 iteration 5 (8 max) file merge_sort_false-unreach-call_Mem_ver1.c line 302 function merge_pair thread 0
Unwinding loop merge_pair.0 iteration 6 (8 max) file merge_sort_false-unreach-call_Mem_ver1.c line 302 function merge_pair thread 0
Unwinding loop merge_pair.0 iteration 7 (8 max) file merge_sort_false-unreach-call_Mem_ver1.c line 302 function merge_pair thread 0
Not unwinding loop merge_pair.0 iteration 8 (8 max) file merge_sort_false-unreach-call_Mem_ver1.c line 302 function merge_pair thread 0
Unwinding loop seq_sort_core.0 iteration 4 (8 max) file merge_sort_false-unreach-call_Mem_ver1.c line 327 function seq_sort_core thread 0
Unwinding loop merge_pair.0 iteration 1 (8 max) file merge_sort_false-unreach-call_Mem_ver1.c line 302 function merge_pair thread 0
Unwinding loop merge_pair.0 iteration 2 (8 max) file merge_sort_false-unreach-call_Mem_ver1.c line 302 function merge_pair thread 0
Unwinding loop merge_pair.0 iteration 3 (8 max) file merge_sort_false-unreach-call_Mem_ver1.c line 302 function merge_pair thread 0
Unwinding loop merge_pair.0 iteration 4 (8 max) file merge_sort_false-unreach-call_Mem_ver1.c line 302 function merge_pair thread 0
Unwinding loop merge_pair.0 iteration 5 (8 max) file merge_sort_false-unreach-call_Mem_ver1.c line 302 function merge_pair thread 0
Unwinding loop merge_pair.0 iteration 6 (8 max) file merge_sort_false-unreach-call_Mem_ver1.c line 302 function merge_pair thread 0
Unwinding loop merge_pair.0 iteration 7 (8 max) file merge_sort_false-unreach-call_Mem_ver1.c line 302 function merge_pair thread 0
Not unwinding loop merge_pair.0 iteration 8 (8 max) file merge_sort_false-unreach-call_Mem_ver1.c line 302 function merge_pair thread 0
Unwinding loop seq_sort_core.0 iteration 5 (8 max) file merge_sort_false-unreach-call_Mem_ver1.c line 327 function seq_sort_core thread 0
Unwinding loop merge_pair.0 iteration 1 (8 max) file merge_sort_false-unreach-call_Mem_ver1.c line 302 function merge_pair thread 0
Unwinding loop merge_pair.0 iteration 2 (8 max) file merge_sort_false-unreach-call_Mem_ver1.c line 302 function merge_pair thread 0
Unwinding loop merge_pair.0 iteration 3 (8 max) file merge_sort_false-unreach-call_Mem_ver1.c line 302 function merge_pair thread 0
Unwinding loop merge_pair.0 iteration 4 (8 max) file merge_sort_false-unreach-call_Mem_ver1.c line 302 function merge_pair thread 0
Unwinding loop merge_pair.0 iteration 5 (8 max) file merge_sort_false-unreach-call_Mem_ver1.c line 302 function merge_pair thread 0
Unwinding loop merge_pair.0 iteration 6 (8 max) file merge_sort_false-unreach-call_Mem_ver1.c line 302 function merge_pair thread 0
Unwinding loop merge_pair.0 iteration 7 (8 max) file merge_sort_false-unreach-call_Mem_ver1.c line 302 function merge_pair thread 0
Not unwinding loop merge_pair.0 iteration 8 (8 max) file merge_sort_false-unreach-call_Mem_ver1.c line 302 function merge_pair thread 0
Unwinding loop seq_sort_core.0 iteration 6 (8 max) file merge_sort_false-unreach-call_Mem_ver1.c line 327 function seq_sort_core thread 0
Unwinding loop merge_pair.0 iteration 1 (8 max) file merge_sort_false-unreach-call_Mem_ver1.c line 302 function merge_pair thread 0
Unwinding loop merge_pair.0 iteration 2 (8 max) file merge_sort_false-unreach-call_Mem_ver1.c line 302 function merge_pair thread 0
Unwinding loop merge_pair.0 iteration 3 (8 max) file merge_sort_false-unreach-call_Mem_ver1.c line 302 function merge_pair thread 0
Unwinding loop merge_pair.0 iteration 4 (8 max) file merge_sort_false-unreach-call_Mem_ver1.c line 302 function merge_pair thread 0
Unwinding loop merge_pair.0 iteration 5 (8 max) file merge_sort_false-unreach-call_Mem_ver1.c line 302 function merge_pair thread 0
Unwinding loop merge_pair.0 iteration 6 (8 max) file merge_sort_false-unreach-call_Mem_ver1.c line 302 function merge_pair thread 0
Unwinding loop merge_pair.0 iteration 7 (8 max) file merge_sort_false-unreach-call_Mem_ver1.c line 302 function merge_pair thread 0
Not unwinding loop merge_pair.0 iteration 8 (8 max) file merge_sort_false-unreach-call_Mem_ver1.c line 302 function merge_pair thread 0
Unwinding loop seq_sort_core.0 iteration 7 (8 max) file merge_sort_false-unreach-call_Mem_ver1.c line 327 function seq_sort_core thread 0
Unwinding loop merge_pair.0 iteration 1 (8 max) file merge_sort_false-unreach-call_Mem_ver1.c line 302 function merge_pair thread 0
Unwinding loop merge_pair.0 iteration 2 (8 max) file merge_sort_false-unreach-call_Mem_ver1.c line 302 function merge_pair thread 0
Unwinding loop merge_pair.0 iteration 3 (8 max) file merge_sort_false-unreach-call_Mem_ver1.c line 302 function merge_pair thread 0
Unwinding loop merge_pair.0 iteration 4 (8 max) file merge_sort_false-unreach-call_Mem_ver1.c line 302 function merge_pair thread 0
Unwinding loop merge_pair.0 iteration 5 (8 max) file merge_sort_false-unreach-call_Mem_ver1.c line 302 function merge_pair thread 0
Unwinding loop merge_pair.0 iteration 6 (8 max) file merge_sort_false-unreach-call_Mem_ver1.c line 302 function merge_pair thread 0
Unwinding loop merge_pair.0 iteration 7 (8 max) file merge_sort_false-unreach-call_Mem_ver1.c line 302 function merge_pair thread 0
Not unwinding loop merge_pair.0 iteration 8 (8 max) file merge_sort_false-unreach-call_Mem_ver1.c line 302 function merge_pair thread 0
Not unwinding loop seq_sort_core.0 iteration 8 (8 max) file merge_sort_false-unreach-call_Mem_ver1.c line 327 function seq_sort_core thread 0
Unwinding loop main.1 iteration 2 (8 max) file merge_sort_false-unreach-call_Mem_ver1.c line 476 function main thread 0
Unwinding loop merge_pair.0 iteration 1 (8 max) file merge_sort_false-unreach-call_Mem_ver1.c line 302 function merge_pair thread 0
Unwinding loop merge_pair.0 iteration 2 (8 max) file merge_sort_false-unreach-call_Mem_ver1.c line 302 function merge_pair thread 0
Unwinding loop merge_pair.0 iteration 3 (8 max) file merge_sort_false-unreach-call_Mem_ver1.c line 302 function merge_pair thread 0
Unwinding loop merge_pair.0 iteration 4 (8 max) file merge_sort_false-unreach-call_Mem_ver1.c line 302 function merge_pair thread 0
Unwinding loop merge_pair.0 iteration 5 (8 max) file merge_sort_false-unreach-call_Mem_ver1.c line 302 function merge_pair thread 0
Unwinding loop merge_pair.0 iteration 6 (8 max) file merge_sort_false-unreach-call_Mem_ver1.c line 302 function merge_pair thread 0
Unwinding loop merge_pair.0 iteration 7 (8 max) file merge_sort_false-unreach-call_Mem_ver1.c line 302 function merge_pair thread 0
Not unwinding loop merge_pair.0 iteration 8 (8 max) file merge_sort_false-unreach-call_Mem_ver1.c line 302 function merge_pair thread 0
Unwinding loop seq_sort_core.0 iteration 1 (8 max) file merge_sort_false-unreach-call_Mem_ver1.c line 327 function seq_sort_core thread 0
Unwinding loop merge_pair.0 iteration 1 (8 max) file merge_sort_false-unreach-call_Mem_ver1.c line 302 function merge_pair thread 0
Unwinding loop merge_pair.0 iteration 2 (8 max) file merge_sort_false-unreach-call_Mem_ver1.c line 302 function merge_pair thread 0
Unwinding loop merge_pair.0 iteration 3 (8 max) file merge_sort_false-unreach-call_Mem_ver1.c line 302 function merge_pair thread 0
Unwinding loop merge_pair.0 iteration 4 (8 max) file merge_sort_false-unreach-call_Mem_ver1.c line 302 function merge_pair thread 0
Unwinding loop merge_pair.0 iteration 5 (8 max) file merge_sort_false-unreach-call_Mem_ver1.c line 302 function merge_pair thread 0
Unwinding loop merge_pair.0 iteration 6 (8 max) file merge_sort_false-unreach-call_Mem_ver1.c line 302 function merge_pair thread 0
Unwinding loop merge_pair.0 iteration 7 (8 max) file merge_sort_false-unreach-call_Mem_ver1.c line 302 function merge_pair thread 0
Not unwinding loop merge_pair.0 iteration 8 (8 max) file merge_sort_false-unreach-call_Mem_ver1.c line 302 function merge_pair thread 0
Unwinding loop seq_sort_core.0 iteration 2 (8 max) file merge_sort_false-unreach-call_Mem_ver1.c line 327 function seq_sort_core thread 0
Unwinding loop merge_pair.0 iteration 1 (8 max) file merge_sort_false-unreach-call_Mem_ver1.c line 302 function merge_pair thread 0
Unwinding loop merge_pair.0 iteration 2 (8 max) file merge_sort_false-unreach-call_Mem_ver1.c line 302 function merge_pair thread 0
Unwinding loop merge_pair.0 iteration 3 (8 max) file merge_sort_false-unreach-call_Mem_ver1.c line 302 function merge_pair thread 0
Unwinding loop merge_pair.0 iteration 4 (8 max) file merge_sort_false-unreach-call_Mem_ver1.c line 302 function merge_pair thread 0
Unwinding loop merge_pair.0 iteration 5 (8 max) file merge_sort_false-unreach-call_Mem_ver1.c line 302 function merge_pair thread 0
Unwinding loop merge_pair.0 iteration 6 (8 max) file merge_sort_false-unreach-call_Mem_ver1.c line 302 function merge_pair thread 0
Unwinding loop merge_pair.0 iteration 7 (8 max) file merge_sort_false-unreach-call_Mem_ver1.c line 302 function merge_pair thread 0
Not unwinding loop merge_pair.0 iteration 8 (8 max) file merge_sort_false-unreach-call_Mem_ver1.c line 302 function merge_pair thread 0
Unwinding loop seq_sort_core.0 iteration 3 (8 max) file merge_sort_false-unreach-call_Mem_ver1.c line 327 function seq_sort_core thread 0
Unwinding loop merge_pair.0 iteration 1 (8 max) file merge_sort_false-unreach-call_Mem_ver1.c line 302 function merge_pair thread 0
Unwinding loop merge_pair.0 iteration 2 (8 max) file merge_sort_false-unreach-call_Mem_ver1.c line 302 function merge_pair thread 0
Unwinding loop merge_pair.0 iteration 3 (8 max) file merge_sort_false-unreach-call_Mem_ver1.c line 302 function merge_pair thread 0
Unwinding loop merge_pair.0 iteration 4 (8 max) file merge_sort_false-unreach-call_Mem_ver1.c line 302 function merge_pair thread 0
Unwinding loop merge_pair.0 iteration 5 (8 max) file merge_sort_false-unreach-call_Mem_ver1.c line 302 function merge_pair thread 0
Unwinding loop merge_pair.0 iteration 6 (8 max) file merge_sort_false-unreach-call_Mem_ver1.c line 302 function merge_pair thread 0
Unwinding loop merge_pair.0 iteration 7 (8 max) file merge_sort_false-unreach-call_Mem_ver1.c line 302 function merge_pair thread 0
Not unwinding loop merge_pair.0 iteration 8 (8 max) file merge_sort_false-unreach-call_Mem_ver1.c line 302 function merge_pair thread 0
Unwinding loop seq_sort_core.0 iteration 4 (8 max) file merge_sort_false-unreach-call_Mem_ver1.c line 327 function seq_sort_core thread 0
Unwinding loop merge_pair.0 iteration 1 (8 max) file merge_sort_false-unreach-call_Mem_ver1.c line 302 function merge_pair thread 0
Unwinding loop merge_pair.0 iteration 2 (8 max) file merge_sort_false-unreach-call_Mem_ver1.c line 302 function merge_pair thread 0
Unwinding loop merge_pair.0 iteration 3 (8 max) file merge_sort_false-unreach-call_Mem_ver1.c line 302 function merge_pair thread 0
Unwinding loop merge_pair.0 iteration 4 (8 max) file merge_sort_false-unreach-call_Mem_ver1.c line 302 function merge_pair thread 0
Unwinding loop merge_pair.0 iteration 5 (8 max) file merge_sort_false-unreach-call_Mem_ver1.c line 302 function merge_pair thread 0
Unwinding loop merge_pair.0 iteration 6 (8 max) file merge_sort_false-unreach-call_Mem_ver1.c line 302 function merge_pair thread 0
Unwinding loop merge_pair.0 iteration 7 (8 max) file merge_sort_false-unreach-call_Mem_ver1.c line 302 function merge_pair thread 0
Not unwinding loop merge_pair.0 iteration 8 (8 max) file merge_sort_false-unreach-call_Mem_ver1.c line 302 function merge_pair thread 0
Unwinding loop seq_sort_core.0 iteration 5 (8 max) file merge_sort_false-unreach-call_Mem_ver1.c line 327 function seq_sort_core thread 0
Unwinding loop merge_pair.0 iteration 1 (8 max) file merge_sort_false-unreach-call_Mem_ver1.c line 302 function merge_pair thread 0
Unwinding loop merge_pair.0 iteration 2 (8 max) file merge_sort_false-unreach-call_Mem_ver1.c line 302 function merge_pair thread 0
Unwinding loop merge_pair.0 iteration 3 (8 max) file merge_sort_false-unreach-call_Mem_ver1.c line 302 function merge_pair thread 0
Unwinding loop merge_pair.0 iteration 4 (8 max) file merge_sort_false-unreach-call_Mem_ver1.c line 302 function merge_pair thread 0
Unwinding loop merge_pair.0 iteration 5 (8 max) file merge_sort_false-unreach-call_Mem_ver1.c line 302 function merge_pair thread 0
Unwinding loop merge_pair.0 iteration 6 (8 max) file merge_sort_false-unreach-call_Mem_ver1.c line 302 function merge_pair thread 0
Unwinding loop merge_pair.0 iteration 7 (8 max) file merge_sort_false-unreach-call_Mem_ver1.c line 302 function merge_pair thread 0
Not unwinding loop merge_pair.0 iteration 8 (8 max) file merge_sort_false-unreach-call_Mem_ver1.c line 302 function merge_pair thread 0
Unwinding loop seq_sort_core.0 iteration 6 (8 max) file merge_sort_false-unreach-call_Mem_ver1.c line 327 function seq_sort_core thread 0
Unwinding loop merge_pair.0 iteration 1 (8 max) file merge_sort_false-unreach-call_Mem_ver1.c line 302 function merge_pair thread 0
Unwinding loop merge_pair.0 iteration 2 (8 max) file merge_sort_false-unreach-call_Mem_ver1.c line 302 function merge_pair thread 0
Unwinding loop merge_pair.0 iteration 3 (8 max) file merge_sort_false-unreach-call_Mem_ver1.c line 302 function merge_pair thread 0
Unwinding loop merge_pair.0 iteration 4 (8 max) file merge_sort_false-unreach-call_Mem_ver1.c line 302 function merge_pair thread 0
Unwinding loop merge_pair.0 iteration 5 (8 max) file merge_sort_false-unreach-call_Mem_ver1.c line 302 function merge_pair thread 0
Unwinding loop merge_pair.0 iteration 6 (8 max) file merge_sort_false-unreach-call_Mem_ver1.c line 302 function merge_pair thread 0
Unwinding loop merge_pair.0 iteration 7 (8 max) file merge_sort_false-unreach-call_Mem_ver1.c line 302 function merge_pair thread 0
Not unwinding loop merge_pair.0 iteration 8 (8 max) file merge_sort_false-unreach-call_Mem_ver1.c line 302 function merge_pair thread 0
Unwinding loop seq_sort_core.0 iteration 7 (8 max) file merge_sort_false-unreach-call_Mem_ver1.c line 327 function seq_sort_core thread 0
Unwinding loop merge_pair.0 iteration 1 (8 max) file merge_sort_false-unreach-call_Mem_ver1.c line 302 function merge_pair thread 0
Unwinding loop merge_pair.0 iteration 2 (8 max) file merge_sort_false-unreach-call_Mem_ver1.c line 302 function merge_pair thread 0
Unwinding loop merge_pair.0 iteration 3 (8 max) file merge_sort_false-unreach-call_Mem_ver1.c line 302 function merge_pair thread 0
Unwinding loop merge_pair.0 iteration 4 (8 max) file merge_sort_false-unreach-call_Mem_ver1.c line 302 function merge_pair thread 0
Unwinding loop merge_pair.0 iteration 5 (8 max) file merge_sort_false-unreach-call_Mem_ver1.c line 302 function merge_pair thread 0
Unwinding loop merge_pair.0 iteration 6 (8 max) file merge_sort_false-unreach-call_Mem_ver1.c line 302 function merge_pair thread 0
Unwinding loop merge_pair.0 iteration 7 (8 max) file merge_sort_false-unreach-call_Mem_ver1.c line 302 function merge_pair thread 0
Not unwinding loop merge_pair.0 iteration 8 (8 max) file merge_sort_false-unreach-call_Mem_ver1.c line 302 function merge_pair thread 0
Not unwinding loop seq_sort_core.0 iteration 8 (8 max) file merge_sort_false-unreach-call_Mem_ver1.c line 327 function seq_sort_core thread 0
Unwinding loop main.1 iteration 3 (8 max) file merge_sort_false-unreach-call_Mem_ver1.c line 476 function main thread 0
Unwinding loop merge_pair.0 iteration 1 (8 max) file merge_sort_false-unreach-call_Mem_ver1.c line 302 function merge_pair thread 0
Unwinding loop merge_pair.0 iteration 2 (8 max) file merge_sort_false-unreach-call_Mem_ver1.c line 302 function merge_pair thread 0
Unwinding loop merge_pair.0 iteration 3 (8 max) file merge_sort_false-unreach-call_Mem_ver1.c line 302 function merge_pair thread 0
Unwinding loop merge_pair.0 iteration 4 (8 max) file merge_sort_false-unreach-call_Mem_ver1.c line 302 function merge_pair thread 0
Unwinding loop merge_pair.0 iteration 5 (8 max) file merge_sort_false-unreach-call_Mem_ver1.c line 302 function merge_pair thread 0
Unwinding loop merge_pair.0 iteration 6 (8 max) file merge_sort_false-unreach-call_Mem_ver1.c line 302 function merge_pair thread 0
Unwinding loop merge_pair.0 iteration 7 (8 max) file merge_sort_false-unreach-call_Mem_ver1.c line 302 function merge_pair thread 0
Not unwinding loop merge_pair.0 iteration 8 (8 max) file merge_sort_false-unreach-call_Mem_ver1.c line 302 function merge_pair thread 0
Unwinding loop seq_sort_core.0 iteration 1 (8 max) file merge_sort_false-unreach-call_Mem_ver1.c line 327 function seq_sort_core thread 0
Unwinding loop merge_pair.0 iteration 1 (8 max) file merge_sort_false-unreach-call_Mem_ver1.c line 302 function merge_pair thread 0
Unwinding loop merge_pair.0 iteration 2 (8 max) file merge_sort_false-unreach-call_Mem_ver1.c line 302 function merge_pair thread 0
Unwinding loop merge_pair.0 iteration 3 (8 max) file merge_sort_false-unreach-call_Mem_ver1.c line 302 function merge_pair thread 0
Unwinding loop merge_pair.0 iteration 4 (8 max) file merge_sort_false-unreach-call_Mem_ver1.c line 302 function merge_pair thread 0
Unwinding loop merge_pair.0 iteration 5 (8 max) file merge_sort_false-unreach-call_Mem_ver1.c line 302 function merge_pair thread 0
Unwinding loop merge_pair.0 iteration 6 (8 max) file merge_sort_false-unreach-call_Mem_ver1.c line 302 function merge_pair thread 0
Unwinding loop merge_pair.0 iteration 7 (8 max) file merge_sort_false-unreach-call_Mem_ver1.c line 302 function merge_pair thread 0
Not unwinding loop merge_pair.0 iteration 8 (8 max) file merge_sort_false-unreach-call_Mem_ver1.c line 302 function merge_pair thread 0
Unwinding loop seq_sort_core.0 iteration 2 (8 max) file merge_sort_false-unreach-call_Mem_ver1.c line 327 function seq_sort_core thread 0
Unwinding loop merge_pair.0 iteration 1 (8 max) file merge_sort_false-unreach-call_Mem_ver1.c line 302 function merge_pair thread 0
Unwinding loop merge_pair.0 iteration 2 (8 max) file merge_sort_false-unreach-call_Mem_ver1.c line 302 function merge_pair thread 0
Unwinding loop merge_pair.0 iteration 3 (8 max) file merge_sort_false-unreach-call_Mem_ver1.c line 302 function merge_pair thread 0
Unwinding loop merge_pair.0 iteration 4 (8 max) file merge_sort_false-unreach-call_Mem_ver1.c line 302 function merge_pair thread 0
Unwinding loop merge_pair.0 iteration 5 (8 max) file merge_sort_false-unreach-call_Mem_ver1.c line 302 function merge_pair thread 0
Unwinding loop merge_pair.0 iteration 6 (8 max) file merge_sort_false-unreach-call_Mem_ver1.c line 302 function merge_pair thread 0
Unwinding loop merge_pair.0 iteration 7 (8 max) file merge_sort_false-unreach-call_Mem_ver1.c line 302 function merge_pair thread 0
Not unwinding loop merge_pair.0 iteration 8 (8 max) file merge_sort_false-unreach-call_Mem_ver1.c line 302 function merge_pair thread 0
Unwinding loop seq_sort_core.0 iteration 3 (8 max) file merge_sort_false-unreach-call_Mem_ver1.c line 327 function seq_sort_core thread 0
Unwinding loop merge_pair.0 iteration 1 (8 max) file merge_sort_false-unreach-call_Mem_ver1.c line 302 function merge_pair thread 0
Unwinding loop merge_pair.0 iteration 2 (8 max) file merge_sort_false-unreach-call_Mem_ver1.c line 302 function merge_pair thread 0
Unwinding loop merge_pair.0 iteration 3 (8 max) file merge_sort_false-unreach-call_Mem_ver1.c line 302 function merge_pair thread 0
Unwinding loop merge_pair.0 iteration 4 (8 max) file merge_sort_false-unreach-call_Mem_ver1.c line 302 function merge_pair thread 0
Unwinding loop merge_pair.0 iteration 5 (8 max) file merge_sort_false-unreach-call_Mem_ver1.c line 302 function merge_pair thread 0
Unwinding loop merge_pair.0 iteration 6 (8 max) file merge_sort_false-unreach-call_Mem_ver1.c line 302 function merge_pair thread 0
Unwinding loop merge_pair.0 iteration 7 (8 max) file merge_sort_false-unreach-call_Mem_ver1.c line 302 function merge_pair thread 0
Not unwinding loop merge_pair.0 iteration 8 (8 max) file merge_sort_false-unreach-call_Mem_ver1.c line 302 function merge_pair thread 0
Unwinding loop seq_sort_core.0 iteration 4 (8 max) file merge_sort_false-unreach-call_Mem_ver1.c line 327 function seq_sort_core thread 0
Unwinding loop merge_pair.0 iteration 1 (8 max) file merge_sort_false-unreach-call_Mem_ver1.c line 302 function merge_pair thread 0
Unwinding loop merge_pair.0 iteration 2 (8 max) file merge_sort_false-unreach-call_Mem_ver1.c line 302 function merge_pair thread 0
Unwinding loop merge_pair.0 iteration 3 (8 max) file merge_sort_false-unreach-call_Mem_ver1.c line 302 function merge_pair thread 0
Unwinding loop merge_pair.0 iteration 4 (8 max) file merge_sort_false-unreach-call_Mem_ver1.c line 302 function merge_pair thread 0
Unwinding loop merge_pair.0 iteration 5 (8 max) file merge_sort_false-unreach-call_Mem_ver1.c line 302 function merge_pair thread 0
Unwinding loop merge_pair.0 iteration 6 (8 max) file merge_sort_false-unreach-call_Mem_ver1.c line 302 function merge_pair thread 0
Unwinding loop merge_pair.0 iteration 7 (8 max) file merge_sort_false-unreach-call_Mem_ver1.c line 302 function merge_pair thread 0
Not unwinding loop merge_pair.0 iteration 8 (8 max) file merge_sort_false-unreach-call_Mem_ver1.c line 302 function merge_pair thread 0
Unwinding loop seq_sort_core.0 iteration 5 (8 max) file merge_sort_false-unreach-call_Mem_ver1.c line 327 function seq_sort_core thread 0
Unwinding loop merge_pair.0 iteration 1 (8 max) file merge_sort_false-unreach-call_Mem_ver1.c line 302 function merge_pair thread 0
Unwinding loop merge_pair.0 iteration 2 (8 max) file merge_sort_false-unreach-call_Mem_ver1.c line 302 function merge_pair thread 0
Unwinding loop merge_pair.0 iteration 3 (8 max) file merge_sort_false-unreach-call_Mem_ver1.c line 302 function merge_pair thread 0
Unwinding loop merge_pair.0 iteration 4 (8 max) file merge_sort_false-unreach-call_Mem_ver1.c line 302 function merge_pair thread 0
Unwinding loop merge_pair.0 iteration 5 (8 max) file merge_sort_false-unreach-call_Mem_ver1.c line 302 function merge_pair thread 0
Unwinding loop merge_pair.0 iteration 6 (8 max) file merge_sort_false-unreach-call_Mem_ver1.c line 302 function merge_pair thread 0
Unwinding loop merge_pair.0 iteration 7 (8 max) file merge_sort_false-unreach-call_Mem_ver1.c line 302 function merge_pair thread 0
Not unwinding loop merge_pair.0 iteration 8 (8 max) file merge_sort_false-unreach-call_Mem_ver1.c line 302 function merge_pair thread 0
Unwinding loop seq_sort_core.0 iteration 6 (8 max) file merge_sort_false-unreach-call_Mem_ver1.c line 327 function seq_sort_core thread 0
Unwinding loop merge_pair.0 iteration 1 (8 max) file merge_sort_false-unreach-call_Mem_ver1.c line 302 function merge_pair thread 0
Unwinding loop merge_pair.0 iteration 2 (8 max) file merge_sort_false-unreach-call_Mem_ver1.c line 302 function merge_pair thread 0
Unwinding loop merge_pair.0 iteration 3 (8 max) file merge_sort_false-unreach-call_Mem_ver1.c line 302 function merge_pair thread 0
Unwinding loop merge_pair.0 iteration 4 (8 max) file merge_sort_false-unreach-call_Mem_ver1.c line 302 function merge_pair thread 0
Unwinding loop merge_pair.0 iteration 5 (8 max) file merge_sort_false-unreach-call_Mem_ver1.c line 302 function merge_pair thread 0
Unwinding loop merge_pair.0 iteration 6 (8 max) file merge_sort_false-unreach-call_Mem_ver1.c line 302 function merge_pair thread 0
Unwinding loop merge_pair.0 iteration 7 (8 max) file merge_sort_false-unreach-call_Mem_ver1.c line 302 function merge_pair thread 0
Not unwinding loop merge_pair.0 iteration 8 (8 max) file merge_sort_false-unreach-call_Mem_ver1.c line 302 function merge_pair thread 0
Unwinding loop seq_sort_core.0 iteration 7 (8 max) file merge_sort_false-unreach-call_Mem_ver1.c line 327 function seq_sort_core thread 0
Unwinding loop merge_pair.0 iteration 1 (8 max) file merge_sort_false-unreach-call_Mem_ver1.c line 302 function merge_pair thread 0
Unwinding loop merge_pair.0 iteration 2 (8 max) file merge_sort_false-unreach-call_Mem_ver1.c line 302 function merge_pair thread 0
Unwinding loop merge_pair.0 iteration 3 (8 max) file merge_sort_false-unreach-call_Mem_ver1.c line 302 function merge_pair thread 0
Unwinding loop merge_pair.0 iteration 4 (8 max) file merge_sort_false-unreach-call_Mem_ver1.c line 302 function merge_pair thread 0
Unwinding loop merge_pair.0 iteration 5 (8 max) file merge_sort_false-unreach-call_Mem_ver1.c line 302 function merge_pair thread 0
Unwinding loop merge_pair.0 iteration 6 (8 max) file merge_sort_false-unreach-call_Mem_ver1.c line 302 function merge_pair thread 0
Unwinding loop merge_pair.0 iteration 7 (8 max) file merge_sort_false-unreach-call_Mem_ver1.c line 302 function merge_pair thread 0
Not unwinding loop merge_pair.0 iteration 8 (8 max) file merge_sort_false-unreach-call_Mem_ver1.c line 302 function merge_pair thread 0
Not unwinding loop seq_sort_core.0 iteration 8 (8 max) file merge_sort_false-unreach-call_Mem_ver1.c line 327 function seq_sort_core thread 0
Unwinding loop main.1 iteration 4 (8 max) file merge_sort_false-unreach-call_Mem_ver1.c line 476 function main thread 0
Unwinding loop merge_pair.0 iteration 1 (8 max) file merge_sort_false-unreach-call_Mem_ver1.c line 302 function merge_pair thread 0
Unwinding loop merge_pair.0 iteration 2 (8 max) file merge_sort_false-unreach-call_Mem_ver1.c line 302 function merge_pair thread 0
Unwinding loop merge_pair.0 iteration 3 (8 max) file merge_sort_false-unreach-call_Mem_ver1.c line 302 function merge_pair thread 0
Unwinding loop merge_pair.0 iteration 4 (8 max) file merge_sort_false-unreach-call_Mem_ver1.c line 302 function merge_pair thread 0
Unwinding loop merge_pair.0 iteration 5 (8 max) file merge_sort_false-unreach-call_Mem_ver1.c line 302 function merge_pair thread 0
Unwinding loop merge_pair.0 iteration 6 (8 max) file merge_sort_false-unreach-call_Mem_ver1.c line 302 function merge_pair thread 0
Unwinding loop merge_pair.0 iteration 7 (8 max) file merge_sort_false-unreach-call_Mem_ver1.c line 302 function merge_pair thread 0
Not unwinding loop merge_pair.0 iteration 8 (8 max) file merge_sort_false-unreach-call_Mem_ver1.c line 302 function merge_pair thread 0
Unwinding loop seq_sort_core.0 iteration 1 (8 max) file merge_sort_false-unreach-call_Mem_ver1.c line 327 function seq_sort_core thread 0
Unwinding loop merge_pair.0 iteration 1 (8 max) file merge_sort_false-unreach-call_Mem_ver1.c line 302 function merge_pair thread 0
Unwinding loop merge_pair.0 iteration 2 (8 max) file merge_sort_false-unreach-call_Mem_ver1.c line 302 function merge_pair thread 0
Unwinding loop merge_pair.0 iteration 3 (8 max) file merge_sort_false-unreach-call_Mem_ver1.c line 302 function merge_pair thread 0
Unwinding loop merge_pair.0 iteration 4 (8 max) file merge_sort_false-unreach-call_Mem_ver1.c line 302 function merge_pair thread 0
Unwinding loop merge_pair.0 iteration 5 (8 max) file merge_sort_false-unreach-call_Mem_ver1.c line 302 function merge_pair thread 0
Unwinding loop merge_pair.0 iteration 6 (8 max) file merge_sort_false-unreach-call_Mem_ver1.c line 302 function merge_pair thread 0
Unwinding loop merge_pair.0 iteration 7 (8 max) file merge_sort_false-unreach-call_Mem_ver1.c line 302 function merge_pair thread 0
Not unwinding loop merge_pair.0 iteration 8 (8 max) file merge_sort_false-unreach-call_Mem_ver1.c line 302 function merge_pair thread 0
Unwinding loop seq_sort_core.0 iteration 2 (8 max) file merge_sort_false-unreach-call_Mem_ver1.c line 327 function seq_sort_core thread 0
Unwinding loop merge_pair.0 iteration 1 (8 max) file merge_sort_false-unreach-call_Mem_ver1.c line 302 function merge_pair thread 0
Unwinding loop merge_pair.0 iteration 2 (8 max) file merge_sort_false-unreach-call_Mem_ver1.c line 302 function merge_pair thread 0
Unwinding loop merge_pair.0 iteration 3 (8 max) file merge_sort_false-unreach-call_Mem_ver1.c line 302 function merge_pair thread 0
Unwinding loop merge_pair.0 iteration 4 (8 max) file merge_sort_false-unreach-call_Mem_ver1.c line 302 function merge_pair thread 0
Unwinding loop merge_pair.0 iteration 5 (8 max) file merge_sort_false-unreach-call_Mem_ver1.c line 302 function merge_pair thread 0
Unwinding loop merge_pair.0 iteration 6 (8 max) file merge_sort_false-unreach-call_Mem_ver1.c line 302 function merge_pair thread 0
Unwinding loop merge_pair.0 iteration 7 (8 max) file merge_sort_false-unreach-call_Mem_ver1.c line 302 function merge_pair thread 0
Not unwinding loop merge_pair.0 iteration 8 (8 max) file merge_sort_false-unreach-call_Mem_ver1.c line 302 function merge_pair thread 0
Unwinding loop seq_sort_core.0 iteration 3 (8 max) file merge_sort_false-unreach-call_Mem_ver1.c line 327 function seq_sort_core thread 0
Unwinding loop merge_pair.0 iteration 1 (8 max) file merge_sort_false-unreach-call_Mem_ver1.c line 302 function merge_pair thread 0
Unwinding loop merge_pair.0 iteration 2 (8 max) file merge_sort_false-unreach-call_Mem_ver1.c line 302 function merge_pair thread 0
Unwinding loop merge_pair.0 iteration 3 (8 max) file merge_sort_false-unreach-call_Mem_ver1.c line 302 function merge_pair thread 0
Unwinding loop merge_pair.0 iteration 4 (8 max) file merge_sort_false-unreach-call_Mem_ver1.c line 302 function merge_pair thread 0
Unwinding loop merge_pair.0 iteration 5 (8 max) file merge_sort_false-unreach-call_Mem_ver1.c line 302 function merge_pair thread 0
Unwinding loop merge_pair.0 iteration 6 (8 max) file merge_sort_false-unreach-call_Mem_ver1.c line 302 function merge_pair thread 0
Unwinding loop merge_pair.0 iteration 7 (8 max) file merge_sort_false-unreach-call_Mem_ver1.c line 302 function merge_pair thread 0
Not unwinding loop merge_pair.0 iteration 8 (8 max) file merge_sort_false-unreach-call_Mem_ver1.c line 302 function merge_pair thread 0
Unwinding loop seq_sort_core.0 iteration 4 (8 max) file merge_sort_false-unreach-call_Mem_ver1.c line 327 function seq_sort_core thread 0
Unwinding loop merge_pair.0 iteration 1 (8 max) file merge_sort_false-unreach-call_Mem_ver1.c line 302 function merge_pair thread 0
Unwinding loop merge_pair.0 iteration 2 (8 max) file merge_sort_false-unreach-call_Mem_ver1.c line 302 function merge_pair thread 0
Unwinding loop merge_pair.0 iteration 3 (8 max) file merge_sort_false-unreach-call_Mem_ver1.c line 302 function merge_pair thread 0
Unwinding loop merge_pair.0 iteration 4 (8 max) file merge_sort_false-unreach-call_Mem_ver1.c line 302 function merge_pair thread 0
Unwinding loop merge_pair.0 iteration 5 (8 max) file merge_sort_false-unreach-call_Mem_ver1.c line 302 function merge_pair thread 0
Unwinding loop merge_pair.0 iteration 6 (8 max) file merge_sort_false-unreach-call_Mem_ver1.c line 302 function merge_pair thread 0
Unwinding loop merge_pair.0 iteration 7 (8 max) file merge_sort_false-unreach-call_Mem_ver1.c line 302 function merge_pair thread 0
Not unwinding loop merge_pair.0 iteration 8 (8 max) file merge_sort_false-unreach-call_Mem_ver1.c line 302 function merge_pair thread 0
Unwinding loop seq_sort_core.0 iteration 5 (8 max) file merge_sort_false-unreach-call_Mem_ver1.c line 327 function seq_sort_core thread 0
Unwinding loop merge_pair.0 iteration 1 (8 max) file merge_sort_false-unreach-call_Mem_ver1.c line 302 function merge_pair thread 0
Unwinding loop merge_pair.0 iteration 2 (8 max) file merge_sort_false-unreach-call_Mem_ver1.c line 302 function merge_pair thread 0
Unwinding loop merge_pair.0 iteration 3 (8 max) file merge_sort_false-unreach-call_Mem_ver1.c line 302 function merge_pair thread 0
Unwinding loop merge_pair.0 iteration 4 (8 max) file merge_sort_false-unreach-call_Mem_ver1.c line 302 function merge_pair thread 0
Unwinding loop merge_pair.0 iteration 5 (8 max) file merge_sort_false-unreach-call_Mem_ver1.c line 302 function merge_pair thread 0
Unwinding loop merge_pair.0 iteration 6 (8 max) file merge_sort_false-unreach-call_Mem_ver1.c line 302 function merge_pair thread 0
Unwinding loop merge_pair.0 iteration 7 (8 max) file merge_sort_false-unreach-call_Mem_ver1.c line 302 function merge_pair thread 0
Not unwinding loop merge_pair.0 iteration 8 (8 max) file merge_sort_false-unreach-call_Mem_ver1.c line 302 function merge_pair thread 0
Unwinding loop seq_sort_core.0 iteration 6 (8 max) file merge_sort_false-unreach-call_Mem_ver1.c line 327 function seq_sort_core thread 0
Unwinding loop merge_pair.0 iteration 1 (8 max) file merge_sort_false-unreach-call_Mem_ver1.c line 302 function merge_pair thread 0
Unwinding loop merge_pair.0 iteration 2 (8 max) file merge_sort_false-unreach-call_Mem_ver1.c line 302 function merge_pair thread 0
Unwinding loop merge_pair.0 iteration 3 (8 max) file merge_sort_false-unreach-call_Mem_ver1.c line 302 function merge_pair thread 0
Unwinding loop merge_pair.0 iteration 4 (8 max) file merge_sort_false-unreach-call_Mem_ver1.c line 302 function merge_pair thread 0
Unwinding loop merge_pair.0 iteration 5 (8 max) file merge_sort_false-unreach-call_Mem_ver1.c line 302 function merge_pair thread 0
Unwinding loop merge_pair.0 iteration 6 (8 max) file merge_sort_false-unreach-call_Mem_ver1.c line 302 function merge_pair thread 0
Unwinding loop merge_pair.0 iteration 7 (8 max) file merge_sort_false-unreach-call_Mem_ver1.c line 302 function merge_pair thread 0
Not unwinding loop merge_pair.0 iteration 8 (8 max) file merge_sort_false-unreach-call_Mem_ver1.c line 302 function merge_pair thread 0
Unwinding loop seq_sort_core.0 iteration 7 (8 max) file merge_sort_false-unreach-call_Mem_ver1.c line 327 function seq_sort_core thread 0
Unwinding loop merge_pair.0 iteration 1 (8 max) file merge_sort_false-unreach-call_Mem_ver1.c line 302 function merge_pair thread 0
Unwinding loop merge_pair.0 iteration 2 (8 max) file merge_sort_false-unreach-call_Mem_ver1.c line 302 function merge_pair thread 0
Unwinding loop merge_pair.0 iteration 3 (8 max) file merge_sort_false-unreach-call_Mem_ver1.c line 302 function merge_pair thread 0
Unwinding loop merge_pair.0 iteration 4 (8 max) file merge_sort_false-unreach-call_Mem_ver1.c line 302 function merge_pair thread 0
Unwinding loop merge_pair.0 iteration 5 (8 max) file merge_sort_false-unreach-call_Mem_ver1.c line 302 function merge_pair thread 0
Unwinding loop merge_pair.0 iteration 6 (8 max) file merge_sort_false-unreach-call_Mem_ver1.c line 302 function merge_pair thread 0
Unwinding loop merge_pair.0 iteration 7 (8 max) file merge_sort_false-unreach-call_Mem_ver1.c line 302 function merge_pair thread 0
Not unwinding loop merge_pair.0 iteration 8 (8 max) file merge_sort_false-unreach-call_Mem_ver1.c line 302 function merge_pair thread 0
Not unwinding loop seq_sort_core.0 iteration 8 (8 max) file merge_sort_false-unreach-call_Mem_ver1.c line 327 function seq_sort_core thread 0
Unwinding loop main.1 iteration 5 (8 max) file merge_sort_false-unreach-call_Mem_ver1.c line 476 function main thread 0
Unwinding loop merge_pair.0 iteration 1 (8 max) file merge_sort_false-unreach-call_Mem_ver1.c line 302 function merge_pair thread 0
Unwinding loop merge_pair.0 iteration 2 (8 max) file merge_sort_false-unreach-call_Mem_ver1.c line 302 function merge_pair thread 0
Unwinding loop merge_pair.0 iteration 3 (8 max) file merge_sort_false-unreach-call_Mem_ver1.c line 302 function merge_pair thread 0
Unwinding loop merge_pair.0 iteration 4 (8 max) file merge_sort_false-unreach-call_Mem_ver1.c line 302 function merge_pair thread 0
Unwinding loop merge_pair.0 iteration 5 (8 max) file merge_sort_false-unreach-call_Mem_ver1.c line 302 function merge_pair thread 0
Unwinding loop merge_pair.0 iteration 6 (8 max) file merge_sort_false-unreach-call_Mem_ver1.c line 302 function merge_pair thread 0
Unwinding loop merge_pair.0 iteration 7 (8 max) file merge_sort_false-unreach-call_Mem_ver1.c line 302 function merge_pair thread 0
Not unwinding loop merge_pair.0 iteration 8 (8 max) file merge_sort_false-unreach-call_Mem_ver1.c line 302 function merge_pair thread 0
Unwinding loop seq_sort_core.0 iteration 1 (8 max) file merge_sort_false-unreach-call_Mem_ver1.c line 327 function seq_sort_core thread 0
Unwinding loop merge_pair.0 iteration 1 (8 max) file merge_sort_false-unreach-call_Mem_ver1.c line 302 function merge_pair thread 0
Unwinding loop merge_pair.0 iteration 2 (8 max) file merge_sort_false-unreach-call_Mem_ver1.c line 302 function merge_pair thread 0
Unwinding loop merge_pair.0 iteration 3 (8 max) file merge_sort_false-unreach-call_Mem_ver1.c line 302 function merge_pair thread 0
Unwinding loop merge_pair.0 iteration 4 (8 max) file merge_sort_false-unreach-call_Mem_ver1.c line 302 function merge_pair thread 0
Unwinding loop merge_pair.0 iteration 5 (8 max) file merge_sort_false-unreach-call_Mem_ver1.c line 302 function merge_pair thread 0
Unwinding loop merge_pair.0 iteration 6 (8 max) file merge_sort_false-unreach-call_Mem_ver1.c line 302 function merge_pair thread 0
Unwinding loop merge_pair.0 iteration 7 (8 max) file merge_sort_false-unreach-call_Mem_ver1.c line 302 function merge_pair thread 0
Not unwinding loop merge_pair.0 iteration 8 (8 max) file merge_sort_false-unreach-call_Mem_ver1.c line 302 function merge_pair thread 0
Unwinding loop seq_sort_core.0 iteration 2 (8 max) file merge_sort_false-unreach-call_Mem_ver1.c line 327 function seq_sort_core thread 0
Unwinding loop merge_pair.0 iteration 1 (8 max) file merge_sort_false-unreach-call_Mem_ver1.c line 302 function merge_pair thread 0
Unwinding loop merge_pair.0 iteration 2 (8 max) file merge_sort_false-unreach-call_Mem_ver1.c line 302 function merge_pair thread 0
Unwinding loop merge_pair.0 iteration 3 (8 max) file merge_sort_false-unreach-call_Mem_ver1.c line 302 function merge_pair thread 0
Unwinding loop merge_pair.0 iteration 4 (8 max) file merge_sort_false-unreach-call_Mem_ver1.c line 302 function merge_pair thread 0
Unwinding loop merge_pair.0 iteration 5 (8 max) file merge_sort_false-unreach-call_Mem_ver1.c line 302 function merge_pair thread 0
Unwinding loop merge_pair.0 iteration 6 (8 max) file merge_sort_false-unreach-call_Mem_ver1.c line 302 function merge_pair thread 0
Unwinding loop merge_pair.0 iteration 7 (8 max) file merge_sort_false-unreach-call_Mem_ver1.c line 302 function merge_pair thread 0
Not unwinding loop merge_pair.0 iteration 8 (8 max) file merge_sort_false-unreach-call_Mem_ver1.c line 302 function merge_pair thread 0
Unwinding loop seq_sort_core.0 iteration 3 (8 max) file merge_sort_false-unreach-call_Mem_ver1.c line 327 function seq_sort_core thread 0
Unwinding loop merge_pair.0 iteration 1 (8 max) file merge_sort_false-unreach-call_Mem_ver1.c line 302 function merge_pair thread 0
Unwinding loop merge_pair.0 iteration 2 (8 max) file merge_sort_false-unreach-call_Mem_ver1.c line 302 function merge_pair thread 0
Unwinding loop merge_pair.0 iteration 3 (8 max) file merge_sort_false-unreach-call_Mem_ver1.c line 302 function merge_pair thread 0
Unwinding loop merge_pair.0 iteration 4 (8 max) file merge_sort_false-unreach-call_Mem_ver1.c line 302 function merge_pair thread 0
Unwinding loop merge_pair.0 iteration 5 (8 max) file merge_sort_false-unreach-call_Mem_ver1.c line 302 function merge_pair thread 0
Unwinding loop merge_pair.0 iteration 6 (8 max) file merge_sort_false-unreach-call_Mem_ver1.c line 302 function merge_pair thread 0
Unwinding loop merge_pair.0 iteration 7 (8 max) file merge_sort_false-unreach-call_Mem_ver1.c line 302 function merge_pair thread 0
Not unwinding loop merge_pair.0 iteration 8 (8 max) file merge_sort_false-unreach-call_Mem_ver1.c line 302 function merge_pair thread 0
Unwinding loop seq_sort_core.0 iteration 4 (8 max) file merge_sort_false-unreach-call_Mem_ver1.c line 327 function seq_sort_core thread 0
Unwinding loop merge_pair.0 iteration 1 (8 max) file merge_sort_false-unreach-call_Mem_ver1.c line 302 function merge_pair thread 0
Unwinding loop merge_pair.0 iteration 2 (8 max) file merge_sort_false-unreach-call_Mem_ver1.c line 302 function merge_pair thread 0
Unwinding loop merge_pair.0 iteration 3 (8 max) file merge_sort_false-unreach-call_Mem_ver1.c line 302 function merge_pair thread 0
Unwinding loop merge_pair.0 iteration 4 (8 max) file merge_sort_false-unreach-call_Mem_ver1.c line 302 function merge_pair thread 0
Unwinding loop merge_pair.0 iteration 5 (8 max) file merge_sort_false-unreach-call_Mem_ver1.c line 302 function merge_pair thread 0
Unwinding loop merge_pair.0 iteration 6 (8 max) file merge_sort_false-unreach-call_Mem_ver1.c line 302 function merge_pair thread 0
Unwinding loop merge_pair.0 iteration 7 (8 max) file merge_sort_false-unreach-call_Mem_ver1.c line 302 function merge_pair thread 0
Not unwinding loop merge_pair.0 iteration 8 (8 max) file merge_sort_false-unreach-call_Mem_ver1.c line 302 function merge_pair thread 0
Unwinding loop seq_sort_core.0 iteration 5 (8 max) file merge_sort_false-unreach-call_Mem_ver1.c line 327 function seq_sort_core thread 0
Unwinding loop merge_pair.0 iteration 1 (8 max) file merge_sort_false-unreach-call_Mem_ver1.c line 302 function merge_pair thread 0
Unwinding loop merge_pair.0 iteration 2 (8 max) file merge_sort_false-unreach-call_Mem_ver1.c line 302 function merge_pair thread 0
Unwinding loop merge_pair.0 iteration 3 (8 max) file merge_sort_false-unreach-call_Mem_ver1.c line 302 function merge_pair thread 0
Unwinding loop merge_pair.0 iteration 4 (8 max) file merge_sort_false-unreach-call_Mem_ver1.c line 302 function merge_pair thread 0
Unwinding loop merge_pair.0 iteration 5 (8 max) file merge_sort_false-unreach-call_Mem_ver1.c line 302 function merge_pair thread 0
Unwinding loop merge_pair.0 iteration 6 (8 max) file merge_sort_false-unreach-call_Mem_ver1.c line 302 function merge_pair thread 0
Unwinding loop merge_pair.0 iteration 7 (8 max) file merge_sort_false-unreach-call_Mem_ver1.c line 302 function merge_pair thread 0
Not unwinding loop merge_pair.0 iteration 8 (8 max) file merge_sort_false-unreach-call_Mem_ver1.c line 302 function merge_pair thread 0
Unwinding loop seq_sort_core.0 iteration 6 (8 max) file merge_sort_false-unreach-call_Mem_ver1.c line 327 function seq_sort_core thread 0
Unwinding loop merge_pair.0 iteration 1 (8 max) file merge_sort_false-unreach-call_Mem_ver1.c line 302 function merge_pair thread 0
Unwinding loop merge_pair.0 iteration 2 (8 max) file merge_sort_false-unreach-call_Mem_ver1.c line 302 function merge_pair thread 0
Unwinding loop merge_pair.0 iteration 3 (8 max) file merge_sort_false-unreach-call_Mem_ver1.c line 302 function merge_pair thread 0
Unwinding loop merge_pair.0 iteration 4 (8 max) file merge_sort_false-unreach-call_Mem_ver1.c line 302 function merge_pair thread 0
Unwinding loop merge_pair.0 iteration 5 (8 max) file merge_sort_false-unreach-call_Mem_ver1.c line 302 function merge_pair thread 0
Unwinding loop merge_pair.0 iteration 6 (8 max) file merge_sort_false-unreach-call_Mem_ver1.c line 302 function merge_pair thread 0
Unwinding loop merge_pair.0 iteration 7 (8 max) file merge_sort_false-unreach-call_Mem_ver1.c line 302 function merge_pair thread 0
Not unwinding loop merge_pair.0 iteration 8 (8 max) file merge_sort_false-unreach-call_Mem_ver1.c line 302 function merge_pair thread 0
Unwinding loop seq_sort_core.0 iteration 7 (8 max) file merge_sort_false-unreach-call_Mem_ver1.c line 327 function seq_sort_core thread 0
Unwinding loop merge_pair.0 iteration 1 (8 max) file merge_sort_false-unreach-call_Mem_ver1.c line 302 function merge_pair thread 0
Unwinding loop merge_pair.0 iteration 2 (8 max) file merge_sort_false-unreach-call_Mem_ver1.c line 302 function merge_pair thread 0
Unwinding loop merge_pair.0 iteration 3 (8 max) file merge_sort_false-unreach-call_Mem_ver1.c line 302 function merge_pair thread 0
Unwinding loop merge_pair.0 iteration 4 (8 max) file merge_sort_false-unreach-call_Mem_ver1.c line 302 function merge_pair thread 0
Unwinding loop merge_pair.0 iteration 5 (8 max) file merge_sort_false-unreach-call_Mem_ver1.c line 302 function merge_pair thread 0
Unwinding loop merge_pair.0 iteration 6 (8 max) file merge_sort_false-unreach-call_Mem_ver1.c line 302 function merge_pair thread 0
Unwinding loop merge_pair.0 iteration 7 (8 max) file merge_sort_false-unreach-call_Mem_ver1.c line 302 function merge_pair thread 0
Not unwinding loop merge_pair.0 iteration 8 (8 max) file merge_sort_false-unreach-call_Mem_ver1.c line 302 function merge_pair thread 0
Not unwinding loop seq_sort_core.0 iteration 8 (8 max) file merge_sort_false-unreach-call_Mem_ver1.c line 327 function seq_sort_core thread 0
Unwinding loop main.1 iteration 6 (8 max) file merge_sort_false-unreach-call_Mem_ver1.c line 476 function main thread 0
Unwinding loop merge_pair.0 iteration 1 (8 max) file merge_sort_false-unreach-call_Mem_ver1.c line 302 function merge_pair thread 0
Unwinding loop merge_pair.0 iteration 2 (8 max) file merge_sort_false-unreach-call_Mem_ver1.c line 302 function merge_pair thread 0
Unwinding loop merge_pair.0 iteration 3 (8 max) file merge_sort_false-unreach-call_Mem_ver1.c line 302 function merge_pair thread 0
Unwinding loop merge_pair.0 iteration 4 (8 max) file merge_sort_false-unreach-call_Mem_ver1.c line 302 function merge_pair thread 0
Unwinding loop merge_pair.0 iteration 5 (8 max) file merge_sort_false-unreach-call_Mem_ver1.c line 302 function merge_pair thread 0
Unwinding loop merge_pair.0 iteration 6 (8 max) file merge_sort_false-unreach-call_Mem_ver1.c line 302 function merge_pair thread 0
Unwinding loop merge_pair.0 iteration 7 (8 max) file merge_sort_false-unreach-call_Mem_ver1.c line 302 function merge_pair thread 0
Not unwinding loop merge_pair.0 iteration 8 (8 max) file merge_sort_false-unreach-call_Mem_ver1.c line 302 function merge_pair thread 0
Unwinding loop seq_sort_core.0 iteration 1 (8 max) file merge_sort_false-unreach-call_Mem_ver1.c line 327 function seq_sort_core thread 0
Unwinding loop merge_pair.0 iteration 1 (8 max) file merge_sort_false-unreach-call_Mem_ver1.c line 302 function merge_pair thread 0
Unwinding loop merge_pair.0 iteration 2 (8 max) file merge_sort_false-unreach-call_Mem_ver1.c line 302 function merge_pair thread 0
Unwinding loop merge_pair.0 iteration 3 (8 max) file merge_sort_false-unreach-call_Mem_ver1.c line 302 function merge_pair thread 0
Unwinding loop merge_pair.0 iteration 4 (8 max) file merge_sort_false-unreach-call_Mem_ver1.c line 302 function merge_pair thread 0
Unwinding loop merge_pair.0 iteration 5 (8 max) file merge_sort_false-unreach-call_Mem_ver1.c line 302 function merge_pair thread 0
Unwinding loop merge_pair.0 iteration 6 (8 max) file merge_sort_false-unreach-call_Mem_ver1.c line 302 function merge_pair thread 0
Unwinding loop merge_pair.0 iteration 7 (8 max) file merge_sort_false-unreach-call_Mem_ver1.c line 302 function merge_pair thread 0
Not unwinding loop merge_pair.0 iteration 8 (8 max) file merge_sort_false-unreach-call_Mem_ver1.c line 302 function merge_pair thread 0
Unwinding loop seq_sort_core.0 iteration 2 (8 max) file merge_sort_false-unreach-call_Mem_ver1.c line 327 function seq_sort_core thread 0
Unwinding loop merge_pair.0 iteration 1 (8 max) file merge_sort_false-unreach-call_Mem_ver1.c line 302 function merge_pair thread 0
Unwinding loop merge_pair.0 iteration 2 (8 max) file merge_sort_false-unreach-call_Mem_ver1.c line 302 function merge_pair thread 0
Unwinding loop merge_pair.0 iteration 3 (8 max) file merge_sort_false-unreach-call_Mem_ver1.c line 302 function merge_pair thread 0
Unwinding loop merge_pair.0 iteration 4 (8 max) file merge_sort_false-unreach-call_Mem_ver1.c line 302 function merge_pair thread 0
Unwinding loop merge_pair.0 iteration 5 (8 max) file merge_sort_false-unreach-call_Mem_ver1.c line 302 function merge_pair thread 0
Unwinding loop merge_pair.0 iteration 6 (8 max) file merge_sort_false-unreach-call_Mem_ver1.c line 302 function merge_pair thread 0
Unwinding loop merge_pair.0 iteration 7 (8 max) file merge_sort_false-unreach-call_Mem_ver1.c line 302 function merge_pair thread 0
Not unwinding loop merge_pair.0 iteration 8 (8 max) file merge_sort_false-unreach-call_Mem_ver1.c line 302 function merge_pair thread 0
Unwinding loop seq_sort_core.0 iteration 3 (8 max) file merge_sort_false-unreach-call_Mem_ver1.c line 327 function seq_sort_core thread 0
Unwinding loop merge_pair.0 iteration 1 (8 max) file merge_sort_false-unreach-call_Mem_ver1.c line 302 function merge_pair thread 0
Unwinding loop merge_pair.0 iteration 2 (8 max) file merge_sort_false-unreach-call_Mem_ver1.c line 302 function merge_pair thread 0
Unwinding loop merge_pair.0 iteration 3 (8 max) file merge_sort_false-unreach-call_Mem_ver1.c line 302 function merge_pair thread 0
Unwinding loop merge_pair.0 iteration 4 (8 max) file merge_sort_false-unreach-call_Mem_ver1.c line 302 function merge_pair thread 0
Unwinding loop merge_pair.0 iteration 5 (8 max) file merge_sort_false-unreach-call_Mem_ver1.c line 302 function merge_pair thread 0
Unwinding loop merge_pair.0 iteration 6 (8 max) file merge_sort_false-unreach-call_Mem_ver1.c line 302 function merge_pair thread 0
Unwinding loop merge_pair.0 iteration 7 (8 max) file merge_sort_false-unreach-call_Mem_ver1.c line 302 function merge_pair thread 0
Not unwinding loop merge_pair.0 iteration 8 (8 max) file merge_sort_false-unreach-call_Mem_ver1.c line 302 function merge_pair thread 0
Unwinding loop seq_sort_core.0 iteration 4 (8 max) file merge_sort_false-unreach-call_Mem_ver1.c line 327 function seq_sort_core thread 0
Unwinding loop merge_pair.0 iteration 1 (8 max) file merge_sort_false-unreach-call_Mem_ver1.c line 302 function merge_pair thread 0
Unwinding loop merge_pair.0 iteration 2 (8 max) file merge_sort_false-unreach-call_Mem_ver1.c line 302 function merge_pair thread 0
Unwinding loop merge_pair.0 iteration 3 (8 max) file merge_sort_false-unreach-call_Mem_ver1.c line 302 function merge_pair thread 0
Unwinding loop merge_pair.0 iteration 4 (8 max) file merge_sort_false-unreach-call_Mem_ver1.c line 302 function merge_pair thread 0
Unwinding loop merge_pair.0 iteration 5 (8 max) file merge_sort_false-unreach-call_Mem_ver1.c line 302 function merge_pair thread 0
Unwinding loop merge_pair.0 iteration 6 (8 max) file merge_sort_false-unreach-call_Mem_ver1.c line 302 function merge_pair thread 0
Unwinding loop merge_pair.0 iteration 7 (8 max) file merge_sort_false-unreach-call_Mem_ver1.c line 302 function merge_pair thread 0
Not unwinding loop merge_pair.0 iteration 8 (8 max) file merge_sort_false-unreach-call_Mem_ver1.c line 302 function merge_pair thread 0
Unwinding loop seq_sort_core.0 iteration 5 (8 max) file merge_sort_false-unreach-call_Mem_ver1.c line 327 function seq_sort_core thread 0
Unwinding loop merge_pair.0 iteration 1 (8 max) file merge_sort_false-unreach-call_Mem_ver1.c line 302 function merge_pair thread 0
Unwinding loop merge_pair.0 iteration 2 (8 max) file merge_sort_false-unreach-call_Mem_ver1.c line 302 function merge_pair thread 0
Unwinding loop merge_pair.0 iteration 3 (8 max) file merge_sort_false-unreach-call_Mem_ver1.c line 302 function merge_pair thread 0
Unwinding loop merge_pair.0 iteration 4 (8 max) file merge_sort_false-unreach-call_Mem_ver1.c line 302 function merge_pair thread 0
Unwinding loop merge_pair.0 iteration 5 (8 max) file merge_sort_false-unreach-call_Mem_ver1.c line 302 function merge_pair thread 0
Unwinding loop merge_pair.0 iteration 6 (8 max) file merge_sort_false-unreach-call_Mem_ver1.c line 302 function merge_pair thread 0
Unwinding loop merge_pair.0 iteration 7 (8 max) file merge_sort_false-unreach-call_Mem_ver1.c line 302 function merge_pair thread 0
Not unwinding loop merge_pair.0 iteration 8 (8 max) file merge_sort_false-unreach-call_Mem_ver1.c line 302 function merge_pair thread 0
Unwinding loop seq_sort_core.0 iteration 6 (8 max) file merge_sort_false-unreach-call_Mem_ver1.c line 327 function seq_sort_core thread 0
Unwinding loop merge_pair.0 iteration 1 (8 max) file merge_sort_false-unreach-call_Mem_ver1.c line 302 function merge_pair thread 0
Unwinding loop merge_pair.0 iteration 2 (8 max) file merge_sort_false-unreach-call_Mem_ver1.c line 302 function merge_pair thread 0
Unwinding loop merge_pair.0 iteration 3 (8 max) file merge_sort_false-unreach-call_Mem_ver1.c line 302 function merge_pair thread 0
Unwinding loop merge_pair.0 iteration 4 (8 max) file merge_sort_false-unreach-call_Mem_ver1.c line 302 function merge_pair thread 0
Unwinding loop merge_pair.0 iteration 5 (8 max) file merge_sort_false-unreach-call_Mem_ver1.c line 302 function merge_pair thread 0
Unwinding loop merge_pair.0 iteration 6 (8 max) file merge_sort_false-unreach-call_Mem_ver1.c line 302 function merge_pair thread 0
Unwinding loop merge_pair.0 iteration 7 (8 max) file merge_sort_false-unreach-call_Mem_ver1.c line 302 function merge_pair thread 0
Not unwinding loop merge_pair.0 iteration 8 (8 max) file merge_sort_false-unreach-call_Mem_ver1.c line 302 function merge_pair thread 0
Unwinding loop seq_sort_core.0 iteration 7 (8 max) file merge_sort_false-unreach-call_Mem_ver1.c line 327 function seq_sort_core thread 0
Unwinding loop merge_pair.0 iteration 1 (8 max) file merge_sort_false-unreach-call_Mem_ver1.c line 302 function merge_pair thread 0
Unwinding loop merge_pair.0 iteration 2 (8 max) file merge_sort_false-unreach-call_Mem_ver1.c line 302 function merge_pair thread 0
Unwinding loop merge_pair.0 iteration 3 (8 max) file merge_sort_false-unreach-call_Mem_ver1.c line 302 function merge_pair thread 0
Unwinding loop merge_pair.0 iteration 4 (8 max) file merge_sort_false-unreach-call_Mem_ver1.c line 302 function merge_pair thread 0
Unwinding loop merge_pair.0 iteration 5 (8 max) file merge_sort_false-unreach-call_Mem_ver1.c line 302 function merge_pair thread 0
Unwinding loop merge_pair.0 iteration 6 (8 max) file merge_sort_false-unreach-call_Mem_ver1.c line 302 function merge_pair thread 0
Unwinding loop merge_pair.0 iteration 7 (8 max) file merge_sort_false-unreach-call_Mem_ver1.c line 302 function merge_pair thread 0
Not unwinding loop merge_pair.0 iteration 8 (8 max) file merge_sort_false-unreach-call_Mem_ver1.c line 302 function merge_pair thread 0
Not unwinding loop seq_sort_core.0 iteration 8 (8 max) file merge_sort_false-unreach-call_Mem_ver1.c line 327 function seq_sort_core thread 0
Unwinding loop main.1 iteration 7 (8 max) file merge_sort_false-unreach-call_Mem_ver1.c line 476 function main thread 0
Unwinding loop merge_pair.0 iteration 1 (8 max) file merge_sort_false-unreach-call_Mem_ver1.c line 302 function merge_pair thread 0
Unwinding loop merge_pair.0 iteration 2 (8 max) file merge_sort_false-unreach-call_Mem_ver1.c line 302 function merge_pair thread 0
Unwinding loop merge_pair.0 iteration 3 (8 max) file merge_sort_false-unreach-call_Mem_ver1.c line 302 function merge_pair thread 0
Unwinding loop merge_pair.0 iteration 4 (8 max) file merge_sort_false-unreach-call_Mem_ver1.c line 302 function merge_pair thread 0
Unwinding loop merge_pair.0 iteration 5 (8 max) file merge_sort_false-unreach-call_Mem_ver1.c line 302 function merge_pair thread 0
Unwinding loop merge_pair.0 iteration 6 (8 max) file merge_sort_false-unreach-call_Mem_ver1.c line 302 function merge_pair thread 0
Unwinding loop merge_pair.0 iteration 7 (8 max) file merge_sort_false-unreach-call_Mem_ver1.c line 302 function merge_pair thread 0
Not unwinding loop merge_pair.0 iteration 8 (8 max) file merge_sort_false-unreach-call_Mem_ver1.c line 302 function merge_pair thread 0
Unwinding loop seq_sort_core.0 iteration 1 (8 max) file merge_sort_false-unreach-call_Mem_ver1.c line 327 function seq_sort_core thread 0
Unwinding loop merge_pair.0 iteration 1 (8 max) file merge_sort_false-unreach-call_Mem_ver1.c line 302 function merge_pair thread 0
Unwinding loop merge_pair.0 iteration 2 (8 max) file merge_sort_false-unreach-call_Mem_ver1.c line 302 function merge_pair thread 0
Unwinding loop merge_pair.0 iteration 3 (8 max) file merge_sort_false-unreach-call_Mem_ver1.c line 302 function merge_pair thread 0
Unwinding loop merge_pair.0 iteration 4 (8 max) file merge_sort_false-unreach-call_Mem_ver1.c line 302 function merge_pair thread 0
Unwinding loop merge_pair.0 iteration 5 (8 max) file merge_sort_false-unreach-call_Mem_ver1.c line 302 function merge_pair thread 0
Unwinding loop merge_pair.0 iteration 6 (8 max) file merge_sort_false-unreach-call_Mem_ver1.c line 302 function merge_pair thread 0
Unwinding loop merge_pair.0 iteration 7 (8 max) file merge_sort_false-unreach-call_Mem_ver1.c line 302 function merge_pair thread 0
Not unwinding loop merge_pair.0 iteration 8 (8 max) file merge_sort_false-unreach-call_Mem_ver1.c line 302 function merge_pair thread 0
Unwinding loop seq_sort_core.0 iteration 2 (8 max) file merge_sort_false-unreach-call_Mem_ver1.c line 327 function seq_sort_core thread 0
Unwinding loop merge_pair.0 iteration 1 (8 max) file merge_sort_false-unreach-call_Mem_ver1.c line 302 function merge_pair thread 0
Unwinding loop merge_pair.0 iteration 2 (8 max) file merge_sort_false-unreach-call_Mem_ver1.c line 302 function merge_pair thread 0
Unwinding loop merge_pair.0 iteration 3 (8 max) file merge_sort_false-unreach-call_Mem_ver1.c line 302 function merge_pair thread 0
Unwinding loop merge_pair.0 iteration 4 (8 max) file merge_sort_false-unreach-call_Mem_ver1.c line 302 function merge_pair thread 0
Unwinding loop merge_pair.0 iteration 5 (8 max) file merge_sort_false-unreach-call_Mem_ver1.c line 302 function merge_pair thread 0
Unwinding loop merge_pair.0 iteration 6 (8 max) file merge_sort_false-unreach-call_Mem_ver1.c line 302 function merge_pair thread 0
Unwinding loop merge_pair.0 iteration 7 (8 max) file merge_sort_false-unreach-call_Mem_ver1.c line 302 function merge_pair thread 0
Not unwinding loop merge_pair.0 iteration 8 (8 max) file merge_sort_false-unreach-call_Mem_ver1.c line 302 function merge_pair thread 0
Unwinding loop seq_sort_core.0 iteration 3 (8 max) file merge_sort_false-unreach-call_Mem_ver1.c line 327 function seq_sort_core thread 0
Unwinding loop merge_pair.0 iteration 1 (8 max) file merge_sort_false-unreach-call_Mem_ver1.c line 302 function merge_pair thread 0
Unwinding loop merge_pair.0 iteration 2 (8 max) file merge_sort_false-unreach-call_Mem_ver1.c line 302 function merge_pair thread 0
Unwinding loop merge_pair.0 iteration 3 (8 max) file merge_sort_false-unreach-call_Mem_ver1.c line 302 function merge_pair thread 0
Unwinding loop merge_pair.0 iteration 4 (8 max) file merge_sort_false-unreach-call_Mem_ver1.c line 302 function merge_pair thread 0
Unwinding loop merge_pair.0 iteration 5 (8 max) file merge_sort_false-unreach-call_Mem_ver1.c line 302 function merge_pair thread 0
Unwinding loop merge_pair.0 iteration 6 (8 max) file merge_sort_false-unreach-call_Mem_ver1.c line 302 function merge_pair thread 0
Unwinding loop merge_pair.0 iteration 7 (8 max) file merge_sort_false-unreach-call_Mem_ver1.c line 302 function merge_pair thread 0
Not unwinding loop merge_pair.0 iteration 8 (8 max) file merge_sort_false-unreach-call_Mem_ver1.c line 302 function merge_pair thread 0
Unwinding loop seq_sort_core.0 iteration 4 (8 max) file merge_sort_false-unreach-call_Mem_ver1.c line 327 function seq_sort_core thread 0
Unwinding loop merge_pair.0 iteration 1 (8 max) file merge_sort_false-unreach-call_Mem_ver1.c line 302 function merge_pair thread 0
Unwinding loop merge_pair.0 iteration 2 (8 max) file merge_sort_false-unreach-call_Mem_ver1.c line 302 function merge_pair thread 0
Unwinding loop merge_pair.0 iteration 3 (8 max) file merge_sort_false-unreach-call_Mem_ver1.c line 302 function merge_pair thread 0
Unwinding loop merge_pair.0 iteration 4 (8 max) file merge_sort_false-unreach-call_Mem_ver1.c line 302 function merge_pair thread 0
Unwinding loop merge_pair.0 iteration 5 (8 max) file merge_sort_false-unreach-call_Mem_ver1.c line 302 function merge_pair thread 0
Unwinding loop merge_pair.0 iteration 6 (8 max) file merge_sort_false-unreach-call_Mem_ver1.c line 302 function merge_pair thread 0
Unwinding loop merge_pair.0 iteration 7 (8 max) file merge_sort_false-unreach-call_Mem_ver1.c line 302 function merge_pair thread 0
Not unwinding loop merge_pair.0 iteration 8 (8 max) file merge_sort_false-unreach-call_Mem_ver1.c line 302 function merge_pair thread 0
Unwinding loop seq_sort_core.0 iteration 5 (8 max) file merge_sort_false-unreach-call_Mem_ver1.c line 327 function seq_sort_core thread 0
Unwinding loop merge_pair.0 iteration 1 (8 max) file merge_sort_false-unreach-call_Mem_ver1.c line 302 function merge_pair thread 0
Unwinding loop merge_pair.0 iteration 2 (8 max) file merge_sort_false-unreach-call_Mem_ver1.c line 302 function merge_pair thread 0
Unwinding loop merge_pair.0 iteration 3 (8 max) file merge_sort_false-unreach-call_Mem_ver1.c line 302 function merge_pair thread 0
Unwinding loop merge_pair.0 iteration 4 (8 max) file merge_sort_false-unreach-call_Mem_ver1.c line 302 function merge_pair thread 0
Unwinding loop merge_pair.0 iteration 5 (8 max) file merge_sort_false-unreach-call_Mem_ver1.c line 302 function merge_pair thread 0
Unwinding loop merge_pair.0 iteration 6 (8 max) file merge_sort_false-unreach-call_Mem_ver1.c line 302 function merge_pair thread 0
Unwinding loop merge_pair.0 iteration 7 (8 max) file merge_sort_false-unreach-call_Mem_ver1.c line 302 function merge_pair thread 0
Not unwinding loop merge_pair.0 iteration 8 (8 max) file merge_sort_false-unreach-call_Mem_ver1.c line 302 function merge_pair thread 0
Unwinding loop seq_sort_core.0 iteration 6 (8 max) file merge_sort_false-unreach-call_Mem_ver1.c line 327 function seq_sort_core thread 0
Unwinding loop merge_pair.0 iteration 1 (8 max) file merge_sort_false-unreach-call_Mem_ver1.c line 302 function merge_pair thread 0
Unwinding loop merge_pair.0 iteration 2 (8 max) file merge_sort_false-unreach-call_Mem_ver1.c line 302 function merge_pair thread 0
Unwinding loop merge_pair.0 iteration 3 (8 max) file merge_sort_false-unreach-call_Mem_ver1.c line 302 function merge_pair thread 0
Unwinding loop merge_pair.0 iteration 4 (8 max) file merge_sort_false-unreach-call_Mem_ver1.c line 302 function merge_pair thread 0
Unwinding loop merge_pair.0 iteration 5 (8 max) file merge_sort_false-unreach-call_Mem_ver1.c line 302 function merge_pair thread 0
Unwinding loop merge_pair.0 iteration 6 (8 max) file merge_sort_false-unreach-call_Mem_ver1.c line 302 function merge_pair thread 0
Unwinding loop merge_pair.0 iteration 7 (8 max) file merge_sort_false-unreach-call_Mem_ver1.c line 302 function merge_pair thread 0
Not unwinding loop merge_pair.0 iteration 8 (8 max) file merge_sort_false-unreach-call_Mem_ver1.c line 302 function merge_pair thread 0
Unwinding loop seq_sort_core.0 iteration 7 (8 max) file merge_sort_false-unreach-call_Mem_ver1.c line 327 function seq_sort_core thread 0
Unwinding loop merge_pair.0 iteration 1 (8 max) file merge_sort_false-unreach-call_Mem_ver1.c line 302 function merge_pair thread 0
Unwinding loop merge_pair.0 iteration 2 (8 max) file merge_sort_false-unreach-call_Mem_ver1.c line 302 function merge_pair thread 0
Unwinding loop merge_pair.0 iteration 3 (8 max) file merge_sort_false-unreach-call_Mem_ver1.c line 302 function merge_pair thread 0
Unwinding loop merge_pair.0 iteration 4 (8 max) file merge_sort_false-unreach-call_Mem_ver1.c line 302 function merge_pair thread 0
Unwinding loop merge_pair.0 iteration 5 (8 max) file merge_sort_false-unreach-call_Mem_ver1.c line 302 function merge_pair thread 0
Unwinding loop merge_pair.0 iteration 6 (8 max) file merge_sort_false-unreach-call_Mem_ver1.c line 302 function merge_pair thread 0
Unwinding loop merge_pair.0 iteration 7 (8 max) file merge_sort_false-unreach-call_Mem_ver1.c line 302 function merge_pair thread 0
Not unwinding loop merge_pair.0 iteration 8 (8 max) file merge_sort_false-unreach-call_Mem_ver1.c line 302 function merge_pair thread 0
Not unwinding loop seq_sort_core.0 iteration 8 (8 max) file merge_sort_false-unreach-call_Mem_ver1.c line 327 function seq_sort_core thread 0
Not unwinding loop main.1 iteration 8 (8 max) file merge_sort_false-unreach-call_Mem_ver1.c line 476 function main thread 0
Unwinding loop inspect_after.0 iteration 1 (8 max) file merge_sort_false-unreach-call_Mem_ver1.c line 410 function inspect_after thread 0
Unwinding loop inspect_after.0 iteration 2 (8 max) file merge_sort_false-unreach-call_Mem_ver1.c line 410 function inspect_after thread 0
Unwinding loop inspect_after.0 iteration 3 (8 max) file merge_sort_false-unreach-call_Mem_ver1.c line 410 function inspect_after thread 0
Unwinding loop inspect_after.0 iteration 4 (8 max) file merge_sort_false-unreach-call_Mem_ver1.c line 410 function inspect_after thread 0
Unwinding loop inspect_after.0 iteration 5 (8 max) file merge_sort_false-unreach-call_Mem_ver1.c line 410 function inspect_after thread 0
Unwinding loop inspect_after.0 iteration 6 (8 max) file merge_sort_false-unreach-call_Mem_ver1.c line 410 function inspect_after thread 0
Unwinding loop inspect_after.0 iteration 7 (8 max) file merge_sort_false-unreach-call_Mem_ver1.c line 410 function inspect_after thread 0
Not unwinding loop inspect_after.0 iteration 8 (8 max) file merge_sort_false-unreach-call_Mem_ver1.c line 410 function inspect_after thread 0
Unwinding loop main.2 iteration 1 (8 max) file merge_sort_false-unreach-call_Mem_ver1.c line 492 function main thread 0
Unwinding loop main.2 iteration 2 (8 max) file merge_sort_false-unreach-call_Mem_ver1.c line 492 function main thread 0
Unwinding loop main.2 iteration 3 (8 max) file merge_sort_false-unreach-call_Mem_ver1.c line 492 function main thread 0
Unwinding loop main.2 iteration 4 (8 max) file merge_sort_false-unreach-call_Mem_ver1.c line 492 function main thread 0
Unwinding loop main.2 iteration 5 (8 max) file merge_sort_false-unreach-call_Mem_ver1.c line 492 function main thread 0
Unwinding loop main.2 iteration 6 (8 max) file merge_sort_false-unreach-call_Mem_ver1.c line 492 function main thread 0
Unwinding loop main.2 iteration 7 (8 max) file merge_sort_false-unreach-call_Mem_ver1.c line 492 function main thread 0
Not unwinding loop main.2 iteration 8 (8 max) file merge_sort_false-unreach-call_Mem_ver1.c line 492 function main thread 0
size of program expression: 156382 steps
simple slicing removed 208 assignments
Generated 41 VCC(s), 41 remaining after simplification
Passing problem to propositional reduction
converting SSA
Running propositional reduction
Post-processing
Solving with MiniSAT 2.2.0 with simplifier
23475664 variables, 116315517 clauses
