[kernel] Parsing FRAMAC_SHARE/libc/__fc_builtin_for_normalization.i (no preprocessing)
[kernel] Parsing regression/pointertranslation/_cs_SafeStack_seqcst_forCSEQ_staticarray.c._pp_.c (with preprocessing)
[value] Analyzing a complete application starting at main
[value] Computing initial state
[value] Initial state computed
[value] using specification for function Frama_C_unsigned_int_interval
regression/pointertranslation/_cs_SafeStack_seqcst_forCSEQ_staticarray.c._pp_.c:98:[value] Assertion got status valid.
regression/pointertranslation/_cs_SafeStack_seqcst_forCSEQ_staticarray.c._pp_.c:1650:[value] entering loop for the first time
regression/pointertranslation/_cs_SafeStack_seqcst_forCSEQ_staticarray.c._pp_.c:1681:[value] entering loop for the first time
regression/pointertranslation/_cs_SafeStack_seqcst_forCSEQ_staticarray.c._pp_.c:1712:[value] entering loop for the first time
regression/pointertranslation/_cs_SafeStack_seqcst_forCSEQ_staticarray.c._pp_.c:1720:[value] entering loop for the first time
regression/pointertranslation/_cs_SafeStack_seqcst_forCSEQ_staticarray.c._pp_.c:2050:[value] entering loop for the first time
regression/pointertranslation/_cs_SafeStack_seqcst_forCSEQ_staticarray.c._pp_.c:2081:[value] entering loop for the first time
regression/pointertranslation/_cs_SafeStack_seqcst_forCSEQ_staticarray.c._pp_.c:2112:[value] entering loop for the first time
regression/pointertranslation/_cs_SafeStack_seqcst_forCSEQ_staticarray.c._pp_.c:2120:[value] entering loop for the first time
regression/pointertranslation/_cs_SafeStack_seqcst_forCSEQ_staticarray.c._pp_.c:2751:[value] entering loop for the first time
regression/pointertranslation/_cs_SafeStack_seqcst_forCSEQ_staticarray.c._pp_.c:2782:[value] entering loop for the first time
regression/pointertranslation/_cs_SafeStack_seqcst_forCSEQ_staticarray.c._pp_.c:2813:[value] entering loop for the first time
regression/pointertranslation/_cs_SafeStack_seqcst_forCSEQ_staticarray.c._pp_.c:2817:[value] entering loop for the first time
regression/pointertranslation/_cs_SafeStack_seqcst_forCSEQ_staticarray.c._pp_.c:2821:[value] entering loop for the first time
regression/pointertranslation/_cs_SafeStack_seqcst_forCSEQ_staticarray.c._pp_.c:2864:[value] entering loop for the first time
regression/pointertranslation/_cs_SafeStack_seqcst_forCSEQ_staticarray.c._pp_.c:2895:[value] entering loop for the first time
regression/pointertranslation/_cs_SafeStack_seqcst_forCSEQ_staticarray.c._pp_.c:2926:[value] entering loop for the first time
regression/pointertranslation/_cs_SafeStack_seqcst_forCSEQ_staticarray.c._pp_.c:2930:[value] entering loop for the first time
regression/pointertranslation/_cs_SafeStack_seqcst_forCSEQ_staticarray.c._pp_.c:2934:[value] entering loop for the first time
regression/pointertranslation/_cs_SafeStack_seqcst_forCSEQ_staticarray.c._pp_.c:2977:[value] entering loop for the first time
regression/pointertranslation/_cs_SafeStack_seqcst_forCSEQ_staticarray.c._pp_.c:3008:[value] entering loop for the first time
regression/pointertranslation/_cs_SafeStack_seqcst_forCSEQ_staticarray.c._pp_.c:3039:[value] entering loop for the first time
regression/pointertranslation/_cs_SafeStack_seqcst_forCSEQ_staticarray.c._pp_.c:3043:[value] entering loop for the first time
regression/pointertranslation/_cs_SafeStack_seqcst_forCSEQ_staticarray.c._pp_.c:3047:[value] entering loop for the first time
regression/pointertranslation/_cs_SafeStack_seqcst_forCSEQ_staticarray.c._pp_.c:3058:[value] entering loop for the first time
regression/pointertranslation/_cs_SafeStack_seqcst_forCSEQ_staticarray.c._pp_.c:3151:[value] entering loop for the first time
regression/pointertranslation/_cs_SafeStack_seqcst_forCSEQ_staticarray.c._pp_.c:3182:[value] entering loop for the first time
regression/pointertranslation/_cs_SafeStack_seqcst_forCSEQ_staticarray.c._pp_.c:3213:[value] entering loop for the first time
regression/pointertranslation/_cs_SafeStack_seqcst_forCSEQ_staticarray.c._pp_.c:3217:[value] entering loop for the first time
regression/pointertranslation/_cs_SafeStack_seqcst_forCSEQ_staticarray.c._pp_.c:3221:[value] entering loop for the first time
regression/pointertranslation/_cs_SafeStack_seqcst_forCSEQ_staticarray.c._pp_.c:3264:[value] entering loop for the first time
[value] Semantic level unrolling superposing up to 100 states
regression/pointertranslation/_cs_SafeStack_seqcst_forCSEQ_staticarray.c._pp_.c:3295:[value] entering loop for the first time
regression/pointertranslation/_cs_SafeStack_seqcst_forCSEQ_staticarray.c._pp_.c:3326:[value] entering loop for the first time
regression/pointertranslation/_cs_SafeStack_seqcst_forCSEQ_staticarray.c._pp_.c:3330:[value] entering loop for the first time
regression/pointertranslation/_cs_SafeStack_seqcst_forCSEQ_staticarray.c._pp_.c:3334:[value] entering loop for the first time
regression/pointertranslation/_cs_SafeStack_seqcst_forCSEQ_staticarray.c._pp_.c:3377:[value] entering loop for the first time
regression/pointertranslation/_cs_SafeStack_seqcst_forCSEQ_staticarray.c._pp_.c:3408:[value] entering loop for the first time
regression/pointertranslation/_cs_SafeStack_seqcst_forCSEQ_staticarray.c._pp_.c:3439:[value] entering loop for the first time
regression/pointertranslation/_cs_SafeStack_seqcst_forCSEQ_staticarray.c._pp_.c:3443:[value] entering loop for the first time
regression/pointertranslation/_cs_SafeStack_seqcst_forCSEQ_staticarray.c._pp_.c:3447:[value] entering loop for the first time
regression/pointertranslation/_cs_SafeStack_seqcst_forCSEQ_staticarray.c._pp_.c:3458:[value] entering loop for the first time
regression/pointertranslation/_cs_SafeStack_seqcst_forCSEQ_staticarray.c._pp_.c:3619:[value] entering loop for the first time
regression/pointertranslation/_cs_SafeStack_seqcst_forCSEQ_staticarray.c._pp_.c:3699:[value] Assertion got status valid.
regression/pointertranslation/_cs_SafeStack_seqcst_forCSEQ_staticarray.c._pp_.c:547:[value] entering loop for the first time
regression/pointertranslation/_cs_SafeStack_seqcst_forCSEQ_staticarray.c._pp_.c:578:[value] entering loop for the first time
regression/pointertranslation/_cs_SafeStack_seqcst_forCSEQ_staticarray.c._pp_.c:609:[value] entering loop for the first time
regression/pointertranslation/_cs_SafeStack_seqcst_forCSEQ_staticarray.c._pp_.c:613:[value] entering loop for the first time
regression/pointertranslation/_cs_SafeStack_seqcst_forCSEQ_staticarray.c._pp_.c:617:[value] entering loop for the first time
regression/pointertranslation/_cs_SafeStack_seqcst_forCSEQ_staticarray.c._pp_.c:660:[value] entering loop for the first time
regression/pointertranslation/_cs_SafeStack_seqcst_forCSEQ_staticarray.c._pp_.c:691:[value] entering loop for the first time
regression/pointertranslation/_cs_SafeStack_seqcst_forCSEQ_staticarray.c._pp_.c:722:[value] entering loop for the first time
regression/pointertranslation/_cs_SafeStack_seqcst_forCSEQ_staticarray.c._pp_.c:726:[value] entering loop for the first time
regression/pointertranslation/_cs_SafeStack_seqcst_forCSEQ_staticarray.c._pp_.c:730:[value] entering loop for the first time
regression/pointertranslation/_cs_SafeStack_seqcst_forCSEQ_staticarray.c._pp_.c:773:[value] entering loop for the first time
regression/pointertranslation/_cs_SafeStack_seqcst_forCSEQ_staticarray.c._pp_.c:804:[value] entering loop for the first time
regression/pointertranslation/_cs_SafeStack_seqcst_forCSEQ_staticarray.c._pp_.c:835:[value] entering loop for the first time
regression/pointertranslation/_cs_SafeStack_seqcst_forCSEQ_staticarray.c._pp_.c:839:[value] entering loop for the first time
regression/pointertranslation/_cs_SafeStack_seqcst_forCSEQ_staticarray.c._pp_.c:843:[value] entering loop for the first time
regression/pointertranslation/_cs_SafeStack_seqcst_forCSEQ_staticarray.c._pp_.c:854:[value] entering loop for the first time
regression/pointertranslation/_cs_SafeStack_seqcst_forCSEQ_staticarray.c._pp_.c:905:[value] entering loop for the first time
regression/pointertranslation/_cs_SafeStack_seqcst_forCSEQ_staticarray.c._pp_.c:949:[value] entering loop for the first time
regression/pointertranslation/_cs_SafeStack_seqcst_forCSEQ_staticarray.c._pp_.c:980:[value] entering loop for the first time
regression/pointertranslation/_cs_SafeStack_seqcst_forCSEQ_staticarray.c._pp_.c:1011:[value] entering loop for the first time
regression/pointertranslation/_cs_SafeStack_seqcst_forCSEQ_staticarray.c._pp_.c:1015:[value] entering loop for the first time
regression/pointertranslation/_cs_SafeStack_seqcst_forCSEQ_staticarray.c._pp_.c:1019:[value] entering loop for the first time
regression/pointertranslation/_cs_SafeStack_seqcst_forCSEQ_staticarray.c._pp_.c:1062:[value] entering loop for the first time
regression/pointertranslation/_cs_SafeStack_seqcst_forCSEQ_staticarray.c._pp_.c:1093:[value] entering loop for the first time
regression/pointertranslation/_cs_SafeStack_seqcst_forCSEQ_staticarray.c._pp_.c:1124:[value] entering loop for the first time
regression/pointertranslation/_cs_SafeStack_seqcst_forCSEQ_staticarray.c._pp_.c:1128:[value] entering loop for the first time
regression/pointertranslation/_cs_SafeStack_seqcst_forCSEQ_staticarray.c._pp_.c:1132:[value] entering loop for the first time
regression/pointertranslation/_cs_SafeStack_seqcst_forCSEQ_staticarray.c._pp_.c:1175:[value] entering loop for the first time
regression/pointertranslation/_cs_SafeStack_seqcst_forCSEQ_staticarray.c._pp_.c:1206:[value] entering loop for the first time
regression/pointertranslation/_cs_SafeStack_seqcst_forCSEQ_staticarray.c._pp_.c:1237:[value] entering loop for the first time
regression/pointertranslation/_cs_SafeStack_seqcst_forCSEQ_staticarray.c._pp_.c:1241:[value] entering loop for the first time
regression/pointertranslation/_cs_SafeStack_seqcst_forCSEQ_staticarray.c._pp_.c:1245:[value] entering loop for the first time
regression/pointertranslation/_cs_SafeStack_seqcst_forCSEQ_staticarray.c._pp_.c:1256:[value] entering loop for the first time
regression/pointertranslation/_cs_SafeStack_seqcst_forCSEQ_staticarray.c._pp_.c:1305:[value] entering loop for the first time
regression/pointertranslation/_cs_SafeStack_seqcst_forCSEQ_staticarray.c._pp_.c:3702:[value] Assertion got status valid.
regression/pointertranslation/_cs_SafeStack_seqcst_forCSEQ_staticarray.c._pp_.c:3708:[value] Assertion got status valid.
regression/pointertranslation/_cs_SafeStack_seqcst_forCSEQ_staticarray.c._pp_.c:182:[kernel] warning: out of bounds read.
                  assert \valid_read(__csLOCALPARAM___CS_atomic_exchange_obj);
regression/pointertranslation/_cs_SafeStack_seqcst_forCSEQ_staticarray.c._pp_.c:1716:[value] entering loop for the first time
regression/pointertranslation/_cs_SafeStack_seqcst_forCSEQ_staticarray.c._pp_.c:1763:[value] entering loop for the first time
regression/pointertranslation/_cs_SafeStack_seqcst_forCSEQ_staticarray.c._pp_.c:1794:[value] entering loop for the first time
regression/pointertranslation/_cs_SafeStack_seqcst_forCSEQ_staticarray.c._pp_.c:1825:[value] entering loop for the first time
regression/pointertranslation/_cs_SafeStack_seqcst_forCSEQ_staticarray.c._pp_.c:1829:[value] entering loop for the first time
regression/pointertranslation/_cs_SafeStack_seqcst_forCSEQ_staticarray.c._pp_.c:1833:[value] entering loop for the first time
regression/pointertranslation/_cs_SafeStack_seqcst_forCSEQ_staticarray.c._pp_.c:1876:[value] entering loop for the first time
regression/pointertranslation/_cs_SafeStack_seqcst_forCSEQ_staticarray.c._pp_.c:1907:[value] entering loop for the first time
regression/pointertranslation/_cs_SafeStack_seqcst_forCSEQ_staticarray.c._pp_.c:1938:[value] entering loop for the first time
regression/pointertranslation/_cs_SafeStack_seqcst_forCSEQ_staticarray.c._pp_.c:1942:[value] entering loop for the first time
regression/pointertranslation/_cs_SafeStack_seqcst_forCSEQ_staticarray.c._pp_.c:1946:[value] entering loop for the first time
regression/pointertranslation/_cs_SafeStack_seqcst_forCSEQ_staticarray.c._pp_.c:1957:[value] entering loop for the first time
regression/pointertranslation/_cs_SafeStack_seqcst_forCSEQ_staticarray.c._pp_.c:2006:[value] entering loop for the first time
regression/pointertranslation/_cs_SafeStack_seqcst_forCSEQ_staticarray.c._pp_.c:2116:[value] entering loop for the first time
regression/pointertranslation/_cs_SafeStack_seqcst_forCSEQ_staticarray.c._pp_.c:2163:[value] entering loop for the first time
regression/pointertranslation/_cs_SafeStack_seqcst_forCSEQ_staticarray.c._pp_.c:2194:[value] entering loop for the first time
regression/pointertranslation/_cs_SafeStack_seqcst_forCSEQ_staticarray.c._pp_.c:2225:[value] entering loop for the first time
regression/pointertranslation/_cs_SafeStack_seqcst_forCSEQ_staticarray.c._pp_.c:2229:[value] entering loop for the first time
regression/pointertranslation/_cs_SafeStack_seqcst_forCSEQ_staticarray.c._pp_.c:2233:[value] entering loop for the first time
regression/pointertranslation/_cs_SafeStack_seqcst_forCSEQ_staticarray.c._pp_.c:2276:[value] entering loop for the first time
regression/pointertranslation/_cs_SafeStack_seqcst_forCSEQ_staticarray.c._pp_.c:2307:[value] entering loop for the first time
regression/pointertranslation/_cs_SafeStack_seqcst_forCSEQ_staticarray.c._pp_.c:2338:[value] entering loop for the first time
regression/pointertranslation/_cs_SafeStack_seqcst_forCSEQ_staticarray.c._pp_.c:2342:[value] entering loop for the first time
regression/pointertranslation/_cs_SafeStack_seqcst_forCSEQ_staticarray.c._pp_.c:2346:[value] entering loop for the first time
regression/pointertranslation/_cs_SafeStack_seqcst_forCSEQ_staticarray.c._pp_.c:2357:[value] entering loop for the first time
regression/pointertranslation/_cs_SafeStack_seqcst_forCSEQ_staticarray.c._pp_.c:2406:[value] entering loop for the first time
regression/pointertranslation/_cs_SafeStack_seqcst_forCSEQ_staticarray.c._pp_.c:3711:[value] Assertion got status valid.
regression/pointertranslation/_cs_SafeStack_seqcst_forCSEQ_staticarray.c._pp_.c:3717:[value] Assertion got status valid.
regression/pointertranslation/_cs_SafeStack_seqcst_forCSEQ_staticarray.c._pp_.c:3060:[kernel] warning: accessing out of bounds index {-1; 0; 1; 2}.
                  assert 0 <= __csLOCAL_thread_elem_3 < 3;
regression/pointertranslation/_cs_SafeStack_seqcst_forCSEQ_staticarray.c._pp_.c:3061:[kernel] warning: accessing out of bounds index {-1; 0; 1; 2}.
                  assert 0 <= __csLOCAL_thread_elem_3 < 3;
regression/pointertranslation/_cs_SafeStack_seqcst_forCSEQ_staticarray.c._pp_.c:3107:[value] entering loop for the first time
regression/pointertranslation/_cs_SafeStack_seqcst_forCSEQ_staticarray.c._pp_.c:3460:[kernel] warning: accessing out of bounds index {-1; 0; 1; 2}.
                  assert 0 <= __csLOCAL_thread_elem_4 < 3;
regression/pointertranslation/_cs_SafeStack_seqcst_forCSEQ_staticarray.c._pp_.c:3461:[kernel] warning: accessing out of bounds index {-1; 0; 1; 2}.
                  assert 0 <= __csLOCAL_thread_elem_4 < 3;
regression/pointertranslation/_cs_SafeStack_seqcst_forCSEQ_staticarray.c._pp_.c:3507:[value] entering loop for the first time
regression/pointertranslation/_cs_SafeStack_seqcst_forCSEQ_staticarray.c._pp_.c:3720:[value] Assertion got status valid.
regression/pointertranslation/_cs_SafeStack_seqcst_forCSEQ_staticarray.c._pp_.c:97:[kernel] warning: out of bounds write. assert \valid(id);
regression/pointertranslation/_cs_SafeStack_seqcst_forCSEQ_staticarray.c._pp_.c:3628:[kernel] warning: accessing out of bounds index {0; 1; 2; 3}. assert __csLOCAL_main_i < 3;
regression/pointertranslation/_cs_SafeStack_seqcst_forCSEQ_staticarray.c._pp_.c:3637:[kernel] warning: accessing out of bounds index {0; 1; 2; 3}. assert __csLOCAL_main_i < 3;
regression/pointertranslation/_cs_SafeStack_seqcst_forCSEQ_staticarray.c._pp_.c:3646:[kernel] warning: accessing out of bounds index {0; 1; 2; 3}. assert __csLOCAL_main_i < 3;
regression/pointertranslation/_cs_SafeStack_seqcst_forCSEQ_staticarray.c._pp_.c:3650:[value] entering loop for the first time
regression/pointertranslation/_cs_SafeStack_seqcst_forCSEQ_staticarray.c._pp_.c:3734:[value] Assertion got status valid.
regression/pointertranslation/_cs_SafeStack_seqcst_forCSEQ_staticarray.c._pp_.c:856:[kernel] warning: accessing out of bounds index {-1; 0; 1; 2}.
                  assert 0 <= __csLOCAL_thread_elem < 3;
regression/pointertranslation/_cs_SafeStack_seqcst_forCSEQ_staticarray.c._pp_.c:857:[kernel] warning: accessing out of bounds index {-1; 0; 1; 2}.
                  assert 0 <= __csLOCAL_thread_elem < 3;
regression/pointertranslation/_cs_SafeStack_seqcst_forCSEQ_staticarray.c._pp_.c:1258:[kernel] warning: accessing out of bounds index {-1; 0; 1; 2}.
                  assert 0 <= __csLOCAL_thread_elem_0 < 3;
regression/pointertranslation/_cs_SafeStack_seqcst_forCSEQ_staticarray.c._pp_.c:1259:[kernel] warning: accessing out of bounds index {-1; 0; 1; 2}.
                  assert 0 <= __csLOCAL_thread_elem_0 < 3;
regression/pointertranslation/_cs_SafeStack_seqcst_forCSEQ_staticarray.c._pp_.c:3737:[value] Assertion got status valid.
regression/pointertranslation/_cs_SafeStack_seqcst_forCSEQ_staticarray.c._pp_.c:3743:[value] Assertion got status valid.
regression/pointertranslation/_cs_SafeStack_seqcst_forCSEQ_staticarray.c._pp_.c:1959:[kernel] warning: accessing out of bounds index {-1; 0; 1; 2}.
                  assert 0 <= __csLOCAL_thread_elem_1 < 3;
regression/pointertranslation/_cs_SafeStack_seqcst_forCSEQ_staticarray.c._pp_.c:1960:[kernel] warning: accessing out of bounds index {-1; 0; 1; 2}.
                  assert 0 <= __csLOCAL_thread_elem_1 < 3;
regression/pointertranslation/_cs_SafeStack_seqcst_forCSEQ_staticarray.c._pp_.c:2359:[kernel] warning: accessing out of bounds index {-1; 0; 1; 2}.
                  assert 0 <= __csLOCAL_thread_elem_2 < 3;
regression/pointertranslation/_cs_SafeStack_seqcst_forCSEQ_staticarray.c._pp_.c:2360:[kernel] warning: accessing out of bounds index {-1; 0; 1; 2}.
                  assert 0 <= __csLOCAL_thread_elem_2 < 3;
regression/pointertranslation/_cs_SafeStack_seqcst_forCSEQ_staticarray.c._pp_.c:3746:[value] Assertion got status valid.
regression/pointertranslation/_cs_SafeStack_seqcst_forCSEQ_staticarray.c._pp_.c:3752:[value] Assertion got status valid.
regression/pointertranslation/_cs_SafeStack_seqcst_forCSEQ_staticarray.c._pp_.c:3755:[value] Assertion got status valid.
regression/pointertranslation/_cs_SafeStack_seqcst_forCSEQ_staticarray.c._pp_.c:3769:[value] Assertion got status valid.
regression/pointertranslation/_cs_SafeStack_seqcst_forCSEQ_staticarray.c._pp_.c:3772:[value] Assertion got status valid.
regression/pointertranslation/_cs_SafeStack_seqcst_forCSEQ_staticarray.c._pp_.c:3778:[value] Assertion got status valid.
regression/pointertranslation/_cs_SafeStack_seqcst_forCSEQ_staticarray.c._pp_.c:3781:[value] Assertion got status valid.
regression/pointertranslation/_cs_SafeStack_seqcst_forCSEQ_staticarray.c._pp_.c:3787:[value] Assertion got status valid.
regression/pointertranslation/_cs_SafeStack_seqcst_forCSEQ_staticarray.c._pp_.c:3790:[value] Assertion got status valid.
regression/pointertranslation/_cs_SafeStack_seqcst_forCSEQ_staticarray.c._pp_.c:3796:[value] Assertion got status valid.
[value] done for function main
regression/pointertranslation/_cs_SafeStack_seqcst_forCSEQ_staticarray.c._pp_.c:856:[value] Assertion 'Value,index_bound' got final status valid.
regression/pointertranslation/_cs_SafeStack_seqcst_forCSEQ_staticarray.c._pp_.c:857:[value] Assertion 'Value,index_bound' got final status valid.
regression/pointertranslation/_cs_SafeStack_seqcst_forCSEQ_staticarray.c._pp_.c:1258:[value] Assertion 'Value,index_bound' got final status valid.
regression/pointertranslation/_cs_SafeStack_seqcst_forCSEQ_staticarray.c._pp_.c:1259:[value] Assertion 'Value,index_bound' got final status valid.
regression/pointertranslation/_cs_SafeStack_seqcst_forCSEQ_staticarray.c._pp_.c:1959:[value] Assertion 'Value,index_bound' got final status valid.
regression/pointertranslation/_cs_SafeStack_seqcst_forCSEQ_staticarray.c._pp_.c:1960:[value] Assertion 'Value,index_bound' got final status valid.
regression/pointertranslation/_cs_SafeStack_seqcst_forCSEQ_staticarray.c._pp_.c:2359:[value] Assertion 'Value,index_bound' got final status valid.
regression/pointertranslation/_cs_SafeStack_seqcst_forCSEQ_staticarray.c._pp_.c:2360:[value] Assertion 'Value,index_bound' got final status valid.
regression/pointertranslation/_cs_SafeStack_seqcst_forCSEQ_staticarray.c._pp_.c:3060:[value] Assertion 'Value,index_bound' got final status valid.
regression/pointertranslation/_cs_SafeStack_seqcst_forCSEQ_staticarray.c._pp_.c:3061:[value] Assertion 'Value,index_bound' got final status valid.
regression/pointertranslation/_cs_SafeStack_seqcst_forCSEQ_staticarray.c._pp_.c:3460:[value] Assertion 'Value,index_bound' got final status valid.
regression/pointertranslation/_cs_SafeStack_seqcst_forCSEQ_staticarray.c._pp_.c:3461:[value] Assertion 'Value,index_bound' got final status valid.
[value] ====== VALUES COMPUTED ======
[value] Values at end of function __CS_atomic_compare_and_exchange:
  stack.array[0].Value IN {0; 1; 2; 3}
       .array[0].Next IN {-1; 0; 1; 2}
       .array[1].Value IN {0; 1; 2; 3}
       .array[1].Next IN {-1; 0; 1; 2}
       .array[2].Value IN {0; 1; 2; 3}
       {.array[2].Next; .head} IN {-1; 0; 1; 2}
       .count IN [-49..22]
  __csLOCAL_Pop_head2 IN {-1; 0; 1; 2}
  __csLOCAL_Pop_head2_0 IN {-1; 0; 1; 2}
  __csLOCAL_Pop_head2_1 IN {-1; 0; 1; 2}
  __csLOCAL_Pop_head2_2 IN {-1; 0; 1; 2}
  __csLOCAL_Pop_head2_3 IN {-1; 0; 1; 2}
  __csLOCAL_Pop_head2_4 IN {-1; 0; 1; 2}
  __csLOCAL_Pop_head2_5 IN {-1; 0; 1; 2}
  __csLOCAL_Pop_head2_6 IN {-1; 0; 1; 2}
  __csLOCAL_Pop_head2_7 IN {-1; 0; 1; 2}
  __csLOCAL_Push_head1 IN {-1; 0; 1; 2}
  __csLOCAL_Pop_head2_8 IN {-1; 0; 1; 2}
  __csLOCAL_Pop_head2_9 IN {-1; 0; 1; 2}
  __csLOCAL_Pop_head2_10 IN {-1; 0; 1; 2}
  __csLOCAL_Pop_head2_11 IN {-1; 0; 1; 2}
  __csLOCAL_Pop_head2_12 IN {-1; 0; 1; 2}
  __csLOCAL_Pop_head2_13 IN {-1; 0; 1; 2}
  __csLOCAL_Pop_head2_14 IN {-1; 0; 1; 2}
  __csLOCAL_Pop_head2_15 IN {-1; 0; 1; 2}
  __csLOCAL_Pop_head2_16 IN {-1; 0; 1; 2}
  __csLOCAL_Push_head1_0 IN {-1; 0; 1; 2}
  __csLOCAL_Pop_head2_17 IN {-1; 0; 1; 2}
  __csLOCAL_Pop_head2_18 IN {-1; 0; 1; 2}
  __csLOCAL_Pop_head2_19 IN {-1; 0; 1; 2}
  __csLOCAL_Pop_head2_20 IN {-1; 0; 1; 2}
  __csLOCAL_Pop_head2_21 IN {-1; 0; 1; 2}
  __csLOCAL_Pop_head2_22 IN {-1; 0; 1; 2}
  __csLOCAL_Pop_head2_23 IN {-1; 0; 1; 2}
  __csLOCAL_Pop_head2_24 IN {-1; 0; 1; 2}
  __csLOCAL_Pop_head2_25 IN {-1; 0; 1; 2}
  __csLOCAL_Push_head1_1 IN {-1; 0; 1; 2}
  __csLOCAL_Pop_head2_26 IN {-1; 0; 1; 2}
  __csLOCAL_Pop_head2_27 IN {-1; 0; 1; 2}
  __csLOCAL_Pop_head2_28 IN {-1; 0; 1; 2}
  __csLOCAL_Pop_head2_29 IN {-1; 0; 1; 2}
  __csLOCAL_Pop_head2_30 IN {-1; 0; 1; 2}
  __csLOCAL_Pop_head2_31 IN {-1; 0; 1; 2}
  __csLOCAL_Pop_head2_32 IN {-1; 0; 1; 2}
  __csLOCAL_Pop_head2_33 IN {-1; 0; 1; 2}
  __csLOCAL_Pop_head2_34 IN {-1; 0; 1; 2}
  __csLOCAL_Push_head1_2 IN {-1; 0; 1; 2}
  __csLOCAL_Pop_head2_35 IN {-1; 0; 1; 2}
  __csLOCAL_Pop_head2_36 IN {-1; 0; 1; 2}
  __csLOCAL_Pop_head2_37 IN {-1; 0; 1; 2}
  __csLOCAL_Pop_head2_38 IN {-1; 0; 1; 2}
  __csLOCAL_Pop_head2_39 IN {-1; 0; 1; 2}
  __csLOCAL_Pop_head2_40 IN {-1; 0; 1; 2}
  __csLOCAL_Pop_head2_41 IN {-1; 0; 1; 2}
  __csLOCAL_Pop_head2_42 IN {-1; 0; 1; 2}
  __csLOCAL_Pop_head2_43 IN {-1; 0; 1; 2}
  __csLOCAL_Push_head1_3 IN {-1; 0; 1; 2}
  __csLOCAL_Pop_head2_44 IN {-1; 0; 1; 2}
  __csLOCAL_Pop_head2_45 IN {-1; 0; 1; 2}
  __csLOCAL_Pop_head2_46 IN {-1; 0; 1; 2}
  __csLOCAL_Pop_head2_47 IN {-1; 0; 1; 2}
  __csLOCAL_Pop_head2_48 IN {-1; 0; 1; 2}
  __csLOCAL_Pop_head2_49 IN {-1; 0; 1; 2}
  __csLOCAL_Pop_head2_50 IN {-1; 0; 1; 2}
  __csLOCAL_Pop_head2_51 IN {-1; 0; 1; 2}
  __csLOCAL_Pop_head2_52 IN {-1; 0; 1; 2}
  __csLOCAL_Push_head1_4 IN {-1; 0; 1; 2}
  __retres IN {0; 1}
[value] Values at end of function __CS_atomic_exchange:
  stack.array[0].Value IN {0; 1; 2; 3}
       .array[0].Next IN {-1; 0; 1; 2}
       .array[1].Value IN {0; 1; 2; 3}
       .array[1].Next IN {-1; 0; 1; 2}
       .array[2].Value IN {0; 1; 2; 3}
       {.array[2].Next; .head} IN {-1; 0; 1; 2}
       .count IN [-48..22]
  __csLOCAL___CS_atomic_exchange_t IN {-1; 0; 1; 2}
[value] Values at end of function __CS_atomic_fetch_add:
  stack.array[0].Value IN {0; 1; 2; 3}
       .array[0].Next IN {-1; 0; 1; 2}
       .array[1].Value IN {0; 1; 2; 3}
       .array[1].Next IN {-1; 0; 1; 2}
       .array[2].Value IN {0; 1; 2; 3}
       {.array[2].Next; .head} IN {-1; 0; 1; 2}
       .count IN [-48..23]
  __csLOCAL___CS_atomic_fetch_add_old IN [-49..22]
[value] Values at end of function __CS_atomic_fetch_sub:
  stack.array[0].Value IN {0; 1; 2; 3}
       .array[0].Next IN {-1; 0; 1; 2}
       .array[1].Value IN {0; 1; 2; 3}
       .array[1].Next IN {-1; 0; 1; 2}
       .array[2].Value IN {0; 1; 2; 3}
       {.array[2].Next; .head} IN {-1; 0; 1; 2}
       .count IN [-49..21]
  __csLOCAL___CS_atomic_fetch_sub_old IN [-48..22]
[value] Values at end of function __CS_atomic_load:
  __retres IN [-48..22]
[value] Values at end of function __CS_atomic_store:
  stack.array[0].Value IN {0; 1; 2; 3}
       .array[0].Next IN {-1; 0; 1; 2}
       .array[1].Value IN {0; 1; 2; 3}
       .array[1].Next IN {-1; 0; 1; 2}
       .array[2].Value IN {0; 1; 2; 3}
       {.array[2].Next; .head} IN {-1; 0; 1; 2}
       .count IN [-49..22]
[value] Values at end of function __cs_create:
  active_thread[0..1] IN {1}
               [2..3] IN {0; 1}
  threadargs[0..1] IN {0}
            [2..3] IN {0; 1; 2; 3}
  threads[0] IN {1; 2; 3}
         [1..2] IN {0; 2; 3}
  __retres IN {0}
[value] Values at end of function __cs_join:
  __retres IN {0}
[value] Values at end of function main_thread:
  active_thread[0..1] IN {1}
               [2..3] IN {0; 1}
  threadargs[0..1] IN {0}
            [2..3] IN {0; 1; 2; 3}
  threads[0] IN {1; 2; 3}
         [1..2] IN {0; 2; 3}
  stack.array[0].Value IN {0; 1; 2; 3}
       .array[0].Next IN {-1; 0; 1; 2}
       .array[1].Value IN {0; 1; 2; 3}
       .array[1].Next IN {-1; 0; 1; 2}
       .array[2].Value IN {0; 1; 2; 3}
       {.array[2].Next; .head} IN {-1; 0; 1; 2}
       .count IN [-34..17]
  __csLOCAL_main_i IN {0; 1; 2; 3}
  __csLOCALPARAM_Init_pushCount IN {3}
  __csLOCAL_Init_i IN {2}
  __retres IN {0}
[value] Values at end of function thread_0:
  __FRAMAC_error IN {0; 1}
  stack.array[0].Value IN {0; 1; 2; 3}
       .array[0].Next IN {-1; 0; 1; 2}
       .array[1].Value IN {0; 1; 2; 3}
       .array[1].Next IN {-1; 0; 1; 2}
       .array[2].Value IN {0; 1; 2; 3}
       {.array[2].Next; .head} IN {-1; 0; 1; 2}
       .count IN [-39..19]
  __csLOCAL___CS_atomic_exchange_t IN {-1; 0; 1; 2}
  __csLOCAL___CS_atomic_fetch_add_old IN [-39..18]
  __csLOCAL___CS_atomic_fetch_sub_old IN [-38..18]
  __csLOCAL_thread_i IN [0..8]
  __csLOCAL_thread_idx IN {0}
  __csLOCAL_thread_elem IN {-1; 0; 1; 2}
  __retval__Pop_1 IN {-1; 0; 1; 2}
  __csLOCAL_Pop___while_cond_0 IN {0; 1}
  __csLOCAL_Pop_head1 IN {-1; 0; 1; 2}
  __csLOCAL_Pop_next1 IN {-1; 0; 1; 2}
  __csLOCAL_Pop_head2 IN {-1; 0; 1; 2}
  __csLOCAL_Pop___if_cond_0 IN {0; 1}
  __csLOCAL_Pop_head1_0 IN {-1; 0; 1; 2}
  __csLOCAL_Pop_next1_0 IN {-1; 0; 1; 2}
  __csLOCAL_Pop_head2_0 IN {-1; 0; 1; 2}
  __csLOCAL_Pop___if_cond_1 IN {0; 1}
  __csLOCAL_Pop_head1_1 IN {-1; 0; 1; 2}
  __csLOCAL_Pop_next1_1 IN {-1; 0; 1; 2}
  __csLOCAL_Pop_head2_1 IN {-1; 0; 1; 2}
  __csLOCAL_Pop___if_cond_2 IN {0; 1}
  __retval__Pop_2 IN {-1; 0; 1; 2}
  __csLOCAL_Pop___while_cond_1 IN {0; 1}
  __csLOCAL_Pop_head1_2 IN {-1; 0; 1; 2}
  __csLOCAL_Pop_next1_2 IN {-1; 0; 1; 2}
  __csLOCAL_Pop_head2_2 IN {-1; 0; 1; 2}
  __csLOCAL_Pop___if_cond_3 IN {0; 1}
  __csLOCAL_Pop_head1_3 IN {-1; 0; 1; 2}
  __csLOCAL_Pop_next1_3 IN {-1; 0; 1; 2}
  __csLOCAL_Pop_head2_3 IN {-1; 0; 1; 2}
  __csLOCAL_Pop___if_cond_4 IN {0; 1}
  __csLOCAL_Pop_head1_4 IN {-1; 0; 1; 2}
  __csLOCAL_Pop_next1_4 IN {-1; 0; 1; 2}
  __csLOCAL_Pop_head2_4 IN {-1; 0; 1; 2}
  __csLOCAL_Pop___if_cond_5 IN {0; 1}
  __retval__Pop_3 IN {-1; 0; 1; 2}
  __csLOCAL_Pop___while_cond_2 IN {0; 1}
  __csLOCAL_Pop_head1_5 IN {-1; 0; 1; 2}
  __csLOCAL_Pop_next1_5 IN {-1; 0; 1; 2}
  __csLOCAL_Pop_head2_5 IN {-1; 0; 1; 2}
  __csLOCAL_Pop___if_cond_6 IN {0; 1}
  __csLOCAL_Pop_head1_6 IN {-1; 0; 1; 2}
  __csLOCAL_Pop_next1_6 IN {-1; 0; 1; 2}
  __csLOCAL_Pop_head2_6 IN {-1; 0; 1; 2}
  __csLOCAL_Pop___if_cond_7 IN {0; 1}
  __csLOCAL_Pop_head1_7 IN {-1; 0; 1; 2}
  __csLOCAL_Pop_next1_7 IN {-1; 0; 1; 2}
  __csLOCAL_Pop_head2_7 IN {-1; 0; 1; 2}
  __csLOCAL_Pop___if_cond_8 IN {0; 1}
  __csLOCALPARAM_Push_index IN {0; 1; 2}
  __csLOCAL_Push_head1 IN {-1; 0; 1; 2}
  __csLOCAL_Push___cs_dowhile_onetime_1 IN {0; 1; 2; 3; 4}
  __csLOCAL_Push___while_cond_1 IN {0; 1}
  __csLOCAL_thread_elem_0 IN {-1; 0; 1; 2}
  __retval__Pop_4 IN {-1; 0; 1; 2}
  __csLOCAL_Pop___while_cond_3 IN {0; 1}
  __csLOCAL_Pop_head1_8 IN {-1; 0; 1; 2}
  __csLOCAL_Pop_next1_8 IN {-1; 0; 1; 2}
  __csLOCAL_Pop_head2_8 IN {-1; 0; 1; 2}
  __csLOCAL_Pop___if_cond_9 IN {0; 1}
  __csLOCAL_Pop_head1_9 IN {-1; 0; 1; 2}
  __csLOCAL_Pop_next1_9 IN {-1; 0; 1; 2}
  __csLOCAL_Pop_head2_9 IN {-1; 0; 1; 2}
  __csLOCAL_Pop___if_cond_10 IN {0; 1}
  __csLOCAL_Pop_head1_10 IN {-1; 0; 1; 2}
  __csLOCAL_Pop_next1_10 IN {-1; 0; 1; 2}
  __csLOCAL_Pop_head2_10 IN {-1; 0; 1; 2}
  __csLOCAL_Pop___if_cond_11 IN {0; 1}
  __retval__Pop_5 IN {-1; 0; 1; 2}
  __csLOCAL_Pop___while_cond_4 IN {0; 1}
  __csLOCAL_Pop_head1_11 IN {-1; 0; 1; 2}
  __csLOCAL_Pop_next1_11 IN {-1; 0; 1; 2}
  __csLOCAL_Pop_head2_11 IN {-1; 0; 1; 2}
  __csLOCAL_Pop___if_cond_12 IN {0; 1}
  __csLOCAL_Pop_head1_12 IN {-1; 0; 1; 2}
  __csLOCAL_Pop_next1_12 IN {-1; 0; 1; 2}
  __csLOCAL_Pop_head2_12 IN {-1; 0; 1; 2}
  __csLOCAL_Pop___if_cond_13 IN {0; 1}
  __csLOCAL_Pop_head1_13 IN {-1; 0; 1; 2}
  __csLOCAL_Pop_next1_13 IN {-1; 0; 1; 2}
  __csLOCAL_Pop_head2_13 IN {-1; 0; 1; 2}
  __csLOCAL_Pop___if_cond_14 IN {0; 1}
  __retval__Pop_6 IN {-1; 0; 1; 2}
  __csLOCAL_Pop___while_cond_5 IN {0; 1}
  __csLOCAL_Pop_head1_14 IN {-1; 0; 1; 2}
  __csLOCAL_Pop_next1_14 IN {-1; 0; 1; 2}
  __csLOCAL_Pop_head2_14 IN {-1; 0; 1; 2}
  __csLOCAL_Pop___if_cond_15 IN {0; 1}
  __csLOCAL_Pop_head1_15 IN {-1; 0; 1; 2}
  __csLOCAL_Pop_next1_15 IN {-1; 0; 1; 2}
  __csLOCAL_Pop_head2_15 IN {-1; 0; 1; 2}
  __csLOCAL_Pop___if_cond_16 IN {0; 1}
  __csLOCAL_Pop_head1_16 IN {-1; 0; 1; 2}
  __csLOCAL_Pop_next1_16 IN {-1; 0; 1; 2}
  __csLOCAL_Pop_head2_16 IN {-1; 0; 1; 2}
  __csLOCAL_Pop___if_cond_17 IN {0; 1}
  __csLOCALPARAM_Push_index_0 IN {0; 1; 2}
  __csLOCAL_Push_head1_0 IN {-1; 0; 1; 2}
  __csLOCAL_Push___cs_dowhile_onetime_2 IN {0; 1; 2; 3; 4}
  __csLOCAL_Push___while_cond_2 IN {0; 1}
  __retres IN {0}
[value] Values at end of function thread_1:
  __FRAMAC_error IN {0; 1}
  stack.array[0].Value IN {0; 1; 2; 3}
       .array[0].Next IN {-1; 0; 1; 2}
       .array[1].Value IN {0; 1; 2; 3}
       .array[1].Next IN {-1; 0; 1; 2}
       .array[2].Value IN {0; 1; 2; 3}
       {.array[2].Next; .head} IN {-1; 0; 1; 2}
       .count IN [-44..21]
  __csLOCAL___CS_atomic_exchange_t IN {-1; 0; 1; 2}
  __csLOCAL___CS_atomic_fetch_add_old IN [-44..20]
  __csLOCAL___CS_atomic_fetch_sub_old IN [-43..20]
  __csLOCAL_thread_i_0 IN [0..8]
  __csLOCAL_thread_idx_0 IN {0; 1; 2; 3}
  __csLOCAL_thread_elem_1 IN {-1; 0; 1; 2}
  __retval__Pop_7 IN {-1; 0; 1; 2}
  __csLOCAL_Pop___while_cond_6 IN {0; 1}
  __csLOCAL_Pop_head1_17 IN {-1; 0; 1; 2}
  __csLOCAL_Pop_next1_17 IN {-1; 0; 1; 2}
  __csLOCAL_Pop_head2_17 IN {-1; 0; 1; 2}
  __csLOCAL_Pop___if_cond_18 IN {0; 1}
  __csLOCAL_Pop_head1_18 IN {-1; 0; 1; 2}
  __csLOCAL_Pop_next1_18 IN {-1; 0; 1; 2}
  __csLOCAL_Pop_head2_18 IN {-1; 0; 1; 2}
  __csLOCAL_Pop___if_cond_19 IN {0; 1}
  __csLOCAL_Pop_head1_19 IN {-1; 0; 1; 2}
  __csLOCAL_Pop_next1_19 IN {-1; 0; 1; 2}
  __csLOCAL_Pop_head2_19 IN {-1; 0; 1; 2}
  __csLOCAL_Pop___if_cond_20 IN {0; 1}
  __retval__Pop_8 IN {-1; 0; 1; 2}
  __csLOCAL_Pop___while_cond_7 IN {0; 1}
  __csLOCAL_Pop_head1_20 IN {-1; 0; 1; 2}
  __csLOCAL_Pop_next1_20 IN {-1; 0; 1; 2}
  __csLOCAL_Pop_head2_20 IN {-1; 0; 1; 2}
  __csLOCAL_Pop___if_cond_21 IN {0; 1}
  __csLOCAL_Pop_head1_21 IN {-1; 0; 1; 2}
  __csLOCAL_Pop_next1_21 IN {-1; 0; 1; 2}
  __csLOCAL_Pop_head2_21 IN {-1; 0; 1; 2}
  __csLOCAL_Pop___if_cond_22 IN {0; 1}
  __csLOCAL_Pop_head1_22 IN {-1; 0; 1; 2}
  __csLOCAL_Pop_next1_22 IN {-1; 0; 1; 2}
  __csLOCAL_Pop_head2_22 IN {-1; 0; 1; 2}
  __csLOCAL_Pop___if_cond_23 IN {0; 1}
  __retval__Pop_9 IN {-1; 0; 1; 2}
  __csLOCAL_Pop___while_cond_8 IN {0; 1}
  __csLOCAL_Pop_head1_23 IN {-1; 0; 1; 2}
  __csLOCAL_Pop_next1_23 IN {-1; 0; 1; 2}
  __csLOCAL_Pop_head2_23 IN {-1; 0; 1; 2}
  __csLOCAL_Pop___if_cond_24 IN {0; 1}
  __csLOCAL_Pop_head1_24 IN {-1; 0; 1; 2}
  __csLOCAL_Pop_next1_24 IN {-1; 0; 1; 2}
  __csLOCAL_Pop_head2_24 IN {-1; 0; 1; 2}
  __csLOCAL_Pop___if_cond_25 IN {0; 1}
  __csLOCAL_Pop_head1_25 IN {-1; 0; 1; 2}
  __csLOCAL_Pop_next1_25 IN {-1; 0; 1; 2}
  __csLOCAL_Pop_head2_25 IN {-1; 0; 1; 2}
  __csLOCAL_Pop___if_cond_26 IN {0; 1}
  __csLOCALPARAM_Push_index_1 IN {0; 1; 2}
  __csLOCAL_Push_head1_1 IN {-1; 0; 1; 2}
  __csLOCAL_Push___cs_dowhile_onetime_3 IN {0; 1; 2; 3; 4}
  __csLOCAL_Push___while_cond_3 IN {0; 1}
  __csLOCAL_thread_elem_2 IN {-1; 0; 1; 2}
  __retval__Pop_10 IN {-1; 0; 1; 2}
  __csLOCAL_Pop___while_cond_9 IN {0; 1}
  __csLOCAL_Pop_head1_26 IN {-1; 0; 1; 2}
  __csLOCAL_Pop_next1_26 IN {-1; 0; 1; 2}
  __csLOCAL_Pop_head2_26 IN {-1; 0; 1; 2}
  __csLOCAL_Pop___if_cond_27 IN {0; 1}
  __csLOCAL_Pop_head1_27 IN {-1; 0; 1; 2}
  __csLOCAL_Pop_next1_27 IN {-1; 0; 1; 2}
  __csLOCAL_Pop_head2_27 IN {-1; 0; 1; 2}
  __csLOCAL_Pop___if_cond_28 IN {0; 1}
  __csLOCAL_Pop_head1_28 IN {-1; 0; 1; 2}
  __csLOCAL_Pop_next1_28 IN {-1; 0; 1; 2}
  __csLOCAL_Pop_head2_28 IN {-1; 0; 1; 2}
  __csLOCAL_Pop___if_cond_29 IN {0; 1}
  __retval__Pop_11 IN {-1; 0; 1; 2}
  __csLOCAL_Pop___while_cond_10 IN {0; 1}
  __csLOCAL_Pop_head1_29 IN {-1; 0; 1; 2}
  __csLOCAL_Pop_next1_29 IN {-1; 0; 1; 2}
  __csLOCAL_Pop_head2_29 IN {-1; 0; 1; 2}
  __csLOCAL_Pop___if_cond_30 IN {0; 1}
  __csLOCAL_Pop_head1_30 IN {-1; 0; 1; 2}
  __csLOCAL_Pop_next1_30 IN {-1; 0; 1; 2}
  __csLOCAL_Pop_head2_30 IN {-1; 0; 1; 2}
  __csLOCAL_Pop___if_cond_31 IN {0; 1}
  __csLOCAL_Pop_head1_31 IN {-1; 0; 1; 2}
  __csLOCAL_Pop_next1_31 IN {-1; 0; 1; 2}
  __csLOCAL_Pop_head2_31 IN {-1; 0; 1; 2}
  __csLOCAL_Pop___if_cond_32 IN {0; 1}
  __retval__Pop_12 IN {-1; 0; 1; 2}
  __csLOCAL_Pop___while_cond_11 IN {0; 1}
  __csLOCAL_Pop_head1_32 IN {-1; 0; 1; 2}
  __csLOCAL_Pop_next1_32 IN {-1; 0; 1; 2}
  __csLOCAL_Pop_head2_32 IN {-1; 0; 1; 2}
  __csLOCAL_Pop___if_cond_33 IN {0; 1}
  __csLOCAL_Pop_head1_33 IN {-1; 0; 1; 2}
  __csLOCAL_Pop_next1_33 IN {-1; 0; 1; 2}
  __csLOCAL_Pop_head2_33 IN {-1; 0; 1; 2}
  __csLOCAL_Pop___if_cond_34 IN {0; 1}
  __csLOCAL_Pop_head1_34 IN {-1; 0; 1; 2}
  __csLOCAL_Pop_next1_34 IN {-1; 0; 1; 2}
  __csLOCAL_Pop_head2_34 IN {-1; 0; 1; 2}
  __csLOCAL_Pop___if_cond_35 IN {0; 1}
  __csLOCALPARAM_Push_index_2 IN {0; 1; 2}
  __csLOCAL_Push_head1_2 IN {-1; 0; 1; 2}
  __csLOCAL_Push___cs_dowhile_onetime_4 IN {0; 1; 2; 3; 4}
  __csLOCAL_Push___while_cond_4 IN {0; 1}
  __retres IN {0}
[value] Values at end of function thread_2:
  __FRAMAC_error IN {0; 1}
  stack.array[0].Value IN {0; 1; 2; 3}
       .array[0].Next IN {-1; 0; 1; 2}
       .array[1].Value IN {0; 1; 2; 3}
       .array[1].Next IN {-1; 0; 1; 2}
       .array[2].Value IN {0; 1; 2; 3}
       {.array[2].Next; .head} IN {-1; 0; 1; 2}
       .count IN [-49..23]
  __csLOCAL___CS_atomic_exchange_t IN {-1; 0; 1; 2}
  __csLOCAL___CS_atomic_fetch_add_old IN [-49..22]
  __csLOCAL___CS_atomic_fetch_sub_old IN [-48..22]
  __csLOCAL_thread_i_1 IN [0..8]
  __csLOCAL_thread_idx_1 IN {0; 1; 2; 3}
  __csLOCAL_thread_elem_3 IN {-1; 0; 1; 2}
  __retval__Pop_13 IN {-1; 0; 1; 2}
  __csLOCAL_Pop___while_cond_12 IN {0; 1}
  __csLOCAL_Pop_head1_35 IN {-1; 0; 1; 2}
  __csLOCAL_Pop_next1_35 IN {-1; 0; 1; 2}
  __csLOCAL_Pop_head2_35 IN {-1; 0; 1; 2}
  __csLOCAL_Pop___if_cond_36 IN {0; 1}
  __csLOCAL_Pop_head1_36 IN {-1; 0; 1; 2}
  __csLOCAL_Pop_next1_36 IN {-1; 0; 1; 2}
  __csLOCAL_Pop_head2_36 IN {-1; 0; 1; 2}
  __csLOCAL_Pop___if_cond_37 IN {0; 1}
  __csLOCAL_Pop_head1_37 IN {-1; 0; 1; 2}
  __csLOCAL_Pop_next1_37 IN {-1; 0; 1; 2}
  __csLOCAL_Pop_head2_37 IN {-1; 0; 1; 2}
  __csLOCAL_Pop___if_cond_38 IN {0; 1}
  __retval__Pop_14 IN {-1; 0; 1; 2}
  __csLOCAL_Pop___while_cond_13 IN {0; 1}
  __csLOCAL_Pop_head1_38 IN {-1; 0; 1; 2}
  __csLOCAL_Pop_next1_38 IN {-1; 0; 1; 2}
  __csLOCAL_Pop_head2_38 IN {-1; 0; 1; 2}
  __csLOCAL_Pop___if_cond_39 IN {0; 1}
  __csLOCAL_Pop_head1_39 IN {-1; 0; 1; 2}
  __csLOCAL_Pop_next1_39 IN {-1; 0; 1; 2}
  __csLOCAL_Pop_head2_39 IN {-1; 0; 1; 2}
  __csLOCAL_Pop___if_cond_40 IN {0; 1}
  __csLOCAL_Pop_head1_40 IN {-1; 0; 1; 2}
  __csLOCAL_Pop_next1_40 IN {-1; 0; 1; 2}
  __csLOCAL_Pop_head2_40 IN {-1; 0; 1; 2}
  __csLOCAL_Pop___if_cond_41 IN {0; 1}
  __retval__Pop_15 IN {-1; 0; 1; 2}
  __csLOCAL_Pop___while_cond_14 IN {0; 1}
  __csLOCAL_Pop_head1_41 IN {-1; 0; 1; 2}
  __csLOCAL_Pop_next1_41 IN {-1; 0; 1; 2}
  __csLOCAL_Pop_head2_41 IN {-1; 0; 1; 2}
  __csLOCAL_Pop___if_cond_42 IN {0; 1}
  __csLOCAL_Pop_head1_42 IN {-1; 0; 1; 2}
  __csLOCAL_Pop_next1_42 IN {-1; 0; 1; 2}
  __csLOCAL_Pop_head2_42 IN {-1; 0; 1; 2}
  __csLOCAL_Pop___if_cond_43 IN {0; 1}
  __csLOCAL_Pop_head1_43 IN {-1; 0; 1; 2}
  __csLOCAL_Pop_next1_43 IN {-1; 0; 1; 2}
  __csLOCAL_Pop_head2_43 IN {-1; 0; 1; 2}
  __csLOCAL_Pop___if_cond_44 IN {0; 1}
  __csLOCALPARAM_Push_index_3 IN {0; 1; 2}
  __csLOCAL_Push_head1_3 IN {-1; 0; 1; 2}
  __csLOCAL_Push___cs_dowhile_onetime_5 IN {0; 1; 2; 3; 4}
  __csLOCAL_Push___while_cond_5 IN {0; 1}
  __csLOCAL_thread_elem_4 IN {-1; 0; 1; 2}
  __retval__Pop_16 IN {-1; 0; 1; 2}
  __csLOCAL_Pop___while_cond_15 IN {0; 1}
  __csLOCAL_Pop_head1_44 IN {-1; 0; 1; 2}
  __csLOCAL_Pop_next1_44 IN {-1; 0; 1; 2}
  __csLOCAL_Pop_head2_44 IN {-1; 0; 1; 2}
  __csLOCAL_Pop___if_cond_45 IN {0; 1}
  __csLOCAL_Pop_head1_45 IN {-1; 0; 1; 2}
  __csLOCAL_Pop_next1_45 IN {-1; 0; 1; 2}
  __csLOCAL_Pop_head2_45 IN {-1; 0; 1; 2}
  __csLOCAL_Pop___if_cond_46 IN {0; 1}
  __csLOCAL_Pop_head1_46 IN {-1; 0; 1; 2}
  __csLOCAL_Pop_next1_46 IN {-1; 0; 1; 2}
  __csLOCAL_Pop_head2_46 IN {-1; 0; 1; 2}
  __csLOCAL_Pop___if_cond_47 IN {0; 1}
  __retval__Pop_17 IN {-1; 0; 1; 2}
  __csLOCAL_Pop___while_cond_16 IN {0; 1}
  __csLOCAL_Pop_head1_47 IN {-1; 0; 1; 2}
  __csLOCAL_Pop_next1_47 IN {-1; 0; 1; 2}
  __csLOCAL_Pop_head2_47 IN {-1; 0; 1; 2}
  __csLOCAL_Pop___if_cond_48 IN {0; 1}
  __csLOCAL_Pop_head1_48 IN {-1; 0; 1; 2}
  __csLOCAL_Pop_next1_48 IN {-1; 0; 1; 2}
  __csLOCAL_Pop_head2_48 IN {-1; 0; 1; 2}
  __csLOCAL_Pop___if_cond_49 IN {0; 1}
  __csLOCAL_Pop_head1_49 IN {-1; 0; 1; 2}
  __csLOCAL_Pop_next1_49 IN {-1; 0; 1; 2}
  __csLOCAL_Pop_head2_49 IN {-1; 0; 1; 2}
  __csLOCAL_Pop___if_cond_50 IN {0; 1}
  __retval__Pop_18 IN {-1; 0; 1; 2}
  __csLOCAL_Pop___while_cond_17 IN {0; 1}
  __csLOCAL_Pop_head1_50 IN {-1; 0; 1; 2}
  __csLOCAL_Pop_next1_50 IN {-1; 0; 1; 2}
  __csLOCAL_Pop_head2_50 IN {-1; 0; 1; 2}
  __csLOCAL_Pop___if_cond_51 IN {0; 1}
  __csLOCAL_Pop_head1_51 IN {-1; 0; 1; 2}
  __csLOCAL_Pop_next1_51 IN {-1; 0; 1; 2}
  __csLOCAL_Pop_head2_51 IN {-1; 0; 1; 2}
  __csLOCAL_Pop___if_cond_52 IN {0; 1}
  __csLOCAL_Pop_head1_52 IN {-1; 0; 1; 2}
  __csLOCAL_Pop_next1_52 IN {-1; 0; 1; 2}
  __csLOCAL_Pop_head2_52 IN {-1; 0; 1; 2}
  __csLOCAL_Pop___if_cond_53 IN {0; 1}
  __csLOCALPARAM_Push_index_4 IN {0; 1; 2}
  __csLOCAL_Push_head1_4 IN {-1; 0; 1; 2}
  __csLOCAL_Push___cs_dowhile_onetime_6 IN {0; 1; 2; 3; 4}
  __csLOCAL_Push___while_cond_6 IN {0; 1}
  __retres IN {0}
[value] Values at end of function main:
  Frama_C_entropy_source IN [--..--]
  __FRAMAC_error IN {0; 1}
  active_thread[0..1] IN {1}
               [2..3] IN {0; 1}
  pc_0 IN {1; 2; 3; 4; 5; 6}
  pc_1 IN [0..139]
  pc_2 IN [0..139]
  pc_3 IN [0..139]
  pc_cs IN {1; 2; 3; 4; 5; 6}
  thread_index IN {0}
  threadargs[0..1] IN {0}
            [2..3] IN {0; 1; 2; 3}
  threads[0] IN {1; 2; 3}
         [1..2] IN {0; 2; 3}
  stack.array[0].Value IN {0; 1; 2; 3}
       .array[0].Next IN {-1; 0; 1; 2}
       .array[1].Value IN {0; 1; 2; 3}
       .array[1].Next IN {-1; 0; 1; 2}
       .array[2].Value IN {0; 1; 2; 3}
       {.array[2].Next; .head} IN {-1; 0; 1; 2}
       .count IN [-49..23]
  __FRAMAC_spec IN {0; 1}
  __csLOCAL___CS_atomic_exchange_t IN {-1; 0; 1; 2}
  __csLOCAL___CS_atomic_fetch_add_old IN [-49..22]
  __csLOCAL___CS_atomic_fetch_sub_old IN [-48..22]
  __csLOCAL_thread_i IN [0..8]
  __csLOCAL_thread_idx IN {0}
  __csLOCAL_thread_elem IN {-1; 0; 1; 2}
  __retval__Pop_1 IN {-1; 0; 1; 2}
  __csLOCAL_Pop___while_cond_0 IN {0; 1}
  __csLOCAL_Pop_head1 IN {-1; 0; 1; 2}
  __csLOCAL_Pop_next1 IN {-1; 0; 1; 2}
  __csLOCAL_Pop_head2 IN {-1; 0; 1; 2}
  __csLOCAL_Pop___if_cond_0 IN {0; 1}
  __csLOCAL_Pop_head1_0 IN {-1; 0; 1; 2}
  __csLOCAL_Pop_next1_0 IN {-1; 0; 1; 2}
  __csLOCAL_Pop_head2_0 IN {-1; 0; 1; 2}
  __csLOCAL_Pop___if_cond_1 IN {0; 1}
  __csLOCAL_Pop_head1_1 IN {-1; 0; 1; 2}
  __csLOCAL_Pop_next1_1 IN {-1; 0; 1; 2}
  __csLOCAL_Pop_head2_1 IN {-1; 0; 1; 2}
  __csLOCAL_Pop___if_cond_2 IN {0; 1}
  __retval__Pop_2 IN {-1; 0; 1; 2}
  __csLOCAL_Pop___while_cond_1 IN {0; 1}
  __csLOCAL_Pop_head1_2 IN {-1; 0; 1; 2}
  __csLOCAL_Pop_next1_2 IN {-1; 0; 1; 2}
  __csLOCAL_Pop_head2_2 IN {-1; 0; 1; 2}
  __csLOCAL_Pop___if_cond_3 IN {0; 1}
  __csLOCAL_Pop_head1_3 IN {-1; 0; 1; 2}
  __csLOCAL_Pop_next1_3 IN {-1; 0; 1; 2}
  __csLOCAL_Pop_head2_3 IN {-1; 0; 1; 2}
  __csLOCAL_Pop___if_cond_4 IN {0; 1}
  __csLOCAL_Pop_head1_4 IN {-1; 0; 1; 2}
  __csLOCAL_Pop_next1_4 IN {-1; 0; 1; 2}
  __csLOCAL_Pop_head2_4 IN {-1; 0; 1; 2}
  __csLOCAL_Pop___if_cond_5 IN {0; 1}
  __retval__Pop_3 IN {-1; 0; 1; 2}
  __csLOCAL_Pop___while_cond_2 IN {0; 1}
  __csLOCAL_Pop_head1_5 IN {-1; 0; 1; 2}
  __csLOCAL_Pop_next1_5 IN {-1; 0; 1; 2}
  __csLOCAL_Pop_head2_5 IN {-1; 0; 1; 2}
  __csLOCAL_Pop___if_cond_6 IN {0; 1}
  __csLOCAL_Pop_head1_6 IN {-1; 0; 1; 2}
  __csLOCAL_Pop_next1_6 IN {-1; 0; 1; 2}
  __csLOCAL_Pop_head2_6 IN {-1; 0; 1; 2}
  __csLOCAL_Pop___if_cond_7 IN {0; 1}
  __csLOCAL_Pop_head1_7 IN {-1; 0; 1; 2}
  __csLOCAL_Pop_next1_7 IN {-1; 0; 1; 2}
  __csLOCAL_Pop_head2_7 IN {-1; 0; 1; 2}
  __csLOCAL_Pop___if_cond_8 IN {0; 1}
  __csLOCALPARAM_Push_index IN {0; 1; 2}
  __csLOCAL_Push_head1 IN {-1; 0; 1; 2}
  __csLOCAL_Push___cs_dowhile_onetime_1 IN {0; 1; 2; 3; 4}
  __csLOCAL_Push___while_cond_1 IN {0; 1}
  __csLOCAL_thread_elem_0 IN {-1; 0; 1; 2}
  __retval__Pop_4 IN {-1; 0; 1; 2}
  __csLOCAL_Pop___while_cond_3 IN {0; 1}
  __csLOCAL_Pop_head1_8 IN {-1; 0; 1; 2}
  __csLOCAL_Pop_next1_8 IN {-1; 0; 1; 2}
  __csLOCAL_Pop_head2_8 IN {-1; 0; 1; 2}
  __csLOCAL_Pop___if_cond_9 IN {0; 1}
  __csLOCAL_Pop_head1_9 IN {-1; 0; 1; 2}
  __csLOCAL_Pop_next1_9 IN {-1; 0; 1; 2}
  __csLOCAL_Pop_head2_9 IN {-1; 0; 1; 2}
  __csLOCAL_Pop___if_cond_10 IN {0; 1}
  __csLOCAL_Pop_head1_10 IN {-1; 0; 1; 2}
  __csLOCAL_Pop_next1_10 IN {-1; 0; 1; 2}
  __csLOCAL_Pop_head2_10 IN {-1; 0; 1; 2}
  __csLOCAL_Pop___if_cond_11 IN {0; 1}
  __retval__Pop_5 IN {-1; 0; 1; 2}
  __csLOCAL_Pop___while_cond_4 IN {0; 1}
  __csLOCAL_Pop_head1_11 IN {-1; 0; 1; 2}
  __csLOCAL_Pop_next1_11 IN {-1; 0; 1; 2}
  __csLOCAL_Pop_head2_11 IN {-1; 0; 1; 2}
  __csLOCAL_Pop___if_cond_12 IN {0; 1}
  __csLOCAL_Pop_head1_12 IN {-1; 0; 1; 2}
  __csLOCAL_Pop_next1_12 IN {-1; 0; 1; 2}
  __csLOCAL_Pop_head2_12 IN {-1; 0; 1; 2}
  __csLOCAL_Pop___if_cond_13 IN {0; 1}
  __csLOCAL_Pop_head1_13 IN {-1; 0; 1; 2}
  __csLOCAL_Pop_next1_13 IN {-1; 0; 1; 2}
  __csLOCAL_Pop_head2_13 IN {-1; 0; 1; 2}
  __csLOCAL_Pop___if_cond_14 IN {0; 1}
  __retval__Pop_6 IN {-1; 0; 1; 2}
  __csLOCAL_Pop___while_cond_5 IN {0; 1}
  __csLOCAL_Pop_head1_14 IN {-1; 0; 1; 2}
  __csLOCAL_Pop_next1_14 IN {-1; 0; 1; 2}
  __csLOCAL_Pop_head2_14 IN {-1; 0; 1; 2}
  __csLOCAL_Pop___if_cond_15 IN {0; 1}
  __csLOCAL_Pop_head1_15 IN {-1; 0; 1; 2}
  __csLOCAL_Pop_next1_15 IN {-1; 0; 1; 2}
  __csLOCAL_Pop_head2_15 IN {-1; 0; 1; 2}
  __csLOCAL_Pop___if_cond_16 IN {0; 1}
  __csLOCAL_Pop_head1_16 IN {-1; 0; 1; 2}
  __csLOCAL_Pop_next1_16 IN {-1; 0; 1; 2}
  __csLOCAL_Pop_head2_16 IN {-1; 0; 1; 2}
  __csLOCAL_Pop___if_cond_17 IN {0; 1}
  __csLOCALPARAM_Push_index_0 IN {0; 1; 2}
  __csLOCAL_Push_head1_0 IN {-1; 0; 1; 2}
  __csLOCAL_Push___cs_dowhile_onetime_2 IN {0; 1; 2; 3; 4}
  __csLOCAL_Push___while_cond_2 IN {0; 1}
  __csLOCAL_thread_i_0 IN [0..8]
  __csLOCAL_thread_idx_0 IN {0; 1; 2; 3}
  __csLOCAL_thread_elem_1 IN {-1; 0; 1; 2}
  __retval__Pop_7 IN {-1; 0; 1; 2}
  __csLOCAL_Pop___while_cond_6 IN {0; 1}
  __csLOCAL_Pop_head1_17 IN {-1; 0; 1; 2}
  __csLOCAL_Pop_next1_17 IN {-1; 0; 1; 2}
  __csLOCAL_Pop_head2_17 IN {-1; 0; 1; 2}
  __csLOCAL_Pop___if_cond_18 IN {0; 1}
  __csLOCAL_Pop_head1_18 IN {-1; 0; 1; 2}
  __csLOCAL_Pop_next1_18 IN {-1; 0; 1; 2}
  __csLOCAL_Pop_head2_18 IN {-1; 0; 1; 2}
  __csLOCAL_Pop___if_cond_19 IN {0; 1}
  __csLOCAL_Pop_head1_19 IN {-1; 0; 1; 2}
  __csLOCAL_Pop_next1_19 IN {-1; 0; 1; 2}
  __csLOCAL_Pop_head2_19 IN {-1; 0; 1; 2}
  __csLOCAL_Pop___if_cond_20 IN {0; 1}
  __retval__Pop_8 IN {-1; 0; 1; 2}
  __csLOCAL_Pop___while_cond_7 IN {0; 1}
  __csLOCAL_Pop_head1_20 IN {-1; 0; 1; 2}
  __csLOCAL_Pop_next1_20 IN {-1; 0; 1; 2}
  __csLOCAL_Pop_head2_20 IN {-1; 0; 1; 2}
  __csLOCAL_Pop___if_cond_21 IN {0; 1}
  __csLOCAL_Pop_head1_21 IN {-1; 0; 1; 2}
  __csLOCAL_Pop_next1_21 IN {-1; 0; 1; 2}
  __csLOCAL_Pop_head2_21 IN {-1; 0; 1; 2}
  __csLOCAL_Pop___if_cond_22 IN {0; 1}
  __csLOCAL_Pop_head1_22 IN {-1; 0; 1; 2}
  __csLOCAL_Pop_next1_22 IN {-1; 0; 1; 2}
  __csLOCAL_Pop_head2_22 IN {-1; 0; 1; 2}
  __csLOCAL_Pop___if_cond_23 IN {0; 1}
  __retval__Pop_9 IN {-1; 0; 1; 2}
  __csLOCAL_Pop___while_cond_8 IN {0; 1}
  __csLOCAL_Pop_head1_23 IN {-1; 0; 1; 2}
  __csLOCAL_Pop_next1_23 IN {-1; 0; 1; 2}
  __csLOCAL_Pop_head2_23 IN {-1; 0; 1; 2}
  __csLOCAL_Pop___if_cond_24 IN {0; 1}
  __csLOCAL_Pop_head1_24 IN {-1; 0; 1; 2}
  __csLOCAL_Pop_next1_24 IN {-1; 0; 1; 2}
  __csLOCAL_Pop_head2_24 IN {-1; 0; 1; 2}
  __csLOCAL_Pop___if_cond_25 IN {0; 1}
  __csLOCAL_Pop_head1_25 IN {-1; 0; 1; 2}
  __csLOCAL_Pop_next1_25 IN {-1; 0; 1; 2}
  __csLOCAL_Pop_head2_25 IN {-1; 0; 1; 2}
  __csLOCAL_Pop___if_cond_26 IN {0; 1}
  __csLOCALPARAM_Push_index_1 IN {0; 1; 2}
  __csLOCAL_Push_head1_1 IN {-1; 0; 1; 2}
  __csLOCAL_Push___cs_dowhile_onetime_3 IN {0; 1; 2; 3; 4}
  __csLOCAL_Push___while_cond_3 IN {0; 1}
  __csLOCAL_thread_elem_2 IN {-1; 0; 1; 2}
  __retval__Pop_10 IN {-1; 0; 1; 2}
  __csLOCAL_Pop___while_cond_9 IN {0; 1}
  __csLOCAL_Pop_head1_26 IN {-1; 0; 1; 2}
  __csLOCAL_Pop_next1_26 IN {-1; 0; 1; 2}
  __csLOCAL_Pop_head2_26 IN {-1; 0; 1; 2}
  __csLOCAL_Pop___if_cond_27 IN {0; 1}
  __csLOCAL_Pop_head1_27 IN {-1; 0; 1; 2}
  __csLOCAL_Pop_next1_27 IN {-1; 0; 1; 2}
  __csLOCAL_Pop_head2_27 IN {-1; 0; 1; 2}
  __csLOCAL_Pop___if_cond_28 IN {0; 1}
  __csLOCAL_Pop_head1_28 IN {-1; 0; 1; 2}
  __csLOCAL_Pop_next1_28 IN {-1; 0; 1; 2}
  __csLOCAL_Pop_head2_28 IN {-1; 0; 1; 2}
  __csLOCAL_Pop___if_cond_29 IN {0; 1}
  __retval__Pop_11 IN {-1; 0; 1; 2}
  __csLOCAL_Pop___while_cond_10 IN {0; 1}
  __csLOCAL_Pop_head1_29 IN {-1; 0; 1; 2}
  __csLOCAL_Pop_next1_29 IN {-1; 0; 1; 2}
  __csLOCAL_Pop_head2_29 IN {-1; 0; 1; 2}
  __csLOCAL_Pop___if_cond_30 IN {0; 1}
  __csLOCAL_Pop_head1_30 IN {-1; 0; 1; 2}
  __csLOCAL_Pop_next1_30 IN {-1; 0; 1; 2}
  __csLOCAL_Pop_head2_30 IN {-1; 0; 1; 2}
  __csLOCAL_Pop___if_cond_31 IN {0; 1}
  __csLOCAL_Pop_head1_31 IN {-1; 0; 1; 2}
  __csLOCAL_Pop_next1_31 IN {-1; 0; 1; 2}
  __csLOCAL_Pop_head2_31 IN {-1; 0; 1; 2}
  __csLOCAL_Pop___if_cond_32 IN {0; 1}
  __retval__Pop_12 IN {-1; 0; 1; 2}
  __csLOCAL_Pop___while_cond_11 IN {0; 1}
  __csLOCAL_Pop_head1_32 IN {-1; 0; 1; 2}
  __csLOCAL_Pop_next1_32 IN {-1; 0; 1; 2}
  __csLOCAL_Pop_head2_32 IN {-1; 0; 1; 2}
  __csLOCAL_Pop___if_cond_33 IN {0; 1}
  __csLOCAL_Pop_head1_33 IN {-1; 0; 1; 2}
  __csLOCAL_Pop_next1_33 IN {-1; 0; 1; 2}
  __csLOCAL_Pop_head2_33 IN {-1; 0; 1; 2}
  __csLOCAL_Pop___if_cond_34 IN {0; 1}
  __csLOCAL_Pop_head1_34 IN {-1; 0; 1; 2}
  __csLOCAL_Pop_next1_34 IN {-1; 0; 1; 2}
  __csLOCAL_Pop_head2_34 IN {-1; 0; 1; 2}
  __csLOCAL_Pop___if_cond_35 IN {0; 1}
  __csLOCALPARAM_Push_index_2 IN {0; 1; 2}
  __csLOCAL_Push_head1_2 IN {-1; 0; 1; 2}
  __csLOCAL_Push___cs_dowhile_onetime_4 IN {0; 1; 2; 3; 4}
  __csLOCAL_Push___while_cond_4 IN {0; 1}
  __csLOCAL_thread_i_1 IN [0..8]
  __csLOCAL_thread_idx_1 IN {0; 1; 2; 3}
  __csLOCAL_thread_elem_3 IN {-1; 0; 1; 2}
  __retval__Pop_13 IN {-1; 0; 1; 2}
  __csLOCAL_Pop___while_cond_12 IN {0; 1}
  __csLOCAL_Pop_head1_35 IN {-1; 0; 1; 2}
  __csLOCAL_Pop_next1_35 IN {-1; 0; 1; 2}
  __csLOCAL_Pop_head2_35 IN {-1; 0; 1; 2}
  __csLOCAL_Pop___if_cond_36 IN {0; 1}
  __csLOCAL_Pop_head1_36 IN {-1; 0; 1; 2}
  __csLOCAL_Pop_next1_36 IN {-1; 0; 1; 2}
  __csLOCAL_Pop_head2_36 IN {-1; 0; 1; 2}
  __csLOCAL_Pop___if_cond_37 IN {0; 1}
  __csLOCAL_Pop_head1_37 IN {-1; 0; 1; 2}
  __csLOCAL_Pop_next1_37 IN {-1; 0; 1; 2}
  __csLOCAL_Pop_head2_37 IN {-1; 0; 1; 2}
  __csLOCAL_Pop___if_cond_38 IN {0; 1}
  __retval__Pop_14 IN {-1; 0; 1; 2}
  __csLOCAL_Pop___while_cond_13 IN {0; 1}
  __csLOCAL_Pop_head1_38 IN {-1; 0; 1; 2}
  __csLOCAL_Pop_next1_38 IN {-1; 0; 1; 2}
  __csLOCAL_Pop_head2_38 IN {-1; 0; 1; 2}
  __csLOCAL_Pop___if_cond_39 IN {0; 1}
  __csLOCAL_Pop_head1_39 IN {-1; 0; 1; 2}
  __csLOCAL_Pop_next1_39 IN {-1; 0; 1; 2}
  __csLOCAL_Pop_head2_39 IN {-1; 0; 1; 2}
  __csLOCAL_Pop___if_cond_40 IN {0; 1}
  __csLOCAL_Pop_head1_40 IN {-1; 0; 1; 2}
  __csLOCAL_Pop_next1_40 IN {-1; 0; 1; 2}
  __csLOCAL_Pop_head2_40 IN {-1; 0; 1; 2}
  __csLOCAL_Pop___if_cond_41 IN {0; 1}
  __retval__Pop_15 IN {-1; 0; 1; 2}
  __csLOCAL_Pop___while_cond_14 IN {0; 1}
  __csLOCAL_Pop_head1_41 IN {-1; 0; 1; 2}
  __csLOCAL_Pop_next1_41 IN {-1; 0; 1; 2}
  __csLOCAL_Pop_head2_41 IN {-1; 0; 1; 2}
  __csLOCAL_Pop___if_cond_42 IN {0; 1}
  __csLOCAL_Pop_head1_42 IN {-1; 0; 1; 2}
  __csLOCAL_Pop_next1_42 IN {-1; 0; 1; 2}
  __csLOCAL_Pop_head2_42 IN {-1; 0; 1; 2}
  __csLOCAL_Pop___if_cond_43 IN {0; 1}
  __csLOCAL_Pop_head1_43 IN {-1; 0; 1; 2}
  __csLOCAL_Pop_next1_43 IN {-1; 0; 1; 2}
  __csLOCAL_Pop_head2_43 IN {-1; 0; 1; 2}
  __csLOCAL_Pop___if_cond_44 IN {0; 1}
  __csLOCALPARAM_Push_index_3 IN {0; 1; 2}
  __csLOCAL_Push_head1_3 IN {-1; 0; 1; 2}
  __csLOCAL_Push___cs_dowhile_onetime_5 IN {0; 1; 2; 3; 4}
  __csLOCAL_Push___while_cond_5 IN {0; 1}
  __csLOCAL_thread_elem_4 IN {-1; 0; 1; 2}
  __retval__Pop_16 IN {-1; 0; 1; 2}
  __csLOCAL_Pop___while_cond_15 IN {0; 1}
  __csLOCAL_Pop_head1_44 IN {-1; 0; 1; 2}
  __csLOCAL_Pop_next1_44 IN {-1; 0; 1; 2}
  __csLOCAL_Pop_head2_44 IN {-1; 0; 1; 2}
  __csLOCAL_Pop___if_cond_45 IN {0; 1}
  __csLOCAL_Pop_head1_45 IN {-1; 0; 1; 2}
  __csLOCAL_Pop_next1_45 IN {-1; 0; 1; 2}
  __csLOCAL_Pop_head2_45 IN {-1; 0; 1; 2}
  __csLOCAL_Pop___if_cond_46 IN {0; 1}
  __csLOCAL_Pop_head1_46 IN {-1; 0; 1; 2}
  __csLOCAL_Pop_next1_46 IN {-1; 0; 1; 2}
  __csLOCAL_Pop_head2_46 IN {-1; 0; 1; 2}
  __csLOCAL_Pop___if_cond_47 IN {0; 1}
  __retval__Pop_17 IN {-1; 0; 1; 2}
  __csLOCAL_Pop___while_cond_16 IN {0; 1}
  __csLOCAL_Pop_head1_47 IN {-1; 0; 1; 2}
  __csLOCAL_Pop_next1_47 IN {-1; 0; 1; 2}
  __csLOCAL_Pop_head2_47 IN {-1; 0; 1; 2}
  __csLOCAL_Pop___if_cond_48 IN {0; 1}
  __csLOCAL_Pop_head1_48 IN {-1; 0; 1; 2}
  __csLOCAL_Pop_next1_48 IN {-1; 0; 1; 2}
  __csLOCAL_Pop_head2_48 IN {-1; 0; 1; 2}
  __csLOCAL_Pop___if_cond_49 IN {0; 1}
  __csLOCAL_Pop_head1_49 IN {-1; 0; 1; 2}
  __csLOCAL_Pop_next1_49 IN {-1; 0; 1; 2}
  __csLOCAL_Pop_head2_49 IN {-1; 0; 1; 2}
  __csLOCAL_Pop___if_cond_50 IN {0; 1}
  __retval__Pop_18 IN {-1; 0; 1; 2}
  __csLOCAL_Pop___while_cond_17 IN {0; 1}
  __csLOCAL_Pop_head1_50 IN {-1; 0; 1; 2}
  __csLOCAL_Pop_next1_50 IN {-1; 0; 1; 2}
  __csLOCAL_Pop_head2_50 IN {-1; 0; 1; 2}
  __csLOCAL_Pop___if_cond_51 IN {0; 1}
  __csLOCAL_Pop_head1_51 IN {-1; 0; 1; 2}
  __csLOCAL_Pop_next1_51 IN {-1; 0; 1; 2}
  __csLOCAL_Pop_head2_51 IN {-1; 0; 1; 2}
  __csLOCAL_Pop___if_cond_52 IN {0; 1}
  __csLOCAL_Pop_head1_52 IN {-1; 0; 1; 2}
  __csLOCAL_Pop_next1_52 IN {-1; 0; 1; 2}
  __csLOCAL_Pop_head2_52 IN {-1; 0; 1; 2}
  __csLOCAL_Pop___if_cond_53 IN {0; 1}
  __csLOCALPARAM_Push_index_4 IN {0; 1; 2}
  __csLOCAL_Push_head1_4 IN {-1; 0; 1; 2}
  __csLOCAL_Push___cs_dowhile_onetime_6 IN {0; 1; 2; 3; 4}
  __csLOCAL_Push___while_cond_6 IN {0; 1}
  __csLOCAL_main_i IN {0; 1; 2; 3}
  __csLOCALPARAM_Init_pushCount IN {3}
  __csLOCAL_Init_i IN {2}
  __retres IN {0}
