CBMC version 5.3 64-bit x86_64 linux
Parsing regression/pointertranslation/_cs_SafeStack_seqcst_forCSEQ_staticmalloc.c._pp_.c
file <command-line> line 0: <command-line>:0:0: warning: "__STDC_VERSION__" redefined
file <command-line> line 0: <built-in>: note: this is the location of the previous definition
Converting
Type-checking _cs_SafeStack_seqcst_forCSEQ_staticmalloc.c._pp_
file regression/pointertranslation/_cs_SafeStack_seqcst_forCSEQ_staticmalloc.c._pp_.c line 567 function thread_0: function `assert' is not declared
Generating GOTO Program
Adding CPROVER library
file <command-line> line 0: <command-line>:0:0: warning: "__STDC_VERSION__" redefined
file <command-line> line 0: <built-in>: note: this is the location of the previous definition
Function Pointer Removal
Partial Inlining
Generic Property Instrumentation
Starting Bounded Model Checking
size of program expression: 65032 steps
simple slicing removed 721 assignments
Generated 24 VCC(s), 24 remaining after simplification
Passing problem to propositional reduction
converting SSA
Running propositional reduction
Post-processing
Solving with MiniSAT 2.2.0 with simplifier
3906293 variables, 16003773 clauses
SAT checker: negated claim is SATISFIABLE, i.e., does not hold
Runtime decision procedure: 8597.02s
Building error trace

Counterexample:

State 324 file regression/pointertranslation/_cs_SafeStack_seqcst_forCSEQ_staticmalloc.c._pp_.c line 2787 function main thread 0
----------------------------------------------------
  thread_index=0 (00000000000000000000000000000000)

State 328 file regression/pointertranslation/_cs_SafeStack_seqcst_forCSEQ_staticmalloc.c._pp_.c line 143 function guess_pc thread 0
----------------------------------------------------
  i=3 (00000011)

State 333 file regression/pointertranslation/_cs_SafeStack_seqcst_forCSEQ_staticmalloc.c._pp_.c line 2788 function main thread 0
----------------------------------------------------
  pc_cs=3 (000000011)

State 338 file regression/pointertranslation/_cs_SafeStack_seqcst_forCSEQ_staticmalloc.c._pp_.c line 2674 function main_thread thread 0
----------------------------------------------------
  __csLOCALPARAM_Init_pushCount=3 (00000000000000000000000000000011)

State 342 file regression/pointertranslation/_cs_SafeStack_seqcst_forCSEQ_staticmalloc.c._pp_.c line 2676 function main_thread thread 0
----------------------------------------------------
  size=24 (0000000000000000000000000000000000000000000000000000000000011000)

State 343 file regression/pointertranslation/_cs_SafeStack_seqcst_forCSEQ_staticmalloc.c._pp_.c line 126 function __cs_safe_malloc thread 0
----------------------------------------------------
  ptr=NULL (0000000000000000000000000000000000000000000000000000000000000000)

State 359 file <builtin-library-malloc> line 25 function malloc thread 0
----------------------------------------------------
  ptr=&dynamic_object1[0].Value (0000001000000000000000000000000000000000000000000000000000000000)

State 366 file regression/pointertranslation/_cs_SafeStack_seqcst_forCSEQ_staticmalloc.c._pp_.c line 2676 function main_thread thread 0
----------------------------------------------------
  stack.array=&dynamic_object1[0].Value (0000001000000000000000000000000000000000000000000000000000000000)

State 369 file regression/pointertranslation/_cs_SafeStack_seqcst_forCSEQ_staticmalloc.c._pp_.c line 2677 function main_thread thread 0
----------------------------------------------------
  __csLOCALPARAM___CS_atomic_store_obj=&stack.count (0000011000000000000000000000000000000000000000000000000000001100)

State 370 file regression/pointertranslation/_cs_SafeStack_seqcst_forCSEQ_staticmalloc.c._pp_.c line 2677 function main_thread thread 0
----------------------------------------------------
  __csLOCALPARAM___CS_atomic_store_v=3 (00000000000000000000000000000011)

State 371 file regression/pointertranslation/_cs_SafeStack_seqcst_forCSEQ_staticmalloc.c._pp_.c line 165 function __CS_atomic_store thread 0
----------------------------------------------------
  stack={ .array=&dynamic_object1[0].Value, .head=0, .count=3 } ({ 0000001000000000000000000000000000000000000000000000000000000000, 00000000000000000000000000000000, 00000000000000000000000000000011 })

State 375 file regression/pointertranslation/_cs_SafeStack_seqcst_forCSEQ_staticmalloc.c._pp_.c line 2678 function main_thread thread 0
----------------------------------------------------
  __csLOCALPARAM___CS_atomic_store_obj=&stack.head (0000011000000000000000000000000000000000000000000000000000001000)

State 376 file regression/pointertranslation/_cs_SafeStack_seqcst_forCSEQ_staticmalloc.c._pp_.c line 2678 function main_thread thread 0
----------------------------------------------------
  __csLOCALPARAM___CS_atomic_store_v=0 (00000000000000000000000000000000)

State 377 file regression/pointertranslation/_cs_SafeStack_seqcst_forCSEQ_staticmalloc.c._pp_.c line 165 function __CS_atomic_store thread 0
----------------------------------------------------
  stack={ .array=&dynamic_object1[0].Value, .head=0, .count=3 } ({ 0000001000000000000000000000000000000000000000000000000000000000, 00000000000000000000000000000000, 00000000000000000000000000000011 })

State 379 file regression/pointertranslation/_cs_SafeStack_seqcst_forCSEQ_staticmalloc.c._pp_.c line 2679 function main_thread thread 0
----------------------------------------------------
  __csLOCAL_Init_i=0 (00000000000000000000000000000000)

State 383 file regression/pointertranslation/_cs_SafeStack_seqcst_forCSEQ_staticmalloc.c._pp_.c line 2686 function main_thread thread 0
----------------------------------------------------
  __csLOCALPARAM___CS_atomic_store_obj=&dynamic_object1[0].Next (0000001000000000000000000000000000000000000000000000000000000100)

State 384 file regression/pointertranslation/_cs_SafeStack_seqcst_forCSEQ_staticmalloc.c._pp_.c line 2686 function main_thread thread 0
----------------------------------------------------
  __csLOCALPARAM___CS_atomic_store_v=1 (00000000000000000000000000000001)

State 385 file regression/pointertranslation/_cs_SafeStack_seqcst_forCSEQ_staticmalloc.c._pp_.c line 165 function __CS_atomic_store thread 0
----------------------------------------------------
  dynamic_object1={ { .Value=0, .Next=1 }, { .Value=1, .Next=0 }, { .Value=2, .Next=0 } } ({ { 00000000000000000000000000000000, 00000000000000000000000000000001 }, { 00000000000000000000000000000001, 00000000000000000000000000000000 }, { 00000000000000000000000000000010, 00000000000000000000000000000000 } })

State 387 file regression/pointertranslation/_cs_SafeStack_seqcst_forCSEQ_staticmalloc.c._pp_.c line 2688 function main_thread thread 0
----------------------------------------------------
  __csLOCAL_Init_i=1 (00000000000000000000000000000001)

State 391 file regression/pointertranslation/_cs_SafeStack_seqcst_forCSEQ_staticmalloc.c._pp_.c line 2695 function main_thread thread 0
----------------------------------------------------
  __csLOCALPARAM___CS_atomic_store_obj=&dynamic_object1[1].Next (0000001000000000000000000000000000000000000000000000000000001100)

State 392 file regression/pointertranslation/_cs_SafeStack_seqcst_forCSEQ_staticmalloc.c._pp_.c line 2695 function main_thread thread 0
----------------------------------------------------
  __csLOCALPARAM___CS_atomic_store_v=2 (00000000000000000000000000000010)

State 393 file regression/pointertranslation/_cs_SafeStack_seqcst_forCSEQ_staticmalloc.c._pp_.c line 165 function __CS_atomic_store thread 0
----------------------------------------------------
  dynamic_object1={ { .Value=0, .Next=1 }, { .Value=1, .Next=2 }, { .Value=2, .Next=0 } } ({ { 00000000000000000000000000000000, 00000000000000000000000000000001 }, { 00000000000000000000000000000001, 00000000000000000000000000000010 }, { 00000000000000000000000000000010, 00000000000000000000000000000000 } })

State 395 file regression/pointertranslation/_cs_SafeStack_seqcst_forCSEQ_staticmalloc.c._pp_.c line 2697 function main_thread thread 0
----------------------------------------------------
  __csLOCAL_Init_i=2 (00000000000000000000000000000010)

State 400 file regression/pointertranslation/_cs_SafeStack_seqcst_forCSEQ_staticmalloc.c._pp_.c line 2710 function main_thread thread 0
----------------------------------------------------
  __csLOCALPARAM___CS_atomic_store_obj=&dynamic_object1[2].Next (0000001000000000000000000000000000000000000000000000000000010100)

State 401 file regression/pointertranslation/_cs_SafeStack_seqcst_forCSEQ_staticmalloc.c._pp_.c line 2710 function main_thread thread 0
----------------------------------------------------
  __csLOCALPARAM___CS_atomic_store_v=-1 (11111111111111111111111111111111)

State 402 file regression/pointertranslation/_cs_SafeStack_seqcst_forCSEQ_staticmalloc.c._pp_.c line 165 function __CS_atomic_store thread 0
----------------------------------------------------
  dynamic_object1={ { .Value=0, .Next=1 }, { .Value=1, .Next=2 }, { .Value=2, .Next=-1 } } ({ { 00000000000000000000000000000000, 00000000000000000000000000000001 }, { 00000000000000000000000000000001, 00000000000000000000000000000010 }, { 00000000000000000000000000000010, 11111111111111111111111111111111 } })

State 405 file regression/pointertranslation/_cs_SafeStack_seqcst_forCSEQ_staticmalloc.c._pp_.c line 2715 function main_thread thread 0
----------------------------------------------------
  __csLOCAL_main_i=0 (00000000000000000000000000000000)

State 409 file regression/pointertranslation/_cs_SafeStack_seqcst_forCSEQ_staticmalloc.c._pp_.c line 2722 function main_thread thread 0
----------------------------------------------------
  id=threads (0000011100000000000000000000000000000000000000000000000000000000)

State 410 file regression/pointertranslation/_cs_SafeStack_seqcst_forCSEQ_staticmalloc.c._pp_.c line 2722 function main_thread thread 0
----------------------------------------------------
  attr=NULL (0000000000000000000000000000000000000000000000000000000000000000)

State 411 file regression/pointertranslation/_cs_SafeStack_seqcst_forCSEQ_staticmalloc.c._pp_.c line 2722 function main_thread thread 0
----------------------------------------------------
  t=thread_0 (0000100000000000000000000000000000000000000000000000000000000000)

State 412 file regression/pointertranslation/_cs_SafeStack_seqcst_forCSEQ_staticmalloc.c._pp_.c line 2722 function main_thread thread 0
----------------------------------------------------
  arg=NULL (0000000000000000000000000000000000000000000000000000000000000000)

State 413 file regression/pointertranslation/_cs_SafeStack_seqcst_forCSEQ_staticmalloc.c._pp_.c line 2722 function main_thread thread 0
----------------------------------------------------
  threadID=1 (00000000000000000000000000000001)

State 415 file regression/pointertranslation/_cs_SafeStack_seqcst_forCSEQ_staticmalloc.c._pp_.c line 88 function __cs_create thread 0
----------------------------------------------------
  threads[0]=1 (00000000000000000000000000000001)

State 416 file regression/pointertranslation/_cs_SafeStack_seqcst_forCSEQ_staticmalloc.c._pp_.c line 88 function __cs_create thread 0
----------------------------------------------------
  active_thread[1]=1 (1)

State 417 file regression/pointertranslation/_cs_SafeStack_seqcst_forCSEQ_staticmalloc.c._pp_.c line 88 function __cs_create thread 0
----------------------------------------------------
  threadargs[1]=NULL (0000000000000000000000000000000000000000000000000000000000000000)

State 420 file regression/pointertranslation/_cs_SafeStack_seqcst_forCSEQ_staticmalloc.c._pp_.c line 2724 function main_thread thread 0
----------------------------------------------------
  __csLOCAL_main_i=1 (00000000000000000000000000000001)

State 425 file regression/pointertranslation/_cs_SafeStack_seqcst_forCSEQ_staticmalloc.c._pp_.c line 2731 function main_thread thread 0
----------------------------------------------------
  id=threads + 1 (0000011100000000000000000000000000000000000000000000000000000100)

State 426 file regression/pointertranslation/_cs_SafeStack_seqcst_forCSEQ_staticmalloc.c._pp_.c line 2731 function main_thread thread 0
----------------------------------------------------
  attr=NULL (0000000000000000000000000000000000000000000000000000000000000000)

State 427 file regression/pointertranslation/_cs_SafeStack_seqcst_forCSEQ_staticmalloc.c._pp_.c line 2731 function main_thread thread 0
----------------------------------------------------
  t=thread_1 (0000100100000000000000000000000000000000000000000000000000000000)

State 428 file regression/pointertranslation/_cs_SafeStack_seqcst_forCSEQ_staticmalloc.c._pp_.c line 2731 function main_thread thread 0
----------------------------------------------------
  arg=NULL + 1 (0000000000000000000000000000000000000000000000000000000000000001)

State 429 file regression/pointertranslation/_cs_SafeStack_seqcst_forCSEQ_staticmalloc.c._pp_.c line 2731 function main_thread thread 0
----------------------------------------------------
  threadID=2 (00000000000000000000000000000010)

State 431 file regression/pointertranslation/_cs_SafeStack_seqcst_forCSEQ_staticmalloc.c._pp_.c line 88 function __cs_create thread 0
----------------------------------------------------
  threads[1]=2 (00000000000000000000000000000010)

State 432 file regression/pointertranslation/_cs_SafeStack_seqcst_forCSEQ_staticmalloc.c._pp_.c line 88 function __cs_create thread 0
----------------------------------------------------
  active_thread[2]=1 (1)

State 433 file regression/pointertranslation/_cs_SafeStack_seqcst_forCSEQ_staticmalloc.c._pp_.c line 88 function __cs_create thread 0
----------------------------------------------------
  threadargs[2]=NULL + 1 (0000000000000000000000000000000000000000000000000000000000000001)

State 436 file regression/pointertranslation/_cs_SafeStack_seqcst_forCSEQ_staticmalloc.c._pp_.c line 2733 function main_thread thread 0
----------------------------------------------------
  __csLOCAL_main_i=2 (00000000000000000000000000000010)

State 441 file regression/pointertranslation/_cs_SafeStack_seqcst_forCSEQ_staticmalloc.c._pp_.c line 2740 function main_thread thread 0
----------------------------------------------------
  id=threads + 2 (0000011100000000000000000000000000000000000000000000000000001000)

State 442 file regression/pointertranslation/_cs_SafeStack_seqcst_forCSEQ_staticmalloc.c._pp_.c line 2740 function main_thread thread 0
----------------------------------------------------
  attr=NULL (0000000000000000000000000000000000000000000000000000000000000000)

State 443 file regression/pointertranslation/_cs_SafeStack_seqcst_forCSEQ_staticmalloc.c._pp_.c line 2740 function main_thread thread 0
----------------------------------------------------
  t=thread_2 (0000101000000000000000000000000000000000000000000000000000000000)

State 444 file regression/pointertranslation/_cs_SafeStack_seqcst_forCSEQ_staticmalloc.c._pp_.c line 2740 function main_thread thread 0
----------------------------------------------------
  arg=NULL + 2 (0000000000000000000000000000000000000000000000000000000000000010)

State 445 file regression/pointertranslation/_cs_SafeStack_seqcst_forCSEQ_staticmalloc.c._pp_.c line 2740 function main_thread thread 0
----------------------------------------------------
  threadID=3 (00000000000000000000000000000011)

State 447 file regression/pointertranslation/_cs_SafeStack_seqcst_forCSEQ_staticmalloc.c._pp_.c line 88 function __cs_create thread 0
----------------------------------------------------
  threads[2]=3 (00000000000000000000000000000011)

State 448 file regression/pointertranslation/_cs_SafeStack_seqcst_forCSEQ_staticmalloc.c._pp_.c line 88 function __cs_create thread 0
----------------------------------------------------
  active_thread[3]=1 (1)

State 449 file regression/pointertranslation/_cs_SafeStack_seqcst_forCSEQ_staticmalloc.c._pp_.c line 88 function __cs_create thread 0
----------------------------------------------------
  threadargs[3]=NULL + 2 (0000000000000000000000000000000000000000000000000000000000000010)

State 452 file regression/pointertranslation/_cs_SafeStack_seqcst_forCSEQ_staticmalloc.c._pp_.c line 2742 function main_thread thread 0
----------------------------------------------------
  __csLOCAL_main_i=3 (00000000000000000000000000000011)

State 455 file regression/pointertranslation/_cs_SafeStack_seqcst_forCSEQ_staticmalloc.c._pp_.c line 2746 function main_thread thread 0
----------------------------------------------------
  __csLOCAL_main_i=0 (00000000000000000000000000000000)

State 463 file regression/pointertranslation/_cs_SafeStack_seqcst_forCSEQ_staticmalloc.c._pp_.c line 2791 function main thread 0
----------------------------------------------------
  pc[0]=3 (00000011)

State 464 file regression/pointertranslation/_cs_SafeStack_seqcst_forCSEQ_staticmalloc.c._pp_.c line 2793 function main thread 0
----------------------------------------------------
  thread_index=1 (00000000000000000000000000000001)

State 469 file regression/pointertranslation/_cs_SafeStack_seqcst_forCSEQ_staticmalloc.c._pp_.c line 143 function guess_pc thread 0
----------------------------------------------------
  i=3 (00000011)

State 474 file regression/pointertranslation/_cs_SafeStack_seqcst_forCSEQ_staticmalloc.c._pp_.c line 2795 function main thread 0
----------------------------------------------------
  pc_cs=3 (000000011)

State 478 file regression/pointertranslation/_cs_SafeStack_seqcst_forCSEQ_staticmalloc.c._pp_.c line 2797 function main thread 0
----------------------------------------------------
  __csLOCALPARAM_thread_arg=NULL (0000000000000000000000000000000000000000000000000000000000000000)

State 480 file regression/pointertranslation/_cs_SafeStack_seqcst_forCSEQ_staticmalloc.c._pp_.c line 220 function thread_0 thread 0
----------------------------------------------------
  __csLOCAL_thread_idx=0 (00000000000000000000000000000000)

State 481 file regression/pointertranslation/_cs_SafeStack_seqcst_forCSEQ_staticmalloc.c._pp_.c line 221 function thread_0 thread 0
----------------------------------------------------
  __csLOCAL_thread_i=0 (0000000000000000000000000000000000000000000000000000000000000000)

State 486 file regression/pointertranslation/_cs_SafeStack_seqcst_forCSEQ_staticmalloc.c._pp_.c line 228 function thread_0 thread 0
----------------------------------------------------
  __csLOCALPARAM___CS_atomic_load_obj=&stack.count (0000011000000000000000000000000000000000000000000000000000001100)

State 490 file regression/pointertranslation/_cs_SafeStack_seqcst_forCSEQ_staticmalloc.c._pp_.c line 228 function thread_0 thread 0
----------------------------------------------------
  __csLOCAL_Pop___while_cond_0=TRUE (00000001)

State 495 file regression/pointertranslation/_cs_SafeStack_seqcst_forCSEQ_staticmalloc.c._pp_.c line 236 function thread_0 thread 0
----------------------------------------------------
  __csLOCALPARAM___CS_atomic_load_obj=&stack.head (0000011000000000000000000000000000000000000000000000000000001000)

State 498 file regression/pointertranslation/_cs_SafeStack_seqcst_forCSEQ_staticmalloc.c._pp_.c line 236 function thread_0 thread 0
----------------------------------------------------
  __csLOCAL_Pop_head1=0 (00000000000000000000000000000000)

State 638 file regression/pointertranslation/_cs_SafeStack_seqcst_forCSEQ_staticmalloc.c._pp_.c line 2798 function main thread 0
----------------------------------------------------
  pc[1]=3 (00000011)

State 639 file regression/pointertranslation/_cs_SafeStack_seqcst_forCSEQ_staticmalloc.c._pp_.c line 2801 function main thread 0
----------------------------------------------------
  thread_index=2 (00000000000000000000000000000010)

State 644 file regression/pointertranslation/_cs_SafeStack_seqcst_forCSEQ_staticmalloc.c._pp_.c line 143 function guess_pc thread 0
----------------------------------------------------
  i=62 (00111110)

State 649 file regression/pointertranslation/_cs_SafeStack_seqcst_forCSEQ_staticmalloc.c._pp_.c line 2803 function main thread 0
----------------------------------------------------
  pc_cs=62 (000111110)

State 653 file regression/pointertranslation/_cs_SafeStack_seqcst_forCSEQ_staticmalloc.c._pp_.c line 2805 function main thread 0
----------------------------------------------------
  __csLOCALPARAM_thread_arg=NULL + 1 (0000000000000000000000000000000000000000000000000000000000000001)

State 655 file regression/pointertranslation/_cs_SafeStack_seqcst_forCSEQ_staticmalloc.c._pp_.c line 1039 function thread_1 thread 0
----------------------------------------------------
  __csLOCAL_thread_idx=1 (00000000000000000000000000000001)

State 656 file regression/pointertranslation/_cs_SafeStack_seqcst_forCSEQ_staticmalloc.c._pp_.c line 1040 function thread_1 thread 0
----------------------------------------------------
  __csLOCAL_thread_i=0 (0000000000000000000000000000000000000000000000000000000000000000)

State 661 file regression/pointertranslation/_cs_SafeStack_seqcst_forCSEQ_staticmalloc.c._pp_.c line 1047 function thread_1 thread 0
----------------------------------------------------
  __csLOCALPARAM___CS_atomic_load_obj=&stack.count (0000011000000000000000000000000000000000000000000000000000001100)

State 665 file regression/pointertranslation/_cs_SafeStack_seqcst_forCSEQ_staticmalloc.c._pp_.c line 1047 function thread_1 thread 0
----------------------------------------------------
  __csLOCAL_Pop___while_cond_0=TRUE (00000001)

State 670 file regression/pointertranslation/_cs_SafeStack_seqcst_forCSEQ_staticmalloc.c._pp_.c line 1055 function thread_1 thread 0
----------------------------------------------------
  __csLOCALPARAM___CS_atomic_load_obj=&stack.head (0000011000000000000000000000000000000000000000000000000000001000)

State 673 file regression/pointertranslation/_cs_SafeStack_seqcst_forCSEQ_staticmalloc.c._pp_.c line 1055 function thread_1 thread 0
----------------------------------------------------
  __csLOCAL_Pop_head1=0 (00000000000000000000000000000000)

State 677 file regression/pointertranslation/_cs_SafeStack_seqcst_forCSEQ_staticmalloc.c._pp_.c line 1057 function thread_1 thread 0
----------------------------------------------------
  __csLOCALPARAM___CS_atomic_exchange_obj=&dynamic_object1[0].Next (0000001000000000000000000000000000000000000000000000000000000100)

State 678 file regression/pointertranslation/_cs_SafeStack_seqcst_forCSEQ_staticmalloc.c._pp_.c line 1057 function thread_1 thread 0
----------------------------------------------------
  __csLOCALPARAM___CS_atomic_exchange_v=-1 (11111111111111111111111111111111)

State 679 file regression/pointertranslation/_cs_SafeStack_seqcst_forCSEQ_staticmalloc.c._pp_.c line 176 function __CS_atomic_exchange thread 0
----------------------------------------------------
  __csLOCAL___CS_atomic_exchange_t=1 (00000000000000000000000000000001)

State 680 file regression/pointertranslation/_cs_SafeStack_seqcst_forCSEQ_staticmalloc.c._pp_.c line 177 function __CS_atomic_exchange thread 0
----------------------------------------------------
  dynamic_object1={ { .Value=0, .Next=-1 }, { .Value=1, .Next=2 }, { .Value=2, .Next=-1 } } ({ { 00000000000000000000000000000000, 11111111111111111111111111111111 }, { 00000000000000000000000000000001, 00000000000000000000000000000010 }, { 00000000000000000000000000000010, 11111111111111111111111111111111 } })

State 683 file regression/pointertranslation/_cs_SafeStack_seqcst_forCSEQ_staticmalloc.c._pp_.c line 1057 function thread_1 thread 0
----------------------------------------------------
  __csLOCAL_Pop_next1=1 (00000000000000000000000000000001)

State 685 file regression/pointertranslation/_cs_SafeStack_seqcst_forCSEQ_staticmalloc.c._pp_.c line 1061 function thread_1 thread 0
----------------------------------------------------
  __csLOCAL_Pop_head2=0 (00000000000000000000000000000000)

State 689 file regression/pointertranslation/_cs_SafeStack_seqcst_forCSEQ_staticmalloc.c._pp_.c line 1063 function thread_1 thread 0
----------------------------------------------------
  __csLOCALPARAM___CS_atomic_compare_and_exchange_obj=&stack.head (0000011000000000000000000000000000000000000000000000000000001000)

State 690 file regression/pointertranslation/_cs_SafeStack_seqcst_forCSEQ_staticmalloc.c._pp_.c line 1063 function thread_1 thread 0
----------------------------------------------------
  __csLOCALPARAM___CS_atomic_compare_and_exchange_expected=&__csLOCAL_Pop_head2 (0001111100000000000000000000000000000000000000000000000000000000)

State 691 file regression/pointertranslation/_cs_SafeStack_seqcst_forCSEQ_staticmalloc.c._pp_.c line 1063 function thread_1 thread 0
----------------------------------------------------
  __csLOCALPARAM___CS_atomic_compare_and_exchange_desired=1 (00000000000000000000000000000001)

State 693 file regression/pointertranslation/_cs_SafeStack_seqcst_forCSEQ_staticmalloc.c._pp_.c line 185 function __CS_atomic_compare_and_exchange thread 0
----------------------------------------------------
  stack={ .array=&dynamic_object1[0].Value, .head=1, .count=3 } ({ 0000001000000000000000000000000000000000000000000000000000000000, 00000000000000000000000000000001, 00000000000000000000000000000011 })

State 697 file regression/pointertranslation/_cs_SafeStack_seqcst_forCSEQ_staticmalloc.c._pp_.c line 1063 function thread_1 thread 0
----------------------------------------------------
  __csLOCAL_Pop___if_cond_0=TRUE (00000001)

State 702 file regression/pointertranslation/_cs_SafeStack_seqcst_forCSEQ_staticmalloc.c._pp_.c line 1066 function thread_1 thread 0
----------------------------------------------------
  __csLOCALPARAM___CS_atomic_fetch_sub_obj=&stack.count (0000011000000000000000000000000000000000000000000000000000001100)

State 703 file regression/pointertranslation/_cs_SafeStack_seqcst_forCSEQ_staticmalloc.c._pp_.c line 1066 function thread_1 thread 0
----------------------------------------------------
  __csLOCALPARAM___CS_atomic_fetch_sub_v=1 (00000000000000000000000000000001)

State 704 file regression/pointertranslation/_cs_SafeStack_seqcst_forCSEQ_staticmalloc.c._pp_.c line 207 function __CS_atomic_fetch_sub thread 0
----------------------------------------------------
  __csLOCAL___CS_atomic_fetch_sub_old=3 (00000000000000000000000000000011)

State 705 file regression/pointertranslation/_cs_SafeStack_seqcst_forCSEQ_staticmalloc.c._pp_.c line 208 function __CS_atomic_fetch_sub thread 0
----------------------------------------------------
  stack={ .array=&dynamic_object1[0].Value, .head=1, .count=2 } ({ 0000001000000000000000000000000000000000000000000000000000000000, 00000000000000000000000000000001, 00000000000000000000000000000010 })

State 708 file regression/pointertranslation/_cs_SafeStack_seqcst_forCSEQ_staticmalloc.c._pp_.c line 1067 function thread_1 thread 0
----------------------------------------------------
  __retval__Pop_1=0 (00000000000000000000000000000000)

State 711 file regression/pointertranslation/_cs_SafeStack_seqcst_forCSEQ_staticmalloc.c._pp_.c line 1149 function thread_1 thread 0
----------------------------------------------------
  __csLOCAL_thread_elem=0 (00000000000000000000000000000000)

State 715 file regression/pointertranslation/_cs_SafeStack_seqcst_forCSEQ_staticmalloc.c._pp_.c line 1385 function thread_1 thread 0
----------------------------------------------------
  dynamic_object1[POINTER_OFFSET(stack.array + (long int)__csLOCAL_thread_elem) / 8].Value={ { .Value=1, .Next=-1 }, { .Value=1, .Next=2 }, { .Value=2, .Next=-1 } }[POINTER_OFFSET(&dynamic_object1[0].Value) / 8].Value (?)

State 718 file regression/pointertranslation/_cs_SafeStack_seqcst_forCSEQ_staticmalloc.c._pp_.c line 1389 function thread_1 thread 0
----------------------------------------------------
  __csLOCALPARAM_Push_index=0 (00000000000000000000000000000000)

State 722 file regression/pointertranslation/_cs_SafeStack_seqcst_forCSEQ_staticmalloc.c._pp_.c line 1391 function thread_1 thread 0
----------------------------------------------------
  __csLOCALPARAM___CS_atomic_load_obj=&stack.head (0000011000000000000000000000000000000000000000000000000000001000)

State 725 file regression/pointertranslation/_cs_SafeStack_seqcst_forCSEQ_staticmalloc.c._pp_.c line 1391 function thread_1 thread 0
----------------------------------------------------
  __csLOCAL_Push_head1=1 (00000000000000000000000000000001)

State 726 file regression/pointertranslation/_cs_SafeStack_seqcst_forCSEQ_staticmalloc.c._pp_.c line 1394 function thread_1 thread 0
----------------------------------------------------
  __csLOCAL_Push___cs_dowhile_onetime_1=0 (00000000000000000000000000000000)

State 730 file regression/pointertranslation/_cs_SafeStack_seqcst_forCSEQ_staticmalloc.c._pp_.c line 1396 function thread_1 thread 0
----------------------------------------------------
  __csLOCALPARAM___CS_atomic_store_obj=&dynamic_object1[0].Next (0000001000000000000000000000000000000000000000000000000000000100)

State 731 file regression/pointertranslation/_cs_SafeStack_seqcst_forCSEQ_staticmalloc.c._pp_.c line 1396 function thread_1 thread 0
----------------------------------------------------
  __csLOCALPARAM___CS_atomic_store_v=1 (00000000000000000000000000000001)

State 732 file regression/pointertranslation/_cs_SafeStack_seqcst_forCSEQ_staticmalloc.c._pp_.c line 165 function __CS_atomic_store thread 0
----------------------------------------------------
  dynamic_object1={ { .Value=1, .Next=1 }, { .Value=1, .Next=2 }, { .Value=2, .Next=-1 } } ({ { 00000000000000000000000000000001, 00000000000000000000000000000001 }, { 00000000000000000000000000000001, 00000000000000000000000000000010 }, { 00000000000000000000000000000010, 11111111111111111111111111111111 } })

State 734 file regression/pointertranslation/_cs_SafeStack_seqcst_forCSEQ_staticmalloc.c._pp_.c line 1398 function thread_1 thread 0
----------------------------------------------------
  __csLOCAL_Push___cs_dowhile_onetime_1=1 (00000000000000000000000000000001)

State 816 file regression/pointertranslation/_cs_SafeStack_seqcst_forCSEQ_staticmalloc.c._pp_.c line 2806 function main thread 0
----------------------------------------------------
  pc[2]=62 (00111110)

State 817 file regression/pointertranslation/_cs_SafeStack_seqcst_forCSEQ_staticmalloc.c._pp_.c line 2809 function main thread 0
----------------------------------------------------
  thread_index=3 (00000000000000000000000000000011)

State 822 file regression/pointertranslation/_cs_SafeStack_seqcst_forCSEQ_staticmalloc.c._pp_.c line 143 function guess_pc thread 0
----------------------------------------------------
  i=62 (00111110)

State 827 file regression/pointertranslation/_cs_SafeStack_seqcst_forCSEQ_staticmalloc.c._pp_.c line 2811 function main thread 0
----------------------------------------------------
  pc_cs=62 (000111110)

State 831 file regression/pointertranslation/_cs_SafeStack_seqcst_forCSEQ_staticmalloc.c._pp_.c line 2813 function main thread 0
----------------------------------------------------
  __csLOCALPARAM_thread_arg=NULL + 2 (0000000000000000000000000000000000000000000000000000000000000010)

State 833 file regression/pointertranslation/_cs_SafeStack_seqcst_forCSEQ_staticmalloc.c._pp_.c line 1856 function thread_2 thread 0
----------------------------------------------------
  __csLOCAL_thread_idx=2 (00000000000000000000000000000010)

State 834 file regression/pointertranslation/_cs_SafeStack_seqcst_forCSEQ_staticmalloc.c._pp_.c line 1857 function thread_2 thread 0
----------------------------------------------------
  __csLOCAL_thread_i=0 (0000000000000000000000000000000000000000000000000000000000000000)

State 839 file regression/pointertranslation/_cs_SafeStack_seqcst_forCSEQ_staticmalloc.c._pp_.c line 1864 function thread_2 thread 0
----------------------------------------------------
  __csLOCALPARAM___CS_atomic_load_obj=&stack.count (0000011000000000000000000000000000000000000000000000000000001100)

State 843 file regression/pointertranslation/_cs_SafeStack_seqcst_forCSEQ_staticmalloc.c._pp_.c line 1864 function thread_2 thread 0
----------------------------------------------------
  __csLOCAL_Pop___while_cond_0=TRUE (00000001)

State 848 file regression/pointertranslation/_cs_SafeStack_seqcst_forCSEQ_staticmalloc.c._pp_.c line 1872 function thread_2 thread 0
----------------------------------------------------
  __csLOCALPARAM___CS_atomic_load_obj=&stack.head (0000011000000000000000000000000000000000000000000000000000001000)

State 851 file regression/pointertranslation/_cs_SafeStack_seqcst_forCSEQ_staticmalloc.c._pp_.c line 1872 function thread_2 thread 0
----------------------------------------------------
  __csLOCAL_Pop_head1=1 (00000000000000000000000000000001)

State 855 file regression/pointertranslation/_cs_SafeStack_seqcst_forCSEQ_staticmalloc.c._pp_.c line 1874 function thread_2 thread 0
----------------------------------------------------
  __csLOCALPARAM___CS_atomic_exchange_obj=&dynamic_object1[1].Next (0000001000000000000000000000000000000000000000000000000000001100)

State 856 file regression/pointertranslation/_cs_SafeStack_seqcst_forCSEQ_staticmalloc.c._pp_.c line 1874 function thread_2 thread 0
----------------------------------------------------
  __csLOCALPARAM___CS_atomic_exchange_v=-1 (11111111111111111111111111111111)

State 857 file regression/pointertranslation/_cs_SafeStack_seqcst_forCSEQ_staticmalloc.c._pp_.c line 176 function __CS_atomic_exchange thread 0
----------------------------------------------------
  __csLOCAL___CS_atomic_exchange_t=2 (00000000000000000000000000000010)

State 858 file regression/pointertranslation/_cs_SafeStack_seqcst_forCSEQ_staticmalloc.c._pp_.c line 177 function __CS_atomic_exchange thread 0
----------------------------------------------------
  dynamic_object1={ { .Value=1, .Next=1 }, { .Value=1, .Next=-1 }, { .Value=2, .Next=-1 } } ({ { 00000000000000000000000000000001, 00000000000000000000000000000001 }, { 00000000000000000000000000000001, 11111111111111111111111111111111 }, { 00000000000000000000000000000010, 11111111111111111111111111111111 } })

State 861 file regression/pointertranslation/_cs_SafeStack_seqcst_forCSEQ_staticmalloc.c._pp_.c line 1874 function thread_2 thread 0
----------------------------------------------------
  __csLOCAL_Pop_next1=2 (00000000000000000000000000000010)

State 863 file regression/pointertranslation/_cs_SafeStack_seqcst_forCSEQ_staticmalloc.c._pp_.c line 1878 function thread_2 thread 0
----------------------------------------------------
  __csLOCAL_Pop_head2=1 (00000000000000000000000000000001)

State 867 file regression/pointertranslation/_cs_SafeStack_seqcst_forCSEQ_staticmalloc.c._pp_.c line 1880 function thread_2 thread 0
----------------------------------------------------
  __csLOCALPARAM___CS_atomic_compare_and_exchange_obj=&stack.head (0000011000000000000000000000000000000000000000000000000000001000)

State 868 file regression/pointertranslation/_cs_SafeStack_seqcst_forCSEQ_staticmalloc.c._pp_.c line 1880 function thread_2 thread 0
----------------------------------------------------
  __csLOCALPARAM___CS_atomic_compare_and_exchange_expected=&__csLOCAL_Pop_head2 (0011001100000000000000000000000000000000000000000000000000000000)

State 869 file regression/pointertranslation/_cs_SafeStack_seqcst_forCSEQ_staticmalloc.c._pp_.c line 1880 function thread_2 thread 0
----------------------------------------------------
  __csLOCALPARAM___CS_atomic_compare_and_exchange_desired=2 (00000000000000000000000000000010)

State 871 file regression/pointertranslation/_cs_SafeStack_seqcst_forCSEQ_staticmalloc.c._pp_.c line 185 function __CS_atomic_compare_and_exchange thread 0
----------------------------------------------------
  stack={ .array=&dynamic_object1[0].Value, .head=2, .count=2 } ({ 0000001000000000000000000000000000000000000000000000000000000000, 00000000000000000000000000000010, 00000000000000000000000000000010 })

State 875 file regression/pointertranslation/_cs_SafeStack_seqcst_forCSEQ_staticmalloc.c._pp_.c line 1880 function thread_2 thread 0
----------------------------------------------------
  __csLOCAL_Pop___if_cond_0=TRUE (00000001)

State 880 file regression/pointertranslation/_cs_SafeStack_seqcst_forCSEQ_staticmalloc.c._pp_.c line 1883 function thread_2 thread 0
----------------------------------------------------
  __csLOCALPARAM___CS_atomic_fetch_sub_obj=&stack.count (0000011000000000000000000000000000000000000000000000000000001100)

State 881 file regression/pointertranslation/_cs_SafeStack_seqcst_forCSEQ_staticmalloc.c._pp_.c line 1883 function thread_2 thread 0
----------------------------------------------------
  __csLOCALPARAM___CS_atomic_fetch_sub_v=1 (00000000000000000000000000000001)

State 882 file regression/pointertranslation/_cs_SafeStack_seqcst_forCSEQ_staticmalloc.c._pp_.c line 207 function __CS_atomic_fetch_sub thread 0
----------------------------------------------------
  __csLOCAL___CS_atomic_fetch_sub_old=2 (00000000000000000000000000000010)

State 883 file regression/pointertranslation/_cs_SafeStack_seqcst_forCSEQ_staticmalloc.c._pp_.c line 208 function __CS_atomic_fetch_sub thread 0
----------------------------------------------------
  stack={ .array=&dynamic_object1[0].Value, .head=2, .count=1 } ({ 0000001000000000000000000000000000000000000000000000000000000000, 00000000000000000000000000000010, 00000000000000000000000000000001 })

State 886 file regression/pointertranslation/_cs_SafeStack_seqcst_forCSEQ_staticmalloc.c._pp_.c line 1884 function thread_2 thread 0
----------------------------------------------------
  __retval__Pop_1=1 (00000000000000000000000000000001)

State 889 file regression/pointertranslation/_cs_SafeStack_seqcst_forCSEQ_staticmalloc.c._pp_.c line 1966 function thread_2 thread 0
----------------------------------------------------
  __csLOCAL_thread_elem=1 (00000000000000000000000000000001)

State 893 file regression/pointertranslation/_cs_SafeStack_seqcst_forCSEQ_staticmalloc.c._pp_.c line 2202 function thread_2 thread 0
----------------------------------------------------
  dynamic_object1[POINTER_OFFSET(stack.array + (long int)__csLOCAL_thread_elem) / 8].Value={ { .Value=1, .Next=1 }, { .Value=2, .Next=-1 }, { .Value=2, .Next=-1 } }[(8 + POINTER_OFFSET(&dynamic_object1[0].Value)) / 8].Value (?)

State 896 file regression/pointertranslation/_cs_SafeStack_seqcst_forCSEQ_staticmalloc.c._pp_.c line 2206 function thread_2 thread 0
----------------------------------------------------
  __csLOCALPARAM_Push_index=1 (00000000000000000000000000000001)

State 900 file regression/pointertranslation/_cs_SafeStack_seqcst_forCSEQ_staticmalloc.c._pp_.c line 2208 function thread_2 thread 0
----------------------------------------------------
  __csLOCALPARAM___CS_atomic_load_obj=&stack.head (0000011000000000000000000000000000000000000000000000000000001000)

State 903 file regression/pointertranslation/_cs_SafeStack_seqcst_forCSEQ_staticmalloc.c._pp_.c line 2208 function thread_2 thread 0
----------------------------------------------------
  __csLOCAL_Push_head1=2 (00000000000000000000000000000010)

State 904 file regression/pointertranslation/_cs_SafeStack_seqcst_forCSEQ_staticmalloc.c._pp_.c line 2211 function thread_2 thread 0
----------------------------------------------------
  __csLOCAL_Push___cs_dowhile_onetime_1=0 (00000000000000000000000000000000)

State 908 file regression/pointertranslation/_cs_SafeStack_seqcst_forCSEQ_staticmalloc.c._pp_.c line 2213 function thread_2 thread 0
----------------------------------------------------
  __csLOCALPARAM___CS_atomic_store_obj=&dynamic_object1[1].Next (0000001000000000000000000000000000000000000000000000000000001100)

State 909 file regression/pointertranslation/_cs_SafeStack_seqcst_forCSEQ_staticmalloc.c._pp_.c line 2213 function thread_2 thread 0
----------------------------------------------------
  __csLOCALPARAM___CS_atomic_store_v=2 (00000000000000000000000000000010)

State 910 file regression/pointertranslation/_cs_SafeStack_seqcst_forCSEQ_staticmalloc.c._pp_.c line 165 function __CS_atomic_store thread 0
----------------------------------------------------
  dynamic_object1={ { .Value=1, .Next=1 }, { .Value=2, .Next=2 }, { .Value=2, .Next=-1 } } ({ { 00000000000000000000000000000001, 00000000000000000000000000000001 }, { 00000000000000000000000000000010, 00000000000000000000000000000010 }, { 00000000000000000000000000000010, 11111111111111111111111111111111 } })

State 912 file regression/pointertranslation/_cs_SafeStack_seqcst_forCSEQ_staticmalloc.c._pp_.c line 2215 function thread_2 thread 0
----------------------------------------------------
  __csLOCAL_Push___cs_dowhile_onetime_1=1 (00000000000000000000000000000001)

State 994 file regression/pointertranslation/_cs_SafeStack_seqcst_forCSEQ_staticmalloc.c._pp_.c line 2814 function main thread 0
----------------------------------------------------
  pc[3]=62 (00111110)

State 995 file regression/pointertranslation/_cs_SafeStack_seqcst_forCSEQ_staticmalloc.c._pp_.c line 2818 function main thread 0
----------------------------------------------------
  thread_index=0 (00000000000000000000000000000000)

State 1000 file regression/pointertranslation/_cs_SafeStack_seqcst_forCSEQ_staticmalloc.c._pp_.c line 143 function guess_pc thread 0
----------------------------------------------------
  i=0 (00000000)

State 1005 file regression/pointertranslation/_cs_SafeStack_seqcst_forCSEQ_staticmalloc.c._pp_.c line 2820 function main thread 0
----------------------------------------------------
  pc_cs=3 (000000011)

State 1018 file regression/pointertranslation/_cs_SafeStack_seqcst_forCSEQ_staticmalloc.c._pp_.c line 2823 function main thread 0
----------------------------------------------------
  pc[0]=3 (00000011)

State 1019 file regression/pointertranslation/_cs_SafeStack_seqcst_forCSEQ_staticmalloc.c._pp_.c line 2826 function main thread 0
----------------------------------------------------
  thread_index=1 (00000000000000000000000000000001)

State 1024 file regression/pointertranslation/_cs_SafeStack_seqcst_forCSEQ_staticmalloc.c._pp_.c line 143 function guess_pc thread 0
----------------------------------------------------
  i=3 (00000011)

State 1029 file regression/pointertranslation/_cs_SafeStack_seqcst_forCSEQ_staticmalloc.c._pp_.c line 2828 function main thread 0
----------------------------------------------------
  pc_cs=6 (000000110)

State 1033 file regression/pointertranslation/_cs_SafeStack_seqcst_forCSEQ_staticmalloc.c._pp_.c line 2830 function main thread 0
----------------------------------------------------
  __csLOCALPARAM_thread_arg=NULL (0000000000000000000000000000000000000000000000000000000000000000)

State 1040 file regression/pointertranslation/_cs_SafeStack_seqcst_forCSEQ_staticmalloc.c._pp_.c line 238 function thread_0 thread 0
----------------------------------------------------
  __csLOCALPARAM___CS_atomic_exchange_obj=&dynamic_object1[0].Next (0000001000000000000000000000000000000000000000000000000000000100)

State 1041 file regression/pointertranslation/_cs_SafeStack_seqcst_forCSEQ_staticmalloc.c._pp_.c line 238 function thread_0 thread 0
----------------------------------------------------
  __csLOCALPARAM___CS_atomic_exchange_v=-1 (11111111111111111111111111111111)

State 1042 file regression/pointertranslation/_cs_SafeStack_seqcst_forCSEQ_staticmalloc.c._pp_.c line 176 function __CS_atomic_exchange thread 0
----------------------------------------------------
  __csLOCAL___CS_atomic_exchange_t=1 (00000000000000000000000000000001)

State 1043 file regression/pointertranslation/_cs_SafeStack_seqcst_forCSEQ_staticmalloc.c._pp_.c line 177 function __CS_atomic_exchange thread 0
----------------------------------------------------
  dynamic_object1={ { .Value=1, .Next=-1 }, { .Value=2, .Next=2 }, { .Value=2, .Next=-1 } } ({ { 00000000000000000000000000000001, 11111111111111111111111111111111 }, { 00000000000000000000000000000010, 00000000000000000000000000000010 }, { 00000000000000000000000000000010, 11111111111111111111111111111111 } })

State 1046 file regression/pointertranslation/_cs_SafeStack_seqcst_forCSEQ_staticmalloc.c._pp_.c line 238 function thread_0 thread 0
----------------------------------------------------
  __csLOCAL_Pop_next1=1 (00000000000000000000000000000001)

State 1048 file regression/pointertranslation/_cs_SafeStack_seqcst_forCSEQ_staticmalloc.c._pp_.c line 242 function thread_0 thread 0
----------------------------------------------------
  __csLOCAL_Pop_head2=0 (00000000000000000000000000000000)

State 1052 file regression/pointertranslation/_cs_SafeStack_seqcst_forCSEQ_staticmalloc.c._pp_.c line 244 function thread_0 thread 0
----------------------------------------------------
  __csLOCALPARAM___CS_atomic_compare_and_exchange_obj=&stack.head (0000011000000000000000000000000000000000000000000000000000001000)

State 1053 file regression/pointertranslation/_cs_SafeStack_seqcst_forCSEQ_staticmalloc.c._pp_.c line 244 function thread_0 thread 0
----------------------------------------------------
  __csLOCALPARAM___CS_atomic_compare_and_exchange_expected=&__csLOCAL_Pop_head2 (0000101100000000000000000000000000000000000000000000000000000000)

State 1054 file regression/pointertranslation/_cs_SafeStack_seqcst_forCSEQ_staticmalloc.c._pp_.c line 244 function thread_0 thread 0
----------------------------------------------------
  __csLOCALPARAM___CS_atomic_compare_and_exchange_desired=1 (00000000000000000000000000000001)

State 1056 file regression/pointertranslation/_cs_SafeStack_seqcst_forCSEQ_staticmalloc.c._pp_.c line 190 function __CS_atomic_compare_and_exchange thread 0
----------------------------------------------------
  __csLOCAL_Pop_head2=2 (00000000000000000000000000000010)

State 1060 file regression/pointertranslation/_cs_SafeStack_seqcst_forCSEQ_staticmalloc.c._pp_.c line 244 function thread_0 thread 0
----------------------------------------------------
  __csLOCAL_Pop___if_cond_0=FALSE (00000000)

State 1199 file regression/pointertranslation/_cs_SafeStack_seqcst_forCSEQ_staticmalloc.c._pp_.c line 2831 function main thread 0
----------------------------------------------------
  pc[1]=6 (00000110)

State 1200 file regression/pointertranslation/_cs_SafeStack_seqcst_forCSEQ_staticmalloc.c._pp_.c line 2834 function main thread 0
----------------------------------------------------
  thread_index=2 (00000000000000000000000000000010)

State 1205 file regression/pointertranslation/_cs_SafeStack_seqcst_forCSEQ_staticmalloc.c._pp_.c line 143 function guess_pc thread 0
----------------------------------------------------
  i=8 (00001000)

State 1210 file regression/pointertranslation/_cs_SafeStack_seqcst_forCSEQ_staticmalloc.c._pp_.c line 2836 function main thread 0
----------------------------------------------------
  pc_cs=70 (001000110)

State 1214 file regression/pointertranslation/_cs_SafeStack_seqcst_forCSEQ_staticmalloc.c._pp_.c line 2838 function main thread 0
----------------------------------------------------
  __csLOCALPARAM_thread_arg=NULL + 1 (0000000000000000000000000000000000000000000000000000000000000001)

State 1281 file regression/pointertranslation/_cs_SafeStack_seqcst_forCSEQ_staticmalloc.c._pp_.c line 1403 function thread_1 thread 0
----------------------------------------------------
  __csLOCALPARAM___CS_atomic_compare_and_exchange_obj=&stack.head (0000011000000000000000000000000000000000000000000000000000001000)

State 1282 file regression/pointertranslation/_cs_SafeStack_seqcst_forCSEQ_staticmalloc.c._pp_.c line 1403 function thread_1 thread 0
----------------------------------------------------
  __csLOCALPARAM___CS_atomic_compare_and_exchange_expected=&__csLOCAL_Push_head1 (0010100000000000000000000000000000000000000000000000000000000000)

State 1283 file regression/pointertranslation/_cs_SafeStack_seqcst_forCSEQ_staticmalloc.c._pp_.c line 1403 function thread_1 thread 0
----------------------------------------------------
  __csLOCALPARAM___CS_atomic_compare_and_exchange_desired=0 (00000000000000000000000000000000)

State 1285 file regression/pointertranslation/_cs_SafeStack_seqcst_forCSEQ_staticmalloc.c._pp_.c line 190 function __CS_atomic_compare_and_exchange thread 0
----------------------------------------------------
  __csLOCAL_Push_head1=2 (00000000000000000000000000000010)

State 1290 file regression/pointertranslation/_cs_SafeStack_seqcst_forCSEQ_staticmalloc.c._pp_.c line 1403 function thread_1 thread 0
----------------------------------------------------
  __csLOCAL_Push___while_cond_1=TRUE (00000001)

State 1295 file regression/pointertranslation/_cs_SafeStack_seqcst_forCSEQ_staticmalloc.c._pp_.c line 1410 function thread_1 thread 0
----------------------------------------------------
  __csLOCALPARAM___CS_atomic_store_obj=&dynamic_object1[0].Next (0000001000000000000000000000000000000000000000000000000000000100)

State 1296 file regression/pointertranslation/_cs_SafeStack_seqcst_forCSEQ_staticmalloc.c._pp_.c line 1410 function thread_1 thread 0
----------------------------------------------------
  __csLOCALPARAM___CS_atomic_store_v=2 (00000000000000000000000000000010)

State 1297 file regression/pointertranslation/_cs_SafeStack_seqcst_forCSEQ_staticmalloc.c._pp_.c line 165 function __CS_atomic_store thread 0
----------------------------------------------------
  dynamic_object1={ { .Value=1, .Next=2 }, { .Value=2, .Next=2 }, { .Value=2, .Next=-1 } } ({ { 00000000000000000000000000000001, 00000000000000000000000000000010 }, { 00000000000000000000000000000010, 00000000000000000000000000000010 }, { 00000000000000000000000000000010, 11111111111111111111111111111111 } })

State 1303 file regression/pointertranslation/_cs_SafeStack_seqcst_forCSEQ_staticmalloc.c._pp_.c line 1411 function thread_1 thread 0
----------------------------------------------------
  __csLOCALPARAM___CS_atomic_compare_and_exchange_obj=&stack.head (0000011000000000000000000000000000000000000000000000000000001000)

State 1304 file regression/pointertranslation/_cs_SafeStack_seqcst_forCSEQ_staticmalloc.c._pp_.c line 1411 function thread_1 thread 0
----------------------------------------------------
  __csLOCALPARAM___CS_atomic_compare_and_exchange_expected=&__csLOCAL_Push_head1 (0010100000000000000000000000000000000000000000000000000000000000)

State 1305 file regression/pointertranslation/_cs_SafeStack_seqcst_forCSEQ_staticmalloc.c._pp_.c line 1411 function thread_1 thread 0
----------------------------------------------------
  __csLOCALPARAM___CS_atomic_compare_and_exchange_desired=0 (00000000000000000000000000000000)

State 1307 file regression/pointertranslation/_cs_SafeStack_seqcst_forCSEQ_staticmalloc.c._pp_.c line 185 function __CS_atomic_compare_and_exchange thread 0
----------------------------------------------------
  stack={ .array=&dynamic_object1[0].Value, .head=0, .count=1 } ({ 0000001000000000000000000000000000000000000000000000000000000000, 00000000000000000000000000000000, 00000000000000000000000000000001 })

State 1312 file regression/pointertranslation/_cs_SafeStack_seqcst_forCSEQ_staticmalloc.c._pp_.c line 1411 function thread_1 thread 0
----------------------------------------------------
  __csLOCAL_Push___while_cond_1=FALSE (00000000)

State 1318 file regression/pointertranslation/_cs_SafeStack_seqcst_forCSEQ_staticmalloc.c._pp_.c line 1434 function thread_1 thread 0
----------------------------------------------------
  __csLOCALPARAM___CS_atomic_fetch_add_obj=&stack.count (0000011000000000000000000000000000000000000000000000000000001100)

State 1319 file regression/pointertranslation/_cs_SafeStack_seqcst_forCSEQ_staticmalloc.c._pp_.c line 1434 function thread_1 thread 0
----------------------------------------------------
  __csLOCALPARAM___CS_atomic_fetch_add_v=1 (00000000000000000000000000000001)

State 1320 file regression/pointertranslation/_cs_SafeStack_seqcst_forCSEQ_staticmalloc.c._pp_.c line 199 function __CS_atomic_fetch_add thread 0
----------------------------------------------------
  __csLOCAL___CS_atomic_fetch_add_old=1 (00000000000000000000000000000001)

State 1321 file regression/pointertranslation/_cs_SafeStack_seqcst_forCSEQ_staticmalloc.c._pp_.c line 200 function __CS_atomic_fetch_add thread 0
----------------------------------------------------
  stack={ .array=&dynamic_object1[0].Value, .head=0, .count=2 } ({ 0000001000000000000000000000000000000000000000000000000000000000, 00000000000000000000000000000000, 00000000000000000000000000000010 })

State 1325 file regression/pointertranslation/_cs_SafeStack_seqcst_forCSEQ_staticmalloc.c._pp_.c line 1440 function thread_1 thread 0
----------------------------------------------------
  __csLOCAL_thread_i=1 (0000000000000000000000000000000000000000000000000000000000000001)

State 1398 file regression/pointertranslation/_cs_SafeStack_seqcst_forCSEQ_staticmalloc.c._pp_.c line 2839 function main thread 0
----------------------------------------------------
  pc[2]=70 (01000110)

State 1399 file regression/pointertranslation/_cs_SafeStack_seqcst_forCSEQ_staticmalloc.c._pp_.c line 2842 function main thread 0
----------------------------------------------------
  thread_index=3 (00000000000000000000000000000011)

State 1404 file regression/pointertranslation/_cs_SafeStack_seqcst_forCSEQ_staticmalloc.c._pp_.c line 143 function guess_pc thread 0
----------------------------------------------------
  i=1 (00000001)

State 1409 file regression/pointertranslation/_cs_SafeStack_seqcst_forCSEQ_staticmalloc.c._pp_.c line 2844 function main thread 0
----------------------------------------------------
  pc_cs=63 (000111111)

State 1413 file regression/pointertranslation/_cs_SafeStack_seqcst_forCSEQ_staticmalloc.c._pp_.c line 2846 function main thread 0
----------------------------------------------------
  __csLOCALPARAM_thread_arg=NULL + 2 (0000000000000000000000000000000000000000000000000000000000000010)

State 1480 file regression/pointertranslation/_cs_SafeStack_seqcst_forCSEQ_staticmalloc.c._pp_.c line 2220 function thread_2 thread 0
----------------------------------------------------
  __csLOCALPARAM___CS_atomic_compare_and_exchange_obj=&stack.head (0000011000000000000000000000000000000000000000000000000000001000)

State 1481 file regression/pointertranslation/_cs_SafeStack_seqcst_forCSEQ_staticmalloc.c._pp_.c line 2220 function thread_2 thread 0
----------------------------------------------------
  __csLOCALPARAM___CS_atomic_compare_and_exchange_expected=&__csLOCAL_Push_head1 (0011110000000000000000000000000000000000000000000000000000000000)

State 1482 file regression/pointertranslation/_cs_SafeStack_seqcst_forCSEQ_staticmalloc.c._pp_.c line 2220 function thread_2 thread 0
----------------------------------------------------
  __csLOCALPARAM___CS_atomic_compare_and_exchange_desired=1 (00000000000000000000000000000001)

State 1484 file regression/pointertranslation/_cs_SafeStack_seqcst_forCSEQ_staticmalloc.c._pp_.c line 190 function __CS_atomic_compare_and_exchange thread 0
----------------------------------------------------
  __csLOCAL_Push_head1=0 (00000000000000000000000000000000)

State 1489 file regression/pointertranslation/_cs_SafeStack_seqcst_forCSEQ_staticmalloc.c._pp_.c line 2220 function thread_2 thread 0
----------------------------------------------------
  __csLOCAL_Push___while_cond_1=TRUE (00000001)

State 1570 file regression/pointertranslation/_cs_SafeStack_seqcst_forCSEQ_staticmalloc.c._pp_.c line 2847 function main thread 0
----------------------------------------------------
  pc[3]=63 (00111111)

State 1571 file regression/pointertranslation/_cs_SafeStack_seqcst_forCSEQ_staticmalloc.c._pp_.c line 2851 function main thread 0
----------------------------------------------------
  thread_index=0 (00000000000000000000000000000000)

State 1576 file regression/pointertranslation/_cs_SafeStack_seqcst_forCSEQ_staticmalloc.c._pp_.c line 143 function guess_pc thread 0
----------------------------------------------------
  i=0 (00000000)

State 1581 file regression/pointertranslation/_cs_SafeStack_seqcst_forCSEQ_staticmalloc.c._pp_.c line 2853 function main thread 0
----------------------------------------------------
  pc_cs=3 (000000011)

State 1594 file regression/pointertranslation/_cs_SafeStack_seqcst_forCSEQ_staticmalloc.c._pp_.c line 2856 function main thread 0
----------------------------------------------------
  pc[0]=3 (00000011)

State 1595 file regression/pointertranslation/_cs_SafeStack_seqcst_forCSEQ_staticmalloc.c._pp_.c line 2859 function main thread 0
----------------------------------------------------
  thread_index=1 (00000000000000000000000000000001)

State 1600 file regression/pointertranslation/_cs_SafeStack_seqcst_forCSEQ_staticmalloc.c._pp_.c line 143 function guess_pc thread 0
----------------------------------------------------
  i=5 (00000101)

State 1605 file regression/pointertranslation/_cs_SafeStack_seqcst_forCSEQ_staticmalloc.c._pp_.c line 2861 function main thread 0
----------------------------------------------------
  pc_cs=11 (000001011)

State 1609 file regression/pointertranslation/_cs_SafeStack_seqcst_forCSEQ_staticmalloc.c._pp_.c line 2863 function main thread 0
----------------------------------------------------
  __csLOCALPARAM_thread_arg=NULL (0000000000000000000000000000000000000000000000000000000000000000)

State 1619 file regression/pointertranslation/_cs_SafeStack_seqcst_forCSEQ_staticmalloc.c._pp_.c line 253 function thread_0 thread 0
----------------------------------------------------
  __csLOCALPARAM___CS_atomic_exchange_obj=&dynamic_object1[0].Next (0000001000000000000000000000000000000000000000000000000000000100)

State 1620 file regression/pointertranslation/_cs_SafeStack_seqcst_forCSEQ_staticmalloc.c._pp_.c line 253 function thread_0 thread 0
----------------------------------------------------
  __csLOCALPARAM___CS_atomic_exchange_v=1 (00000000000000000000000000000001)

State 1621 file regression/pointertranslation/_cs_SafeStack_seqcst_forCSEQ_staticmalloc.c._pp_.c line 176 function __CS_atomic_exchange thread 0
----------------------------------------------------
  __csLOCAL___CS_atomic_exchange_t=2 (00000000000000000000000000000010)

State 1622 file regression/pointertranslation/_cs_SafeStack_seqcst_forCSEQ_staticmalloc.c._pp_.c line 177 function __CS_atomic_exchange thread 0
----------------------------------------------------
  dynamic_object1={ { .Value=1, .Next=1 }, { .Value=2, .Next=2 }, { .Value=2, .Next=-1 } } ({ { 00000000000000000000000000000001, 00000000000000000000000000000001 }, { 00000000000000000000000000000010, 00000000000000000000000000000010 }, { 00000000000000000000000000000010, 11111111111111111111111111111111 } })

State 1631 file regression/pointertranslation/_cs_SafeStack_seqcst_forCSEQ_staticmalloc.c._pp_.c line 258 function thread_0 thread 0
----------------------------------------------------
  __csLOCALPARAM___CS_atomic_load_obj=&stack.count (0000011000000000000000000000000000000000000000000000000000001100)

State 1635 file regression/pointertranslation/_cs_SafeStack_seqcst_forCSEQ_staticmalloc.c._pp_.c line 258 function thread_0 thread 0
----------------------------------------------------
  __csLOCAL_Pop___while_cond_0=TRUE (00000001)

State 1640 file regression/pointertranslation/_cs_SafeStack_seqcst_forCSEQ_staticmalloc.c._pp_.c line 267 function thread_0 thread 0
----------------------------------------------------
  __csLOCALPARAM___CS_atomic_load_obj=&stack.head (0000011000000000000000000000000000000000000000000000000000001000)

State 1643 file regression/pointertranslation/_cs_SafeStack_seqcst_forCSEQ_staticmalloc.c._pp_.c line 267 function thread_0 thread 0
----------------------------------------------------
  __csLOCAL_Pop_head1=0 (00000000000000000000000000000000)

State 1647 file regression/pointertranslation/_cs_SafeStack_seqcst_forCSEQ_staticmalloc.c._pp_.c line 269 function thread_0 thread 0
----------------------------------------------------
  __csLOCALPARAM___CS_atomic_exchange_obj=&dynamic_object1[0].Next (0000001000000000000000000000000000000000000000000000000000000100)

State 1648 file regression/pointertranslation/_cs_SafeStack_seqcst_forCSEQ_staticmalloc.c._pp_.c line 269 function thread_0 thread 0
----------------------------------------------------
  __csLOCALPARAM___CS_atomic_exchange_v=-1 (11111111111111111111111111111111)

State 1649 file regression/pointertranslation/_cs_SafeStack_seqcst_forCSEQ_staticmalloc.c._pp_.c line 176 function __CS_atomic_exchange thread 0
----------------------------------------------------
  __csLOCAL___CS_atomic_exchange_t=1 (00000000000000000000000000000001)

State 1650 file regression/pointertranslation/_cs_SafeStack_seqcst_forCSEQ_staticmalloc.c._pp_.c line 177 function __CS_atomic_exchange thread 0
----------------------------------------------------
  dynamic_object1={ { .Value=1, .Next=-1 }, { .Value=2, .Next=2 }, { .Value=2, .Next=-1 } } ({ { 00000000000000000000000000000001, 11111111111111111111111111111111 }, { 00000000000000000000000000000010, 00000000000000000000000000000010 }, { 00000000000000000000000000000010, 11111111111111111111111111111111 } })

State 1653 file regression/pointertranslation/_cs_SafeStack_seqcst_forCSEQ_staticmalloc.c._pp_.c line 269 function thread_0 thread 0
----------------------------------------------------
  __csLOCAL_Pop_next1=1 (00000000000000000000000000000001)

State 1655 file regression/pointertranslation/_cs_SafeStack_seqcst_forCSEQ_staticmalloc.c._pp_.c line 273 function thread_0 thread 0
----------------------------------------------------
  __csLOCAL_Pop_head2=0 (00000000000000000000000000000000)

State 1659 file regression/pointertranslation/_cs_SafeStack_seqcst_forCSEQ_staticmalloc.c._pp_.c line 275 function thread_0 thread 0
----------------------------------------------------
  __csLOCALPARAM___CS_atomic_compare_and_exchange_obj=&stack.head (0000011000000000000000000000000000000000000000000000000000001000)

State 1660 file regression/pointertranslation/_cs_SafeStack_seqcst_forCSEQ_staticmalloc.c._pp_.c line 275 function thread_0 thread 0
----------------------------------------------------
  __csLOCALPARAM___CS_atomic_compare_and_exchange_expected=&__csLOCAL_Pop_head2 (0000110000000000000000000000000000000000000000000000000000000000)

State 1661 file regression/pointertranslation/_cs_SafeStack_seqcst_forCSEQ_staticmalloc.c._pp_.c line 275 function thread_0 thread 0
----------------------------------------------------
  __csLOCALPARAM___CS_atomic_compare_and_exchange_desired=1 (00000000000000000000000000000001)

State 1663 file regression/pointertranslation/_cs_SafeStack_seqcst_forCSEQ_staticmalloc.c._pp_.c line 185 function __CS_atomic_compare_and_exchange thread 0
----------------------------------------------------
  stack={ .array=&dynamic_object1[0].Value, .head=1, .count=2 } ({ 0000001000000000000000000000000000000000000000000000000000000000, 00000000000000000000000000000001, 00000000000000000000000000000010 })

State 1667 file regression/pointertranslation/_cs_SafeStack_seqcst_forCSEQ_staticmalloc.c._pp_.c line 275 function thread_0 thread 0
----------------------------------------------------
  __csLOCAL_Pop___if_cond_0=TRUE (00000001)

State 1800 file regression/pointertranslation/_cs_SafeStack_seqcst_forCSEQ_staticmalloc.c._pp_.c line 2864 function main thread 0
----------------------------------------------------
  pc[1]=11 (00001011)

State 1801 file regression/pointertranslation/_cs_SafeStack_seqcst_forCSEQ_staticmalloc.c._pp_.c line 2867 function main thread 0
----------------------------------------------------
  thread_index=2 (00000000000000000000000000000010)

State 1806 file regression/pointertranslation/_cs_SafeStack_seqcst_forCSEQ_staticmalloc.c._pp_.c line 143 function guess_pc thread 0
----------------------------------------------------
  i=58 (00111010)

State 1811 file regression/pointertranslation/_cs_SafeStack_seqcst_forCSEQ_staticmalloc.c._pp_.c line 2869 function main thread 0
----------------------------------------------------
  pc_cs=128 (010000000)

State 1815 file regression/pointertranslation/_cs_SafeStack_seqcst_forCSEQ_staticmalloc.c._pp_.c line 2871 function main thread 0
----------------------------------------------------
  __csLOCALPARAM_thread_arg=NULL + 1 (0000000000000000000000000000000000000000000000000000000000000001)

State 1890 file regression/pointertranslation/_cs_SafeStack_seqcst_forCSEQ_staticmalloc.c._pp_.c line 1447 function thread_1 thread 0
----------------------------------------------------
  __csLOCALPARAM___CS_atomic_load_obj=&stack.count (0000011000000000000000000000000000000000000000000000000000001100)

State 1894 file regression/pointertranslation/_cs_SafeStack_seqcst_forCSEQ_staticmalloc.c._pp_.c line 1447 function thread_1 thread 0
----------------------------------------------------
  __csLOCAL_Pop___while_cond_0=TRUE (00000001)

State 1899 file regression/pointertranslation/_cs_SafeStack_seqcst_forCSEQ_staticmalloc.c._pp_.c line 1455 function thread_1 thread 0
----------------------------------------------------
  __csLOCALPARAM___CS_atomic_load_obj=&stack.head (0000011000000000000000000000000000000000000000000000000000001000)

State 1902 file regression/pointertranslation/_cs_SafeStack_seqcst_forCSEQ_staticmalloc.c._pp_.c line 1455 function thread_1 thread 0
----------------------------------------------------
  __csLOCAL_Pop_head1=1 (00000000000000000000000000000001)

State 1906 file regression/pointertranslation/_cs_SafeStack_seqcst_forCSEQ_staticmalloc.c._pp_.c line 1457 function thread_1 thread 0
----------------------------------------------------
  __csLOCALPARAM___CS_atomic_exchange_obj=&dynamic_object1[1].Next (0000001000000000000000000000000000000000000000000000000000001100)

State 1907 file regression/pointertranslation/_cs_SafeStack_seqcst_forCSEQ_staticmalloc.c._pp_.c line 1457 function thread_1 thread 0
----------------------------------------------------
  __csLOCALPARAM___CS_atomic_exchange_v=-1 (11111111111111111111111111111111)

State 1908 file regression/pointertranslation/_cs_SafeStack_seqcst_forCSEQ_staticmalloc.c._pp_.c line 176 function __CS_atomic_exchange thread 0
----------------------------------------------------
  __csLOCAL___CS_atomic_exchange_t=2 (00000000000000000000000000000010)

State 1909 file regression/pointertranslation/_cs_SafeStack_seqcst_forCSEQ_staticmalloc.c._pp_.c line 177 function __CS_atomic_exchange thread 0
----------------------------------------------------
  dynamic_object1={ { .Value=1, .Next=-1 }, { .Value=2, .Next=-1 }, { .Value=2, .Next=-1 } } ({ { 00000000000000000000000000000001, 11111111111111111111111111111111 }, { 00000000000000000000000000000010, 11111111111111111111111111111111 }, { 00000000000000000000000000000010, 11111111111111111111111111111111 } })

State 1912 file regression/pointertranslation/_cs_SafeStack_seqcst_forCSEQ_staticmalloc.c._pp_.c line 1457 function thread_1 thread 0
----------------------------------------------------
  __csLOCAL_Pop_next1=2 (00000000000000000000000000000010)

State 1914 file regression/pointertranslation/_cs_SafeStack_seqcst_forCSEQ_staticmalloc.c._pp_.c line 1461 function thread_1 thread 0
----------------------------------------------------
  __csLOCAL_Pop_head2=1 (00000000000000000000000000000001)

State 1918 file regression/pointertranslation/_cs_SafeStack_seqcst_forCSEQ_staticmalloc.c._pp_.c line 1463 function thread_1 thread 0
----------------------------------------------------
  __csLOCALPARAM___CS_atomic_compare_and_exchange_obj=&stack.head (0000011000000000000000000000000000000000000000000000000000001000)

State 1919 file regression/pointertranslation/_cs_SafeStack_seqcst_forCSEQ_staticmalloc.c._pp_.c line 1463 function thread_1 thread 0
----------------------------------------------------
  __csLOCALPARAM___CS_atomic_compare_and_exchange_expected=&__csLOCAL_Pop_head2 (0010100100000000000000000000000000000000000000000000000000000000)

State 1920 file regression/pointertranslation/_cs_SafeStack_seqcst_forCSEQ_staticmalloc.c._pp_.c line 1463 function thread_1 thread 0
----------------------------------------------------
  __csLOCALPARAM___CS_atomic_compare_and_exchange_desired=2 (00000000000000000000000000000010)

State 1922 file regression/pointertranslation/_cs_SafeStack_seqcst_forCSEQ_staticmalloc.c._pp_.c line 185 function __CS_atomic_compare_and_exchange thread 0
----------------------------------------------------
  stack={ .array=&dynamic_object1[0].Value, .head=2, .count=2 } ({ 0000001000000000000000000000000000000000000000000000000000000000, 00000000000000000000000000000010, 00000000000000000000000000000010 })

State 1926 file regression/pointertranslation/_cs_SafeStack_seqcst_forCSEQ_staticmalloc.c._pp_.c line 1463 function thread_1 thread 0
----------------------------------------------------
  __csLOCAL_Pop___if_cond_0=TRUE (00000001)

State 1931 file regression/pointertranslation/_cs_SafeStack_seqcst_forCSEQ_staticmalloc.c._pp_.c line 1466 function thread_1 thread 0
----------------------------------------------------
  __csLOCALPARAM___CS_atomic_fetch_sub_obj=&stack.count (0000011000000000000000000000000000000000000000000000000000001100)

State 1932 file regression/pointertranslation/_cs_SafeStack_seqcst_forCSEQ_staticmalloc.c._pp_.c line 1466 function thread_1 thread 0
----------------------------------------------------
  __csLOCALPARAM___CS_atomic_fetch_sub_v=1 (00000000000000000000000000000001)

State 1933 file regression/pointertranslation/_cs_SafeStack_seqcst_forCSEQ_staticmalloc.c._pp_.c line 207 function __CS_atomic_fetch_sub thread 0
----------------------------------------------------
  __csLOCAL___CS_atomic_fetch_sub_old=2 (00000000000000000000000000000010)

State 1934 file regression/pointertranslation/_cs_SafeStack_seqcst_forCSEQ_staticmalloc.c._pp_.c line 208 function __CS_atomic_fetch_sub thread 0
----------------------------------------------------
  stack={ .array=&dynamic_object1[0].Value, .head=2, .count=1 } ({ 0000001000000000000000000000000000000000000000000000000000000000, 00000000000000000000000000000010, 00000000000000000000000000000001 })

State 1937 file regression/pointertranslation/_cs_SafeStack_seqcst_forCSEQ_staticmalloc.c._pp_.c line 1467 function thread_1 thread 0
----------------------------------------------------
  __retval__Pop_1=1 (00000000000000000000000000000001)

State 1940 file regression/pointertranslation/_cs_SafeStack_seqcst_forCSEQ_staticmalloc.c._pp_.c line 1549 function thread_1 thread 0
----------------------------------------------------
  __csLOCAL_thread_elem=1 (00000000000000000000000000000001)

State 1944 file regression/pointertranslation/_cs_SafeStack_seqcst_forCSEQ_staticmalloc.c._pp_.c line 1785 function thread_1 thread 0
----------------------------------------------------
  dynamic_object1[POINTER_OFFSET(stack.array + (long int)__csLOCAL_thread_elem) / 8].Value={ { .Value=1, .Next=-1 }, { .Value=1, .Next=-1 }, { .Value=2, .Next=-1 } }[(8 + POINTER_OFFSET(&dynamic_object1[0].Value)) / 8].Value (?)

State 1959 file regression/pointertranslation/_cs_SafeStack_seqcst_forCSEQ_staticmalloc.c._pp_.c line 2872 function main thread 0
----------------------------------------------------
  pc[2]=128 (10000000)

State 1960 file regression/pointertranslation/_cs_SafeStack_seqcst_forCSEQ_staticmalloc.c._pp_.c line 2875 function main thread 0
----------------------------------------------------
  thread_index=3 (00000000000000000000000000000011)

State 1965 file regression/pointertranslation/_cs_SafeStack_seqcst_forCSEQ_staticmalloc.c._pp_.c line 143 function guess_pc thread 0
----------------------------------------------------
  i=65 (01000001)

State 1970 file regression/pointertranslation/_cs_SafeStack_seqcst_forCSEQ_staticmalloc.c._pp_.c line 2877 function main thread 0
----------------------------------------------------
  pc_cs=128 (010000000)

State 1974 file regression/pointertranslation/_cs_SafeStack_seqcst_forCSEQ_staticmalloc.c._pp_.c line 2879 function main thread 0
----------------------------------------------------
  __csLOCALPARAM_thread_arg=NULL + 2 (0000000000000000000000000000000000000000000000000000000000000010)

State 2041 file regression/pointertranslation/_cs_SafeStack_seqcst_forCSEQ_staticmalloc.c._pp_.c line 2227 function thread_2 thread 0
----------------------------------------------------
  __csLOCALPARAM___CS_atomic_store_obj=&dynamic_object1[1].Next (0000001000000000000000000000000000000000000000000000000000001100)

State 2042 file regression/pointertranslation/_cs_SafeStack_seqcst_forCSEQ_staticmalloc.c._pp_.c line 2227 function thread_2 thread 0
----------------------------------------------------
  __csLOCALPARAM___CS_atomic_store_v=0 (00000000000000000000000000000000)

State 2043 file regression/pointertranslation/_cs_SafeStack_seqcst_forCSEQ_staticmalloc.c._pp_.c line 165 function __CS_atomic_store thread 0
----------------------------------------------------
  dynamic_object1={ { .Value=1, .Next=-1 }, { .Value=1, .Next=0 }, { .Value=2, .Next=-1 } } ({ { 00000000000000000000000000000001, 11111111111111111111111111111111 }, { 00000000000000000000000000000001, 00000000000000000000000000000000 }, { 00000000000000000000000000000010, 11111111111111111111111111111111 } })

State 2049 file regression/pointertranslation/_cs_SafeStack_seqcst_forCSEQ_staticmalloc.c._pp_.c line 2228 function thread_2 thread 0
----------------------------------------------------
  __csLOCALPARAM___CS_atomic_compare_and_exchange_obj=&stack.head (0000011000000000000000000000000000000000000000000000000000001000)

State 2050 file regression/pointertranslation/_cs_SafeStack_seqcst_forCSEQ_staticmalloc.c._pp_.c line 2228 function thread_2 thread 0
----------------------------------------------------
  __csLOCALPARAM___CS_atomic_compare_and_exchange_expected=&__csLOCAL_Push_head1 (0011110000000000000000000000000000000000000000000000000000000000)

State 2051 file regression/pointertranslation/_cs_SafeStack_seqcst_forCSEQ_staticmalloc.c._pp_.c line 2228 function thread_2 thread 0
----------------------------------------------------
  __csLOCALPARAM___CS_atomic_compare_and_exchange_desired=1 (00000000000000000000000000000001)

State 2053 file regression/pointertranslation/_cs_SafeStack_seqcst_forCSEQ_staticmalloc.c._pp_.c line 190 function __CS_atomic_compare_and_exchange thread 0
----------------------------------------------------
  __csLOCAL_Push_head1=2 (00000000000000000000000000000010)

State 2058 file regression/pointertranslation/_cs_SafeStack_seqcst_forCSEQ_staticmalloc.c._pp_.c line 2228 function thread_2 thread 0
----------------------------------------------------
  __csLOCAL_Push___while_cond_1=TRUE (00000001)

State 2063 file regression/pointertranslation/_cs_SafeStack_seqcst_forCSEQ_staticmalloc.c._pp_.c line 2236 function thread_2 thread 0
----------------------------------------------------
  __csLOCALPARAM___CS_atomic_store_obj=&dynamic_object1[1].Next (0000001000000000000000000000000000000000000000000000000000001100)

State 2064 file regression/pointertranslation/_cs_SafeStack_seqcst_forCSEQ_staticmalloc.c._pp_.c line 2236 function thread_2 thread 0
----------------------------------------------------
  __csLOCALPARAM___CS_atomic_store_v=2 (00000000000000000000000000000010)

State 2065 file regression/pointertranslation/_cs_SafeStack_seqcst_forCSEQ_staticmalloc.c._pp_.c line 165 function __CS_atomic_store thread 0
----------------------------------------------------
  dynamic_object1={ { .Value=1, .Next=-1 }, { .Value=1, .Next=2 }, { .Value=2, .Next=-1 } } ({ { 00000000000000000000000000000001, 11111111111111111111111111111111 }, { 00000000000000000000000000000001, 00000000000000000000000000000010 }, { 00000000000000000000000000000010, 11111111111111111111111111111111 } })

State 2071 file regression/pointertranslation/_cs_SafeStack_seqcst_forCSEQ_staticmalloc.c._pp_.c line 2237 function thread_2 thread 0
----------------------------------------------------
  __csLOCALPARAM___CS_atomic_compare_and_exchange_obj=&stack.head (0000011000000000000000000000000000000000000000000000000000001000)

State 2072 file regression/pointertranslation/_cs_SafeStack_seqcst_forCSEQ_staticmalloc.c._pp_.c line 2237 function thread_2 thread 0
----------------------------------------------------
  __csLOCALPARAM___CS_atomic_compare_and_exchange_expected=&__csLOCAL_Push_head1 (0011110000000000000000000000000000000000000000000000000000000000)

State 2073 file regression/pointertranslation/_cs_SafeStack_seqcst_forCSEQ_staticmalloc.c._pp_.c line 2237 function thread_2 thread 0
----------------------------------------------------
  __csLOCALPARAM___CS_atomic_compare_and_exchange_desired=1 (00000000000000000000000000000001)

State 2075 file regression/pointertranslation/_cs_SafeStack_seqcst_forCSEQ_staticmalloc.c._pp_.c line 185 function __CS_atomic_compare_and_exchange thread 0
----------------------------------------------------
  stack={ .array=&dynamic_object1[0].Value, .head=1, .count=1 } ({ 0000001000000000000000000000000000000000000000000000000000000000, 00000000000000000000000000000001, 00000000000000000000000000000001 })

State 2080 file regression/pointertranslation/_cs_SafeStack_seqcst_forCSEQ_staticmalloc.c._pp_.c line 2237 function thread_2 thread 0
----------------------------------------------------
  __csLOCAL_Push___while_cond_1=FALSE (00000000)

State 2086 file regression/pointertranslation/_cs_SafeStack_seqcst_forCSEQ_staticmalloc.c._pp_.c line 2251 function thread_2 thread 0
----------------------------------------------------
  __csLOCALPARAM___CS_atomic_fetch_add_obj=&stack.count (0000011000000000000000000000000000000000000000000000000000001100)

State 2087 file regression/pointertranslation/_cs_SafeStack_seqcst_forCSEQ_staticmalloc.c._pp_.c line 2251 function thread_2 thread 0
----------------------------------------------------
  __csLOCALPARAM___CS_atomic_fetch_add_v=1 (00000000000000000000000000000001)

State 2088 file regression/pointertranslation/_cs_SafeStack_seqcst_forCSEQ_staticmalloc.c._pp_.c line 199 function __CS_atomic_fetch_add thread 0
----------------------------------------------------
  __csLOCAL___CS_atomic_fetch_add_old=1 (00000000000000000000000000000001)

State 2089 file regression/pointertranslation/_cs_SafeStack_seqcst_forCSEQ_staticmalloc.c._pp_.c line 200 function __CS_atomic_fetch_add thread 0
----------------------------------------------------
  stack={ .array=&dynamic_object1[0].Value, .head=1, .count=2 } ({ 0000001000000000000000000000000000000000000000000000000000000000, 00000000000000000000000000000001, 00000000000000000000000000000010 })

State 2093 file regression/pointertranslation/_cs_SafeStack_seqcst_forCSEQ_staticmalloc.c._pp_.c line 2257 function thread_2 thread 0
----------------------------------------------------
  __csLOCAL_thread_i=1 (0000000000000000000000000000000000000000000000000000000000000001)

State 2098 file regression/pointertranslation/_cs_SafeStack_seqcst_forCSEQ_staticmalloc.c._pp_.c line 2264 function thread_2 thread 0
----------------------------------------------------
  __csLOCALPARAM___CS_atomic_load_obj=&stack.count (0000011000000000000000000000000000000000000000000000000000001100)

State 2102 file regression/pointertranslation/_cs_SafeStack_seqcst_forCSEQ_staticmalloc.c._pp_.c line 2264 function thread_2 thread 0
----------------------------------------------------
  __csLOCAL_Pop___while_cond_0=TRUE (00000001)

State 2107 file regression/pointertranslation/_cs_SafeStack_seqcst_forCSEQ_staticmalloc.c._pp_.c line 2272 function thread_2 thread 0
----------------------------------------------------
  __csLOCALPARAM___CS_atomic_load_obj=&stack.head (0000011000000000000000000000000000000000000000000000000000001000)

State 2110 file regression/pointertranslation/_cs_SafeStack_seqcst_forCSEQ_staticmalloc.c._pp_.c line 2272 function thread_2 thread 0
----------------------------------------------------
  __csLOCAL_Pop_head1=1 (00000000000000000000000000000001)

State 2114 file regression/pointertranslation/_cs_SafeStack_seqcst_forCSEQ_staticmalloc.c._pp_.c line 2274 function thread_2 thread 0
----------------------------------------------------
  __csLOCALPARAM___CS_atomic_exchange_obj=&dynamic_object1[1].Next (0000001000000000000000000000000000000000000000000000000000001100)

State 2115 file regression/pointertranslation/_cs_SafeStack_seqcst_forCSEQ_staticmalloc.c._pp_.c line 2274 function thread_2 thread 0
----------------------------------------------------
  __csLOCALPARAM___CS_atomic_exchange_v=-1 (11111111111111111111111111111111)

State 2116 file regression/pointertranslation/_cs_SafeStack_seqcst_forCSEQ_staticmalloc.c._pp_.c line 176 function __CS_atomic_exchange thread 0
----------------------------------------------------
  __csLOCAL___CS_atomic_exchange_t=2 (00000000000000000000000000000010)

State 2117 file regression/pointertranslation/_cs_SafeStack_seqcst_forCSEQ_staticmalloc.c._pp_.c line 177 function __CS_atomic_exchange thread 0
----------------------------------------------------
  dynamic_object1={ { .Value=1, .Next=-1 }, { .Value=1, .Next=-1 }, { .Value=2, .Next=-1 } } ({ { 00000000000000000000000000000001, 11111111111111111111111111111111 }, { 00000000000000000000000000000001, 11111111111111111111111111111111 }, { 00000000000000000000000000000010, 11111111111111111111111111111111 } })

State 2120 file regression/pointertranslation/_cs_SafeStack_seqcst_forCSEQ_staticmalloc.c._pp_.c line 2274 function thread_2 thread 0
----------------------------------------------------
  __csLOCAL_Pop_next1=2 (00000000000000000000000000000010)

State 2122 file regression/pointertranslation/_cs_SafeStack_seqcst_forCSEQ_staticmalloc.c._pp_.c line 2278 function thread_2 thread 0
----------------------------------------------------
  __csLOCAL_Pop_head2=1 (00000000000000000000000000000001)

State 2126 file regression/pointertranslation/_cs_SafeStack_seqcst_forCSEQ_staticmalloc.c._pp_.c line 2280 function thread_2 thread 0
----------------------------------------------------
  __csLOCALPARAM___CS_atomic_compare_and_exchange_obj=&stack.head (0000011000000000000000000000000000000000000000000000000000001000)

State 2127 file regression/pointertranslation/_cs_SafeStack_seqcst_forCSEQ_staticmalloc.c._pp_.c line 2280 function thread_2 thread 0
----------------------------------------------------
  __csLOCALPARAM___CS_atomic_compare_and_exchange_expected=&__csLOCAL_Pop_head2 (0011110100000000000000000000000000000000000000000000000000000000)

State 2128 file regression/pointertranslation/_cs_SafeStack_seqcst_forCSEQ_staticmalloc.c._pp_.c line 2280 function thread_2 thread 0
----------------------------------------------------
  __csLOCALPARAM___CS_atomic_compare_and_exchange_desired=2 (00000000000000000000000000000010)

State 2130 file regression/pointertranslation/_cs_SafeStack_seqcst_forCSEQ_staticmalloc.c._pp_.c line 185 function __CS_atomic_compare_and_exchange thread 0
----------------------------------------------------
  stack={ .array=&dynamic_object1[0].Value, .head=2, .count=2 } ({ 0000001000000000000000000000000000000000000000000000000000000000, 00000000000000000000000000000010, 00000000000000000000000000000010 })

State 2134 file regression/pointertranslation/_cs_SafeStack_seqcst_forCSEQ_staticmalloc.c._pp_.c line 2280 function thread_2 thread 0
----------------------------------------------------
  __csLOCAL_Pop___if_cond_0=TRUE (00000001)

State 2139 file regression/pointertranslation/_cs_SafeStack_seqcst_forCSEQ_staticmalloc.c._pp_.c line 2283 function thread_2 thread 0
----------------------------------------------------
  __csLOCALPARAM___CS_atomic_fetch_sub_obj=&stack.count (0000011000000000000000000000000000000000000000000000000000001100)

State 2140 file regression/pointertranslation/_cs_SafeStack_seqcst_forCSEQ_staticmalloc.c._pp_.c line 2283 function thread_2 thread 0
----------------------------------------------------
  __csLOCALPARAM___CS_atomic_fetch_sub_v=1 (00000000000000000000000000000001)

State 2141 file regression/pointertranslation/_cs_SafeStack_seqcst_forCSEQ_staticmalloc.c._pp_.c line 207 function __CS_atomic_fetch_sub thread 0
----------------------------------------------------
  __csLOCAL___CS_atomic_fetch_sub_old=2 (00000000000000000000000000000010)

State 2142 file regression/pointertranslation/_cs_SafeStack_seqcst_forCSEQ_staticmalloc.c._pp_.c line 208 function __CS_atomic_fetch_sub thread 0
----------------------------------------------------
  stack={ .array=&dynamic_object1[0].Value, .head=2, .count=1 } ({ 0000001000000000000000000000000000000000000000000000000000000000, 00000000000000000000000000000010, 00000000000000000000000000000001 })

State 2145 file regression/pointertranslation/_cs_SafeStack_seqcst_forCSEQ_staticmalloc.c._pp_.c line 2284 function thread_2 thread 0
----------------------------------------------------
  __retval__Pop_1=1 (00000000000000000000000000000001)

State 2148 file regression/pointertranslation/_cs_SafeStack_seqcst_forCSEQ_staticmalloc.c._pp_.c line 2366 function thread_2 thread 0
----------------------------------------------------
  __csLOCAL_thread_elem=1 (00000000000000000000000000000001)

State 2152 file regression/pointertranslation/_cs_SafeStack_seqcst_forCSEQ_staticmalloc.c._pp_.c line 2602 function thread_2 thread 0
----------------------------------------------------
  dynamic_object1[POINTER_OFFSET(stack.array + (long int)__csLOCAL_thread_elem) / 8].Value={ { .Value=1, .Next=-1 }, { .Value=2, .Next=-1 }, { .Value=2, .Next=-1 } }[(8 + POINTER_OFFSET(&dynamic_object1[0].Value)) / 8].Value (?)

State 2167 file regression/pointertranslation/_cs_SafeStack_seqcst_forCSEQ_staticmalloc.c._pp_.c line 2880 function main thread 0
----------------------------------------------------
  pc[3]=128 (10000000)

State 2168 file regression/pointertranslation/_cs_SafeStack_seqcst_forCSEQ_staticmalloc.c._pp_.c line 2884 function main thread 0
----------------------------------------------------
  thread_index=0 (00000000000000000000000000000000)

State 2173 file regression/pointertranslation/_cs_SafeStack_seqcst_forCSEQ_staticmalloc.c._pp_.c line 143 function guess_pc thread 0
----------------------------------------------------
  i=0 (00000000)

State 2178 file regression/pointertranslation/_cs_SafeStack_seqcst_forCSEQ_staticmalloc.c._pp_.c line 2886 function main thread 0
----------------------------------------------------
  pc_cs=3 (000000011)

State 2191 file regression/pointertranslation/_cs_SafeStack_seqcst_forCSEQ_staticmalloc.c._pp_.c line 2889 function main thread 0
----------------------------------------------------
  pc[0]=3 (00000011)

State 2192 file regression/pointertranslation/_cs_SafeStack_seqcst_forCSEQ_staticmalloc.c._pp_.c line 2892 function main thread 0
----------------------------------------------------
  thread_index=1 (00000000000000000000000000000001)

State 2197 file regression/pointertranslation/_cs_SafeStack_seqcst_forCSEQ_staticmalloc.c._pp_.c line 143 function guess_pc thread 0
----------------------------------------------------
  i=78 (01001110)

State 2202 file regression/pointertranslation/_cs_SafeStack_seqcst_forCSEQ_staticmalloc.c._pp_.c line 2894 function main thread 0
----------------------------------------------------
  pc_cs=89 (001011001)

State 2206 file regression/pointertranslation/_cs_SafeStack_seqcst_forCSEQ_staticmalloc.c._pp_.c line 2896 function main thread 0
----------------------------------------------------
  __csLOCALPARAM_thread_arg=NULL (0000000000000000000000000000000000000000000000000000000000000000)

State 2221 file regression/pointertranslation/_cs_SafeStack_seqcst_forCSEQ_staticmalloc.c._pp_.c line 278 function thread_0 thread 0
----------------------------------------------------
  __csLOCALPARAM___CS_atomic_fetch_sub_obj=&stack.count (0000011000000000000000000000000000000000000000000000000000001100)

State 2222 file regression/pointertranslation/_cs_SafeStack_seqcst_forCSEQ_staticmalloc.c._pp_.c line 278 function thread_0 thread 0
----------------------------------------------------
  __csLOCALPARAM___CS_atomic_fetch_sub_v=1 (00000000000000000000000000000001)

State 2223 file regression/pointertranslation/_cs_SafeStack_seqcst_forCSEQ_staticmalloc.c._pp_.c line 207 function __CS_atomic_fetch_sub thread 0
----------------------------------------------------
  __csLOCAL___CS_atomic_fetch_sub_old=1 (00000000000000000000000000000001)

State 2224 file regression/pointertranslation/_cs_SafeStack_seqcst_forCSEQ_staticmalloc.c._pp_.c line 208 function __CS_atomic_fetch_sub thread 0
----------------------------------------------------
  stack={ .array=&dynamic_object1[0].Value, .head=2, .count=0 } ({ 0000001000000000000000000000000000000000000000000000000000000000, 00000000000000000000000000000010, 00000000000000000000000000000000 })

State 2227 file regression/pointertranslation/_cs_SafeStack_seqcst_forCSEQ_staticmalloc.c._pp_.c line 279 function thread_0 thread 0
----------------------------------------------------
  __retval__Pop_1=0 (00000000000000000000000000000000)

State 2230 file regression/pointertranslation/_cs_SafeStack_seqcst_forCSEQ_staticmalloc.c._pp_.c line 330 function thread_0 thread 0
----------------------------------------------------
  __csLOCAL_thread_elem=0 (00000000000000000000000000000000)

State 2234 file regression/pointertranslation/_cs_SafeStack_seqcst_forCSEQ_staticmalloc.c._pp_.c line 566 function thread_0 thread 0
----------------------------------------------------
  dynamic_object1[POINTER_OFFSET(stack.array + (long int)__csLOCAL_thread_elem) / 8].Value={ { .Value=0, .Next=-1 }, { .Value=2, .Next=-1 }, { .Value=2, .Next=-1 } }[POINTER_OFFSET(&dynamic_object1[0].Value) / 8].Value (?)

State 2237 file regression/pointertranslation/_cs_SafeStack_seqcst_forCSEQ_staticmalloc.c._pp_.c line 570 function thread_0 thread 0
----------------------------------------------------
  __csLOCALPARAM_Push_index=0 (00000000000000000000000000000000)

State 2241 file regression/pointertranslation/_cs_SafeStack_seqcst_forCSEQ_staticmalloc.c._pp_.c line 572 function thread_0 thread 0
----------------------------------------------------
  __csLOCALPARAM___CS_atomic_load_obj=&stack.head (0000011000000000000000000000000000000000000000000000000000001000)

State 2244 file regression/pointertranslation/_cs_SafeStack_seqcst_forCSEQ_staticmalloc.c._pp_.c line 572 function thread_0 thread 0
----------------------------------------------------
  __csLOCAL_Push_head1=2 (00000000000000000000000000000010)

State 2245 file regression/pointertranslation/_cs_SafeStack_seqcst_forCSEQ_staticmalloc.c._pp_.c line 575 function thread_0 thread 0
----------------------------------------------------
  __csLOCAL_Push___cs_dowhile_onetime_1=0 (00000000000000000000000000000000)

State 2249 file regression/pointertranslation/_cs_SafeStack_seqcst_forCSEQ_staticmalloc.c._pp_.c line 577 function thread_0 thread 0
----------------------------------------------------
  __csLOCALPARAM___CS_atomic_store_obj=&dynamic_object1[0].Next (0000001000000000000000000000000000000000000000000000000000000100)

State 2250 file regression/pointertranslation/_cs_SafeStack_seqcst_forCSEQ_staticmalloc.c._pp_.c line 577 function thread_0 thread 0
----------------------------------------------------
  __csLOCALPARAM___CS_atomic_store_v=2 (00000000000000000000000000000010)

State 2251 file regression/pointertranslation/_cs_SafeStack_seqcst_forCSEQ_staticmalloc.c._pp_.c line 165 function __CS_atomic_store thread 0
----------------------------------------------------
  dynamic_object1={ { .Value=0, .Next=2 }, { .Value=2, .Next=-1 }, { .Value=2, .Next=-1 } } ({ { 00000000000000000000000000000000, 00000000000000000000000000000010 }, { 00000000000000000000000000000010, 11111111111111111111111111111111 }, { 00000000000000000000000000000010, 11111111111111111111111111111111 } })

State 2253 file regression/pointertranslation/_cs_SafeStack_seqcst_forCSEQ_staticmalloc.c._pp_.c line 579 function thread_0 thread 0
----------------------------------------------------
  __csLOCAL_Push___cs_dowhile_onetime_1=1 (00000000000000000000000000000001)

State 2260 file regression/pointertranslation/_cs_SafeStack_seqcst_forCSEQ_staticmalloc.c._pp_.c line 585 function thread_0 thread 0
----------------------------------------------------
  __csLOCALPARAM___CS_atomic_compare_and_exchange_obj=&stack.head (0000011000000000000000000000000000000000000000000000000000001000)

State 2261 file regression/pointertranslation/_cs_SafeStack_seqcst_forCSEQ_staticmalloc.c._pp_.c line 585 function thread_0 thread 0
----------------------------------------------------
  __csLOCALPARAM___CS_atomic_compare_and_exchange_expected=&__csLOCAL_Push_head1 (0001010000000000000000000000000000000000000000000000000000000000)

State 2262 file regression/pointertranslation/_cs_SafeStack_seqcst_forCSEQ_staticmalloc.c._pp_.c line 585 function thread_0 thread 0
----------------------------------------------------
  __csLOCALPARAM___CS_atomic_compare_and_exchange_desired=0 (00000000000000000000000000000000)

State 2264 file regression/pointertranslation/_cs_SafeStack_seqcst_forCSEQ_staticmalloc.c._pp_.c line 185 function __CS_atomic_compare_and_exchange thread 0
----------------------------------------------------
  stack={ .array=&dynamic_object1[0].Value, .head=0, .count=0 } ({ 0000001000000000000000000000000000000000000000000000000000000000, 00000000000000000000000000000000, 00000000000000000000000000000000 })

State 2269 file regression/pointertranslation/_cs_SafeStack_seqcst_forCSEQ_staticmalloc.c._pp_.c line 584 function thread_0 thread 0
----------------------------------------------------
  __csLOCAL_Push___while_cond_1=FALSE (00000000)

State 2275 file regression/pointertranslation/_cs_SafeStack_seqcst_forCSEQ_staticmalloc.c._pp_.c line 617 function thread_0 thread 0
----------------------------------------------------
  __csLOCALPARAM___CS_atomic_fetch_add_obj=&stack.count (0000011000000000000000000000000000000000000000000000000000001100)

State 2276 file regression/pointertranslation/_cs_SafeStack_seqcst_forCSEQ_staticmalloc.c._pp_.c line 617 function thread_0 thread 0
----------------------------------------------------
  __csLOCALPARAM___CS_atomic_fetch_add_v=1 (00000000000000000000000000000001)

State 2277 file regression/pointertranslation/_cs_SafeStack_seqcst_forCSEQ_staticmalloc.c._pp_.c line 199 function __CS_atomic_fetch_add thread 0
----------------------------------------------------
  __csLOCAL___CS_atomic_fetch_add_old=0 (00000000000000000000000000000000)

State 2278 file regression/pointertranslation/_cs_SafeStack_seqcst_forCSEQ_staticmalloc.c._pp_.c line 200 function __CS_atomic_fetch_add thread 0
----------------------------------------------------
  stack={ .array=&dynamic_object1[0].Value, .head=0, .count=1 } ({ 0000001000000000000000000000000000000000000000000000000000000000, 00000000000000000000000000000000, 00000000000000000000000000000001 })

State 2282 file regression/pointertranslation/_cs_SafeStack_seqcst_forCSEQ_staticmalloc.c._pp_.c line 623 function thread_0 thread 0
----------------------------------------------------
  __csLOCAL_thread_i=1 (0000000000000000000000000000000000000000000000000000000000000001)

State 2287 file regression/pointertranslation/_cs_SafeStack_seqcst_forCSEQ_staticmalloc.c._pp_.c line 630 function thread_0 thread 0
----------------------------------------------------
  __csLOCALPARAM___CS_atomic_load_obj=&stack.count (0000011000000000000000000000000000000000000000000000000000001100)

State 2291 file regression/pointertranslation/_cs_SafeStack_seqcst_forCSEQ_staticmalloc.c._pp_.c line 630 function thread_0 thread 0
----------------------------------------------------
  __csLOCAL_Pop___while_cond_0=FALSE (00000000)

State 2294 file regression/pointertranslation/_cs_SafeStack_seqcst_forCSEQ_staticmalloc.c._pp_.c line 727 function thread_0 thread 0
----------------------------------------------------
  __retval__Pop_1=-1 (11111111111111111111111111111111)

State 2296 file regression/pointertranslation/_cs_SafeStack_seqcst_forCSEQ_staticmalloc.c._pp_.c line 732 function thread_0 thread 0
----------------------------------------------------
  __csLOCAL_thread_elem=-1 (11111111111111111111111111111111)

State 2351 file regression/pointertranslation/_cs_SafeStack_seqcst_forCSEQ_staticmalloc.c._pp_.c line 2897 function main thread 0
----------------------------------------------------
  pc[1]=89 (01011001)

State 2352 file regression/pointertranslation/_cs_SafeStack_seqcst_forCSEQ_staticmalloc.c._pp_.c line 2900 function main thread 0
----------------------------------------------------
  thread_index=2 (00000000000000000000000000000010)

State 2357 file regression/pointertranslation/_cs_SafeStack_seqcst_forCSEQ_staticmalloc.c._pp_.c line 143 function guess_pc thread 0
----------------------------------------------------
  i=1 (00000001)

State 2362 file regression/pointertranslation/_cs_SafeStack_seqcst_forCSEQ_staticmalloc.c._pp_.c line 2902 function main thread 0
----------------------------------------------------
  pc_cs=129 (010000001)

State 2366 file regression/pointertranslation/_cs_SafeStack_seqcst_forCSEQ_staticmalloc.c._pp_.c line 2904 function main thread 0
----------------------------------------------------
  __csLOCALPARAM_thread_arg=NULL + 1 (0000000000000000000000000000000000000000000000000000000000000001)

Violated property:
  file regression/pointertranslation/_cs_SafeStack_seqcst_forCSEQ_staticmalloc.c._pp_.c line 1786 function thread_1
  assertion (stack.array + (signed long int)__csLOCAL_thread_elem)->Value == __csLOCAL_thread_idx
  (stack.array + (signed long int)__csLOCAL_thread_elem)->Value == __csLOCAL_thread_idx

VERIFICATION FAILED

real    145m9.500s
user    144m59.091s
sys 0m0.793s
