[kernel] Parsing FRAMAC_SHARE/libc/__fc_builtin_for_normalization.i (no preprocessing)
[kernel] Parsing regression/pointertranslation/_cs_SafeStack_seqcst_forCSEQ_split_further_static.c._pp_.c (with preprocessing)
[value] Analyzing a complete application starting at main
[value] Computing initial state
[value] Initial state computed
[value] using specification for function Frama_C_unsigned_int_interval
regression/pointertranslation/_cs_SafeStack_seqcst_forCSEQ_split_further_static.c._pp_.c:98:[value] Assertion got status valid.
regression/pointertranslation/_cs_SafeStack_seqcst_forCSEQ_split_further_static.c._pp_.c:1640:[value] entering loop for the first time
regression/pointertranslation/_cs_SafeStack_seqcst_forCSEQ_split_further_static.c._pp_.c:1671:[value] entering loop for the first time
regression/pointertranslation/_cs_SafeStack_seqcst_forCSEQ_split_further_static.c._pp_.c:1702:[value] entering loop for the first time
regression/pointertranslation/_cs_SafeStack_seqcst_forCSEQ_split_further_static.c._pp_.c:1710:[value] entering loop for the first time
regression/pointertranslation/_cs_SafeStack_seqcst_forCSEQ_split_further_static.c._pp_.c:2040:[value] entering loop for the first time
regression/pointertranslation/_cs_SafeStack_seqcst_forCSEQ_split_further_static.c._pp_.c:2071:[value] entering loop for the first time
regression/pointertranslation/_cs_SafeStack_seqcst_forCSEQ_split_further_static.c._pp_.c:2102:[value] entering loop for the first time
regression/pointertranslation/_cs_SafeStack_seqcst_forCSEQ_split_further_static.c._pp_.c:2110:[value] entering loop for the first time
regression/pointertranslation/_cs_SafeStack_seqcst_forCSEQ_split_further_static.c._pp_.c:2741:[value] entering loop for the first time
regression/pointertranslation/_cs_SafeStack_seqcst_forCSEQ_split_further_static.c._pp_.c:2772:[value] entering loop for the first time
regression/pointertranslation/_cs_SafeStack_seqcst_forCSEQ_split_further_static.c._pp_.c:2803:[value] entering loop for the first time
regression/pointertranslation/_cs_SafeStack_seqcst_forCSEQ_split_further_static.c._pp_.c:2807:[value] entering loop for the first time
regression/pointertranslation/_cs_SafeStack_seqcst_forCSEQ_split_further_static.c._pp_.c:2811:[value] entering loop for the first time
regression/pointertranslation/_cs_SafeStack_seqcst_forCSEQ_split_further_static.c._pp_.c:2854:[value] entering loop for the first time
regression/pointertranslation/_cs_SafeStack_seqcst_forCSEQ_split_further_static.c._pp_.c:2885:[value] entering loop for the first time
regression/pointertranslation/_cs_SafeStack_seqcst_forCSEQ_split_further_static.c._pp_.c:2916:[value] entering loop for the first time
regression/pointertranslation/_cs_SafeStack_seqcst_forCSEQ_split_further_static.c._pp_.c:2920:[value] entering loop for the first time
regression/pointertranslation/_cs_SafeStack_seqcst_forCSEQ_split_further_static.c._pp_.c:2924:[value] entering loop for the first time
regression/pointertranslation/_cs_SafeStack_seqcst_forCSEQ_split_further_static.c._pp_.c:2967:[value] entering loop for the first time
regression/pointertranslation/_cs_SafeStack_seqcst_forCSEQ_split_further_static.c._pp_.c:2998:[value] entering loop for the first time
regression/pointertranslation/_cs_SafeStack_seqcst_forCSEQ_split_further_static.c._pp_.c:3029:[value] entering loop for the first time
regression/pointertranslation/_cs_SafeStack_seqcst_forCSEQ_split_further_static.c._pp_.c:3033:[value] entering loop for the first time
regression/pointertranslation/_cs_SafeStack_seqcst_forCSEQ_split_further_static.c._pp_.c:3037:[value] entering loop for the first time
regression/pointertranslation/_cs_SafeStack_seqcst_forCSEQ_split_further_static.c._pp_.c:3048:[value] entering loop for the first time
regression/pointertranslation/_cs_SafeStack_seqcst_forCSEQ_split_further_static.c._pp_.c:3141:[value] entering loop for the first time
regression/pointertranslation/_cs_SafeStack_seqcst_forCSEQ_split_further_static.c._pp_.c:3172:[value] entering loop for the first time
regression/pointertranslation/_cs_SafeStack_seqcst_forCSEQ_split_further_static.c._pp_.c:3203:[value] entering loop for the first time
regression/pointertranslation/_cs_SafeStack_seqcst_forCSEQ_split_further_static.c._pp_.c:3207:[value] entering loop for the first time
regression/pointertranslation/_cs_SafeStack_seqcst_forCSEQ_split_further_static.c._pp_.c:3211:[value] entering loop for the first time
regression/pointertranslation/_cs_SafeStack_seqcst_forCSEQ_split_further_static.c._pp_.c:3254:[value] entering loop for the first time
[value] Semantic level unrolling superposing up to 100 states
regression/pointertranslation/_cs_SafeStack_seqcst_forCSEQ_split_further_static.c._pp_.c:3285:[value] entering loop for the first time
regression/pointertranslation/_cs_SafeStack_seqcst_forCSEQ_split_further_static.c._pp_.c:3316:[value] entering loop for the first time
regression/pointertranslation/_cs_SafeStack_seqcst_forCSEQ_split_further_static.c._pp_.c:3320:[value] entering loop for the first time
regression/pointertranslation/_cs_SafeStack_seqcst_forCSEQ_split_further_static.c._pp_.c:3324:[value] entering loop for the first time
regression/pointertranslation/_cs_SafeStack_seqcst_forCSEQ_split_further_static.c._pp_.c:3367:[value] entering loop for the first time
regression/pointertranslation/_cs_SafeStack_seqcst_forCSEQ_split_further_static.c._pp_.c:3398:[value] entering loop for the first time
regression/pointertranslation/_cs_SafeStack_seqcst_forCSEQ_split_further_static.c._pp_.c:3429:[value] entering loop for the first time
regression/pointertranslation/_cs_SafeStack_seqcst_forCSEQ_split_further_static.c._pp_.c:3433:[value] entering loop for the first time
regression/pointertranslation/_cs_SafeStack_seqcst_forCSEQ_split_further_static.c._pp_.c:3437:[value] entering loop for the first time
regression/pointertranslation/_cs_SafeStack_seqcst_forCSEQ_split_further_static.c._pp_.c:3448:[value] entering loop for the first time
regression/pointertranslation/_cs_SafeStack_seqcst_forCSEQ_split_further_static.c._pp_.c:3609:[value] entering loop for the first time
regression/pointertranslation/_cs_SafeStack_seqcst_forCSEQ_split_further_static.c._pp_.c:3689:[value] Assertion got status valid.
regression/pointertranslation/_cs_SafeStack_seqcst_forCSEQ_split_further_static.c._pp_.c:537:[value] entering loop for the first time
regression/pointertranslation/_cs_SafeStack_seqcst_forCSEQ_split_further_static.c._pp_.c:568:[value] entering loop for the first time
regression/pointertranslation/_cs_SafeStack_seqcst_forCSEQ_split_further_static.c._pp_.c:599:[value] entering loop for the first time
regression/pointertranslation/_cs_SafeStack_seqcst_forCSEQ_split_further_static.c._pp_.c:603:[value] entering loop for the first time
regression/pointertranslation/_cs_SafeStack_seqcst_forCSEQ_split_further_static.c._pp_.c:607:[value] entering loop for the first time
regression/pointertranslation/_cs_SafeStack_seqcst_forCSEQ_split_further_static.c._pp_.c:650:[value] entering loop for the first time
regression/pointertranslation/_cs_SafeStack_seqcst_forCSEQ_split_further_static.c._pp_.c:681:[value] entering loop for the first time
regression/pointertranslation/_cs_SafeStack_seqcst_forCSEQ_split_further_static.c._pp_.c:712:[value] entering loop for the first time
regression/pointertranslation/_cs_SafeStack_seqcst_forCSEQ_split_further_static.c._pp_.c:716:[value] entering loop for the first time
regression/pointertranslation/_cs_SafeStack_seqcst_forCSEQ_split_further_static.c._pp_.c:720:[value] entering loop for the first time
regression/pointertranslation/_cs_SafeStack_seqcst_forCSEQ_split_further_static.c._pp_.c:763:[value] entering loop for the first time
regression/pointertranslation/_cs_SafeStack_seqcst_forCSEQ_split_further_static.c._pp_.c:794:[value] entering loop for the first time
regression/pointertranslation/_cs_SafeStack_seqcst_forCSEQ_split_further_static.c._pp_.c:825:[value] entering loop for the first time
regression/pointertranslation/_cs_SafeStack_seqcst_forCSEQ_split_further_static.c._pp_.c:829:[value] entering loop for the first time
regression/pointertranslation/_cs_SafeStack_seqcst_forCSEQ_split_further_static.c._pp_.c:833:[value] entering loop for the first time
regression/pointertranslation/_cs_SafeStack_seqcst_forCSEQ_split_further_static.c._pp_.c:844:[value] entering loop for the first time
regression/pointertranslation/_cs_SafeStack_seqcst_forCSEQ_split_further_static.c._pp_.c:895:[value] entering loop for the first time
regression/pointertranslation/_cs_SafeStack_seqcst_forCSEQ_split_further_static.c._pp_.c:939:[value] entering loop for the first time
regression/pointertranslation/_cs_SafeStack_seqcst_forCSEQ_split_further_static.c._pp_.c:970:[value] entering loop for the first time
regression/pointertranslation/_cs_SafeStack_seqcst_forCSEQ_split_further_static.c._pp_.c:1001:[value] entering loop for the first time
regression/pointertranslation/_cs_SafeStack_seqcst_forCSEQ_split_further_static.c._pp_.c:1005:[value] entering loop for the first time
regression/pointertranslation/_cs_SafeStack_seqcst_forCSEQ_split_further_static.c._pp_.c:1009:[value] entering loop for the first time
regression/pointertranslation/_cs_SafeStack_seqcst_forCSEQ_split_further_static.c._pp_.c:1052:[value] entering loop for the first time
regression/pointertranslation/_cs_SafeStack_seqcst_forCSEQ_split_further_static.c._pp_.c:1083:[value] entering loop for the first time
regression/pointertranslation/_cs_SafeStack_seqcst_forCSEQ_split_further_static.c._pp_.c:1114:[value] entering loop for the first time
regression/pointertranslation/_cs_SafeStack_seqcst_forCSEQ_split_further_static.c._pp_.c:1118:[value] entering loop for the first time
regression/pointertranslation/_cs_SafeStack_seqcst_forCSEQ_split_further_static.c._pp_.c:1122:[value] entering loop for the first time
regression/pointertranslation/_cs_SafeStack_seqcst_forCSEQ_split_further_static.c._pp_.c:1165:[value] entering loop for the first time
regression/pointertranslation/_cs_SafeStack_seqcst_forCSEQ_split_further_static.c._pp_.c:1196:[value] entering loop for the first time
regression/pointertranslation/_cs_SafeStack_seqcst_forCSEQ_split_further_static.c._pp_.c:1227:[value] entering loop for the first time
regression/pointertranslation/_cs_SafeStack_seqcst_forCSEQ_split_further_static.c._pp_.c:1231:[value] entering loop for the first time
regression/pointertranslation/_cs_SafeStack_seqcst_forCSEQ_split_further_static.c._pp_.c:1235:[value] entering loop for the first time
regression/pointertranslation/_cs_SafeStack_seqcst_forCSEQ_split_further_static.c._pp_.c:1246:[value] entering loop for the first time
regression/pointertranslation/_cs_SafeStack_seqcst_forCSEQ_split_further_static.c._pp_.c:1295:[value] entering loop for the first time
regression/pointertranslation/_cs_SafeStack_seqcst_forCSEQ_split_further_static.c._pp_.c:3692:[value] Assertion got status valid.
regression/pointertranslation/_cs_SafeStack_seqcst_forCSEQ_split_further_static.c._pp_.c:3698:[value] Assertion got status valid.
regression/pointertranslation/_cs_SafeStack_seqcst_forCSEQ_split_further_static.c._pp_.c:172:[kernel] warning: out of bounds read.
                  assert \valid_read(__csLOCALPARAM___CS_atomic_exchange_obj);
regression/pointertranslation/_cs_SafeStack_seqcst_forCSEQ_split_further_static.c._pp_.c:1706:[value] entering loop for the first time
regression/pointertranslation/_cs_SafeStack_seqcst_forCSEQ_split_further_static.c._pp_.c:1753:[value] entering loop for the first time
regression/pointertranslation/_cs_SafeStack_seqcst_forCSEQ_split_further_static.c._pp_.c:1784:[value] entering loop for the first time
regression/pointertranslation/_cs_SafeStack_seqcst_forCSEQ_split_further_static.c._pp_.c:1815:[value] entering loop for the first time
regression/pointertranslation/_cs_SafeStack_seqcst_forCSEQ_split_further_static.c._pp_.c:1819:[value] entering loop for the first time
regression/pointertranslation/_cs_SafeStack_seqcst_forCSEQ_split_further_static.c._pp_.c:1823:[value] entering loop for the first time
regression/pointertranslation/_cs_SafeStack_seqcst_forCSEQ_split_further_static.c._pp_.c:1866:[value] entering loop for the first time
regression/pointertranslation/_cs_SafeStack_seqcst_forCSEQ_split_further_static.c._pp_.c:1897:[value] entering loop for the first time
regression/pointertranslation/_cs_SafeStack_seqcst_forCSEQ_split_further_static.c._pp_.c:1928:[value] entering loop for the first time
regression/pointertranslation/_cs_SafeStack_seqcst_forCSEQ_split_further_static.c._pp_.c:1932:[value] entering loop for the first time
regression/pointertranslation/_cs_SafeStack_seqcst_forCSEQ_split_further_static.c._pp_.c:1936:[value] entering loop for the first time
regression/pointertranslation/_cs_SafeStack_seqcst_forCSEQ_split_further_static.c._pp_.c:1947:[value] entering loop for the first time
regression/pointertranslation/_cs_SafeStack_seqcst_forCSEQ_split_further_static.c._pp_.c:1996:[value] entering loop for the first time
regression/pointertranslation/_cs_SafeStack_seqcst_forCSEQ_split_further_static.c._pp_.c:2106:[value] entering loop for the first time
regression/pointertranslation/_cs_SafeStack_seqcst_forCSEQ_split_further_static.c._pp_.c:2153:[value] entering loop for the first time
regression/pointertranslation/_cs_SafeStack_seqcst_forCSEQ_split_further_static.c._pp_.c:2184:[value] entering loop for the first time
regression/pointertranslation/_cs_SafeStack_seqcst_forCSEQ_split_further_static.c._pp_.c:2215:[value] entering loop for the first time
regression/pointertranslation/_cs_SafeStack_seqcst_forCSEQ_split_further_static.c._pp_.c:2219:[value] entering loop for the first time
regression/pointertranslation/_cs_SafeStack_seqcst_forCSEQ_split_further_static.c._pp_.c:2223:[value] entering loop for the first time
regression/pointertranslation/_cs_SafeStack_seqcst_forCSEQ_split_further_static.c._pp_.c:2266:[value] entering loop for the first time
regression/pointertranslation/_cs_SafeStack_seqcst_forCSEQ_split_further_static.c._pp_.c:2297:[value] entering loop for the first time
regression/pointertranslation/_cs_SafeStack_seqcst_forCSEQ_split_further_static.c._pp_.c:2328:[value] entering loop for the first time
regression/pointertranslation/_cs_SafeStack_seqcst_forCSEQ_split_further_static.c._pp_.c:2332:[value] entering loop for the first time
regression/pointertranslation/_cs_SafeStack_seqcst_forCSEQ_split_further_static.c._pp_.c:2336:[value] entering loop for the first time
regression/pointertranslation/_cs_SafeStack_seqcst_forCSEQ_split_further_static.c._pp_.c:2347:[value] entering loop for the first time
regression/pointertranslation/_cs_SafeStack_seqcst_forCSEQ_split_further_static.c._pp_.c:2396:[value] entering loop for the first time
regression/pointertranslation/_cs_SafeStack_seqcst_forCSEQ_split_further_static.c._pp_.c:3701:[value] Assertion got status valid.
regression/pointertranslation/_cs_SafeStack_seqcst_forCSEQ_split_further_static.c._pp_.c:3707:[value] Assertion got status valid.
regression/pointertranslation/_cs_SafeStack_seqcst_forCSEQ_split_further_static.c._pp_.c:3050:[kernel] warning: accessing out of bounds index {-1; 0; 1; 2}.
                  assert 0 <= __csLOCAL_thread_elem_3 < 3;
regression/pointertranslation/_cs_SafeStack_seqcst_forCSEQ_split_further_static.c._pp_.c:3051:[kernel] warning: accessing out of bounds index {-1; 0; 1; 2}.
                  assert 0 <= __csLOCAL_thread_elem_3 < 3;
regression/pointertranslation/_cs_SafeStack_seqcst_forCSEQ_split_further_static.c._pp_.c:3097:[value] entering loop for the first time
regression/pointertranslation/_cs_SafeStack_seqcst_forCSEQ_split_further_static.c._pp_.c:3450:[kernel] warning: accessing out of bounds index {-1; 0; 1; 2}.
                  assert 0 <= __csLOCAL_thread_elem_4 < 3;
regression/pointertranslation/_cs_SafeStack_seqcst_forCSEQ_split_further_static.c._pp_.c:3451:[kernel] warning: accessing out of bounds index {-1; 0; 1; 2}.
                  assert 0 <= __csLOCAL_thread_elem_4 < 3;
regression/pointertranslation/_cs_SafeStack_seqcst_forCSEQ_split_further_static.c._pp_.c:3497:[value] entering loop for the first time
regression/pointertranslation/_cs_SafeStack_seqcst_forCSEQ_split_further_static.c._pp_.c:3710:[value] Assertion got status valid.
regression/pointertranslation/_cs_SafeStack_seqcst_forCSEQ_split_further_static.c._pp_.c:97:[kernel] warning: out of bounds write. assert \valid(id);
regression/pointertranslation/_cs_SafeStack_seqcst_forCSEQ_split_further_static.c._pp_.c:3618:[kernel] warning: accessing out of bounds index {0; 1; 2; 3}. assert __csLOCAL_main_i < 3;
regression/pointertranslation/_cs_SafeStack_seqcst_forCSEQ_split_further_static.c._pp_.c:3627:[kernel] warning: accessing out of bounds index {0; 1; 2; 3}. assert __csLOCAL_main_i < 3;
regression/pointertranslation/_cs_SafeStack_seqcst_forCSEQ_split_further_static.c._pp_.c:3636:[kernel] warning: accessing out of bounds index {0; 1; 2; 3}. assert __csLOCAL_main_i < 3;
regression/pointertranslation/_cs_SafeStack_seqcst_forCSEQ_split_further_static.c._pp_.c:3640:[value] entering loop for the first time
regression/pointertranslation/_cs_SafeStack_seqcst_forCSEQ_split_further_static.c._pp_.c:3724:[value] Assertion got status valid.
regression/pointertranslation/_cs_SafeStack_seqcst_forCSEQ_split_further_static.c._pp_.c:846:[kernel] warning: accessing out of bounds index {-1; 0; 1; 2}.
                  assert 0 <= __csLOCAL_thread_elem < 3;
regression/pointertranslation/_cs_SafeStack_seqcst_forCSEQ_split_further_static.c._pp_.c:847:[kernel] warning: accessing out of bounds index {-1; 0; 1; 2}.
                  assert 0 <= __csLOCAL_thread_elem < 3;
regression/pointertranslation/_cs_SafeStack_seqcst_forCSEQ_split_further_static.c._pp_.c:1248:[kernel] warning: accessing out of bounds index {-1; 0; 1; 2}.
                  assert 0 <= __csLOCAL_thread_elem_0 < 3;
regression/pointertranslation/_cs_SafeStack_seqcst_forCSEQ_split_further_static.c._pp_.c:1249:[kernel] warning: accessing out of bounds index {-1; 0; 1; 2}.
                  assert 0 <= __csLOCAL_thread_elem_0 < 3;
regression/pointertranslation/_cs_SafeStack_seqcst_forCSEQ_split_further_static.c._pp_.c:3727:[value] Assertion got status valid.
regression/pointertranslation/_cs_SafeStack_seqcst_forCSEQ_split_further_static.c._pp_.c:3733:[value] Assertion got status valid.
regression/pointertranslation/_cs_SafeStack_seqcst_forCSEQ_split_further_static.c._pp_.c:1949:[kernel] warning: accessing out of bounds index {-1; 0; 1; 2}.
                  assert 0 <= __csLOCAL_thread_elem_1 < 3;
regression/pointertranslation/_cs_SafeStack_seqcst_forCSEQ_split_further_static.c._pp_.c:1950:[kernel] warning: accessing out of bounds index {-1; 0; 1; 2}.
                  assert 0 <= __csLOCAL_thread_elem_1 < 3;
regression/pointertranslation/_cs_SafeStack_seqcst_forCSEQ_split_further_static.c._pp_.c:2349:[kernel] warning: accessing out of bounds index {-1; 0; 1; 2}.
                  assert 0 <= __csLOCAL_thread_elem_2 < 3;
regression/pointertranslation/_cs_SafeStack_seqcst_forCSEQ_split_further_static.c._pp_.c:2350:[kernel] warning: accessing out of bounds index {-1; 0; 1; 2}.
                  assert 0 <= __csLOCAL_thread_elem_2 < 3;
regression/pointertranslation/_cs_SafeStack_seqcst_forCSEQ_split_further_static.c._pp_.c:3736:[value] Assertion got status valid.
regression/pointertranslation/_cs_SafeStack_seqcst_forCSEQ_split_further_static.c._pp_.c:3742:[value] Assertion got status valid.
regression/pointertranslation/_cs_SafeStack_seqcst_forCSEQ_split_further_static.c._pp_.c:3745:[value] Assertion got status valid.
regression/pointertranslation/_cs_SafeStack_seqcst_forCSEQ_split_further_static.c._pp_.c:3759:[value] Assertion got status valid.
regression/pointertranslation/_cs_SafeStack_seqcst_forCSEQ_split_further_static.c._pp_.c:3762:[value] Assertion got status valid.
regression/pointertranslation/_cs_SafeStack_seqcst_forCSEQ_split_further_static.c._pp_.c:3768:[value] Assertion got status valid.
regression/pointertranslation/_cs_SafeStack_seqcst_forCSEQ_split_further_static.c._pp_.c:3771:[value] Assertion got status valid.
regression/pointertranslation/_cs_SafeStack_seqcst_forCSEQ_split_further_static.c._pp_.c:3777:[value] Assertion got status valid.
regression/pointertranslation/_cs_SafeStack_seqcst_forCSEQ_split_further_static.c._pp_.c:3780:[value] Assertion got status valid.
regression/pointertranslation/_cs_SafeStack_seqcst_forCSEQ_split_further_static.c._pp_.c:3786:[value] Assertion got status valid.
[value] done for function main
regression/pointertranslation/_cs_SafeStack_seqcst_forCSEQ_split_further_static.c._pp_.c:846:[value] Assertion 'Value,index_bound' got final status valid.
regression/pointertranslation/_cs_SafeStack_seqcst_forCSEQ_split_further_static.c._pp_.c:847:[value] Assertion 'Value,index_bound' got final status valid.
regression/pointertranslation/_cs_SafeStack_seqcst_forCSEQ_split_further_static.c._pp_.c:1248:[value] Assertion 'Value,index_bound' got final status valid.
regression/pointertranslation/_cs_SafeStack_seqcst_forCSEQ_split_further_static.c._pp_.c:1249:[value] Assertion 'Value,index_bound' got final status valid.
regression/pointertranslation/_cs_SafeStack_seqcst_forCSEQ_split_further_static.c._pp_.c:1949:[value] Assertion 'Value,index_bound' got final status valid.
regression/pointertranslation/_cs_SafeStack_seqcst_forCSEQ_split_further_static.c._pp_.c:1950:[value] Assertion 'Value,index_bound' got final status valid.
regression/pointertranslation/_cs_SafeStack_seqcst_forCSEQ_split_further_static.c._pp_.c:2349:[value] Assertion 'Value,index_bound' got final status valid.
regression/pointertranslation/_cs_SafeStack_seqcst_forCSEQ_split_further_static.c._pp_.c:2350:[value] Assertion 'Value,index_bound' got final status valid.
regression/pointertranslation/_cs_SafeStack_seqcst_forCSEQ_split_further_static.c._pp_.c:3050:[value] Assertion 'Value,index_bound' got final status valid.
regression/pointertranslation/_cs_SafeStack_seqcst_forCSEQ_split_further_static.c._pp_.c:3051:[value] Assertion 'Value,index_bound' got final status valid.
regression/pointertranslation/_cs_SafeStack_seqcst_forCSEQ_split_further_static.c._pp_.c:3450:[value] Assertion 'Value,index_bound' got final status valid.
regression/pointertranslation/_cs_SafeStack_seqcst_forCSEQ_split_further_static.c._pp_.c:3451:[value] Assertion 'Value,index_bound' got final status valid.
[value] ====== VALUES COMPUTED ======
[value] Values at end of function __CS_atomic_compare_and_exchange:
  head IN {-1; 0; 1; 2}
  __csLOCAL_Pop_head2 IN {-1; 0; 1; 2}
  __csLOCAL_Pop_head2_0 IN {-1; 0; 1; 2}
  __csLOCAL_Pop_head2_1 IN {-1; 0; 1; 2}
  __csLOCAL_Pop_head2_2 IN {-1; 0; 1; 2}
  __csLOCAL_Pop_head2_3 IN {-1; 0; 1; 2}
  __csLOCAL_Pop_head2_4 IN {-1; 0; 1; 2}
  __csLOCAL_Pop_head2_5 IN {-1; 0; 1; 2}
  __csLOCAL_Pop_head2_6 IN {-1; 0; 1; 2}
  __csLOCAL_Pop_head2_7 IN {-1; 0; 1; 2}
  __csLOCAL_Push_head1 IN {-1; 0; 1; 2}
  __csLOCAL_Pop_head2_8 IN {-1; 0; 1; 2}
  __csLOCAL_Pop_head2_9 IN {-1; 0; 1; 2}
  __csLOCAL_Pop_head2_10 IN {-1; 0; 1; 2}
  __csLOCAL_Pop_head2_11 IN {-1; 0; 1; 2}
  __csLOCAL_Pop_head2_12 IN {-1; 0; 1; 2}
  __csLOCAL_Pop_head2_13 IN {-1; 0; 1; 2}
  __csLOCAL_Pop_head2_14 IN {-1; 0; 1; 2}
  __csLOCAL_Pop_head2_15 IN {-1; 0; 1; 2}
  __csLOCAL_Pop_head2_16 IN {-1; 0; 1; 2}
  __csLOCAL_Push_head1_0 IN {-1; 0; 1; 2}
  __csLOCAL_Pop_head2_17 IN {-1; 0; 1; 2}
  __csLOCAL_Pop_head2_18 IN {-1; 0; 1; 2}
  __csLOCAL_Pop_head2_19 IN {-1; 0; 1; 2}
  __csLOCAL_Pop_head2_20 IN {-1; 0; 1; 2}
  __csLOCAL_Pop_head2_21 IN {-1; 0; 1; 2}
  __csLOCAL_Pop_head2_22 IN {-1; 0; 1; 2}
  __csLOCAL_Pop_head2_23 IN {-1; 0; 1; 2}
  __csLOCAL_Pop_head2_24 IN {-1; 0; 1; 2}
  __csLOCAL_Pop_head2_25 IN {-1; 0; 1; 2}
  __csLOCAL_Push_head1_1 IN {-1; 0; 1; 2}
  __csLOCAL_Pop_head2_26 IN {-1; 0; 1; 2}
  __csLOCAL_Pop_head2_27 IN {-1; 0; 1; 2}
  __csLOCAL_Pop_head2_28 IN {-1; 0; 1; 2}
  __csLOCAL_Pop_head2_29 IN {-1; 0; 1; 2}
  __csLOCAL_Pop_head2_30 IN {-1; 0; 1; 2}
  __csLOCAL_Pop_head2_31 IN {-1; 0; 1; 2}
  __csLOCAL_Pop_head2_32 IN {-1; 0; 1; 2}
  __csLOCAL_Pop_head2_33 IN {-1; 0; 1; 2}
  __csLOCAL_Pop_head2_34 IN {-1; 0; 1; 2}
  __csLOCAL_Push_head1_2 IN {-1; 0; 1; 2}
  __csLOCAL_Pop_head2_35 IN {-1; 0; 1; 2}
  __csLOCAL_Pop_head2_36 IN {-1; 0; 1; 2}
  __csLOCAL_Pop_head2_37 IN {-1; 0; 1; 2}
  __csLOCAL_Pop_head2_38 IN {-1; 0; 1; 2}
  __csLOCAL_Pop_head2_39 IN {-1; 0; 1; 2}
  __csLOCAL_Pop_head2_40 IN {-1; 0; 1; 2}
  __csLOCAL_Pop_head2_41 IN {-1; 0; 1; 2}
  __csLOCAL_Pop_head2_42 IN {-1; 0; 1; 2}
  __csLOCAL_Pop_head2_43 IN {-1; 0; 1; 2}
  __csLOCAL_Push_head1_3 IN {-1; 0; 1; 2}
  __csLOCAL_Pop_head2_44 IN {-1; 0; 1; 2}
  __csLOCAL_Pop_head2_45 IN {-1; 0; 1; 2}
  __csLOCAL_Pop_head2_46 IN {-1; 0; 1; 2}
  __csLOCAL_Pop_head2_47 IN {-1; 0; 1; 2}
  __csLOCAL_Pop_head2_48 IN {-1; 0; 1; 2}
  __csLOCAL_Pop_head2_49 IN {-1; 0; 1; 2}
  __csLOCAL_Pop_head2_50 IN {-1; 0; 1; 2}
  __csLOCAL_Pop_head2_51 IN {-1; 0; 1; 2}
  __csLOCAL_Pop_head2_52 IN {-1; 0; 1; 2}
  __csLOCAL_Push_head1_4 IN {-1; 0; 1; 2}
  __retres IN {0; 1}
[value] Values at end of function __CS_atomic_exchange:
  array_Next[0..2] IN {-1; 0; 1; 2}
  __csLOCAL___CS_atomic_exchange_t IN {-1; 0; 1; 2}
[value] Values at end of function __CS_atomic_fetch_add:
  count IN [-48..23]
  __csLOCAL___CS_atomic_fetch_add_old IN [-49..22]
[value] Values at end of function __CS_atomic_fetch_sub:
  count IN [-49..21]
  __csLOCAL___CS_atomic_fetch_sub_old IN [-48..22]
[value] Values at end of function __CS_atomic_load:
  __retres IN [-48..22]
[value] Values at end of function __CS_atomic_store:
  array_Next[0..2] IN {-1; 0; 1; 2}
  head IN {-1; 0; 1; 2}
  count IN [-12..7]
[value] Values at end of function __cs_create:
  active_thread[0..1] IN {1}
               [2..3] IN {0; 1}
  threadargs[0..1] IN {0}
            [2..3] IN {0; 1; 2; 3}
  threads[0] IN {1; 2; 3}
         [1..2] IN {0; 2; 3}
  __retres IN {0}
[value] Values at end of function __cs_join:
  __retres IN {0}
[value] Values at end of function main_thread:
  active_thread[0..1] IN {1}
               [2..3] IN {0; 1}
  threadargs[0..1] IN {0}
            [2..3] IN {0; 1; 2; 3}
  threads[0] IN {1; 2; 3}
         [1..2] IN {0; 2; 3}
  array_Next[0..2] IN {-1; 0; 1; 2}
  head IN {-1; 0; 1; 2}
  count IN [-34..17]
  __csLOCAL_main_i IN {0; 1; 2; 3}
  __csLOCALPARAM_Init_pushCount IN {3}
  __csLOCAL_Init_i IN {2}
  __retres IN {0}
[value] Values at end of function thread_0:
  __FRAMAC_error IN {0; 1}
  array_Value[0..2] IN {0; 1; 2; 3}
  array_Next[0..2] IN {-1; 0; 1; 2}
  head IN {-1; 0; 1; 2}
  count IN [-39..19]
  __csLOCAL___CS_atomic_exchange_t IN {-1; 0; 1; 2}
  __csLOCAL___CS_atomic_fetch_add_old IN [-39..18]
  __csLOCAL___CS_atomic_fetch_sub_old IN [-38..18]
  __csLOCAL_thread_i IN [0..8]
  __csLOCAL_thread_idx IN {0}
  __csLOCAL_thread_elem IN {-1; 0; 1; 2}
  __retval__Pop_1 IN {-1; 0; 1; 2}
  __csLOCAL_Pop___while_cond_0 IN {0; 1}
  __csLOCAL_Pop_head1 IN {-1; 0; 1; 2}
  __csLOCAL_Pop_next1 IN {-1; 0; 1; 2}
  __csLOCAL_Pop_head2 IN {-1; 0; 1; 2}
  __csLOCAL_Pop___if_cond_0 IN {0; 1}
  __csLOCAL_Pop_head1_0 IN {-1; 0; 1; 2}
  __csLOCAL_Pop_next1_0 IN {-1; 0; 1; 2}
  __csLOCAL_Pop_head2_0 IN {-1; 0; 1; 2}
  __csLOCAL_Pop___if_cond_1 IN {0; 1}
  __csLOCAL_Pop_head1_1 IN {-1; 0; 1; 2}
  __csLOCAL_Pop_next1_1 IN {-1; 0; 1; 2}
  __csLOCAL_Pop_head2_1 IN {-1; 0; 1; 2}
  __csLOCAL_Pop___if_cond_2 IN {0; 1}
  __retval__Pop_2 IN {-1; 0; 1; 2}
  __csLOCAL_Pop___while_cond_1 IN {0; 1}
  __csLOCAL_Pop_head1_2 IN {-1; 0; 1; 2}
  __csLOCAL_Pop_next1_2 IN {-1; 0; 1; 2}
  __csLOCAL_Pop_head2_2 IN {-1; 0; 1; 2}
  __csLOCAL_Pop___if_cond_3 IN {0; 1}
  __csLOCAL_Pop_head1_3 IN {-1; 0; 1; 2}
  __csLOCAL_Pop_next1_3 IN {-1; 0; 1; 2}
  __csLOCAL_Pop_head2_3 IN {-1; 0; 1; 2}
  __csLOCAL_Pop___if_cond_4 IN {0; 1}
  __csLOCAL_Pop_head1_4 IN {-1; 0; 1; 2}
  __csLOCAL_Pop_next1_4 IN {-1; 0; 1; 2}
  __csLOCAL_Pop_head2_4 IN {-1; 0; 1; 2}
  __csLOCAL_Pop___if_cond_5 IN {0; 1}
  __retval__Pop_3 IN {-1; 0; 1; 2}
  __csLOCAL_Pop___while_cond_2 IN {0; 1}
  __csLOCAL_Pop_head1_5 IN {-1; 0; 1; 2}
  __csLOCAL_Pop_next1_5 IN {-1; 0; 1; 2}
  __csLOCAL_Pop_head2_5 IN {-1; 0; 1; 2}
  __csLOCAL_Pop___if_cond_6 IN {0; 1}
  __csLOCAL_Pop_head1_6 IN {-1; 0; 1; 2}
  __csLOCAL_Pop_next1_6 IN {-1; 0; 1; 2}
  __csLOCAL_Pop_head2_6 IN {-1; 0; 1; 2}
  __csLOCAL_Pop___if_cond_7 IN {0; 1}
  __csLOCAL_Pop_head1_7 IN {-1; 0; 1; 2}
  __csLOCAL_Pop_next1_7 IN {-1; 0; 1; 2}
  __csLOCAL_Pop_head2_7 IN {-1; 0; 1; 2}
  __csLOCAL_Pop___if_cond_8 IN {0; 1}
  __csLOCALPARAM_Push_index IN {0; 1; 2}
  __csLOCAL_Push_head1 IN {-1; 0; 1; 2}
  __csLOCAL_Push___cs_dowhile_onetime_1 IN {0; 1; 2; 3; 4}
  __csLOCAL_Push___while_cond_1 IN {0; 1}
  __csLOCAL_thread_elem_0 IN {-1; 0; 1; 2}
  __retval__Pop_4 IN {-1; 0; 1; 2}
  __csLOCAL_Pop___while_cond_3 IN {0; 1}
  __csLOCAL_Pop_head1_8 IN {-1; 0; 1; 2}
  __csLOCAL_Pop_next1_8 IN {-1; 0; 1; 2}
  __csLOCAL_Pop_head2_8 IN {-1; 0; 1; 2}
  __csLOCAL_Pop___if_cond_9 IN {0; 1}
  __csLOCAL_Pop_head1_9 IN {-1; 0; 1; 2}
  __csLOCAL_Pop_next1_9 IN {-1; 0; 1; 2}
  __csLOCAL_Pop_head2_9 IN {-1; 0; 1; 2}
  __csLOCAL_Pop___if_cond_10 IN {0; 1}
  __csLOCAL_Pop_head1_10 IN {-1; 0; 1; 2}
  __csLOCAL_Pop_next1_10 IN {-1; 0; 1; 2}
  __csLOCAL_Pop_head2_10 IN {-1; 0; 1; 2}
  __csLOCAL_Pop___if_cond_11 IN {0; 1}
  __retval__Pop_5 IN {-1; 0; 1; 2}
  __csLOCAL_Pop___while_cond_4 IN {0; 1}
  __csLOCAL_Pop_head1_11 IN {-1; 0; 1; 2}
  __csLOCAL_Pop_next1_11 IN {-1; 0; 1; 2}
  __csLOCAL_Pop_head2_11 IN {-1; 0; 1; 2}
  __csLOCAL_Pop___if_cond_12 IN {0; 1}
  __csLOCAL_Pop_head1_12 IN {-1; 0; 1; 2}
  __csLOCAL_Pop_next1_12 IN {-1; 0; 1; 2}
  __csLOCAL_Pop_head2_12 IN {-1; 0; 1; 2}
  __csLOCAL_Pop___if_cond_13 IN {0; 1}
  __csLOCAL_Pop_head1_13 IN {-1; 0; 1; 2}
  __csLOCAL_Pop_next1_13 IN {-1; 0; 1; 2}
  __csLOCAL_Pop_head2_13 IN {-1; 0; 1; 2}
  __csLOCAL_Pop___if_cond_14 IN {0; 1}
  __retval__Pop_6 IN {-1; 0; 1; 2}
  __csLOCAL_Pop___while_cond_5 IN {0; 1}
  __csLOCAL_Pop_head1_14 IN {-1; 0; 1; 2}
  __csLOCAL_Pop_next1_14 IN {-1; 0; 1; 2}
  __csLOCAL_Pop_head2_14 IN {-1; 0; 1; 2}
  __csLOCAL_Pop___if_cond_15 IN {0; 1}
  __csLOCAL_Pop_head1_15 IN {-1; 0; 1; 2}
  __csLOCAL_Pop_next1_15 IN {-1; 0; 1; 2}
  __csLOCAL_Pop_head2_15 IN {-1; 0; 1; 2}
  __csLOCAL_Pop___if_cond_16 IN {0; 1}
  __csLOCAL_Pop_head1_16 IN {-1; 0; 1; 2}
  __csLOCAL_Pop_next1_16 IN {-1; 0; 1; 2}
  __csLOCAL_Pop_head2_16 IN {-1; 0; 1; 2}
  __csLOCAL_Pop___if_cond_17 IN {0; 1}
  __csLOCALPARAM_Push_index_0 IN {0; 1; 2}
  __csLOCAL_Push_head1_0 IN {-1; 0; 1; 2}
  __csLOCAL_Push___cs_dowhile_onetime_2 IN {0; 1; 2; 3; 4}
  __csLOCAL_Push___while_cond_2 IN {0; 1}
  __retres IN {0}
[value] Values at end of function thread_1:
  __FRAMAC_error IN {0; 1}
  array_Value[0..2] IN {0; 1; 2; 3}
  array_Next[0..2] IN {-1; 0; 1; 2}
  head IN {-1; 0; 1; 2}
  count IN [-44..21]
  __csLOCAL___CS_atomic_exchange_t IN {-1; 0; 1; 2}
  __csLOCAL___CS_atomic_fetch_add_old IN [-44..20]
  __csLOCAL___CS_atomic_fetch_sub_old IN [-43..20]
  __csLOCAL_thread_i_0 IN [0..8]
  __csLOCAL_thread_idx_0 IN {0; 1; 2; 3}
  __csLOCAL_thread_elem_1 IN {-1; 0; 1; 2}
  __retval__Pop_7 IN {-1; 0; 1; 2}
  __csLOCAL_Pop___while_cond_6 IN {0; 1}
  __csLOCAL_Pop_head1_17 IN {-1; 0; 1; 2}
  __csLOCAL_Pop_next1_17 IN {-1; 0; 1; 2}
  __csLOCAL_Pop_head2_17 IN {-1; 0; 1; 2}
  __csLOCAL_Pop___if_cond_18 IN {0; 1}
  __csLOCAL_Pop_head1_18 IN {-1; 0; 1; 2}
  __csLOCAL_Pop_next1_18 IN {-1; 0; 1; 2}
  __csLOCAL_Pop_head2_18 IN {-1; 0; 1; 2}
  __csLOCAL_Pop___if_cond_19 IN {0; 1}
  __csLOCAL_Pop_head1_19 IN {-1; 0; 1; 2}
  __csLOCAL_Pop_next1_19 IN {-1; 0; 1; 2}
  __csLOCAL_Pop_head2_19 IN {-1; 0; 1; 2}
  __csLOCAL_Pop___if_cond_20 IN {0; 1}
  __retval__Pop_8 IN {-1; 0; 1; 2}
  __csLOCAL_Pop___while_cond_7 IN {0; 1}
  __csLOCAL_Pop_head1_20 IN {-1; 0; 1; 2}
  __csLOCAL_Pop_next1_20 IN {-1; 0; 1; 2}
  __csLOCAL_Pop_head2_20 IN {-1; 0; 1; 2}
  __csLOCAL_Pop___if_cond_21 IN {0; 1}
  __csLOCAL_Pop_head1_21 IN {-1; 0; 1; 2}
  __csLOCAL_Pop_next1_21 IN {-1; 0; 1; 2}
  __csLOCAL_Pop_head2_21 IN {-1; 0; 1; 2}
  __csLOCAL_Pop___if_cond_22 IN {0; 1}
  __csLOCAL_Pop_head1_22 IN {-1; 0; 1; 2}
  __csLOCAL_Pop_next1_22 IN {-1; 0; 1; 2}
  __csLOCAL_Pop_head2_22 IN {-1; 0; 1; 2}
  __csLOCAL_Pop___if_cond_23 IN {0; 1}
  __retval__Pop_9 IN {-1; 0; 1; 2}
  __csLOCAL_Pop___while_cond_8 IN {0; 1}
  __csLOCAL_Pop_head1_23 IN {-1; 0; 1; 2}
  __csLOCAL_Pop_next1_23 IN {-1; 0; 1; 2}
  __csLOCAL_Pop_head2_23 IN {-1; 0; 1; 2}
  __csLOCAL_Pop___if_cond_24 IN {0; 1}
  __csLOCAL_Pop_head1_24 IN {-1; 0; 1; 2}
  __csLOCAL_Pop_next1_24 IN {-1; 0; 1; 2}
  __csLOCAL_Pop_head2_24 IN {-1; 0; 1; 2}
  __csLOCAL_Pop___if_cond_25 IN {0; 1}
  __csLOCAL_Pop_head1_25 IN {-1; 0; 1; 2}
  __csLOCAL_Pop_next1_25 IN {-1; 0; 1; 2}
  __csLOCAL_Pop_head2_25 IN {-1; 0; 1; 2}
  __csLOCAL_Pop___if_cond_26 IN {0; 1}
  __csLOCALPARAM_Push_index_1 IN {0; 1; 2}
  __csLOCAL_Push_head1_1 IN {-1; 0; 1; 2}
  __csLOCAL_Push___cs_dowhile_onetime_3 IN {0; 1; 2; 3; 4}
  __csLOCAL_Push___while_cond_3 IN {0; 1}
  __csLOCAL_thread_elem_2 IN {-1; 0; 1; 2}
  __retval__Pop_10 IN {-1; 0; 1; 2}
  __csLOCAL_Pop___while_cond_9 IN {0; 1}
  __csLOCAL_Pop_head1_26 IN {-1; 0; 1; 2}
  __csLOCAL_Pop_next1_26 IN {-1; 0; 1; 2}
  __csLOCAL_Pop_head2_26 IN {-1; 0; 1; 2}
  __csLOCAL_Pop___if_cond_27 IN {0; 1}
  __csLOCAL_Pop_head1_27 IN {-1; 0; 1; 2}
  __csLOCAL_Pop_next1_27 IN {-1; 0; 1; 2}
  __csLOCAL_Pop_head2_27 IN {-1; 0; 1; 2}
  __csLOCAL_Pop___if_cond_28 IN {0; 1}
  __csLOCAL_Pop_head1_28 IN {-1; 0; 1; 2}
  __csLOCAL_Pop_next1_28 IN {-1; 0; 1; 2}
  __csLOCAL_Pop_head2_28 IN {-1; 0; 1; 2}
  __csLOCAL_Pop___if_cond_29 IN {0; 1}
  __retval__Pop_11 IN {-1; 0; 1; 2}
  __csLOCAL_Pop___while_cond_10 IN {0; 1}
  __csLOCAL_Pop_head1_29 IN {-1; 0; 1; 2}
  __csLOCAL_Pop_next1_29 IN {-1; 0; 1; 2}
  __csLOCAL_Pop_head2_29 IN {-1; 0; 1; 2}
  __csLOCAL_Pop___if_cond_30 IN {0; 1}
  __csLOCAL_Pop_head1_30 IN {-1; 0; 1; 2}
  __csLOCAL_Pop_next1_30 IN {-1; 0; 1; 2}
  __csLOCAL_Pop_head2_30 IN {-1; 0; 1; 2}
  __csLOCAL_Pop___if_cond_31 IN {0; 1}
  __csLOCAL_Pop_head1_31 IN {-1; 0; 1; 2}
  __csLOCAL_Pop_next1_31 IN {-1; 0; 1; 2}
  __csLOCAL_Pop_head2_31 IN {-1; 0; 1; 2}
  __csLOCAL_Pop___if_cond_32 IN {0; 1}
  __retval__Pop_12 IN {-1; 0; 1; 2}
  __csLOCAL_Pop___while_cond_11 IN {0; 1}
  __csLOCAL_Pop_head1_32 IN {-1; 0; 1; 2}
  __csLOCAL_Pop_next1_32 IN {-1; 0; 1; 2}
  __csLOCAL_Pop_head2_32 IN {-1; 0; 1; 2}
  __csLOCAL_Pop___if_cond_33 IN {0; 1}
  __csLOCAL_Pop_head1_33 IN {-1; 0; 1; 2}
  __csLOCAL_Pop_next1_33 IN {-1; 0; 1; 2}
  __csLOCAL_Pop_head2_33 IN {-1; 0; 1; 2}
  __csLOCAL_Pop___if_cond_34 IN {0; 1}
  __csLOCAL_Pop_head1_34 IN {-1; 0; 1; 2}
  __csLOCAL_Pop_next1_34 IN {-1; 0; 1; 2}
  __csLOCAL_Pop_head2_34 IN {-1; 0; 1; 2}
  __csLOCAL_Pop___if_cond_35 IN {0; 1}
  __csLOCALPARAM_Push_index_2 IN {0; 1; 2}
  __csLOCAL_Push_head1_2 IN {-1; 0; 1; 2}
  __csLOCAL_Push___cs_dowhile_onetime_4 IN {0; 1; 2; 3; 4}
  __csLOCAL_Push___while_cond_4 IN {0; 1}
  __retres IN {0}
[value] Values at end of function thread_2:
  __FRAMAC_error IN {0; 1}
  array_Value[0..2] IN {0; 1; 2; 3}
  array_Next[0..2] IN {-1; 0; 1; 2}
  head IN {-1; 0; 1; 2}
  count IN [-49..23]
  __csLOCAL___CS_atomic_exchange_t IN {-1; 0; 1; 2}
  __csLOCAL___CS_atomic_fetch_add_old IN [-49..22]
  __csLOCAL___CS_atomic_fetch_sub_old IN [-48..22]
  __csLOCAL_thread_i_1 IN [0..8]
  __csLOCAL_thread_idx_1 IN {0; 1; 2; 3}
  __csLOCAL_thread_elem_3 IN {-1; 0; 1; 2}
  __retval__Pop_13 IN {-1; 0; 1; 2}
  __csLOCAL_Pop___while_cond_12 IN {0; 1}
  __csLOCAL_Pop_head1_35 IN {-1; 0; 1; 2}
  __csLOCAL_Pop_next1_35 IN {-1; 0; 1; 2}
  __csLOCAL_Pop_head2_35 IN {-1; 0; 1; 2}
  __csLOCAL_Pop___if_cond_36 IN {0; 1}
  __csLOCAL_Pop_head1_36 IN {-1; 0; 1; 2}
  __csLOCAL_Pop_next1_36 IN {-1; 0; 1; 2}
  __csLOCAL_Pop_head2_36 IN {-1; 0; 1; 2}
  __csLOCAL_Pop___if_cond_37 IN {0; 1}
  __csLOCAL_Pop_head1_37 IN {-1; 0; 1; 2}
  __csLOCAL_Pop_next1_37 IN {-1; 0; 1; 2}
  __csLOCAL_Pop_head2_37 IN {-1; 0; 1; 2}
  __csLOCAL_Pop___if_cond_38 IN {0; 1}
  __retval__Pop_14 IN {-1; 0; 1; 2}
  __csLOCAL_Pop___while_cond_13 IN {0; 1}
  __csLOCAL_Pop_head1_38 IN {-1; 0; 1; 2}
  __csLOCAL_Pop_next1_38 IN {-1; 0; 1; 2}
  __csLOCAL_Pop_head2_38 IN {-1; 0; 1; 2}
  __csLOCAL_Pop___if_cond_39 IN {0; 1}
  __csLOCAL_Pop_head1_39 IN {-1; 0; 1; 2}
  __csLOCAL_Pop_next1_39 IN {-1; 0; 1; 2}
  __csLOCAL_Pop_head2_39 IN {-1; 0; 1; 2}
  __csLOCAL_Pop___if_cond_40 IN {0; 1}
  __csLOCAL_Pop_head1_40 IN {-1; 0; 1; 2}
  __csLOCAL_Pop_next1_40 IN {-1; 0; 1; 2}
  __csLOCAL_Pop_head2_40 IN {-1; 0; 1; 2}
  __csLOCAL_Pop___if_cond_41 IN {0; 1}
  __retval__Pop_15 IN {-1; 0; 1; 2}
  __csLOCAL_Pop___while_cond_14 IN {0; 1}
  __csLOCAL_Pop_head1_41 IN {-1; 0; 1; 2}
  __csLOCAL_Pop_next1_41 IN {-1; 0; 1; 2}
  __csLOCAL_Pop_head2_41 IN {-1; 0; 1; 2}
  __csLOCAL_Pop___if_cond_42 IN {0; 1}
  __csLOCAL_Pop_head1_42 IN {-1; 0; 1; 2}
  __csLOCAL_Pop_next1_42 IN {-1; 0; 1; 2}
  __csLOCAL_Pop_head2_42 IN {-1; 0; 1; 2}
  __csLOCAL_Pop___if_cond_43 IN {0; 1}
  __csLOCAL_Pop_head1_43 IN {-1; 0; 1; 2}
  __csLOCAL_Pop_next1_43 IN {-1; 0; 1; 2}
  __csLOCAL_Pop_head2_43 IN {-1; 0; 1; 2}
  __csLOCAL_Pop___if_cond_44 IN {0; 1}
  __csLOCALPARAM_Push_index_3 IN {0; 1; 2}
  __csLOCAL_Push_head1_3 IN {-1; 0; 1; 2}
  __csLOCAL_Push___cs_dowhile_onetime_5 IN {0; 1; 2; 3; 4}
  __csLOCAL_Push___while_cond_5 IN {0; 1}
  __csLOCAL_thread_elem_4 IN {-1; 0; 1; 2}
  __retval__Pop_16 IN {-1; 0; 1; 2}
  __csLOCAL_Pop___while_cond_15 IN {0; 1}
  __csLOCAL_Pop_head1_44 IN {-1; 0; 1; 2}
  __csLOCAL_Pop_next1_44 IN {-1; 0; 1; 2}
  __csLOCAL_Pop_head2_44 IN {-1; 0; 1; 2}
  __csLOCAL_Pop___if_cond_45 IN {0; 1}
  __csLOCAL_Pop_head1_45 IN {-1; 0; 1; 2}
  __csLOCAL_Pop_next1_45 IN {-1; 0; 1; 2}
  __csLOCAL_Pop_head2_45 IN {-1; 0; 1; 2}
  __csLOCAL_Pop___if_cond_46 IN {0; 1}
  __csLOCAL_Pop_head1_46 IN {-1; 0; 1; 2}
  __csLOCAL_Pop_next1_46 IN {-1; 0; 1; 2}
  __csLOCAL_Pop_head2_46 IN {-1; 0; 1; 2}
  __csLOCAL_Pop___if_cond_47 IN {0; 1}
  __retval__Pop_17 IN {-1; 0; 1; 2}
  __csLOCAL_Pop___while_cond_16 IN {0; 1}
  __csLOCAL_Pop_head1_47 IN {-1; 0; 1; 2}
  __csLOCAL_Pop_next1_47 IN {-1; 0; 1; 2}
  __csLOCAL_Pop_head2_47 IN {-1; 0; 1; 2}
  __csLOCAL_Pop___if_cond_48 IN {0; 1}
  __csLOCAL_Pop_head1_48 IN {-1; 0; 1; 2}
  __csLOCAL_Pop_next1_48 IN {-1; 0; 1; 2}
  __csLOCAL_Pop_head2_48 IN {-1; 0; 1; 2}
  __csLOCAL_Pop___if_cond_49 IN {0; 1}
  __csLOCAL_Pop_head1_49 IN {-1; 0; 1; 2}
  __csLOCAL_Pop_next1_49 IN {-1; 0; 1; 2}
  __csLOCAL_Pop_head2_49 IN {-1; 0; 1; 2}
  __csLOCAL_Pop___if_cond_50 IN {0; 1}
  __retval__Pop_18 IN {-1; 0; 1; 2}
  __csLOCAL_Pop___while_cond_17 IN {0; 1}
  __csLOCAL_Pop_head1_50 IN {-1; 0; 1; 2}
  __csLOCAL_Pop_next1_50 IN {-1; 0; 1; 2}
  __csLOCAL_Pop_head2_50 IN {-1; 0; 1; 2}
  __csLOCAL_Pop___if_cond_51 IN {0; 1}
  __csLOCAL_Pop_head1_51 IN {-1; 0; 1; 2}
  __csLOCAL_Pop_next1_51 IN {-1; 0; 1; 2}
  __csLOCAL_Pop_head2_51 IN {-1; 0; 1; 2}
  __csLOCAL_Pop___if_cond_52 IN {0; 1}
  __csLOCAL_Pop_head1_52 IN {-1; 0; 1; 2}
  __csLOCAL_Pop_next1_52 IN {-1; 0; 1; 2}
  __csLOCAL_Pop_head2_52 IN {-1; 0; 1; 2}
  __csLOCAL_Pop___if_cond_53 IN {0; 1}
  __csLOCALPARAM_Push_index_4 IN {0; 1; 2}
  __csLOCAL_Push_head1_4 IN {-1; 0; 1; 2}
  __csLOCAL_Push___cs_dowhile_onetime_6 IN {0; 1; 2; 3; 4}
  __csLOCAL_Push___while_cond_6 IN {0; 1}
  __retres IN {0}
[value] Values at end of function main:
  Frama_C_entropy_source IN [--..--]
  __FRAMAC_error IN {0; 1}
  active_thread[0..1] IN {1}
               [2..3] IN {0; 1}
  pc_0 IN {1; 2; 3; 4; 5; 6}
  pc_1 IN [0..139]
  pc_2 IN [0..139]
  pc_3 IN [0..139]
  pc_cs IN {1; 2; 3; 4; 5; 6}
  thread_index IN {0}
  threadargs[0..1] IN {0}
            [2..3] IN {0; 1; 2; 3}
  threads[0] IN {1; 2; 3}
         [1..2] IN {0; 2; 3}
  array_Value[0..2] IN {0; 1; 2; 3}
  array_Next[0..2] IN {-1; 0; 1; 2}
  head IN {-1; 0; 1; 2}
  count IN [-49..23]
  __FRAMAC_spec IN {0; 1}
  __csLOCAL___CS_atomic_exchange_t IN {-1; 0; 1; 2}
  __csLOCAL___CS_atomic_fetch_add_old IN [-49..22]
  __csLOCAL___CS_atomic_fetch_sub_old IN [-48..22]
  __csLOCAL_thread_i IN [0..8]
  __csLOCAL_thread_idx IN {0}
  __csLOCAL_thread_elem IN {-1; 0; 1; 2}
  __retval__Pop_1 IN {-1; 0; 1; 2}
  __csLOCAL_Pop___while_cond_0 IN {0; 1}
  __csLOCAL_Pop_head1 IN {-1; 0; 1; 2}
  __csLOCAL_Pop_next1 IN {-1; 0; 1; 2}
  __csLOCAL_Pop_head2 IN {-1; 0; 1; 2}
  __csLOCAL_Pop___if_cond_0 IN {0; 1}
  __csLOCAL_Pop_head1_0 IN {-1; 0; 1; 2}
  __csLOCAL_Pop_next1_0 IN {-1; 0; 1; 2}
  __csLOCAL_Pop_head2_0 IN {-1; 0; 1; 2}
  __csLOCAL_Pop___if_cond_1 IN {0; 1}
  __csLOCAL_Pop_head1_1 IN {-1; 0; 1; 2}
  __csLOCAL_Pop_next1_1 IN {-1; 0; 1; 2}
  __csLOCAL_Pop_head2_1 IN {-1; 0; 1; 2}
  __csLOCAL_Pop___if_cond_2 IN {0; 1}
  __retval__Pop_2 IN {-1; 0; 1; 2}
  __csLOCAL_Pop___while_cond_1 IN {0; 1}
  __csLOCAL_Pop_head1_2 IN {-1; 0; 1; 2}
  __csLOCAL_Pop_next1_2 IN {-1; 0; 1; 2}
  __csLOCAL_Pop_head2_2 IN {-1; 0; 1; 2}
  __csLOCAL_Pop___if_cond_3 IN {0; 1}
  __csLOCAL_Pop_head1_3 IN {-1; 0; 1; 2}
  __csLOCAL_Pop_next1_3 IN {-1; 0; 1; 2}
  __csLOCAL_Pop_head2_3 IN {-1; 0; 1; 2}
  __csLOCAL_Pop___if_cond_4 IN {0; 1}
  __csLOCAL_Pop_head1_4 IN {-1; 0; 1; 2}
  __csLOCAL_Pop_next1_4 IN {-1; 0; 1; 2}
  __csLOCAL_Pop_head2_4 IN {-1; 0; 1; 2}
  __csLOCAL_Pop___if_cond_5 IN {0; 1}
  __retval__Pop_3 IN {-1; 0; 1; 2}
  __csLOCAL_Pop___while_cond_2 IN {0; 1}
  __csLOCAL_Pop_head1_5 IN {-1; 0; 1; 2}
  __csLOCAL_Pop_next1_5 IN {-1; 0; 1; 2}
  __csLOCAL_Pop_head2_5 IN {-1; 0; 1; 2}
  __csLOCAL_Pop___if_cond_6 IN {0; 1}
  __csLOCAL_Pop_head1_6 IN {-1; 0; 1; 2}
  __csLOCAL_Pop_next1_6 IN {-1; 0; 1; 2}
  __csLOCAL_Pop_head2_6 IN {-1; 0; 1; 2}
  __csLOCAL_Pop___if_cond_7 IN {0; 1}
  __csLOCAL_Pop_head1_7 IN {-1; 0; 1; 2}
  __csLOCAL_Pop_next1_7 IN {-1; 0; 1; 2}
  __csLOCAL_Pop_head2_7 IN {-1; 0; 1; 2}
  __csLOCAL_Pop___if_cond_8 IN {0; 1}
  __csLOCALPARAM_Push_index IN {0; 1; 2}
  __csLOCAL_Push_head1 IN {-1; 0; 1; 2}
  __csLOCAL_Push___cs_dowhile_onetime_1 IN {0; 1; 2; 3; 4}
  __csLOCAL_Push___while_cond_1 IN {0; 1}
  __csLOCAL_thread_elem_0 IN {-1; 0; 1; 2}
  __retval__Pop_4 IN {-1; 0; 1; 2}
  __csLOCAL_Pop___while_cond_3 IN {0; 1}
  __csLOCAL_Pop_head1_8 IN {-1; 0; 1; 2}
  __csLOCAL_Pop_next1_8 IN {-1; 0; 1; 2}
  __csLOCAL_Pop_head2_8 IN {-1; 0; 1; 2}
  __csLOCAL_Pop___if_cond_9 IN {0; 1}
  __csLOCAL_Pop_head1_9 IN {-1; 0; 1; 2}
  __csLOCAL_Pop_next1_9 IN {-1; 0; 1; 2}
  __csLOCAL_Pop_head2_9 IN {-1; 0; 1; 2}
  __csLOCAL_Pop___if_cond_10 IN {0; 1}
  __csLOCAL_Pop_head1_10 IN {-1; 0; 1; 2}
  __csLOCAL_Pop_next1_10 IN {-1; 0; 1; 2}
  __csLOCAL_Pop_head2_10 IN {-1; 0; 1; 2}
  __csLOCAL_Pop___if_cond_11 IN {0; 1}
  __retval__Pop_5 IN {-1; 0; 1; 2}
  __csLOCAL_Pop___while_cond_4 IN {0; 1}
  __csLOCAL_Pop_head1_11 IN {-1; 0; 1; 2}
  __csLOCAL_Pop_next1_11 IN {-1; 0; 1; 2}
  __csLOCAL_Pop_head2_11 IN {-1; 0; 1; 2}
  __csLOCAL_Pop___if_cond_12 IN {0; 1}
  __csLOCAL_Pop_head1_12 IN {-1; 0; 1; 2}
  __csLOCAL_Pop_next1_12 IN {-1; 0; 1; 2}
  __csLOCAL_Pop_head2_12 IN {-1; 0; 1; 2}
  __csLOCAL_Pop___if_cond_13 IN {0; 1}
  __csLOCAL_Pop_head1_13 IN {-1; 0; 1; 2}
  __csLOCAL_Pop_next1_13 IN {-1; 0; 1; 2}
  __csLOCAL_Pop_head2_13 IN {-1; 0; 1; 2}
  __csLOCAL_Pop___if_cond_14 IN {0; 1}
  __retval__Pop_6 IN {-1; 0; 1; 2}
  __csLOCAL_Pop___while_cond_5 IN {0; 1}
  __csLOCAL_Pop_head1_14 IN {-1; 0; 1; 2}
  __csLOCAL_Pop_next1_14 IN {-1; 0; 1; 2}
  __csLOCAL_Pop_head2_14 IN {-1; 0; 1; 2}
  __csLOCAL_Pop___if_cond_15 IN {0; 1}
  __csLOCAL_Pop_head1_15 IN {-1; 0; 1; 2}
  __csLOCAL_Pop_next1_15 IN {-1; 0; 1; 2}
  __csLOCAL_Pop_head2_15 IN {-1; 0; 1; 2}
  __csLOCAL_Pop___if_cond_16 IN {0; 1}
  __csLOCAL_Pop_head1_16 IN {-1; 0; 1; 2}
  __csLOCAL_Pop_next1_16 IN {-1; 0; 1; 2}
  __csLOCAL_Pop_head2_16 IN {-1; 0; 1; 2}
  __csLOCAL_Pop___if_cond_17 IN {0; 1}
  __csLOCALPARAM_Push_index_0 IN {0; 1; 2}
  __csLOCAL_Push_head1_0 IN {-1; 0; 1; 2}
  __csLOCAL_Push___cs_dowhile_onetime_2 IN {0; 1; 2; 3; 4}
  __csLOCAL_Push___while_cond_2 IN {0; 1}
  __csLOCAL_thread_i_0 IN [0..8]
  __csLOCAL_thread_idx_0 IN {0; 1; 2; 3}
  __csLOCAL_thread_elem_1 IN {-1; 0; 1; 2}
  __retval__Pop_7 IN {-1; 0; 1; 2}
  __csLOCAL_Pop___while_cond_6 IN {0; 1}
  __csLOCAL_Pop_head1_17 IN {-1; 0; 1; 2}
  __csLOCAL_Pop_next1_17 IN {-1; 0; 1; 2}
  __csLOCAL_Pop_head2_17 IN {-1; 0; 1; 2}
  __csLOCAL_Pop___if_cond_18 IN {0; 1}
  __csLOCAL_Pop_head1_18 IN {-1; 0; 1; 2}
  __csLOCAL_Pop_next1_18 IN {-1; 0; 1; 2}
  __csLOCAL_Pop_head2_18 IN {-1; 0; 1; 2}
  __csLOCAL_Pop___if_cond_19 IN {0; 1}
  __csLOCAL_Pop_head1_19 IN {-1; 0; 1; 2}
  __csLOCAL_Pop_next1_19 IN {-1; 0; 1; 2}
  __csLOCAL_Pop_head2_19 IN {-1; 0; 1; 2}
  __csLOCAL_Pop___if_cond_20 IN {0; 1}
  __retval__Pop_8 IN {-1; 0; 1; 2}
  __csLOCAL_Pop___while_cond_7 IN {0; 1}
  __csLOCAL_Pop_head1_20 IN {-1; 0; 1; 2}
  __csLOCAL_Pop_next1_20 IN {-1; 0; 1; 2}
  __csLOCAL_Pop_head2_20 IN {-1; 0; 1; 2}
  __csLOCAL_Pop___if_cond_21 IN {0; 1}
  __csLOCAL_Pop_head1_21 IN {-1; 0; 1; 2}
  __csLOCAL_Pop_next1_21 IN {-1; 0; 1; 2}
  __csLOCAL_Pop_head2_21 IN {-1; 0; 1; 2}
  __csLOCAL_Pop___if_cond_22 IN {0; 1}
  __csLOCAL_Pop_head1_22 IN {-1; 0; 1; 2}
  __csLOCAL_Pop_next1_22 IN {-1; 0; 1; 2}
  __csLOCAL_Pop_head2_22 IN {-1; 0; 1; 2}
  __csLOCAL_Pop___if_cond_23 IN {0; 1}
  __retval__Pop_9 IN {-1; 0; 1; 2}
  __csLOCAL_Pop___while_cond_8 IN {0; 1}
  __csLOCAL_Pop_head1_23 IN {-1; 0; 1; 2}
  __csLOCAL_Pop_next1_23 IN {-1; 0; 1; 2}
  __csLOCAL_Pop_head2_23 IN {-1; 0; 1; 2}
  __csLOCAL_Pop___if_cond_24 IN {0; 1}
  __csLOCAL_Pop_head1_24 IN {-1; 0; 1; 2}
  __csLOCAL_Pop_next1_24 IN {-1; 0; 1; 2}
  __csLOCAL_Pop_head2_24 IN {-1; 0; 1; 2}
  __csLOCAL_Pop___if_cond_25 IN {0; 1}
  __csLOCAL_Pop_head1_25 IN {-1; 0; 1; 2}
  __csLOCAL_Pop_next1_25 IN {-1; 0; 1; 2}
  __csLOCAL_Pop_head2_25 IN {-1; 0; 1; 2}
  __csLOCAL_Pop___if_cond_26 IN {0; 1}
  __csLOCALPARAM_Push_index_1 IN {0; 1; 2}
  __csLOCAL_Push_head1_1 IN {-1; 0; 1; 2}
  __csLOCAL_Push___cs_dowhile_onetime_3 IN {0; 1; 2; 3; 4}
  __csLOCAL_Push___while_cond_3 IN {0; 1}
  __csLOCAL_thread_elem_2 IN {-1; 0; 1; 2}
  __retval__Pop_10 IN {-1; 0; 1; 2}
  __csLOCAL_Pop___while_cond_9 IN {0; 1}
  __csLOCAL_Pop_head1_26 IN {-1; 0; 1; 2}
  __csLOCAL_Pop_next1_26 IN {-1; 0; 1; 2}
  __csLOCAL_Pop_head2_26 IN {-1; 0; 1; 2}
  __csLOCAL_Pop___if_cond_27 IN {0; 1}
  __csLOCAL_Pop_head1_27 IN {-1; 0; 1; 2}
  __csLOCAL_Pop_next1_27 IN {-1; 0; 1; 2}
  __csLOCAL_Pop_head2_27 IN {-1; 0; 1; 2}
  __csLOCAL_Pop___if_cond_28 IN {0; 1}
  __csLOCAL_Pop_head1_28 IN {-1; 0; 1; 2}
  __csLOCAL_Pop_next1_28 IN {-1; 0; 1; 2}
  __csLOCAL_Pop_head2_28 IN {-1; 0; 1; 2}
  __csLOCAL_Pop___if_cond_29 IN {0; 1}
  __retval__Pop_11 IN {-1; 0; 1; 2}
  __csLOCAL_Pop___while_cond_10 IN {0; 1}
  __csLOCAL_Pop_head1_29 IN {-1; 0; 1; 2}
  __csLOCAL_Pop_next1_29 IN {-1; 0; 1; 2}
  __csLOCAL_Pop_head2_29 IN {-1; 0; 1; 2}
  __csLOCAL_Pop___if_cond_30 IN {0; 1}
  __csLOCAL_Pop_head1_30 IN {-1; 0; 1; 2}
  __csLOCAL_Pop_next1_30 IN {-1; 0; 1; 2}
  __csLOCAL_Pop_head2_30 IN {-1; 0; 1; 2}
  __csLOCAL_Pop___if_cond_31 IN {0; 1}
  __csLOCAL_Pop_head1_31 IN {-1; 0; 1; 2}
  __csLOCAL_Pop_next1_31 IN {-1; 0; 1; 2}
  __csLOCAL_Pop_head2_31 IN {-1; 0; 1; 2}
  __csLOCAL_Pop___if_cond_32 IN {0; 1}
  __retval__Pop_12 IN {-1; 0; 1; 2}
  __csLOCAL_Pop___while_cond_11 IN {0; 1}
  __csLOCAL_Pop_head1_32 IN {-1; 0; 1; 2}
  __csLOCAL_Pop_next1_32 IN {-1; 0; 1; 2}
  __csLOCAL_Pop_head2_32 IN {-1; 0; 1; 2}
  __csLOCAL_Pop___if_cond_33 IN {0; 1}
  __csLOCAL_Pop_head1_33 IN {-1; 0; 1; 2}
  __csLOCAL_Pop_next1_33 IN {-1; 0; 1; 2}
  __csLOCAL_Pop_head2_33 IN {-1; 0; 1; 2}
  __csLOCAL_Pop___if_cond_34 IN {0; 1}
  __csLOCAL_Pop_head1_34 IN {-1; 0; 1; 2}
  __csLOCAL_Pop_next1_34 IN {-1; 0; 1; 2}
  __csLOCAL_Pop_head2_34 IN {-1; 0; 1; 2}
  __csLOCAL_Pop___if_cond_35 IN {0; 1}
  __csLOCALPARAM_Push_index_2 IN {0; 1; 2}
  __csLOCAL_Push_head1_2 IN {-1; 0; 1; 2}
  __csLOCAL_Push___cs_dowhile_onetime_4 IN {0; 1; 2; 3; 4}
  __csLOCAL_Push___while_cond_4 IN {0; 1}
  __csLOCAL_thread_i_1 IN [0..8]
  __csLOCAL_thread_idx_1 IN {0; 1; 2; 3}
  __csLOCAL_thread_elem_3 IN {-1; 0; 1; 2}
  __retval__Pop_13 IN {-1; 0; 1; 2}
  __csLOCAL_Pop___while_cond_12 IN {0; 1}
  __csLOCAL_Pop_head1_35 IN {-1; 0; 1; 2}
  __csLOCAL_Pop_next1_35 IN {-1; 0; 1; 2}
  __csLOCAL_Pop_head2_35 IN {-1; 0; 1; 2}
  __csLOCAL_Pop___if_cond_36 IN {0; 1}
  __csLOCAL_Pop_head1_36 IN {-1; 0; 1; 2}
  __csLOCAL_Pop_next1_36 IN {-1; 0; 1; 2}
  __csLOCAL_Pop_head2_36 IN {-1; 0; 1; 2}
  __csLOCAL_Pop___if_cond_37 IN {0; 1}
  __csLOCAL_Pop_head1_37 IN {-1; 0; 1; 2}
  __csLOCAL_Pop_next1_37 IN {-1; 0; 1; 2}
  __csLOCAL_Pop_head2_37 IN {-1; 0; 1; 2}
  __csLOCAL_Pop___if_cond_38 IN {0; 1}
  __retval__Pop_14 IN {-1; 0; 1; 2}
  __csLOCAL_Pop___while_cond_13 IN {0; 1}
  __csLOCAL_Pop_head1_38 IN {-1; 0; 1; 2}
  __csLOCAL_Pop_next1_38 IN {-1; 0; 1; 2}
  __csLOCAL_Pop_head2_38 IN {-1; 0; 1; 2}
  __csLOCAL_Pop___if_cond_39 IN {0; 1}
  __csLOCAL_Pop_head1_39 IN {-1; 0; 1; 2}
  __csLOCAL_Pop_next1_39 IN {-1; 0; 1; 2}
  __csLOCAL_Pop_head2_39 IN {-1; 0; 1; 2}
  __csLOCAL_Pop___if_cond_40 IN {0; 1}
  __csLOCAL_Pop_head1_40 IN {-1; 0; 1; 2}
  __csLOCAL_Pop_next1_40 IN {-1; 0; 1; 2}
  __csLOCAL_Pop_head2_40 IN {-1; 0; 1; 2}
  __csLOCAL_Pop___if_cond_41 IN {0; 1}
  __retval__Pop_15 IN {-1; 0; 1; 2}
  __csLOCAL_Pop___while_cond_14 IN {0; 1}
  __csLOCAL_Pop_head1_41 IN {-1; 0; 1; 2}
  __csLOCAL_Pop_next1_41 IN {-1; 0; 1; 2}
  __csLOCAL_Pop_head2_41 IN {-1; 0; 1; 2}
  __csLOCAL_Pop___if_cond_42 IN {0; 1}
  __csLOCAL_Pop_head1_42 IN {-1; 0; 1; 2}
  __csLOCAL_Pop_next1_42 IN {-1; 0; 1; 2}
  __csLOCAL_Pop_head2_42 IN {-1; 0; 1; 2}
  __csLOCAL_Pop___if_cond_43 IN {0; 1}
  __csLOCAL_Pop_head1_43 IN {-1; 0; 1; 2}
  __csLOCAL_Pop_next1_43 IN {-1; 0; 1; 2}
  __csLOCAL_Pop_head2_43 IN {-1; 0; 1; 2}
  __csLOCAL_Pop___if_cond_44 IN {0; 1}
  __csLOCALPARAM_Push_index_3 IN {0; 1; 2}
  __csLOCAL_Push_head1_3 IN {-1; 0; 1; 2}
  __csLOCAL_Push___cs_dowhile_onetime_5 IN {0; 1; 2; 3; 4}
  __csLOCAL_Push___while_cond_5 IN {0; 1}
  __csLOCAL_thread_elem_4 IN {-1; 0; 1; 2}
  __retval__Pop_16 IN {-1; 0; 1; 2}
  __csLOCAL_Pop___while_cond_15 IN {0; 1}
  __csLOCAL_Pop_head1_44 IN {-1; 0; 1; 2}
  __csLOCAL_Pop_next1_44 IN {-1; 0; 1; 2}
  __csLOCAL_Pop_head2_44 IN {-1; 0; 1; 2}
  __csLOCAL_Pop___if_cond_45 IN {0; 1}
  __csLOCAL_Pop_head1_45 IN {-1; 0; 1; 2}
  __csLOCAL_Pop_next1_45 IN {-1; 0; 1; 2}
  __csLOCAL_Pop_head2_45 IN {-1; 0; 1; 2}
  __csLOCAL_Pop___if_cond_46 IN {0; 1}
  __csLOCAL_Pop_head1_46 IN {-1; 0; 1; 2}
  __csLOCAL_Pop_next1_46 IN {-1; 0; 1; 2}
  __csLOCAL_Pop_head2_46 IN {-1; 0; 1; 2}
  __csLOCAL_Pop___if_cond_47 IN {0; 1}
  __retval__Pop_17 IN {-1; 0; 1; 2}
  __csLOCAL_Pop___while_cond_16 IN {0; 1}
  __csLOCAL_Pop_head1_47 IN {-1; 0; 1; 2}
  __csLOCAL_Pop_next1_47 IN {-1; 0; 1; 2}
  __csLOCAL_Pop_head2_47 IN {-1; 0; 1; 2}
  __csLOCAL_Pop___if_cond_48 IN {0; 1}
  __csLOCAL_Pop_head1_48 IN {-1; 0; 1; 2}
  __csLOCAL_Pop_next1_48 IN {-1; 0; 1; 2}
  __csLOCAL_Pop_head2_48 IN {-1; 0; 1; 2}
  __csLOCAL_Pop___if_cond_49 IN {0; 1}
  __csLOCAL_Pop_head1_49 IN {-1; 0; 1; 2}
  __csLOCAL_Pop_next1_49 IN {-1; 0; 1; 2}
  __csLOCAL_Pop_head2_49 IN {-1; 0; 1; 2}
  __csLOCAL_Pop___if_cond_50 IN {0; 1}
  __retval__Pop_18 IN {-1; 0; 1; 2}
  __csLOCAL_Pop___while_cond_17 IN {0; 1}
  __csLOCAL_Pop_head1_50 IN {-1; 0; 1; 2}
  __csLOCAL_Pop_next1_50 IN {-1; 0; 1; 2}
  __csLOCAL_Pop_head2_50 IN {-1; 0; 1; 2}
  __csLOCAL_Pop___if_cond_51 IN {0; 1}
  __csLOCAL_Pop_head1_51 IN {-1; 0; 1; 2}
  __csLOCAL_Pop_next1_51 IN {-1; 0; 1; 2}
  __csLOCAL_Pop_head2_51 IN {-1; 0; 1; 2}
  __csLOCAL_Pop___if_cond_52 IN {0; 1}
  __csLOCAL_Pop_head1_52 IN {-1; 0; 1; 2}
  __csLOCAL_Pop_next1_52 IN {-1; 0; 1; 2}
  __csLOCAL_Pop_head2_52 IN {-1; 0; 1; 2}
  __csLOCAL_Pop___if_cond_53 IN {0; 1}
  __csLOCALPARAM_Push_index_4 IN {0; 1; 2}
  __csLOCAL_Push_head1_4 IN {-1; 0; 1; 2}
  __csLOCAL_Push___cs_dowhile_onetime_6 IN {0; 1; 2; 3; 4}
  __csLOCAL_Push___while_cond_6 IN {0; 1}
  __csLOCAL_main_i IN {0; 1; 2; 3}
  __csLOCALPARAM_Init_pushCount IN {3}
  __csLOCAL_Init_i IN {2}
  __retres IN {0}
