CBMC version 5.3 64-bit x86_64 linux
Parsing regression/pointertranslation/safestack_mem_ver6_fullvariable_bitvector.c
file <command-line> line 0: <command-line>:0:0: warning: "__STDC_VERSION__" redefined
file <command-line> line 0: <built-in>: note: this is the location of the previous definition
Converting
Type-checking safestack_mem_ver6_fullvariable_bitvector
file regression/pointertranslation/safestack_mem_ver6_fullvariable_bitvector.c line 551 function thread0_0: function `assert' is not declared
Generating GOTO Program
Adding CPROVER library
Function Pointer Removal
Partial Inlining
Generic Property Instrumentation
Starting Bounded Model Checking
size of program expression: 53169 steps
simple slicing removed 517 assignments
Generated 24 VCC(s), 24 remaining after simplification
Passing problem to propositional reduction
converting SSA
Running propositional reduction
Post-processing
Solving with MiniSAT 2.2.0 with simplifier
392865 variables, 1559891 clauses
SAT checker: negated claim is SATISFIABLE, i.e., does not hold
Runtime decision procedure: 4032.53s
Building error trace

Counterexample:

State 268 file regression/pointertranslation/safestack_mem_ver6_fullvariable_bitvector.c line 2667 function main thread 0
----------------------------------------------------
  thread_index=0 (00000)

State 272 file regression/pointertranslation/safestack_mem_ver6_fullvariable_bitvector.c line 143 function guess_pc thread 0
----------------------------------------------------
  i=3 (00000011)

State 277 file regression/pointertranslation/safestack_mem_ver6_fullvariable_bitvector.c line 2668 function main thread 0
----------------------------------------------------
  pc_cs=3 (000000011)

State 282 file regression/pointertranslation/safestack_mem_ver6_fullvariable_bitvector.c line 2610 function main_thread thread 0
----------------------------------------------------
  __csLOCALPARAM_Init_pushCount=3 (00011)

State 283 file regression/pointertranslation/safestack_mem_ver6_fullvariable_bitvector.c line 2612 function main_thread thread 0
----------------------------------------------------
  MEMORY_VALUE[0]=9 (01001)

State 286 file regression/pointertranslation/safestack_mem_ver6_fullvariable_bitvector.c line 2613 function main_thread thread 0
----------------------------------------------------
  __csLOCALPARAM___CS_atomic_store_obj=2 (00010)

State 287 file regression/pointertranslation/safestack_mem_ver6_fullvariable_bitvector.c line 2613 function main_thread thread 0
----------------------------------------------------
  __csLOCALPARAM___CS_atomic_store_v=3 (00011)

State 288 file regression/pointertranslation/safestack_mem_ver6_fullvariable_bitvector.c line 154 function __CS_atomic_store thread 0
----------------------------------------------------
  MEMORY_VALUE[2]=3 (00011)

State 292 file regression/pointertranslation/safestack_mem_ver6_fullvariable_bitvector.c line 2614 function main_thread thread 0
----------------------------------------------------
  __csLOCALPARAM___CS_atomic_store_obj=1 (00001)

State 293 file regression/pointertranslation/safestack_mem_ver6_fullvariable_bitvector.c line 2614 function main_thread thread 0
----------------------------------------------------
  __csLOCALPARAM___CS_atomic_store_v=0 (00000)

State 294 file regression/pointertranslation/safestack_mem_ver6_fullvariable_bitvector.c line 154 function __CS_atomic_store thread 0
----------------------------------------------------
  MEMORY_VALUE[1]=0 (00000)

State 296 file regression/pointertranslation/safestack_mem_ver6_fullvariable_bitvector.c line 2615 function main_thread thread 0
----------------------------------------------------
  __csLOCAL_Init_i=0 (00000)

State 300 file regression/pointertranslation/safestack_mem_ver6_fullvariable_bitvector.c line 2622 function main_thread thread 0
----------------------------------------------------
  __csLOCALPARAM___CS_atomic_store_obj=10 (01010)

State 301 file regression/pointertranslation/safestack_mem_ver6_fullvariable_bitvector.c line 2622 function main_thread thread 0
----------------------------------------------------
  __csLOCALPARAM___CS_atomic_store_v=1 (00001)

State 302 file regression/pointertranslation/safestack_mem_ver6_fullvariable_bitvector.c line 154 function __CS_atomic_store thread 0
----------------------------------------------------
  MEMORY_VALUE[10]=1 (00001)

State 304 file regression/pointertranslation/safestack_mem_ver6_fullvariable_bitvector.c line 2624 function main_thread thread 0
----------------------------------------------------
  __csLOCAL_Init_i=1 (00001)

State 308 file regression/pointertranslation/safestack_mem_ver6_fullvariable_bitvector.c line 2631 function main_thread thread 0
----------------------------------------------------
  __csLOCALPARAM___CS_atomic_store_obj=12 (01100)

State 309 file regression/pointertranslation/safestack_mem_ver6_fullvariable_bitvector.c line 2631 function main_thread thread 0
----------------------------------------------------
  __csLOCALPARAM___CS_atomic_store_v=2 (00010)

State 310 file regression/pointertranslation/safestack_mem_ver6_fullvariable_bitvector.c line 154 function __CS_atomic_store thread 0
----------------------------------------------------
  MEMORY_VALUE[12]=2 (00010)

State 312 file regression/pointertranslation/safestack_mem_ver6_fullvariable_bitvector.c line 2633 function main_thread thread 0
----------------------------------------------------
  __csLOCAL_Init_i=2 (00010)

State 317 file regression/pointertranslation/safestack_mem_ver6_fullvariable_bitvector.c line 2646 function main_thread thread 0
----------------------------------------------------
  __csLOCALPARAM___CS_atomic_store_obj=14 (01110)

State 318 file regression/pointertranslation/safestack_mem_ver6_fullvariable_bitvector.c line 2646 function main_thread thread 0
----------------------------------------------------
  __csLOCALPARAM___CS_atomic_store_v=-1 (11111)

State 319 file regression/pointertranslation/safestack_mem_ver6_fullvariable_bitvector.c line 154 function __CS_atomic_store thread 0
----------------------------------------------------
  MEMORY_VALUE[14]=-1 (11111)

State 324 file regression/pointertranslation/safestack_mem_ver6_fullvariable_bitvector.c line 2651 function main_thread thread 0
----------------------------------------------------
  id=threads (0000001000000000000000000000000000000000000000000000000000000000)

State 325 file regression/pointertranslation/safestack_mem_ver6_fullvariable_bitvector.c line 2651 function main_thread thread 0
----------------------------------------------------
  attr=NULL (0000000000000000000000000000000000000000000000000000000000000000)

State 326 file regression/pointertranslation/safestack_mem_ver6_fullvariable_bitvector.c line 2651 function main_thread thread 0
----------------------------------------------------
  t=thread0_0 (0000001100000000000000000000000000000000000000000000000000000000)

State 327 file regression/pointertranslation/safestack_mem_ver6_fullvariable_bitvector.c line 2651 function main_thread thread 0
----------------------------------------------------
  arg=NULL (0000000000000000000000000000000000000000000000000000000000000000)

State 328 file regression/pointertranslation/safestack_mem_ver6_fullvariable_bitvector.c line 2651 function main_thread thread 0
----------------------------------------------------
  threadID=1 (00001)

State 330 file regression/pointertranslation/safestack_mem_ver6_fullvariable_bitvector.c line 88 function __cs_create thread 0
----------------------------------------------------
  threads[0]=1 (00001)

State 331 file regression/pointertranslation/safestack_mem_ver6_fullvariable_bitvector.c line 88 function __cs_create thread 0
----------------------------------------------------
  active_thread[1]=1 (1)

State 332 file regression/pointertranslation/safestack_mem_ver6_fullvariable_bitvector.c line 88 function __cs_create thread 0
----------------------------------------------------
  threadargs[1]=NULL (0000000000000000000000000000000000000000000000000000000000000000)

State 338 file regression/pointertranslation/safestack_mem_ver6_fullvariable_bitvector.c line 2652 function main_thread thread 0
----------------------------------------------------
  id=threads + 1 (0000001000000000000000000000000000000000000000000000000000000001)

State 339 file regression/pointertranslation/safestack_mem_ver6_fullvariable_bitvector.c line 2652 function main_thread thread 0
----------------------------------------------------
  attr=NULL (0000000000000000000000000000000000000000000000000000000000000000)

State 340 file regression/pointertranslation/safestack_mem_ver6_fullvariable_bitvector.c line 2652 function main_thread thread 0
----------------------------------------------------
  t=thread1_0 (0000010000000000000000000000000000000000000000000000000000000000)

State 341 file regression/pointertranslation/safestack_mem_ver6_fullvariable_bitvector.c line 2652 function main_thread thread 0
----------------------------------------------------
  arg=NULL + 1 (0000000000000000000000000000000000000000000000000000000000000001)

State 342 file regression/pointertranslation/safestack_mem_ver6_fullvariable_bitvector.c line 2652 function main_thread thread 0
----------------------------------------------------
  threadID=2 (00010)

State 344 file regression/pointertranslation/safestack_mem_ver6_fullvariable_bitvector.c line 88 function __cs_create thread 0
----------------------------------------------------
  threads[1]=2 (00010)

State 345 file regression/pointertranslation/safestack_mem_ver6_fullvariable_bitvector.c line 88 function __cs_create thread 0
----------------------------------------------------
  active_thread[2]=1 (1)

State 346 file regression/pointertranslation/safestack_mem_ver6_fullvariable_bitvector.c line 88 function __cs_create thread 0
----------------------------------------------------
  threadargs[2]=NULL + 1 (0000000000000000000000000000000000000000000000000000000000000001)

State 352 file regression/pointertranslation/safestack_mem_ver6_fullvariable_bitvector.c line 2653 function main_thread thread 0
----------------------------------------------------
  id=threads + 2 (0000001000000000000000000000000000000000000000000000000000000010)

State 353 file regression/pointertranslation/safestack_mem_ver6_fullvariable_bitvector.c line 2653 function main_thread thread 0
----------------------------------------------------
  attr=NULL (0000000000000000000000000000000000000000000000000000000000000000)

State 354 file regression/pointertranslation/safestack_mem_ver6_fullvariable_bitvector.c line 2653 function main_thread thread 0
----------------------------------------------------
  t=thread2_0 (0000010100000000000000000000000000000000000000000000000000000000)

State 355 file regression/pointertranslation/safestack_mem_ver6_fullvariable_bitvector.c line 2653 function main_thread thread 0
----------------------------------------------------
  arg=NULL + 2 (0000000000000000000000000000000000000000000000000000000000000010)

State 356 file regression/pointertranslation/safestack_mem_ver6_fullvariable_bitvector.c line 2653 function main_thread thread 0
----------------------------------------------------
  threadID=3 (00011)

State 358 file regression/pointertranslation/safestack_mem_ver6_fullvariable_bitvector.c line 88 function __cs_create thread 0
----------------------------------------------------
  threads[2]=3 (00011)

State 359 file regression/pointertranslation/safestack_mem_ver6_fullvariable_bitvector.c line 88 function __cs_create thread 0
----------------------------------------------------
  active_thread[3]=1 (1)

State 360 file regression/pointertranslation/safestack_mem_ver6_fullvariable_bitvector.c line 88 function __cs_create thread 0
----------------------------------------------------
  threadargs[3]=NULL + 2 (0000000000000000000000000000000000000000000000000000000000000010)

State 369 file regression/pointertranslation/safestack_mem_ver6_fullvariable_bitvector.c line 2671 function main thread 0
----------------------------------------------------
  pc[0]=3 (00000011)

State 370 file regression/pointertranslation/safestack_mem_ver6_fullvariable_bitvector.c line 2673 function main thread 0
----------------------------------------------------
  thread_index=1 (00001)

State 375 file regression/pointertranslation/safestack_mem_ver6_fullvariable_bitvector.c line 143 function guess_pc thread 0
----------------------------------------------------
  i=3 (00000011)

State 380 file regression/pointertranslation/safestack_mem_ver6_fullvariable_bitvector.c line 2675 function main thread 0
----------------------------------------------------
  pc_cs=3 (000000011)

State 384 file regression/pointertranslation/safestack_mem_ver6_fullvariable_bitvector.c line 2677 function main thread 0
----------------------------------------------------
  __csLOCALPARAM_thread0_arg=NULL (0000000000000000000000000000000000000000000000000000000000000000)

State 386 file regression/pointertranslation/safestack_mem_ver6_fullvariable_bitvector.c line 213 function thread0_0 thread 0
----------------------------------------------------
  __csLOCAL_thread0_idx=0 (00000)

State 387 file regression/pointertranslation/safestack_mem_ver6_fullvariable_bitvector.c line 214 function thread0_0 thread 0
----------------------------------------------------
  __csLOCAL_thread0_i=0 (0000000000000000000000000000000000000000000000000000000000000000)

State 392 file regression/pointertranslation/safestack_mem_ver6_fullvariable_bitvector.c line 221 function thread0_0 thread 0
----------------------------------------------------
  __csLOCALPARAM___CS_atomic_load_obj=2 (00010)

State 396 file regression/pointertranslation/safestack_mem_ver6_fullvariable_bitvector.c line 221 function thread0_0 thread 0
----------------------------------------------------
  __csLOCAL_Pop0___while_cond_0=TRUE (00000001)

State 401 file regression/pointertranslation/safestack_mem_ver6_fullvariable_bitvector.c line 229 function thread0_0 thread 0
----------------------------------------------------
  __csLOCALPARAM___CS_atomic_load_obj=1 (00001)

State 404 file regression/pointertranslation/safestack_mem_ver6_fullvariable_bitvector.c line 229 function thread0_0 thread 0
----------------------------------------------------
  __csLOCAL_Pop0_head1=0 (00000)

State 544 file regression/pointertranslation/safestack_mem_ver6_fullvariable_bitvector.c line 2678 function main thread 0
----------------------------------------------------
  pc[1]=3 (00000011)

State 545 file regression/pointertranslation/safestack_mem_ver6_fullvariable_bitvector.c line 2681 function main thread 0
----------------------------------------------------
  thread_index=2 (00010)

State 550 file regression/pointertranslation/safestack_mem_ver6_fullvariable_bitvector.c line 143 function guess_pc thread 0
----------------------------------------------------
  i=62 (00111110)

State 555 file regression/pointertranslation/safestack_mem_ver6_fullvariable_bitvector.c line 2683 function main thread 0
----------------------------------------------------
  pc_cs=62 (000111110)

State 559 file regression/pointertranslation/safestack_mem_ver6_fullvariable_bitvector.c line 2685 function main thread 0
----------------------------------------------------
  __csLOCALPARAM_thread1_arg=NULL + 1 (0000000000000000000000000000000000000000000000000000000000000001)

State 561 file regression/pointertranslation/safestack_mem_ver6_fullvariable_bitvector.c line 1012 function thread1_0 thread 0
----------------------------------------------------
  __csLOCAL_thread1_idx=1 (00001)

State 562 file regression/pointertranslation/safestack_mem_ver6_fullvariable_bitvector.c line 1013 function thread1_0 thread 0
----------------------------------------------------
  __csLOCAL_thread1_i=0 (0000000000000000000000000000000000000000000000000000000000000000)

State 567 file regression/pointertranslation/safestack_mem_ver6_fullvariable_bitvector.c line 1020 function thread1_0 thread 0
----------------------------------------------------
  __csLOCALPARAM___CS_atomic_load_obj=2 (00010)

State 571 file regression/pointertranslation/safestack_mem_ver6_fullvariable_bitvector.c line 1020 function thread1_0 thread 0
----------------------------------------------------
  __csLOCAL_Pop1___while_cond_1=TRUE (00000001)

State 576 file regression/pointertranslation/safestack_mem_ver6_fullvariable_bitvector.c line 1028 function thread1_0 thread 0
----------------------------------------------------
  __csLOCALPARAM___CS_atomic_load_obj=1 (00001)

State 579 file regression/pointertranslation/safestack_mem_ver6_fullvariable_bitvector.c line 1028 function thread1_0 thread 0
----------------------------------------------------
  __csLOCAL_Pop1_head1=0 (00000)

State 583 file regression/pointertranslation/safestack_mem_ver6_fullvariable_bitvector.c line 1030 function thread1_0 thread 0
----------------------------------------------------
  __csLOCALPARAM___CS_atomic_exchange_obj=10 (01010)

State 584 file regression/pointertranslation/safestack_mem_ver6_fullvariable_bitvector.c line 1030 function thread1_0 thread 0
----------------------------------------------------
  __csLOCALPARAM___CS_atomic_exchange_v=-1 (11111)

State 585 file regression/pointertranslation/safestack_mem_ver6_fullvariable_bitvector.c line 165 function __CS_atomic_exchange thread 0
----------------------------------------------------
  __csLOCAL___CS_atomic_exchange_t=1 (00001)

State 586 file regression/pointertranslation/safestack_mem_ver6_fullvariable_bitvector.c line 166 function __CS_atomic_exchange thread 0
----------------------------------------------------
  MEMORY_VALUE[10]=-1 (11111)

State 589 file regression/pointertranslation/safestack_mem_ver6_fullvariable_bitvector.c line 1030 function thread1_0 thread 0
----------------------------------------------------
  __csLOCAL_Pop1_next1=1 (00001)

State 591 file regression/pointertranslation/safestack_mem_ver6_fullvariable_bitvector.c line 1033 function thread1_0 thread 0
----------------------------------------------------
  MEMORY_VALUE[5]=0 (00000)

State 595 file regression/pointertranslation/safestack_mem_ver6_fullvariable_bitvector.c line 1035 function thread1_0 thread 0
----------------------------------------------------
  __csLOCALPARAM___CS_atomic_compare_and_exchange_obj=1 (00001)

State 596 file regression/pointertranslation/safestack_mem_ver6_fullvariable_bitvector.c line 1035 function thread1_0 thread 0
----------------------------------------------------
  __csLOCALPARAM___CS_atomic_compare_and_exchange_expected=5 (00101)

State 597 file regression/pointertranslation/safestack_mem_ver6_fullvariable_bitvector.c line 1035 function thread1_0 thread 0
----------------------------------------------------
  __csLOCALPARAM___CS_atomic_compare_and_exchange_desired=1 (00001)

State 599 file regression/pointertranslation/safestack_mem_ver6_fullvariable_bitvector.c line 174 function __CS_atomic_compare_and_exchange thread 0
----------------------------------------------------
  MEMORY_VALUE[1]=1 (00001)

State 603 file regression/pointertranslation/safestack_mem_ver6_fullvariable_bitvector.c line 1035 function thread1_0 thread 0
----------------------------------------------------
  __csLOCAL_Pop1___if_cond_1=TRUE (00000001)

State 608 file regression/pointertranslation/safestack_mem_ver6_fullvariable_bitvector.c line 1038 function thread1_0 thread 0
----------------------------------------------------
  __csLOCALPARAM___CS_atomic_fetch_sub_obj=2 (00010)

State 609 file regression/pointertranslation/safestack_mem_ver6_fullvariable_bitvector.c line 1038 function thread1_0 thread 0
----------------------------------------------------
  __csLOCALPARAM___CS_atomic_fetch_sub_v=1 (00001)

State 610 file regression/pointertranslation/safestack_mem_ver6_fullvariable_bitvector.c line 196 function __CS_atomic_fetch_sub thread 0
----------------------------------------------------
  __csLOCAL___CS_atomic_fetch_sub_old=3 (00011)

State 611 file regression/pointertranslation/safestack_mem_ver6_fullvariable_bitvector.c line 197 function __CS_atomic_fetch_sub thread 0
----------------------------------------------------
  MEMORY_VALUE[2]=2 (00010)

State 614 file regression/pointertranslation/safestack_mem_ver6_fullvariable_bitvector.c line 1039 function thread1_0 thread 0
----------------------------------------------------
  __retval__Pop1_1=0 (00000)

State 617 file regression/pointertranslation/safestack_mem_ver6_fullvariable_bitvector.c line 1119 function thread1_0 thread 0
----------------------------------------------------
  __csLOCAL_thread1_elem=0 (00000)

State 621 file regression/pointertranslation/safestack_mem_ver6_fullvariable_bitvector.c line 1349 function thread1_0 thread 0
----------------------------------------------------
  MEMORY_VALUE[9]=1 (00001)

State 624 file regression/pointertranslation/safestack_mem_ver6_fullvariable_bitvector.c line 1353 function thread1_0 thread 0
----------------------------------------------------
  __csLOCALPARAM_Push1_index=0 (00000)

State 628 file regression/pointertranslation/safestack_mem_ver6_fullvariable_bitvector.c line 1354 function thread1_0 thread 0
----------------------------------------------------
  __csLOCALPARAM___CS_atomic_load_obj=1 (00001)

State 631 file regression/pointertranslation/safestack_mem_ver6_fullvariable_bitvector.c line 1354 function thread1_0 thread 0
----------------------------------------------------
  MEMORY_VALUE[6]=1 (00001)

State 632 file regression/pointertranslation/safestack_mem_ver6_fullvariable_bitvector.c line 1357 function thread1_0 thread 0
----------------------------------------------------
  __csLOCAL_Push1___cs_dowhile_onetime_2=0 (00000)

State 636 file regression/pointertranslation/safestack_mem_ver6_fullvariable_bitvector.c line 1359 function thread1_0 thread 0
----------------------------------------------------
  __csLOCALPARAM___CS_atomic_store_obj=10 (01010)

State 637 file regression/pointertranslation/safestack_mem_ver6_fullvariable_bitvector.c line 1359 function thread1_0 thread 0
----------------------------------------------------
  __csLOCALPARAM___CS_atomic_store_v=1 (00001)

State 638 file regression/pointertranslation/safestack_mem_ver6_fullvariable_bitvector.c line 154 function __CS_atomic_store thread 0
----------------------------------------------------
  MEMORY_VALUE[10]=1 (00001)

State 640 file regression/pointertranslation/safestack_mem_ver6_fullvariable_bitvector.c line 1361 function thread1_0 thread 0
----------------------------------------------------
  __csLOCAL_Push1___cs_dowhile_onetime_2=1 (00001)

State 722 file regression/pointertranslation/safestack_mem_ver6_fullvariable_bitvector.c line 2686 function main thread 0
----------------------------------------------------
  pc[2]=62 (00111110)

State 723 file regression/pointertranslation/safestack_mem_ver6_fullvariable_bitvector.c line 2689 function main thread 0
----------------------------------------------------
  thread_index=3 (00011)

State 728 file regression/pointertranslation/safestack_mem_ver6_fullvariable_bitvector.c line 143 function guess_pc thread 0
----------------------------------------------------
  i=62 (00111110)

State 733 file regression/pointertranslation/safestack_mem_ver6_fullvariable_bitvector.c line 2691 function main thread 0
----------------------------------------------------
  pc_cs=62 (000111110)

State 737 file regression/pointertranslation/safestack_mem_ver6_fullvariable_bitvector.c line 2693 function main thread 0
----------------------------------------------------
  __csLOCALPARAM_thread2_arg=NULL + 2 (0000000000000000000000000000000000000000000000000000000000000010)

State 739 file regression/pointertranslation/safestack_mem_ver6_fullvariable_bitvector.c line 1811 function thread2_0 thread 0
----------------------------------------------------
  __csLOCAL_thread2_idx=2 (00010)

State 740 file regression/pointertranslation/safestack_mem_ver6_fullvariable_bitvector.c line 1812 function thread2_0 thread 0
----------------------------------------------------
  __csLOCAL_thread2_i=0 (0000000000000000000000000000000000000000000000000000000000000000)

State 745 file regression/pointertranslation/safestack_mem_ver6_fullvariable_bitvector.c line 1819 function thread2_0 thread 0
----------------------------------------------------
  __csLOCALPARAM___CS_atomic_load_obj=2 (00010)

State 749 file regression/pointertranslation/safestack_mem_ver6_fullvariable_bitvector.c line 1819 function thread2_0 thread 0
----------------------------------------------------
  __csLOCAL_Pop2___while_cond_2=TRUE (00000001)

State 754 file regression/pointertranslation/safestack_mem_ver6_fullvariable_bitvector.c line 1827 function thread2_0 thread 0
----------------------------------------------------
  __csLOCALPARAM___CS_atomic_load_obj=1 (00001)

State 757 file regression/pointertranslation/safestack_mem_ver6_fullvariable_bitvector.c line 1827 function thread2_0 thread 0
----------------------------------------------------
  __csLOCAL_Pop2_head1=1 (00001)

State 761 file regression/pointertranslation/safestack_mem_ver6_fullvariable_bitvector.c line 1829 function thread2_0 thread 0
----------------------------------------------------
  __csLOCALPARAM___CS_atomic_exchange_obj=12 (01100)

State 762 file regression/pointertranslation/safestack_mem_ver6_fullvariable_bitvector.c line 1829 function thread2_0 thread 0
----------------------------------------------------
  __csLOCALPARAM___CS_atomic_exchange_v=-1 (11111)

State 763 file regression/pointertranslation/safestack_mem_ver6_fullvariable_bitvector.c line 165 function __CS_atomic_exchange thread 0
----------------------------------------------------
  __csLOCAL___CS_atomic_exchange_t=2 (00010)

State 764 file regression/pointertranslation/safestack_mem_ver6_fullvariable_bitvector.c line 166 function __CS_atomic_exchange thread 0
----------------------------------------------------
  MEMORY_VALUE[12]=-1 (11111)

State 767 file regression/pointertranslation/safestack_mem_ver6_fullvariable_bitvector.c line 1829 function thread2_0 thread 0
----------------------------------------------------
  __csLOCAL_Pop2_next1=2 (00010)

State 769 file regression/pointertranslation/safestack_mem_ver6_fullvariable_bitvector.c line 1832 function thread2_0 thread 0
----------------------------------------------------
  MEMORY_VALUE[7]=1 (00001)

State 773 file regression/pointertranslation/safestack_mem_ver6_fullvariable_bitvector.c line 1834 function thread2_0 thread 0
----------------------------------------------------
  __csLOCALPARAM___CS_atomic_compare_and_exchange_obj=1 (00001)

State 774 file regression/pointertranslation/safestack_mem_ver6_fullvariable_bitvector.c line 1834 function thread2_0 thread 0
----------------------------------------------------
  __csLOCALPARAM___CS_atomic_compare_and_exchange_expected=7 (00111)

State 775 file regression/pointertranslation/safestack_mem_ver6_fullvariable_bitvector.c line 1834 function thread2_0 thread 0
----------------------------------------------------
  __csLOCALPARAM___CS_atomic_compare_and_exchange_desired=2 (00010)

State 777 file regression/pointertranslation/safestack_mem_ver6_fullvariable_bitvector.c line 174 function __CS_atomic_compare_and_exchange thread 0
----------------------------------------------------
  MEMORY_VALUE[1]=2 (00010)

State 781 file regression/pointertranslation/safestack_mem_ver6_fullvariable_bitvector.c line 1834 function thread2_0 thread 0
----------------------------------------------------
  __csLOCAL_Pop2___if_cond_2=TRUE (00000001)

State 786 file regression/pointertranslation/safestack_mem_ver6_fullvariable_bitvector.c line 1837 function thread2_0 thread 0
----------------------------------------------------
  __csLOCALPARAM___CS_atomic_fetch_sub_obj=2 (00010)

State 787 file regression/pointertranslation/safestack_mem_ver6_fullvariable_bitvector.c line 1837 function thread2_0 thread 0
----------------------------------------------------
  __csLOCALPARAM___CS_atomic_fetch_sub_v=1 (00001)

State 788 file regression/pointertranslation/safestack_mem_ver6_fullvariable_bitvector.c line 196 function __CS_atomic_fetch_sub thread 0
----------------------------------------------------
  __csLOCAL___CS_atomic_fetch_sub_old=2 (00010)

State 789 file regression/pointertranslation/safestack_mem_ver6_fullvariable_bitvector.c line 197 function __CS_atomic_fetch_sub thread 0
----------------------------------------------------
  MEMORY_VALUE[2]=1 (00001)

State 792 file regression/pointertranslation/safestack_mem_ver6_fullvariable_bitvector.c line 1838 function thread2_0 thread 0
----------------------------------------------------
  __retval__Pop2_1=1 (00001)

State 795 file regression/pointertranslation/safestack_mem_ver6_fullvariable_bitvector.c line 1918 function thread2_0 thread 0
----------------------------------------------------
  __csLOCAL_thread2_elem=1 (00001)

State 799 file regression/pointertranslation/safestack_mem_ver6_fullvariable_bitvector.c line 2148 function thread2_0 thread 0
----------------------------------------------------
  MEMORY_VALUE[11]=2 (00010)

State 802 file regression/pointertranslation/safestack_mem_ver6_fullvariable_bitvector.c line 2152 function thread2_0 thread 0
----------------------------------------------------
  __csLOCALPARAM_Push2_index=1 (00001)

State 806 file regression/pointertranslation/safestack_mem_ver6_fullvariable_bitvector.c line 2153 function thread2_0 thread 0
----------------------------------------------------
  __csLOCALPARAM___CS_atomic_load_obj=1 (00001)

State 809 file regression/pointertranslation/safestack_mem_ver6_fullvariable_bitvector.c line 2153 function thread2_0 thread 0
----------------------------------------------------
  MEMORY_VALUE[8]=2 (00010)

State 810 file regression/pointertranslation/safestack_mem_ver6_fullvariable_bitvector.c line 2156 function thread2_0 thread 0
----------------------------------------------------
  __csLOCAL_Push2___cs_dowhile_onetime_3=0 (00000)

State 814 file regression/pointertranslation/safestack_mem_ver6_fullvariable_bitvector.c line 2158 function thread2_0 thread 0
----------------------------------------------------
  __csLOCALPARAM___CS_atomic_store_obj=12 (01100)

State 815 file regression/pointertranslation/safestack_mem_ver6_fullvariable_bitvector.c line 2158 function thread2_0 thread 0
----------------------------------------------------
  __csLOCALPARAM___CS_atomic_store_v=2 (00010)

State 816 file regression/pointertranslation/safestack_mem_ver6_fullvariable_bitvector.c line 154 function __CS_atomic_store thread 0
----------------------------------------------------
  MEMORY_VALUE[12]=2 (00010)

State 818 file regression/pointertranslation/safestack_mem_ver6_fullvariable_bitvector.c line 2160 function thread2_0 thread 0
----------------------------------------------------
  __csLOCAL_Push2___cs_dowhile_onetime_3=1 (00001)

State 900 file regression/pointertranslation/safestack_mem_ver6_fullvariable_bitvector.c line 2694 function main thread 0
----------------------------------------------------
  pc[3]=62 (00111110)

State 901 file regression/pointertranslation/safestack_mem_ver6_fullvariable_bitvector.c line 2698 function main thread 0
----------------------------------------------------
  thread_index=0 (00000)

State 906 file regression/pointertranslation/safestack_mem_ver6_fullvariable_bitvector.c line 143 function guess_pc thread 0
----------------------------------------------------
  i=0 (00000000)

State 911 file regression/pointertranslation/safestack_mem_ver6_fullvariable_bitvector.c line 2700 function main thread 0
----------------------------------------------------
  pc_cs=3 (000000011)

State 924 file regression/pointertranslation/safestack_mem_ver6_fullvariable_bitvector.c line 2703 function main thread 0
----------------------------------------------------
  pc[0]=3 (00000011)

State 925 file regression/pointertranslation/safestack_mem_ver6_fullvariable_bitvector.c line 2706 function main thread 0
----------------------------------------------------
  thread_index=1 (00001)

State 930 file regression/pointertranslation/safestack_mem_ver6_fullvariable_bitvector.c line 143 function guess_pc thread 0
----------------------------------------------------
  i=3 (00000011)

State 935 file regression/pointertranslation/safestack_mem_ver6_fullvariable_bitvector.c line 2708 function main thread 0
----------------------------------------------------
  pc_cs=6 (000000110)

State 939 file regression/pointertranslation/safestack_mem_ver6_fullvariable_bitvector.c line 2710 function main thread 0
----------------------------------------------------
  __csLOCALPARAM_thread0_arg=NULL (0000000000000000000000000000000000000000000000000000000000000000)

State 946 file regression/pointertranslation/safestack_mem_ver6_fullvariable_bitvector.c line 231 function thread0_0 thread 0
----------------------------------------------------
  __csLOCALPARAM___CS_atomic_exchange_obj=10 (01010)

State 947 file regression/pointertranslation/safestack_mem_ver6_fullvariable_bitvector.c line 231 function thread0_0 thread 0
----------------------------------------------------
  __csLOCALPARAM___CS_atomic_exchange_v=-1 (11111)

State 948 file regression/pointertranslation/safestack_mem_ver6_fullvariable_bitvector.c line 165 function __CS_atomic_exchange thread 0
----------------------------------------------------
  __csLOCAL___CS_atomic_exchange_t=1 (00001)

State 949 file regression/pointertranslation/safestack_mem_ver6_fullvariable_bitvector.c line 166 function __CS_atomic_exchange thread 0
----------------------------------------------------
  MEMORY_VALUE[10]=-1 (11111)

State 952 file regression/pointertranslation/safestack_mem_ver6_fullvariable_bitvector.c line 231 function thread0_0 thread 0
----------------------------------------------------
  __csLOCAL_Pop0_next1=1 (00001)

State 954 file regression/pointertranslation/safestack_mem_ver6_fullvariable_bitvector.c line 234 function thread0_0 thread 0
----------------------------------------------------
  MEMORY_VALUE[3]=0 (00000)

State 958 file regression/pointertranslation/safestack_mem_ver6_fullvariable_bitvector.c line 236 function thread0_0 thread 0
----------------------------------------------------
  __csLOCALPARAM___CS_atomic_compare_and_exchange_obj=1 (00001)

State 959 file regression/pointertranslation/safestack_mem_ver6_fullvariable_bitvector.c line 236 function thread0_0 thread 0
----------------------------------------------------
  __csLOCALPARAM___CS_atomic_compare_and_exchange_expected=3 (00011)

State 960 file regression/pointertranslation/safestack_mem_ver6_fullvariable_bitvector.c line 236 function thread0_0 thread 0
----------------------------------------------------
  __csLOCALPARAM___CS_atomic_compare_and_exchange_desired=1 (00001)

State 962 file regression/pointertranslation/safestack_mem_ver6_fullvariable_bitvector.c line 179 function __CS_atomic_compare_and_exchange thread 0
----------------------------------------------------
  MEMORY_VALUE[3]=2 (00010)

State 966 file regression/pointertranslation/safestack_mem_ver6_fullvariable_bitvector.c line 236 function thread0_0 thread 0
----------------------------------------------------
  __csLOCAL_Pop0___if_cond_0=FALSE (00000000)

State 1105 file regression/pointertranslation/safestack_mem_ver6_fullvariable_bitvector.c line 2711 function main thread 0
----------------------------------------------------
  pc[1]=6 (00000110)

State 1106 file regression/pointertranslation/safestack_mem_ver6_fullvariable_bitvector.c line 2714 function main thread 0
----------------------------------------------------
  thread_index=2 (00010)

State 1111 file regression/pointertranslation/safestack_mem_ver6_fullvariable_bitvector.c line 143 function guess_pc thread 0
----------------------------------------------------
  i=10 (00001010)

State 1116 file regression/pointertranslation/safestack_mem_ver6_fullvariable_bitvector.c line 2716 function main thread 0
----------------------------------------------------
  pc_cs=72 (001001000)

State 1120 file regression/pointertranslation/safestack_mem_ver6_fullvariable_bitvector.c line 2718 function main thread 0
----------------------------------------------------
  __csLOCALPARAM_thread1_arg=NULL + 1 (0000000000000000000000000000000000000000000000000000000000000001)

State 1187 file regression/pointertranslation/safestack_mem_ver6_fullvariable_bitvector.c line 1367 function thread1_0 thread 0
----------------------------------------------------
  __csLOCALPARAM___CS_atomic_compare_and_exchange_obj=1 (00001)

State 1188 file regression/pointertranslation/safestack_mem_ver6_fullvariable_bitvector.c line 1367 function thread1_0 thread 0
----------------------------------------------------
  __csLOCALPARAM___CS_atomic_compare_and_exchange_expected=6 (00110)

State 1189 file regression/pointertranslation/safestack_mem_ver6_fullvariable_bitvector.c line 1367 function thread1_0 thread 0
----------------------------------------------------
  __csLOCALPARAM___CS_atomic_compare_and_exchange_desired=0 (00000)

State 1191 file regression/pointertranslation/safestack_mem_ver6_fullvariable_bitvector.c line 179 function __CS_atomic_compare_and_exchange thread 0
----------------------------------------------------
  MEMORY_VALUE[6]=2 (00010)

State 1196 file regression/pointertranslation/safestack_mem_ver6_fullvariable_bitvector.c line 1366 function thread1_0 thread 0
----------------------------------------------------
  __csLOCAL_Push1___while_cond_4=TRUE (00000001)

State 1201 file regression/pointertranslation/safestack_mem_ver6_fullvariable_bitvector.c line 1374 function thread1_0 thread 0
----------------------------------------------------
  __csLOCALPARAM___CS_atomic_store_obj=10 (01010)

State 1202 file regression/pointertranslation/safestack_mem_ver6_fullvariable_bitvector.c line 1374 function thread1_0 thread 0
----------------------------------------------------
  __csLOCALPARAM___CS_atomic_store_v=2 (00010)

State 1203 file regression/pointertranslation/safestack_mem_ver6_fullvariable_bitvector.c line 154 function __CS_atomic_store thread 0
----------------------------------------------------
  MEMORY_VALUE[10]=2 (00010)

State 1209 file regression/pointertranslation/safestack_mem_ver6_fullvariable_bitvector.c line 1376 function thread1_0 thread 0
----------------------------------------------------
  __csLOCALPARAM___CS_atomic_compare_and_exchange_obj=1 (00001)

State 1210 file regression/pointertranslation/safestack_mem_ver6_fullvariable_bitvector.c line 1376 function thread1_0 thread 0
----------------------------------------------------
  __csLOCALPARAM___CS_atomic_compare_and_exchange_expected=6 (00110)

State 1211 file regression/pointertranslation/safestack_mem_ver6_fullvariable_bitvector.c line 1376 function thread1_0 thread 0
----------------------------------------------------
  __csLOCALPARAM___CS_atomic_compare_and_exchange_desired=0 (00000)

State 1213 file regression/pointertranslation/safestack_mem_ver6_fullvariable_bitvector.c line 174 function __CS_atomic_compare_and_exchange thread 0
----------------------------------------------------
  MEMORY_VALUE[1]=0 (00000)

State 1218 file regression/pointertranslation/safestack_mem_ver6_fullvariable_bitvector.c line 1375 function thread1_0 thread 0
----------------------------------------------------
  __csLOCAL_Push1___while_cond_4=FALSE (00000000)

State 1224 file regression/pointertranslation/safestack_mem_ver6_fullvariable_bitvector.c line 1399 function thread1_0 thread 0
----------------------------------------------------
  __csLOCALPARAM___CS_atomic_fetch_add_obj=2 (00010)

State 1225 file regression/pointertranslation/safestack_mem_ver6_fullvariable_bitvector.c line 1399 function thread1_0 thread 0
----------------------------------------------------
  __csLOCALPARAM___CS_atomic_fetch_add_v=1 (00001)

State 1226 file regression/pointertranslation/safestack_mem_ver6_fullvariable_bitvector.c line 188 function __CS_atomic_fetch_add thread 0
----------------------------------------------------
  __csLOCAL___CS_atomic_fetch_add_old=1 (00001)

State 1227 file regression/pointertranslation/safestack_mem_ver6_fullvariable_bitvector.c line 189 function __CS_atomic_fetch_add thread 0
----------------------------------------------------
  MEMORY_VALUE[2]=2 (00010)

State 1231 file regression/pointertranslation/safestack_mem_ver6_fullvariable_bitvector.c line 1405 function thread1_0 thread 0
----------------------------------------------------
  __csLOCAL_thread1_i=1 (0000000000000000000000000000000000000000000000000000000000000001)

State 1236 file regression/pointertranslation/safestack_mem_ver6_fullvariable_bitvector.c line 1412 function thread1_0 thread 0
----------------------------------------------------
  __csLOCALPARAM___CS_atomic_load_obj=2 (00010)

State 1240 file regression/pointertranslation/safestack_mem_ver6_fullvariable_bitvector.c line 1412 function thread1_0 thread 0
----------------------------------------------------
  __csLOCAL_Pop1___while_cond_1=TRUE (00000001)

State 1245 file regression/pointertranslation/safestack_mem_ver6_fullvariable_bitvector.c line 1420 function thread1_0 thread 0
----------------------------------------------------
  __csLOCALPARAM___CS_atomic_load_obj=1 (00001)

State 1248 file regression/pointertranslation/safestack_mem_ver6_fullvariable_bitvector.c line 1420 function thread1_0 thread 0
----------------------------------------------------
  __csLOCAL_Pop1_head1=0 (00000)

State 1319 file regression/pointertranslation/safestack_mem_ver6_fullvariable_bitvector.c line 2719 function main thread 0
----------------------------------------------------
  pc[2]=72 (01001000)

State 1320 file regression/pointertranslation/safestack_mem_ver6_fullvariable_bitvector.c line 2722 function main thread 0
----------------------------------------------------
  thread_index=3 (00011)

State 1325 file regression/pointertranslation/safestack_mem_ver6_fullvariable_bitvector.c line 143 function guess_pc thread 0
----------------------------------------------------
  i=2 (00000010)

State 1330 file regression/pointertranslation/safestack_mem_ver6_fullvariable_bitvector.c line 2724 function main thread 0
----------------------------------------------------
  pc_cs=64 (001000000)

State 1334 file regression/pointertranslation/safestack_mem_ver6_fullvariable_bitvector.c line 2726 function main thread 0
----------------------------------------------------
  __csLOCALPARAM_thread2_arg=NULL + 2 (0000000000000000000000000000000000000000000000000000000000000010)

State 1401 file regression/pointertranslation/safestack_mem_ver6_fullvariable_bitvector.c line 2166 function thread2_0 thread 0
----------------------------------------------------
  __csLOCALPARAM___CS_atomic_compare_and_exchange_obj=1 (00001)

State 1402 file regression/pointertranslation/safestack_mem_ver6_fullvariable_bitvector.c line 2166 function thread2_0 thread 0
----------------------------------------------------
  __csLOCALPARAM___CS_atomic_compare_and_exchange_expected=8 (01000)

State 1403 file regression/pointertranslation/safestack_mem_ver6_fullvariable_bitvector.c line 2166 function thread2_0 thread 0
----------------------------------------------------
  __csLOCALPARAM___CS_atomic_compare_and_exchange_desired=1 (00001)

State 1405 file regression/pointertranslation/safestack_mem_ver6_fullvariable_bitvector.c line 179 function __CS_atomic_compare_and_exchange thread 0
----------------------------------------------------
  MEMORY_VALUE[8]=0 (00000)

State 1410 file regression/pointertranslation/safestack_mem_ver6_fullvariable_bitvector.c line 2165 function thread2_0 thread 0
----------------------------------------------------
  __csLOCAL_Push2___while_cond_5=TRUE (00000001)

State 1415 file regression/pointertranslation/safestack_mem_ver6_fullvariable_bitvector.c line 2173 function thread2_0 thread 0
----------------------------------------------------
  __csLOCALPARAM___CS_atomic_store_obj=12 (01100)

State 1416 file regression/pointertranslation/safestack_mem_ver6_fullvariable_bitvector.c line 2173 function thread2_0 thread 0
----------------------------------------------------
  __csLOCALPARAM___CS_atomic_store_v=0 (00000)

State 1417 file regression/pointertranslation/safestack_mem_ver6_fullvariable_bitvector.c line 154 function __CS_atomic_store thread 0
----------------------------------------------------
  MEMORY_VALUE[12]=0 (00000)

State 1497 file regression/pointertranslation/safestack_mem_ver6_fullvariable_bitvector.c line 2727 function main thread 0
----------------------------------------------------
  pc[3]=64 (01000000)

State 1498 file regression/pointertranslation/safestack_mem_ver6_fullvariable_bitvector.c line 2731 function main thread 0
----------------------------------------------------
  thread_index=0 (00000)

State 1503 file regression/pointertranslation/safestack_mem_ver6_fullvariable_bitvector.c line 143 function guess_pc thread 0
----------------------------------------------------
  i=0 (00000000)

State 1508 file regression/pointertranslation/safestack_mem_ver6_fullvariable_bitvector.c line 2733 function main thread 0
----------------------------------------------------
  pc_cs=3 (000000011)

State 1521 file regression/pointertranslation/safestack_mem_ver6_fullvariable_bitvector.c line 2736 function main thread 0
----------------------------------------------------
  pc[0]=3 (00000011)

State 1522 file regression/pointertranslation/safestack_mem_ver6_fullvariable_bitvector.c line 2739 function main thread 0
----------------------------------------------------
  thread_index=1 (00001)

State 1527 file regression/pointertranslation/safestack_mem_ver6_fullvariable_bitvector.c line 143 function guess_pc thread 0
----------------------------------------------------
  i=68 (01000100)

State 1532 file regression/pointertranslation/safestack_mem_ver6_fullvariable_bitvector.c line 2741 function main thread 0
----------------------------------------------------
  pc_cs=74 (001001010)

State 1536 file regression/pointertranslation/safestack_mem_ver6_fullvariable_bitvector.c line 2743 function main thread 0
----------------------------------------------------
  __csLOCALPARAM_thread0_arg=NULL (0000000000000000000000000000000000000000000000000000000000000000)

State 1546 file regression/pointertranslation/safestack_mem_ver6_fullvariable_bitvector.c line 245 function thread0_0 thread 0
----------------------------------------------------
  __csLOCALPARAM___CS_atomic_exchange_obj=10 (01010)

State 1547 file regression/pointertranslation/safestack_mem_ver6_fullvariable_bitvector.c line 245 function thread0_0 thread 0
----------------------------------------------------
  __csLOCALPARAM___CS_atomic_exchange_v=1 (00001)

State 1548 file regression/pointertranslation/safestack_mem_ver6_fullvariable_bitvector.c line 165 function __CS_atomic_exchange thread 0
----------------------------------------------------
  __csLOCAL___CS_atomic_exchange_t=2 (00010)

State 1549 file regression/pointertranslation/safestack_mem_ver6_fullvariable_bitvector.c line 166 function __CS_atomic_exchange thread 0
----------------------------------------------------
  MEMORY_VALUE[10]=1 (00001)

State 1558 file regression/pointertranslation/safestack_mem_ver6_fullvariable_bitvector.c line 250 function thread0_0 thread 0
----------------------------------------------------
  __csLOCALPARAM___CS_atomic_load_obj=2 (00010)

State 1562 file regression/pointertranslation/safestack_mem_ver6_fullvariable_bitvector.c line 250 function thread0_0 thread 0
----------------------------------------------------
  __csLOCAL_Pop0___while_cond_0=TRUE (00000001)

State 1567 file regression/pointertranslation/safestack_mem_ver6_fullvariable_bitvector.c line 259 function thread0_0 thread 0
----------------------------------------------------
  __csLOCALPARAM___CS_atomic_load_obj=1 (00001)

State 1570 file regression/pointertranslation/safestack_mem_ver6_fullvariable_bitvector.c line 259 function thread0_0 thread 0
----------------------------------------------------
  __csLOCAL_Pop0_head1=0 (00000)

State 1574 file regression/pointertranslation/safestack_mem_ver6_fullvariable_bitvector.c line 261 function thread0_0 thread 0
----------------------------------------------------
  __csLOCALPARAM___CS_atomic_exchange_obj=10 (01010)

State 1575 file regression/pointertranslation/safestack_mem_ver6_fullvariable_bitvector.c line 261 function thread0_0 thread 0
----------------------------------------------------
  __csLOCALPARAM___CS_atomic_exchange_v=-1 (11111)

State 1576 file regression/pointertranslation/safestack_mem_ver6_fullvariable_bitvector.c line 165 function __CS_atomic_exchange thread 0
----------------------------------------------------
  __csLOCAL___CS_atomic_exchange_t=1 (00001)

State 1577 file regression/pointertranslation/safestack_mem_ver6_fullvariable_bitvector.c line 166 function __CS_atomic_exchange thread 0
----------------------------------------------------
  MEMORY_VALUE[10]=-1 (11111)

State 1580 file regression/pointertranslation/safestack_mem_ver6_fullvariable_bitvector.c line 261 function thread0_0 thread 0
----------------------------------------------------
  __csLOCAL_Pop0_next1=1 (00001)

State 1582 file regression/pointertranslation/safestack_mem_ver6_fullvariable_bitvector.c line 264 function thread0_0 thread 0
----------------------------------------------------
  MEMORY_VALUE[3]=0 (00000)

State 1586 file regression/pointertranslation/safestack_mem_ver6_fullvariable_bitvector.c line 266 function thread0_0 thread 0
----------------------------------------------------
  __csLOCALPARAM___CS_atomic_compare_and_exchange_obj=1 (00001)

State 1587 file regression/pointertranslation/safestack_mem_ver6_fullvariable_bitvector.c line 266 function thread0_0 thread 0
----------------------------------------------------
  __csLOCALPARAM___CS_atomic_compare_and_exchange_expected=3 (00011)

State 1588 file regression/pointertranslation/safestack_mem_ver6_fullvariable_bitvector.c line 266 function thread0_0 thread 0
----------------------------------------------------
  __csLOCALPARAM___CS_atomic_compare_and_exchange_desired=1 (00001)

State 1590 file regression/pointertranslation/safestack_mem_ver6_fullvariable_bitvector.c line 174 function __CS_atomic_compare_and_exchange thread 0
----------------------------------------------------
  MEMORY_VALUE[1]=1 (00001)

State 1594 file regression/pointertranslation/safestack_mem_ver6_fullvariable_bitvector.c line 266 function thread0_0 thread 0
----------------------------------------------------
  __csLOCAL_Pop0___if_cond_0=TRUE (00000001)

State 1599 file regression/pointertranslation/safestack_mem_ver6_fullvariable_bitvector.c line 269 function thread0_0 thread 0
----------------------------------------------------
  __csLOCALPARAM___CS_atomic_fetch_sub_obj=2 (00010)

State 1600 file regression/pointertranslation/safestack_mem_ver6_fullvariable_bitvector.c line 269 function thread0_0 thread 0
----------------------------------------------------
  __csLOCALPARAM___CS_atomic_fetch_sub_v=1 (00001)

State 1601 file regression/pointertranslation/safestack_mem_ver6_fullvariable_bitvector.c line 196 function __CS_atomic_fetch_sub thread 0
----------------------------------------------------
  __csLOCAL___CS_atomic_fetch_sub_old=2 (00010)

State 1602 file regression/pointertranslation/safestack_mem_ver6_fullvariable_bitvector.c line 197 function __CS_atomic_fetch_sub thread 0
----------------------------------------------------
  MEMORY_VALUE[2]=1 (00001)

State 1605 file regression/pointertranslation/safestack_mem_ver6_fullvariable_bitvector.c line 270 function thread0_0 thread 0
----------------------------------------------------
  __retval__Pop0_1=0 (00000)

State 1608 file regression/pointertranslation/safestack_mem_ver6_fullvariable_bitvector.c line 320 function thread0_0 thread 0
----------------------------------------------------
  __csLOCAL_thread0_elem=0 (00000)

State 1612 file regression/pointertranslation/safestack_mem_ver6_fullvariable_bitvector.c line 550 function thread0_0 thread 0
----------------------------------------------------
  MEMORY_VALUE[9]=0 (00000)

State 1615 file regression/pointertranslation/safestack_mem_ver6_fullvariable_bitvector.c line 554 function thread0_0 thread 0
----------------------------------------------------
  __csLOCALPARAM_Push0_index=0 (00000)

State 1619 file regression/pointertranslation/safestack_mem_ver6_fullvariable_bitvector.c line 555 function thread0_0 thread 0
----------------------------------------------------
  __csLOCALPARAM___CS_atomic_load_obj=1 (00001)

State 1622 file regression/pointertranslation/safestack_mem_ver6_fullvariable_bitvector.c line 555 function thread0_0 thread 0
----------------------------------------------------
  MEMORY_VALUE[4]=1 (00001)

State 1623 file regression/pointertranslation/safestack_mem_ver6_fullvariable_bitvector.c line 558 function thread0_0 thread 0
----------------------------------------------------
  __csLOCAL_Push0___cs_dowhile_onetime_1=0 (00000)

State 1627 file regression/pointertranslation/safestack_mem_ver6_fullvariable_bitvector.c line 560 function thread0_0 thread 0
----------------------------------------------------
  __csLOCALPARAM___CS_atomic_store_obj=10 (01010)

State 1628 file regression/pointertranslation/safestack_mem_ver6_fullvariable_bitvector.c line 560 function thread0_0 thread 0
----------------------------------------------------
  __csLOCALPARAM___CS_atomic_store_v=1 (00001)

State 1629 file regression/pointertranslation/safestack_mem_ver6_fullvariable_bitvector.c line 154 function __CS_atomic_store thread 0
----------------------------------------------------
  MEMORY_VALUE[10]=1 (00001)

State 1631 file regression/pointertranslation/safestack_mem_ver6_fullvariable_bitvector.c line 562 function thread0_0 thread 0
----------------------------------------------------
  __csLOCAL_Push0___cs_dowhile_onetime_1=1 (00001)

State 1638 file regression/pointertranslation/safestack_mem_ver6_fullvariable_bitvector.c line 568 function thread0_0 thread 0
----------------------------------------------------
  __csLOCALPARAM___CS_atomic_compare_and_exchange_obj=1 (00001)

State 1639 file regression/pointertranslation/safestack_mem_ver6_fullvariable_bitvector.c line 568 function thread0_0 thread 0
----------------------------------------------------
  __csLOCALPARAM___CS_atomic_compare_and_exchange_expected=4 (00100)

State 1640 file regression/pointertranslation/safestack_mem_ver6_fullvariable_bitvector.c line 568 function thread0_0 thread 0
----------------------------------------------------
  __csLOCALPARAM___CS_atomic_compare_and_exchange_desired=0 (00000)

State 1642 file regression/pointertranslation/safestack_mem_ver6_fullvariable_bitvector.c line 174 function __CS_atomic_compare_and_exchange thread 0
----------------------------------------------------
  MEMORY_VALUE[1]=0 (00000)

State 1647 file regression/pointertranslation/safestack_mem_ver6_fullvariable_bitvector.c line 567 function thread0_0 thread 0
----------------------------------------------------
  __csLOCAL_Push0___while_cond_3=FALSE (00000000)

State 1653 file regression/pointertranslation/safestack_mem_ver6_fullvariable_bitvector.c line 600 function thread0_0 thread 0
----------------------------------------------------
  __csLOCALPARAM___CS_atomic_fetch_add_obj=2 (00010)

State 1654 file regression/pointertranslation/safestack_mem_ver6_fullvariable_bitvector.c line 600 function thread0_0 thread 0
----------------------------------------------------
  __csLOCALPARAM___CS_atomic_fetch_add_v=1 (00001)

State 1655 file regression/pointertranslation/safestack_mem_ver6_fullvariable_bitvector.c line 188 function __CS_atomic_fetch_add thread 0
----------------------------------------------------
  __csLOCAL___CS_atomic_fetch_add_old=1 (00001)

State 1656 file regression/pointertranslation/safestack_mem_ver6_fullvariable_bitvector.c line 189 function __CS_atomic_fetch_add thread 0
----------------------------------------------------
  MEMORY_VALUE[2]=2 (00010)

State 1660 file regression/pointertranslation/safestack_mem_ver6_fullvariable_bitvector.c line 606 function thread0_0 thread 0
----------------------------------------------------
  __csLOCAL_thread0_i=1 (0000000000000000000000000000000000000000000000000000000000000001)

State 1665 file regression/pointertranslation/safestack_mem_ver6_fullvariable_bitvector.c line 613 function thread0_0 thread 0
----------------------------------------------------
  __csLOCALPARAM___CS_atomic_load_obj=2 (00010)

State 1669 file regression/pointertranslation/safestack_mem_ver6_fullvariable_bitvector.c line 613 function thread0_0 thread 0
----------------------------------------------------
  __csLOCAL_Pop0___while_cond_0=TRUE (00000001)

State 1674 file regression/pointertranslation/safestack_mem_ver6_fullvariable_bitvector.c line 621 function thread0_0 thread 0
----------------------------------------------------
  __csLOCALPARAM___CS_atomic_load_obj=1 (00001)

State 1677 file regression/pointertranslation/safestack_mem_ver6_fullvariable_bitvector.c line 621 function thread0_0 thread 0
----------------------------------------------------
  __csLOCAL_Pop0_head1=0 (00000)

State 1681 file regression/pointertranslation/safestack_mem_ver6_fullvariable_bitvector.c line 623 function thread0_0 thread 0
----------------------------------------------------
  __csLOCALPARAM___CS_atomic_exchange_obj=10 (01010)

State 1682 file regression/pointertranslation/safestack_mem_ver6_fullvariable_bitvector.c line 623 function thread0_0 thread 0
----------------------------------------------------
  __csLOCALPARAM___CS_atomic_exchange_v=-1 (11111)

State 1683 file regression/pointertranslation/safestack_mem_ver6_fullvariable_bitvector.c line 165 function __CS_atomic_exchange thread 0
----------------------------------------------------
  __csLOCAL___CS_atomic_exchange_t=1 (00001)

State 1684 file regression/pointertranslation/safestack_mem_ver6_fullvariable_bitvector.c line 166 function __CS_atomic_exchange thread 0
----------------------------------------------------
  MEMORY_VALUE[10]=-1 (11111)

State 1687 file regression/pointertranslation/safestack_mem_ver6_fullvariable_bitvector.c line 623 function thread0_0 thread 0
----------------------------------------------------
  __csLOCAL_Pop0_next1=1 (00001)

State 1689 file regression/pointertranslation/safestack_mem_ver6_fullvariable_bitvector.c line 626 function thread0_0 thread 0
----------------------------------------------------
  MEMORY_VALUE[3]=0 (00000)

State 1693 file regression/pointertranslation/safestack_mem_ver6_fullvariable_bitvector.c line 628 function thread0_0 thread 0
----------------------------------------------------
  __csLOCALPARAM___CS_atomic_compare_and_exchange_obj=1 (00001)

State 1694 file regression/pointertranslation/safestack_mem_ver6_fullvariable_bitvector.c line 628 function thread0_0 thread 0
----------------------------------------------------
  __csLOCALPARAM___CS_atomic_compare_and_exchange_expected=3 (00011)

State 1695 file regression/pointertranslation/safestack_mem_ver6_fullvariable_bitvector.c line 628 function thread0_0 thread 0
----------------------------------------------------
  __csLOCALPARAM___CS_atomic_compare_and_exchange_desired=1 (00001)

State 1697 file regression/pointertranslation/safestack_mem_ver6_fullvariable_bitvector.c line 174 function __CS_atomic_compare_and_exchange thread 0
----------------------------------------------------
  MEMORY_VALUE[1]=1 (00001)

State 1701 file regression/pointertranslation/safestack_mem_ver6_fullvariable_bitvector.c line 628 function thread0_0 thread 0
----------------------------------------------------
  __csLOCAL_Pop0___if_cond_0=TRUE (00000001)

State 1771 file regression/pointertranslation/safestack_mem_ver6_fullvariable_bitvector.c line 2744 function main thread 0
----------------------------------------------------
  pc[1]=74 (01001010)

State 1772 file regression/pointertranslation/safestack_mem_ver6_fullvariable_bitvector.c line 2747 function main thread 0
----------------------------------------------------
  thread_index=2 (00010)

State 1777 file regression/pointertranslation/safestack_mem_ver6_fullvariable_bitvector.c line 143 function guess_pc thread 0
----------------------------------------------------
  i=7 (00000111)

State 1782 file regression/pointertranslation/safestack_mem_ver6_fullvariable_bitvector.c line 2749 function main thread 0
----------------------------------------------------
  pc_cs=79 (001001111)

State 1786 file regression/pointertranslation/safestack_mem_ver6_fullvariable_bitvector.c line 2751 function main thread 0
----------------------------------------------------
  __csLOCALPARAM_thread1_arg=NULL + 1 (0000000000000000000000000000000000000000000000000000000000000001)

State 1862 file regression/pointertranslation/safestack_mem_ver6_fullvariable_bitvector.c line 1422 function thread1_0 thread 0
----------------------------------------------------
  __csLOCALPARAM___CS_atomic_exchange_obj=10 (01010)

State 1863 file regression/pointertranslation/safestack_mem_ver6_fullvariable_bitvector.c line 1422 function thread1_0 thread 0
----------------------------------------------------
  __csLOCALPARAM___CS_atomic_exchange_v=-1 (11111)

State 1864 file regression/pointertranslation/safestack_mem_ver6_fullvariable_bitvector.c line 165 function __CS_atomic_exchange thread 0
----------------------------------------------------
  __csLOCAL___CS_atomic_exchange_t=-1 (11111)

State 1865 file regression/pointertranslation/safestack_mem_ver6_fullvariable_bitvector.c line 166 function __CS_atomic_exchange thread 0
----------------------------------------------------
  MEMORY_VALUE[10]=-1 (11111)

State 1868 file regression/pointertranslation/safestack_mem_ver6_fullvariable_bitvector.c line 1422 function thread1_0 thread 0
----------------------------------------------------
  __csLOCAL_Pop1_next1=-1 (11111)

State 1875 file regression/pointertranslation/safestack_mem_ver6_fullvariable_bitvector.c line 1441 function thread1_0 thread 0
----------------------------------------------------
  __csLOCALPARAM___CS_atomic_load_obj=2 (00010)

State 1879 file regression/pointertranslation/safestack_mem_ver6_fullvariable_bitvector.c line 1441 function thread1_0 thread 0
----------------------------------------------------
  __csLOCAL_Pop1___while_cond_1=TRUE (00000001)

State 1884 file regression/pointertranslation/safestack_mem_ver6_fullvariable_bitvector.c line 1450 function thread1_0 thread 0
----------------------------------------------------
  __csLOCALPARAM___CS_atomic_load_obj=1 (00001)

State 1887 file regression/pointertranslation/safestack_mem_ver6_fullvariable_bitvector.c line 1450 function thread1_0 thread 0
----------------------------------------------------
  __csLOCAL_Pop1_head1=1 (00001)

State 1891 file regression/pointertranslation/safestack_mem_ver6_fullvariable_bitvector.c line 1452 function thread1_0 thread 0
----------------------------------------------------
  __csLOCALPARAM___CS_atomic_exchange_obj=12 (01100)

State 1892 file regression/pointertranslation/safestack_mem_ver6_fullvariable_bitvector.c line 1452 function thread1_0 thread 0
----------------------------------------------------
  __csLOCALPARAM___CS_atomic_exchange_v=-1 (11111)

State 1893 file regression/pointertranslation/safestack_mem_ver6_fullvariable_bitvector.c line 165 function __CS_atomic_exchange thread 0
----------------------------------------------------
  __csLOCAL___CS_atomic_exchange_t=0 (00000)

State 1894 file regression/pointertranslation/safestack_mem_ver6_fullvariable_bitvector.c line 166 function __CS_atomic_exchange thread 0
----------------------------------------------------
  MEMORY_VALUE[12]=-1 (11111)

State 1897 file regression/pointertranslation/safestack_mem_ver6_fullvariable_bitvector.c line 1452 function thread1_0 thread 0
----------------------------------------------------
  __csLOCAL_Pop1_next1=0 (00000)

State 1899 file regression/pointertranslation/safestack_mem_ver6_fullvariable_bitvector.c line 1455 function thread1_0 thread 0
----------------------------------------------------
  MEMORY_VALUE[5]=1 (00001)

State 1963 file regression/pointertranslation/safestack_mem_ver6_fullvariable_bitvector.c line 2752 function main thread 0
----------------------------------------------------
  pc[2]=79 (01001111)

State 1964 file regression/pointertranslation/safestack_mem_ver6_fullvariable_bitvector.c line 2755 function main thread 0
----------------------------------------------------
  thread_index=3 (00011)

State 1969 file regression/pointertranslation/safestack_mem_ver6_fullvariable_bitvector.c line 143 function guess_pc thread 0
----------------------------------------------------
  i=64 (01000000)

State 1974 file regression/pointertranslation/safestack_mem_ver6_fullvariable_bitvector.c line 2757 function main thread 0
----------------------------------------------------
  pc_cs=128 (010000000)

State 1978 file regression/pointertranslation/safestack_mem_ver6_fullvariable_bitvector.c line 2759 function main thread 0
----------------------------------------------------
  __csLOCALPARAM_thread2_arg=NULL + 2 (0000000000000000000000000000000000000000000000000000000000000010)

State 2047 file regression/pointertranslation/safestack_mem_ver6_fullvariable_bitvector.c line 2175 function thread2_0 thread 0
----------------------------------------------------
  __csLOCALPARAM___CS_atomic_compare_and_exchange_obj=1 (00001)

State 2048 file regression/pointertranslation/safestack_mem_ver6_fullvariable_bitvector.c line 2175 function thread2_0 thread 0
----------------------------------------------------
  __csLOCALPARAM___CS_atomic_compare_and_exchange_expected=8 (01000)

State 2049 file regression/pointertranslation/safestack_mem_ver6_fullvariable_bitvector.c line 2175 function thread2_0 thread 0
----------------------------------------------------
  __csLOCALPARAM___CS_atomic_compare_and_exchange_desired=1 (00001)

State 2051 file regression/pointertranslation/safestack_mem_ver6_fullvariable_bitvector.c line 179 function __CS_atomic_compare_and_exchange thread 0
----------------------------------------------------
  MEMORY_VALUE[8]=1 (00001)

State 2056 file regression/pointertranslation/safestack_mem_ver6_fullvariable_bitvector.c line 2174 function thread2_0 thread 0
----------------------------------------------------
  __csLOCAL_Push2___while_cond_5=TRUE (00000001)

State 2061 file regression/pointertranslation/safestack_mem_ver6_fullvariable_bitvector.c line 2183 function thread2_0 thread 0
----------------------------------------------------
  __csLOCALPARAM___CS_atomic_store_obj=12 (01100)

State 2062 file regression/pointertranslation/safestack_mem_ver6_fullvariable_bitvector.c line 2183 function thread2_0 thread 0
----------------------------------------------------
  __csLOCALPARAM___CS_atomic_store_v=1 (00001)

State 2063 file regression/pointertranslation/safestack_mem_ver6_fullvariable_bitvector.c line 154 function __CS_atomic_store thread 0
----------------------------------------------------
  MEMORY_VALUE[12]=1 (00001)

State 2069 file regression/pointertranslation/safestack_mem_ver6_fullvariable_bitvector.c line 2184 function thread2_0 thread 0
----------------------------------------------------
  __csLOCALPARAM___CS_atomic_compare_and_exchange_obj=1 (00001)

State 2070 file regression/pointertranslation/safestack_mem_ver6_fullvariable_bitvector.c line 2184 function thread2_0 thread 0
----------------------------------------------------
  __csLOCALPARAM___CS_atomic_compare_and_exchange_expected=8 (01000)

State 2071 file regression/pointertranslation/safestack_mem_ver6_fullvariable_bitvector.c line 2184 function thread2_0 thread 0
----------------------------------------------------
  __csLOCALPARAM___CS_atomic_compare_and_exchange_desired=1 (00001)

State 2073 file regression/pointertranslation/safestack_mem_ver6_fullvariable_bitvector.c line 174 function __CS_atomic_compare_and_exchange thread 0
----------------------------------------------------
  MEMORY_VALUE[1]=1 (00001)

State 2078 file regression/pointertranslation/safestack_mem_ver6_fullvariable_bitvector.c line 2184 function thread2_0 thread 0
----------------------------------------------------
  __csLOCAL_Push2___while_cond_5=FALSE (00000000)

State 2084 file regression/pointertranslation/safestack_mem_ver6_fullvariable_bitvector.c line 2198 function thread2_0 thread 0
----------------------------------------------------
  __csLOCALPARAM___CS_atomic_fetch_add_obj=2 (00010)

State 2085 file regression/pointertranslation/safestack_mem_ver6_fullvariable_bitvector.c line 2198 function thread2_0 thread 0
----------------------------------------------------
  __csLOCALPARAM___CS_atomic_fetch_add_v=1 (00001)

State 2086 file regression/pointertranslation/safestack_mem_ver6_fullvariable_bitvector.c line 188 function __CS_atomic_fetch_add thread 0
----------------------------------------------------
  __csLOCAL___CS_atomic_fetch_add_old=2 (00010)

State 2087 file regression/pointertranslation/safestack_mem_ver6_fullvariable_bitvector.c line 189 function __CS_atomic_fetch_add thread 0
----------------------------------------------------
  MEMORY_VALUE[2]=3 (00011)

State 2091 file regression/pointertranslation/safestack_mem_ver6_fullvariable_bitvector.c line 2204 function thread2_0 thread 0
----------------------------------------------------
  __csLOCAL_thread2_i=1 (0000000000000000000000000000000000000000000000000000000000000001)

State 2096 file regression/pointertranslation/safestack_mem_ver6_fullvariable_bitvector.c line 2211 function thread2_0 thread 0
----------------------------------------------------
  __csLOCALPARAM___CS_atomic_load_obj=2 (00010)

State 2100 file regression/pointertranslation/safestack_mem_ver6_fullvariable_bitvector.c line 2211 function thread2_0 thread 0
----------------------------------------------------
  __csLOCAL_Pop2___while_cond_2=TRUE (00000001)

State 2105 file regression/pointertranslation/safestack_mem_ver6_fullvariable_bitvector.c line 2219 function thread2_0 thread 0
----------------------------------------------------
  __csLOCALPARAM___CS_atomic_load_obj=1 (00001)

State 2108 file regression/pointertranslation/safestack_mem_ver6_fullvariable_bitvector.c line 2219 function thread2_0 thread 0
----------------------------------------------------
  __csLOCAL_Pop2_head1=1 (00001)

State 2112 file regression/pointertranslation/safestack_mem_ver6_fullvariable_bitvector.c line 2221 function thread2_0 thread 0
----------------------------------------------------
  __csLOCALPARAM___CS_atomic_exchange_obj=12 (01100)

State 2113 file regression/pointertranslation/safestack_mem_ver6_fullvariable_bitvector.c line 2221 function thread2_0 thread 0
----------------------------------------------------
  __csLOCALPARAM___CS_atomic_exchange_v=-1 (11111)

State 2114 file regression/pointertranslation/safestack_mem_ver6_fullvariable_bitvector.c line 165 function __CS_atomic_exchange thread 0
----------------------------------------------------
  __csLOCAL___CS_atomic_exchange_t=1 (00001)

State 2115 file regression/pointertranslation/safestack_mem_ver6_fullvariable_bitvector.c line 166 function __CS_atomic_exchange thread 0
----------------------------------------------------
  MEMORY_VALUE[12]=-1 (11111)

State 2118 file regression/pointertranslation/safestack_mem_ver6_fullvariable_bitvector.c line 2221 function thread2_0 thread 0
----------------------------------------------------
  __csLOCAL_Pop2_next1=1 (00001)

State 2120 file regression/pointertranslation/safestack_mem_ver6_fullvariable_bitvector.c line 2224 function thread2_0 thread 0
----------------------------------------------------
  MEMORY_VALUE[7]=1 (00001)

State 2124 file regression/pointertranslation/safestack_mem_ver6_fullvariable_bitvector.c line 2226 function thread2_0 thread 0
----------------------------------------------------
  __csLOCALPARAM___CS_atomic_compare_and_exchange_obj=1 (00001)

State 2125 file regression/pointertranslation/safestack_mem_ver6_fullvariable_bitvector.c line 2226 function thread2_0 thread 0
----------------------------------------------------
  __csLOCALPARAM___CS_atomic_compare_and_exchange_expected=7 (00111)

State 2126 file regression/pointertranslation/safestack_mem_ver6_fullvariable_bitvector.c line 2226 function thread2_0 thread 0
----------------------------------------------------
  __csLOCALPARAM___CS_atomic_compare_and_exchange_desired=1 (00001)

State 2128 file regression/pointertranslation/safestack_mem_ver6_fullvariable_bitvector.c line 174 function __CS_atomic_compare_and_exchange thread 0
----------------------------------------------------
  MEMORY_VALUE[1]=1 (00001)

State 2132 file regression/pointertranslation/safestack_mem_ver6_fullvariable_bitvector.c line 2226 function thread2_0 thread 0
----------------------------------------------------
  __csLOCAL_Pop2___if_cond_2=TRUE (00000001)

State 2137 file regression/pointertranslation/safestack_mem_ver6_fullvariable_bitvector.c line 2229 function thread2_0 thread 0
----------------------------------------------------
  __csLOCALPARAM___CS_atomic_fetch_sub_obj=2 (00010)

State 2138 file regression/pointertranslation/safestack_mem_ver6_fullvariable_bitvector.c line 2229 function thread2_0 thread 0
----------------------------------------------------
  __csLOCALPARAM___CS_atomic_fetch_sub_v=1 (00001)

State 2139 file regression/pointertranslation/safestack_mem_ver6_fullvariable_bitvector.c line 196 function __CS_atomic_fetch_sub thread 0
----------------------------------------------------
  __csLOCAL___CS_atomic_fetch_sub_old=3 (00011)

State 2140 file regression/pointertranslation/safestack_mem_ver6_fullvariable_bitvector.c line 197 function __CS_atomic_fetch_sub thread 0
----------------------------------------------------
  MEMORY_VALUE[2]=2 (00010)

State 2143 file regression/pointertranslation/safestack_mem_ver6_fullvariable_bitvector.c line 2230 function thread2_0 thread 0
----------------------------------------------------
  __retval__Pop2_1=1 (00001)

State 2146 file regression/pointertranslation/safestack_mem_ver6_fullvariable_bitvector.c line 2310 function thread2_0 thread 0
----------------------------------------------------
  __csLOCAL_thread2_elem=1 (00001)

State 2150 file regression/pointertranslation/safestack_mem_ver6_fullvariable_bitvector.c line 2540 function thread2_0 thread 0
----------------------------------------------------
  MEMORY_VALUE[11]=2 (00010)

State 2165 file regression/pointertranslation/safestack_mem_ver6_fullvariable_bitvector.c line 2760 function main thread 0
----------------------------------------------------
  pc[3]=128 (10000000)

State 2166 file regression/pointertranslation/safestack_mem_ver6_fullvariable_bitvector.c line 2764 function main thread 0
----------------------------------------------------
  thread_index=0 (00000)

State 2171 file regression/pointertranslation/safestack_mem_ver6_fullvariable_bitvector.c line 143 function guess_pc thread 0
----------------------------------------------------
  i=0 (00000000)

State 2176 file regression/pointertranslation/safestack_mem_ver6_fullvariable_bitvector.c line 2766 function main thread 0
----------------------------------------------------
  pc_cs=3 (000000011)

State 2189 file regression/pointertranslation/safestack_mem_ver6_fullvariable_bitvector.c line 2769 function main thread 0
----------------------------------------------------
  pc[0]=3 (00000011)

State 2190 file regression/pointertranslation/safestack_mem_ver6_fullvariable_bitvector.c line 2772 function main thread 0
----------------------------------------------------
  thread_index=1 (00001)

State 2195 file regression/pointertranslation/safestack_mem_ver6_fullvariable_bitvector.c line 143 function guess_pc thread 0
----------------------------------------------------
  i=57 (00111001)

State 2200 file regression/pointertranslation/safestack_mem_ver6_fullvariable_bitvector.c line 2774 function main thread 0
----------------------------------------------------
  pc_cs=131 (010000011)

State 2204 file regression/pointertranslation/safestack_mem_ver6_fullvariable_bitvector.c line 2776 function main thread 0
----------------------------------------------------
  __csLOCALPARAM_thread0_arg=NULL (0000000000000000000000000000000000000000000000000000000000000000)

State 2282 file regression/pointertranslation/safestack_mem_ver6_fullvariable_bitvector.c line 631 function thread0_0 thread 0
----------------------------------------------------
  __csLOCALPARAM___CS_atomic_fetch_sub_obj=2 (00010)

State 2283 file regression/pointertranslation/safestack_mem_ver6_fullvariable_bitvector.c line 631 function thread0_0 thread 0
----------------------------------------------------
  __csLOCALPARAM___CS_atomic_fetch_sub_v=1 (00001)

State 2284 file regression/pointertranslation/safestack_mem_ver6_fullvariable_bitvector.c line 196 function __CS_atomic_fetch_sub thread 0
----------------------------------------------------
  __csLOCAL___CS_atomic_fetch_sub_old=2 (00010)

State 2285 file regression/pointertranslation/safestack_mem_ver6_fullvariable_bitvector.c line 197 function __CS_atomic_fetch_sub thread 0
----------------------------------------------------
  MEMORY_VALUE[2]=1 (00001)

State 2288 file regression/pointertranslation/safestack_mem_ver6_fullvariable_bitvector.c line 632 function thread0_0 thread 0
----------------------------------------------------
  __retval__Pop0_1=0 (00000)

State 2291 file regression/pointertranslation/safestack_mem_ver6_fullvariable_bitvector.c line 712 function thread0_0 thread 0
----------------------------------------------------
  __csLOCAL_thread0_elem=0 (00000)

State 2295 file regression/pointertranslation/safestack_mem_ver6_fullvariable_bitvector.c line 942 function thread0_0 thread 0
----------------------------------------------------
  MEMORY_VALUE[9]=0 (00000)

State 2298 file regression/pointertranslation/safestack_mem_ver6_fullvariable_bitvector.c line 946 function thread0_0 thread 0
----------------------------------------------------
  __csLOCALPARAM_Push0_index=0 (00000)

State 2302 file regression/pointertranslation/safestack_mem_ver6_fullvariable_bitvector.c line 947 function thread0_0 thread 0
----------------------------------------------------
  __csLOCALPARAM___CS_atomic_load_obj=1 (00001)

State 2305 file regression/pointertranslation/safestack_mem_ver6_fullvariable_bitvector.c line 947 function thread0_0 thread 0
----------------------------------------------------
  MEMORY_VALUE[4]=1 (00001)

State 2306 file regression/pointertranslation/safestack_mem_ver6_fullvariable_bitvector.c line 950 function thread0_0 thread 0
----------------------------------------------------
  __csLOCAL_Push0___cs_dowhile_onetime_1=0 (00000)

State 2310 file regression/pointertranslation/safestack_mem_ver6_fullvariable_bitvector.c line 952 function thread0_0 thread 0
----------------------------------------------------
  __csLOCALPARAM___CS_atomic_store_obj=10 (01010)

State 2311 file regression/pointertranslation/safestack_mem_ver6_fullvariable_bitvector.c line 952 function thread0_0 thread 0
----------------------------------------------------
  __csLOCALPARAM___CS_atomic_store_v=1 (00001)

State 2312 file regression/pointertranslation/safestack_mem_ver6_fullvariable_bitvector.c line 154 function __CS_atomic_store thread 0
----------------------------------------------------
  MEMORY_VALUE[10]=1 (00001)

State 2314 file regression/pointertranslation/safestack_mem_ver6_fullvariable_bitvector.c line 954 function thread0_0 thread 0
----------------------------------------------------
  __csLOCAL_Push0___cs_dowhile_onetime_1=1 (00001)

State 2328 file regression/pointertranslation/safestack_mem_ver6_fullvariable_bitvector.c line 2777 function main thread 0
----------------------------------------------------
  pc[1]=131 (10000011)

State 2329 file regression/pointertranslation/safestack_mem_ver6_fullvariable_bitvector.c line 2780 function main thread 0
----------------------------------------------------
  thread_index=2 (00010)

State 2334 file regression/pointertranslation/safestack_mem_ver6_fullvariable_bitvector.c line 143 function guess_pc thread 0
----------------------------------------------------
  i=49 (00110001)

State 2339 file regression/pointertranslation/safestack_mem_ver6_fullvariable_bitvector.c line 2782 function main thread 0
----------------------------------------------------
  pc_cs=128 (010000000)

State 2343 file regression/pointertranslation/safestack_mem_ver6_fullvariable_bitvector.c line 2784 function main thread 0
----------------------------------------------------
  __csLOCALPARAM_thread1_arg=NULL + 1 (0000000000000000000000000000000000000000000000000000000000000001)

State 2426 file regression/pointertranslation/safestack_mem_ver6_fullvariable_bitvector.c line 1457 function thread1_0 thread 0
----------------------------------------------------
  __csLOCALPARAM___CS_atomic_compare_and_exchange_obj=1 (00001)

State 2427 file regression/pointertranslation/safestack_mem_ver6_fullvariable_bitvector.c line 1457 function thread1_0 thread 0
----------------------------------------------------
  __csLOCALPARAM___CS_atomic_compare_and_exchange_expected=5 (00101)

State 2428 file regression/pointertranslation/safestack_mem_ver6_fullvariable_bitvector.c line 1457 function thread1_0 thread 0
----------------------------------------------------
  __csLOCALPARAM___CS_atomic_compare_and_exchange_desired=0 (00000)

State 2430 file regression/pointertranslation/safestack_mem_ver6_fullvariable_bitvector.c line 174 function __CS_atomic_compare_and_exchange thread 0
----------------------------------------------------
  MEMORY_VALUE[1]=0 (00000)

State 2434 file regression/pointertranslation/safestack_mem_ver6_fullvariable_bitvector.c line 1457 function thread1_0 thread 0
----------------------------------------------------
  __csLOCAL_Pop1___if_cond_1=TRUE (00000001)

State 2439 file regression/pointertranslation/safestack_mem_ver6_fullvariable_bitvector.c line 1460 function thread1_0 thread 0
----------------------------------------------------
  __csLOCALPARAM___CS_atomic_fetch_sub_obj=2 (00010)

State 2440 file regression/pointertranslation/safestack_mem_ver6_fullvariable_bitvector.c line 1460 function thread1_0 thread 0
----------------------------------------------------
  __csLOCALPARAM___CS_atomic_fetch_sub_v=1 (00001)

State 2441 file regression/pointertranslation/safestack_mem_ver6_fullvariable_bitvector.c line 196 function __CS_atomic_fetch_sub thread 0
----------------------------------------------------
  __csLOCAL___CS_atomic_fetch_sub_old=1 (00001)

State 2442 file regression/pointertranslation/safestack_mem_ver6_fullvariable_bitvector.c line 197 function __CS_atomic_fetch_sub thread 0
----------------------------------------------------
  MEMORY_VALUE[2]=0 (00000)

State 2445 file regression/pointertranslation/safestack_mem_ver6_fullvariable_bitvector.c line 1461 function thread1_0 thread 0
----------------------------------------------------
  __retval__Pop1_1=1 (00001)

State 2448 file regression/pointertranslation/safestack_mem_ver6_fullvariable_bitvector.c line 1511 function thread1_0 thread 0
----------------------------------------------------
  __csLOCAL_thread1_elem=1 (00001)

State 2452 file regression/pointertranslation/safestack_mem_ver6_fullvariable_bitvector.c line 1741 function thread1_0 thread 0
----------------------------------------------------
  MEMORY_VALUE[11]=1 (00001)

State 2467 file regression/pointertranslation/safestack_mem_ver6_fullvariable_bitvector.c line 2785 function main thread 0
----------------------------------------------------
  pc[2]=128 (10000000)

State 2468 file regression/pointertranslation/safestack_mem_ver6_fullvariable_bitvector.c line 2788 function main thread 0
----------------------------------------------------
  thread_index=3 (00011)

State 2473 file regression/pointertranslation/safestack_mem_ver6_fullvariable_bitvector.c line 143 function guess_pc thread 0
----------------------------------------------------
  i=1 (00000001)

State 2478 file regression/pointertranslation/safestack_mem_ver6_fullvariable_bitvector.c line 2790 function main thread 0
----------------------------------------------------
  pc_cs=129 (010000001)

State 2482 file regression/pointertranslation/safestack_mem_ver6_fullvariable_bitvector.c line 2792 function main thread 0
----------------------------------------------------
  __csLOCALPARAM_thread2_arg=NULL + 2 (0000000000000000000000000000000000000000000000000000000000000010)

Violated property:
  file regression/pointertranslation/safestack_mem_ver6_fullvariable_bitvector.c line 2541 function thread2_0
  assertion MEMORY_VALUE[(signed long int)((signed int)MEMORY_VALUE[(signed long int)((signed int)stack + 0)] + 2 * (signed int)__csLOCAL_thread2_elem + 0)] == __csLOCAL_thread2_idx
  MEMORY_VALUE[(signed long int)((signed int)MEMORY_VALUE[(signed long int)((signed int)stack + 0)] + 2 * (signed int)__csLOCAL_thread2_elem + 0)] == __csLOCAL_thread2_idx

VERIFICATION FAILED

real  69m2.840s
user  68m57.774s
sys 0m0.435s
