CBMC version 5.3 64-bit x86_64 linux
Parsing regression/pointertranslation/safestack_mem_ver6_nolocal_bitvector_wip.c
file <command-line> line 0: <command-line>:0:0: warning: "__STDC_VERSION__" redefined
file <command-line> line 0: <built-in>: note: this is the location of the previous definition
Converting
Type-checking safestack_mem_ver6_nolocal_bitvector_wip
file regression/pointertranslation/safestack_mem_ver6_nolocal_bitvector_wip.c line 573 function thread0_0: function `assert' is not declared
Generating GOTO Program
Adding CPROVER library
Function Pointer Removal
Partial Inlining
Generic Property Instrumentation
Starting Bounded Model Checking
size of program expression: 63089 steps
simple slicing removed 552 assignments
Generated 24 VCC(s), 24 remaining after simplification
Passing problem to propositional reduction
converting SSA
Running propositional reduction
Post-processing
Solving with MiniSAT 2.2.0 with simplifier
580343 variables, 2268906 clauses
SAT checker: negated claim is SATISFIABLE, i.e., does not hold
Runtime decision procedure: 195.472s
Building error trace

Counterexample:

State 320 file regression/pointertranslation/safestack_mem_ver6_nolocal_bitvector_wip.c line 2741 function main thread 0
----------------------------------------------------
  thread_index=0 (0000)

State 324 file regression/pointertranslation/safestack_mem_ver6_nolocal_bitvector_wip.c line 157 function guess_pc thread 0
----------------------------------------------------
  i=3 (00000011)

State 329 file regression/pointertranslation/safestack_mem_ver6_nolocal_bitvector_wip.c line 2742 function main thread 0
----------------------------------------------------
  pc_cs=3 (000000011)

State 334 file regression/pointertranslation/safestack_mem_ver6_nolocal_bitvector_wip.c line 2683 function main_thread thread 0
----------------------------------------------------
  __csLOCALPARAM_Init_pushCount=3 (0011)

State 335 file regression/pointertranslation/safestack_mem_ver6_nolocal_bitvector_wip.c line 2685 function main_thread thread 0
----------------------------------------------------
  MEMORY_VALUE[0]=3 (0011)

State 338 file regression/pointertranslation/safestack_mem_ver6_nolocal_bitvector_wip.c line 2686 function main_thread thread 0
----------------------------------------------------
  __csLOCALPARAM___CS_atomic_store_obj=2 (0010)

State 339 file regression/pointertranslation/safestack_mem_ver6_nolocal_bitvector_wip.c line 2686 function main_thread thread 0
----------------------------------------------------
  __csLOCALPARAM___CS_atomic_store_v=3 (0011)

State 340 file regression/pointertranslation/safestack_mem_ver6_nolocal_bitvector_wip.c line 167 function __CS_atomic_store thread 0
----------------------------------------------------
  MEMORY_VALUE[2]=3 (0011)

State 344 file regression/pointertranslation/safestack_mem_ver6_nolocal_bitvector_wip.c line 2687 function main_thread thread 0
----------------------------------------------------
  __csLOCALPARAM___CS_atomic_store_obj=1 (0001)

State 345 file regression/pointertranslation/safestack_mem_ver6_nolocal_bitvector_wip.c line 2687 function main_thread thread 0
----------------------------------------------------
  __csLOCALPARAM___CS_atomic_store_v=0 (0000)

State 346 file regression/pointertranslation/safestack_mem_ver6_nolocal_bitvector_wip.c line 167 function __CS_atomic_store thread 0
----------------------------------------------------
  MEMORY_VALUE[1]=0 (0000)

State 348 file regression/pointertranslation/safestack_mem_ver6_nolocal_bitvector_wip.c line 2688 function main_thread thread 0
----------------------------------------------------
  __csLOCAL_Init_i=0 (00000000000000000000000000000000)

State 352 file regression/pointertranslation/safestack_mem_ver6_nolocal_bitvector_wip.c line 2695 function main_thread thread 0
----------------------------------------------------
  __csLOCALPARAM___CS_atomic_store_obj=4 (0100)

State 353 file regression/pointertranslation/safestack_mem_ver6_nolocal_bitvector_wip.c line 2695 function main_thread thread 0
----------------------------------------------------
  __csLOCALPARAM___CS_atomic_store_v=1 (0001)

State 354 file regression/pointertranslation/safestack_mem_ver6_nolocal_bitvector_wip.c line 167 function __CS_atomic_store thread 0
----------------------------------------------------
  MEMORY_VALUE[4]=1 (0001)

State 356 file regression/pointertranslation/safestack_mem_ver6_nolocal_bitvector_wip.c line 2697 function main_thread thread 0
----------------------------------------------------
  __csLOCAL_Init_i=1 (00000000000000000000000000000001)

State 360 file regression/pointertranslation/safestack_mem_ver6_nolocal_bitvector_wip.c line 2704 function main_thread thread 0
----------------------------------------------------
  __csLOCALPARAM___CS_atomic_store_obj=6 (0110)

State 361 file regression/pointertranslation/safestack_mem_ver6_nolocal_bitvector_wip.c line 2704 function main_thread thread 0
----------------------------------------------------
  __csLOCALPARAM___CS_atomic_store_v=2 (0010)

State 362 file regression/pointertranslation/safestack_mem_ver6_nolocal_bitvector_wip.c line 167 function __CS_atomic_store thread 0
----------------------------------------------------
  MEMORY_VALUE[6]=2 (0010)

State 364 file regression/pointertranslation/safestack_mem_ver6_nolocal_bitvector_wip.c line 2706 function main_thread thread 0
----------------------------------------------------
  __csLOCAL_Init_i=2 (00000000000000000000000000000010)

State 369 file regression/pointertranslation/safestack_mem_ver6_nolocal_bitvector_wip.c line 2719 function main_thread thread 0
----------------------------------------------------
  __csLOCALPARAM___CS_atomic_store_obj=8 (1000)

State 370 file regression/pointertranslation/safestack_mem_ver6_nolocal_bitvector_wip.c line 2719 function main_thread thread 0
----------------------------------------------------
  __csLOCALPARAM___CS_atomic_store_v=-1 (1111)

State 371 file regression/pointertranslation/safestack_mem_ver6_nolocal_bitvector_wip.c line 167 function __CS_atomic_store thread 0
----------------------------------------------------
  MEMORY_VALUE[8]=-1 (1111)

State 376 file regression/pointertranslation/safestack_mem_ver6_nolocal_bitvector_wip.c line 2724 function main_thread thread 0
----------------------------------------------------
  id=threads (0000001000000000000000000000000000000000000000000000000000000000)

State 377 file regression/pointertranslation/safestack_mem_ver6_nolocal_bitvector_wip.c line 2724 function main_thread thread 0
----------------------------------------------------
  attr=NULL (0000000000000000000000000000000000000000000000000000000000000000)

State 378 file regression/pointertranslation/safestack_mem_ver6_nolocal_bitvector_wip.c line 2724 function main_thread thread 0
----------------------------------------------------
  t=thread0_0 (0000001100000000000000000000000000000000000000000000000000000000)

State 379 file regression/pointertranslation/safestack_mem_ver6_nolocal_bitvector_wip.c line 2724 function main_thread thread 0
----------------------------------------------------
  arg=NULL (0000000000000000000000000000000000000000000000000000000000000000)

State 380 file regression/pointertranslation/safestack_mem_ver6_nolocal_bitvector_wip.c line 2724 function main_thread thread 0
----------------------------------------------------
  threadID=1 (00000000000000000000000000000001)

State 382 file regression/pointertranslation/safestack_mem_ver6_nolocal_bitvector_wip.c line 102 function __cs_create thread 0
----------------------------------------------------
  threads[0]=1 (00000000000000000000000000000001)

State 383 file regression/pointertranslation/safestack_mem_ver6_nolocal_bitvector_wip.c line 102 function __cs_create thread 0
----------------------------------------------------
  active_thread[1]=1 (1)

State 384 file regression/pointertranslation/safestack_mem_ver6_nolocal_bitvector_wip.c line 102 function __cs_create thread 0
----------------------------------------------------
  threadargs[1]=NULL (0000000000000000000000000000000000000000000000000000000000000000)

State 390 file regression/pointertranslation/safestack_mem_ver6_nolocal_bitvector_wip.c line 2725 function main_thread thread 0
----------------------------------------------------
  id=threads + 1 (0000001000000000000000000000000000000000000000000000000000000100)

State 391 file regression/pointertranslation/safestack_mem_ver6_nolocal_bitvector_wip.c line 2725 function main_thread thread 0
----------------------------------------------------
  attr=NULL (0000000000000000000000000000000000000000000000000000000000000000)

State 392 file regression/pointertranslation/safestack_mem_ver6_nolocal_bitvector_wip.c line 2725 function main_thread thread 0
----------------------------------------------------
  t=thread1_0 (0000010000000000000000000000000000000000000000000000000000000000)

State 393 file regression/pointertranslation/safestack_mem_ver6_nolocal_bitvector_wip.c line 2725 function main_thread thread 0
----------------------------------------------------
  arg=NULL + 1 (0000000000000000000000000000000000000000000000000000000000000001)

State 394 file regression/pointertranslation/safestack_mem_ver6_nolocal_bitvector_wip.c line 2725 function main_thread thread 0
----------------------------------------------------
  threadID=2 (00000000000000000000000000000010)

State 396 file regression/pointertranslation/safestack_mem_ver6_nolocal_bitvector_wip.c line 102 function __cs_create thread 0
----------------------------------------------------
  threads[1]=2 (00000000000000000000000000000010)

State 397 file regression/pointertranslation/safestack_mem_ver6_nolocal_bitvector_wip.c line 102 function __cs_create thread 0
----------------------------------------------------
  active_thread[2]=1 (1)

State 398 file regression/pointertranslation/safestack_mem_ver6_nolocal_bitvector_wip.c line 102 function __cs_create thread 0
----------------------------------------------------
  threadargs[2]=NULL + 1 (0000000000000000000000000000000000000000000000000000000000000001)

State 404 file regression/pointertranslation/safestack_mem_ver6_nolocal_bitvector_wip.c line 2726 function main_thread thread 0
----------------------------------------------------
  id=threads + 2 (0000001000000000000000000000000000000000000000000000000000001000)

State 405 file regression/pointertranslation/safestack_mem_ver6_nolocal_bitvector_wip.c line 2726 function main_thread thread 0
----------------------------------------------------
  attr=NULL (0000000000000000000000000000000000000000000000000000000000000000)

State 406 file regression/pointertranslation/safestack_mem_ver6_nolocal_bitvector_wip.c line 2726 function main_thread thread 0
----------------------------------------------------
  t=thread2_0 (0000010100000000000000000000000000000000000000000000000000000000)

State 407 file regression/pointertranslation/safestack_mem_ver6_nolocal_bitvector_wip.c line 2726 function main_thread thread 0
----------------------------------------------------
  arg=NULL + 2 (0000000000000000000000000000000000000000000000000000000000000010)

State 408 file regression/pointertranslation/safestack_mem_ver6_nolocal_bitvector_wip.c line 2726 function main_thread thread 0
----------------------------------------------------
  threadID=3 (00000000000000000000000000000011)

State 410 file regression/pointertranslation/safestack_mem_ver6_nolocal_bitvector_wip.c line 102 function __cs_create thread 0
----------------------------------------------------
  threads[2]=3 (00000000000000000000000000000011)

State 411 file regression/pointertranslation/safestack_mem_ver6_nolocal_bitvector_wip.c line 102 function __cs_create thread 0
----------------------------------------------------
  active_thread[3]=1 (1)

State 412 file regression/pointertranslation/safestack_mem_ver6_nolocal_bitvector_wip.c line 102 function __cs_create thread 0
----------------------------------------------------
  threadargs[3]=NULL + 2 (0000000000000000000000000000000000000000000000000000000000000010)

State 421 file regression/pointertranslation/safestack_mem_ver6_nolocal_bitvector_wip.c line 2745 function main thread 0
----------------------------------------------------
  pc[0]=3 (00000011)

State 422 file regression/pointertranslation/safestack_mem_ver6_nolocal_bitvector_wip.c line 2747 function main thread 0
----------------------------------------------------
  thread_index=1 (0001)

State 427 file regression/pointertranslation/safestack_mem_ver6_nolocal_bitvector_wip.c line 157 function guess_pc thread 0
----------------------------------------------------
  i=72 (01001000)

State 432 file regression/pointertranslation/safestack_mem_ver6_nolocal_bitvector_wip.c line 2749 function main thread 0
----------------------------------------------------
  pc_cs=72 (001001000)

State 436 file regression/pointertranslation/safestack_mem_ver6_nolocal_bitvector_wip.c line 2751 function main thread 0
----------------------------------------------------
  __csLOCALPARAM_thread0_arg=NULL (0000000000000000000000000000000000000000000000000000000000000000)

State 438 file regression/pointertranslation/safestack_mem_ver6_nolocal_bitvector_wip.c line 226 function thread0_0 thread 0
----------------------------------------------------
  __csLOCAL_thread0_idx=0 (00000000000000000000000000000000)

State 439 file regression/pointertranslation/safestack_mem_ver6_nolocal_bitvector_wip.c line 227 function thread0_0 thread 0
----------------------------------------------------
  __csLOCAL_thread0_i=0 (0000000000000000000000000000000000000000000000000000000000000000)

State 444 file regression/pointertranslation/safestack_mem_ver6_nolocal_bitvector_wip.c line 234 function thread0_0 thread 0
----------------------------------------------------
  __csLOCALPARAM___CS_atomic_load_obj=2 (0010)

State 448 file regression/pointertranslation/safestack_mem_ver6_nolocal_bitvector_wip.c line 234 function thread0_0 thread 0
----------------------------------------------------
  __csLOCAL_Pop0___while_cond_0=TRUE (00000001)

State 454 file regression/pointertranslation/safestack_mem_ver6_nolocal_bitvector_wip.c line 242 function thread0_0 thread 0
----------------------------------------------------
  __csLOCALPARAM___CS_atomic_load_obj=1 (0001)

State 458 file regression/pointertranslation/safestack_mem_ver6_nolocal_bitvector_wip.c line 242 function thread0_0 thread 0
----------------------------------------------------
  __csLOCAL_Pop0_head1=0 (00000000000000000000000000000000)

State 463 file regression/pointertranslation/safestack_mem_ver6_nolocal_bitvector_wip.c line 244 function thread0_0 thread 0
----------------------------------------------------
  __csLOCALPARAM___CS_atomic_exchange_obj=4 (0100)

State 464 file regression/pointertranslation/safestack_mem_ver6_nolocal_bitvector_wip.c line 244 function thread0_0 thread 0
----------------------------------------------------
  __csLOCALPARAM___CS_atomic_exchange_v=-1 (1111)

State 465 file regression/pointertranslation/safestack_mem_ver6_nolocal_bitvector_wip.c line 178 function __CS_atomic_exchange thread 0
----------------------------------------------------
  __csLOCAL___CS_atomic_exchange_t=1 (0001)

State 466 file regression/pointertranslation/safestack_mem_ver6_nolocal_bitvector_wip.c line 179 function __CS_atomic_exchange thread 0
----------------------------------------------------
  MEMORY_VALUE[4]=-1 (1111)

State 470 file regression/pointertranslation/safestack_mem_ver6_nolocal_bitvector_wip.c line 244 function thread0_0 thread 0
----------------------------------------------------
  __csLOCAL_Pop0_next1=1 (00000000000000000000000000000001)

State 472 file regression/pointertranslation/safestack_mem_ver6_nolocal_bitvector_wip.c line 248 function thread0_0 thread 0
----------------------------------------------------
  __csLOCAL_Pop0_head20=0 (00000000000000000000000000000000)

State 476 file regression/pointertranslation/safestack_mem_ver6_nolocal_bitvector_wip.c line 250 function thread0_0 thread 0
----------------------------------------------------
  __csLOCALPARAM___CS_atomic_compare_and_exchange_obj=1 (0001)

State 477 file regression/pointertranslation/safestack_mem_ver6_nolocal_bitvector_wip.c line 250 function thread0_0 thread 0
----------------------------------------------------
  __csLOCALPARAM___CS_atomic_compare_and_exchange_expected=&__csLOCAL_Pop0_head20 (0000011000000000000000000000000000000000000000000000000000000000)

State 478 file regression/pointertranslation/safestack_mem_ver6_nolocal_bitvector_wip.c line 250 function thread0_0 thread 0
----------------------------------------------------
  __csLOCALPARAM___CS_atomic_compare_and_exchange_desired=1 (0001)

State 480 file regression/pointertranslation/safestack_mem_ver6_nolocal_bitvector_wip.c line 187 function __CS_atomic_compare_and_exchange thread 0
----------------------------------------------------
  MEMORY_VALUE[1]=1 (0001)

State 484 file regression/pointertranslation/safestack_mem_ver6_nolocal_bitvector_wip.c line 250 function thread0_0 thread 0
----------------------------------------------------
  __csLOCAL_Pop0___if_cond_0=TRUE (00000001)

State 489 file regression/pointertranslation/safestack_mem_ver6_nolocal_bitvector_wip.c line 253 function thread0_0 thread 0
----------------------------------------------------
  __csLOCALPARAM___CS_atomic_fetch_sub_obj=2 (0010)

State 490 file regression/pointertranslation/safestack_mem_ver6_nolocal_bitvector_wip.c line 253 function thread0_0 thread 0
----------------------------------------------------
  __csLOCALPARAM___CS_atomic_fetch_sub_v=1 (0001)

State 491 file regression/pointertranslation/safestack_mem_ver6_nolocal_bitvector_wip.c line 209 function __CS_atomic_fetch_sub thread 0
----------------------------------------------------
  __csLOCAL___CS_atomic_fetch_sub_old=3 (0011)

State 492 file regression/pointertranslation/safestack_mem_ver6_nolocal_bitvector_wip.c line 210 function __CS_atomic_fetch_sub thread 0
----------------------------------------------------
  MEMORY_VALUE[2]=2 (0010)

State 495 file regression/pointertranslation/safestack_mem_ver6_nolocal_bitvector_wip.c line 254 function thread0_0 thread 0
----------------------------------------------------
  __retval__Pop0_1=0 (00000000000000000000000000000000)

State 498 file regression/pointertranslation/safestack_mem_ver6_nolocal_bitvector_wip.c line 336 function thread0_0 thread 0
----------------------------------------------------
  __csLOCAL_thread0_elem=0 (00000000000000000000000000000000)

State 502 file regression/pointertranslation/safestack_mem_ver6_nolocal_bitvector_wip.c line 572 function thread0_0 thread 0
----------------------------------------------------
  MEMORY_VALUE[3]=0 (0000)

State 505 file regression/pointertranslation/safestack_mem_ver6_nolocal_bitvector_wip.c line 576 function thread0_0 thread 0
----------------------------------------------------
  __csLOCALPARAM_Push0_index=0 (00000000000000000000000000000000)

State 510 file regression/pointertranslation/safestack_mem_ver6_nolocal_bitvector_wip.c line 578 function thread0_0 thread 0
----------------------------------------------------
  __csLOCALPARAM___CS_atomic_load_obj=1 (0001)

State 514 file regression/pointertranslation/safestack_mem_ver6_nolocal_bitvector_wip.c line 578 function thread0_0 thread 0
----------------------------------------------------
  __csLOCAL_Push0_head10=1 (00000000000000000000000000000001)

State 515 file regression/pointertranslation/safestack_mem_ver6_nolocal_bitvector_wip.c line 581 function thread0_0 thread 0
----------------------------------------------------
  __csLOCAL_Push0___cs_dowhile_onetime_1=0 (00000000000000000000000000000000)

State 519 file regression/pointertranslation/safestack_mem_ver6_nolocal_bitvector_wip.c line 583 function thread0_0 thread 0
----------------------------------------------------
  __csLOCALPARAM___CS_atomic_store_obj=4 (0100)

State 520 file regression/pointertranslation/safestack_mem_ver6_nolocal_bitvector_wip.c line 583 function thread0_0 thread 0
----------------------------------------------------
  __csLOCALPARAM___CS_atomic_store_v=1 (0001)

State 521 file regression/pointertranslation/safestack_mem_ver6_nolocal_bitvector_wip.c line 167 function __CS_atomic_store thread 0
----------------------------------------------------
  MEMORY_VALUE[4]=1 (0001)

State 523 file regression/pointertranslation/safestack_mem_ver6_nolocal_bitvector_wip.c line 585 function thread0_0 thread 0
----------------------------------------------------
  __csLOCAL_Push0___cs_dowhile_onetime_1=1 (00000000000000000000000000000001)

State 529 file regression/pointertranslation/safestack_mem_ver6_nolocal_bitvector_wip.c line 591 function thread0_0 thread 0
----------------------------------------------------
  __csLOCALPARAM___CS_atomic_compare_and_exchange_obj=1 (0001)

State 530 file regression/pointertranslation/safestack_mem_ver6_nolocal_bitvector_wip.c line 591 function thread0_0 thread 0
----------------------------------------------------
  __csLOCALPARAM___CS_atomic_compare_and_exchange_expected=&__csLOCAL_Push0_head10 (0000111100000000000000000000000000000000000000000000000000000000)

State 531 file regression/pointertranslation/safestack_mem_ver6_nolocal_bitvector_wip.c line 591 function thread0_0 thread 0
----------------------------------------------------
  __csLOCALPARAM___CS_atomic_compare_and_exchange_desired=0 (0000)

State 533 file regression/pointertranslation/safestack_mem_ver6_nolocal_bitvector_wip.c line 187 function __CS_atomic_compare_and_exchange thread 0
----------------------------------------------------
  MEMORY_VALUE[1]=0 (0000)

State 538 file regression/pointertranslation/safestack_mem_ver6_nolocal_bitvector_wip.c line 590 function thread0_0 thread 0
----------------------------------------------------
  __csLOCAL_Push0___while_cond_3=FALSE (00000000)

State 544 file regression/pointertranslation/safestack_mem_ver6_nolocal_bitvector_wip.c line 623 function thread0_0 thread 0
----------------------------------------------------
  __csLOCALPARAM___CS_atomic_fetch_add_obj=2 (0010)

State 545 file regression/pointertranslation/safestack_mem_ver6_nolocal_bitvector_wip.c line 623 function thread0_0 thread 0
----------------------------------------------------
  __csLOCALPARAM___CS_atomic_fetch_add_v=1 (0001)

State 546 file regression/pointertranslation/safestack_mem_ver6_nolocal_bitvector_wip.c line 201 function __CS_atomic_fetch_add thread 0
----------------------------------------------------
  __csLOCAL___CS_atomic_fetch_add_old=2 (0010)

State 547 file regression/pointertranslation/safestack_mem_ver6_nolocal_bitvector_wip.c line 202 function __CS_atomic_fetch_add thread 0
----------------------------------------------------
  MEMORY_VALUE[2]=3 (0011)

State 551 file regression/pointertranslation/safestack_mem_ver6_nolocal_bitvector_wip.c line 629 function thread0_0 thread 0
----------------------------------------------------
  __csLOCAL_thread0_i=1 (0000000000000000000000000000000000000000000000000000000000000001)

State 556 file regression/pointertranslation/safestack_mem_ver6_nolocal_bitvector_wip.c line 636 function thread0_0 thread 0
----------------------------------------------------
  __csLOCALPARAM___CS_atomic_load_obj=2 (0010)

State 560 file regression/pointertranslation/safestack_mem_ver6_nolocal_bitvector_wip.c line 636 function thread0_0 thread 0
----------------------------------------------------
  __csLOCAL_Pop0___while_cond_0=TRUE (00000001)

State 566 file regression/pointertranslation/safestack_mem_ver6_nolocal_bitvector_wip.c line 644 function thread0_0 thread 0
----------------------------------------------------
  __csLOCALPARAM___CS_atomic_load_obj=1 (0001)

State 570 file regression/pointertranslation/safestack_mem_ver6_nolocal_bitvector_wip.c line 644 function thread0_0 thread 0
----------------------------------------------------
  __csLOCAL_Pop0_head1=0 (00000000000000000000000000000000)

State 641 file regression/pointertranslation/safestack_mem_ver6_nolocal_bitvector_wip.c line 2752 function main thread 0
----------------------------------------------------
  pc[1]=72 (01001000)

State 642 file regression/pointertranslation/safestack_mem_ver6_nolocal_bitvector_wip.c line 2755 function main thread 0
----------------------------------------------------
  thread_index=2 (0010)

State 647 file regression/pointertranslation/safestack_mem_ver6_nolocal_bitvector_wip.c line 157 function guess_pc thread 0
----------------------------------------------------
  i=62 (00111110)

State 652 file regression/pointertranslation/safestack_mem_ver6_nolocal_bitvector_wip.c line 2757 function main thread 0
----------------------------------------------------
  pc_cs=62 (000111110)

State 656 file regression/pointertranslation/safestack_mem_ver6_nolocal_bitvector_wip.c line 2759 function main thread 0
----------------------------------------------------
  __csLOCALPARAM_thread1_arg=NULL + 1 (0000000000000000000000000000000000000000000000000000000000000001)

State 658 file regression/pointertranslation/safestack_mem_ver6_nolocal_bitvector_wip.c line 1045 function thread1_0 thread 0
----------------------------------------------------
  __csLOCAL_thread1_idx=1 (00000000000000000000000000000001)

State 659 file regression/pointertranslation/safestack_mem_ver6_nolocal_bitvector_wip.c line 1046 function thread1_0 thread 0
----------------------------------------------------
  __csLOCAL_thread1_i=0 (0000000000000000000000000000000000000000000000000000000000000000)

State 664 file regression/pointertranslation/safestack_mem_ver6_nolocal_bitvector_wip.c line 1053 function thread1_0 thread 0
----------------------------------------------------
  __csLOCALPARAM___CS_atomic_load_obj=2 (0010)

State 668 file regression/pointertranslation/safestack_mem_ver6_nolocal_bitvector_wip.c line 1053 function thread1_0 thread 0
----------------------------------------------------
  __csLOCAL_Pop1___while_cond_1=TRUE (00000001)

State 674 file regression/pointertranslation/safestack_mem_ver6_nolocal_bitvector_wip.c line 1061 function thread1_0 thread 0
----------------------------------------------------
  __csLOCALPARAM___CS_atomic_load_obj=1 (0001)

State 678 file regression/pointertranslation/safestack_mem_ver6_nolocal_bitvector_wip.c line 1061 function thread1_0 thread 0
----------------------------------------------------
  __csLOCAL_Pop1_head1=0 (00000000000000000000000000000000)

State 683 file regression/pointertranslation/safestack_mem_ver6_nolocal_bitvector_wip.c line 1063 function thread1_0 thread 0
----------------------------------------------------
  __csLOCALPARAM___CS_atomic_exchange_obj=4 (0100)

State 684 file regression/pointertranslation/safestack_mem_ver6_nolocal_bitvector_wip.c line 1063 function thread1_0 thread 0
----------------------------------------------------
  __csLOCALPARAM___CS_atomic_exchange_v=-1 (1111)

State 685 file regression/pointertranslation/safestack_mem_ver6_nolocal_bitvector_wip.c line 178 function __CS_atomic_exchange thread 0
----------------------------------------------------
  __csLOCAL___CS_atomic_exchange_t=1 (0001)

State 686 file regression/pointertranslation/safestack_mem_ver6_nolocal_bitvector_wip.c line 179 function __CS_atomic_exchange thread 0
----------------------------------------------------
  MEMORY_VALUE[4]=-1 (1111)

State 690 file regression/pointertranslation/safestack_mem_ver6_nolocal_bitvector_wip.c line 1063 function thread1_0 thread 0
----------------------------------------------------
  __csLOCAL_Pop1_next1=1 (00000000000000000000000000000001)

State 692 file regression/pointertranslation/safestack_mem_ver6_nolocal_bitvector_wip.c line 1067 function thread1_0 thread 0
----------------------------------------------------
  __csLOCAL_Pop1_head21=0 (00000000000000000000000000000000)

State 696 file regression/pointertranslation/safestack_mem_ver6_nolocal_bitvector_wip.c line 1069 function thread1_0 thread 0
----------------------------------------------------
  __csLOCALPARAM___CS_atomic_compare_and_exchange_obj=1 (0001)

State 697 file regression/pointertranslation/safestack_mem_ver6_nolocal_bitvector_wip.c line 1069 function thread1_0 thread 0
----------------------------------------------------
  __csLOCALPARAM___CS_atomic_compare_and_exchange_expected=&__csLOCAL_Pop1_head21 (0001101000000000000000000000000000000000000000000000000000000000)

State 698 file regression/pointertranslation/safestack_mem_ver6_nolocal_bitvector_wip.c line 1069 function thread1_0 thread 0
----------------------------------------------------
  __csLOCALPARAM___CS_atomic_compare_and_exchange_desired=1 (0001)

State 700 file regression/pointertranslation/safestack_mem_ver6_nolocal_bitvector_wip.c line 187 function __CS_atomic_compare_and_exchange thread 0
----------------------------------------------------
  MEMORY_VALUE[1]=1 (0001)

State 704 file regression/pointertranslation/safestack_mem_ver6_nolocal_bitvector_wip.c line 1069 function thread1_0 thread 0
----------------------------------------------------
  __csLOCAL_Pop1___if_cond_1=TRUE (00000001)

State 709 file regression/pointertranslation/safestack_mem_ver6_nolocal_bitvector_wip.c line 1072 function thread1_0 thread 0
----------------------------------------------------
  __csLOCALPARAM___CS_atomic_fetch_sub_obj=2 (0010)

State 710 file regression/pointertranslation/safestack_mem_ver6_nolocal_bitvector_wip.c line 1072 function thread1_0 thread 0
----------------------------------------------------
  __csLOCALPARAM___CS_atomic_fetch_sub_v=1 (0001)

State 711 file regression/pointertranslation/safestack_mem_ver6_nolocal_bitvector_wip.c line 209 function __CS_atomic_fetch_sub thread 0
----------------------------------------------------
  __csLOCAL___CS_atomic_fetch_sub_old=3 (0011)

State 712 file regression/pointertranslation/safestack_mem_ver6_nolocal_bitvector_wip.c line 210 function __CS_atomic_fetch_sub thread 0
----------------------------------------------------
  MEMORY_VALUE[2]=2 (0010)

State 715 file regression/pointertranslation/safestack_mem_ver6_nolocal_bitvector_wip.c line 1073 function thread1_0 thread 0
----------------------------------------------------
  __retval__Pop1_1=0 (00000000000000000000000000000000)

State 718 file regression/pointertranslation/safestack_mem_ver6_nolocal_bitvector_wip.c line 1155 function thread1_0 thread 0
----------------------------------------------------
  __csLOCAL_thread1_elem=0 (00000000000000000000000000000000)

State 722 file regression/pointertranslation/safestack_mem_ver6_nolocal_bitvector_wip.c line 1391 function thread1_0 thread 0
----------------------------------------------------
  MEMORY_VALUE[3]=1 (0001)

State 725 file regression/pointertranslation/safestack_mem_ver6_nolocal_bitvector_wip.c line 1395 function thread1_0 thread 0
----------------------------------------------------
  __csLOCALPARAM_Push1_index=0 (00000000000000000000000000000000)

State 730 file regression/pointertranslation/safestack_mem_ver6_nolocal_bitvector_wip.c line 1397 function thread1_0 thread 0
----------------------------------------------------
  __csLOCALPARAM___CS_atomic_load_obj=1 (0001)

State 734 file regression/pointertranslation/safestack_mem_ver6_nolocal_bitvector_wip.c line 1397 function thread1_0 thread 0
----------------------------------------------------
  __csLOCAL_Push1_head11=1 (00000000000000000000000000000001)

State 735 file regression/pointertranslation/safestack_mem_ver6_nolocal_bitvector_wip.c line 1400 function thread1_0 thread 0
----------------------------------------------------
  __csLOCAL_Push1___cs_dowhile_onetime_2=0 (00000000000000000000000000000000)

State 739 file regression/pointertranslation/safestack_mem_ver6_nolocal_bitvector_wip.c line 1402 function thread1_0 thread 0
----------------------------------------------------
  __csLOCALPARAM___CS_atomic_store_obj=4 (0100)

State 740 file regression/pointertranslation/safestack_mem_ver6_nolocal_bitvector_wip.c line 1402 function thread1_0 thread 0
----------------------------------------------------
  __csLOCALPARAM___CS_atomic_store_v=1 (0001)

State 741 file regression/pointertranslation/safestack_mem_ver6_nolocal_bitvector_wip.c line 167 function __CS_atomic_store thread 0
----------------------------------------------------
  MEMORY_VALUE[4]=1 (0001)

State 743 file regression/pointertranslation/safestack_mem_ver6_nolocal_bitvector_wip.c line 1404 function thread1_0 thread 0
----------------------------------------------------
  __csLOCAL_Push1___cs_dowhile_onetime_2=1 (00000000000000000000000000000001)

State 825 file regression/pointertranslation/safestack_mem_ver6_nolocal_bitvector_wip.c line 2760 function main thread 0
----------------------------------------------------
  pc[2]=62 (00111110)

State 826 file regression/pointertranslation/safestack_mem_ver6_nolocal_bitvector_wip.c line 2763 function main thread 0
----------------------------------------------------
  thread_index=3 (0011)

State 831 file regression/pointertranslation/safestack_mem_ver6_nolocal_bitvector_wip.c line 157 function guess_pc thread 0
----------------------------------------------------
  i=60 (00111100)

State 836 file regression/pointertranslation/safestack_mem_ver6_nolocal_bitvector_wip.c line 2765 function main thread 0
----------------------------------------------------
  pc_cs=60 (000111100)

State 840 file regression/pointertranslation/safestack_mem_ver6_nolocal_bitvector_wip.c line 2767 function main thread 0
----------------------------------------------------
  __csLOCALPARAM_thread2_arg=NULL + 2 (0000000000000000000000000000000000000000000000000000000000000010)

State 842 file regression/pointertranslation/safestack_mem_ver6_nolocal_bitvector_wip.c line 1864 function thread2_0 thread 0
----------------------------------------------------
  __csLOCAL_thread2_idx=2 (00000000000000000000000000000010)

State 843 file regression/pointertranslation/safestack_mem_ver6_nolocal_bitvector_wip.c line 1865 function thread2_0 thread 0
----------------------------------------------------
  __csLOCAL_thread2_i=0 (0000000000000000000000000000000000000000000000000000000000000000)

State 848 file regression/pointertranslation/safestack_mem_ver6_nolocal_bitvector_wip.c line 1872 function thread2_0 thread 0
----------------------------------------------------
  __csLOCALPARAM___CS_atomic_load_obj=2 (0010)

State 852 file regression/pointertranslation/safestack_mem_ver6_nolocal_bitvector_wip.c line 1872 function thread2_0 thread 0
----------------------------------------------------
  __csLOCAL_Pop2___while_cond_2=TRUE (00000001)

State 858 file regression/pointertranslation/safestack_mem_ver6_nolocal_bitvector_wip.c line 1880 function thread2_0 thread 0
----------------------------------------------------
  __csLOCALPARAM___CS_atomic_load_obj=1 (0001)

State 862 file regression/pointertranslation/safestack_mem_ver6_nolocal_bitvector_wip.c line 1880 function thread2_0 thread 0
----------------------------------------------------
  __csLOCAL_Pop2_head1=1 (00000000000000000000000000000001)

State 867 file regression/pointertranslation/safestack_mem_ver6_nolocal_bitvector_wip.c line 1882 function thread2_0 thread 0
----------------------------------------------------
  __csLOCALPARAM___CS_atomic_exchange_obj=6 (0110)

State 868 file regression/pointertranslation/safestack_mem_ver6_nolocal_bitvector_wip.c line 1882 function thread2_0 thread 0
----------------------------------------------------
  __csLOCALPARAM___CS_atomic_exchange_v=-1 (1111)

State 869 file regression/pointertranslation/safestack_mem_ver6_nolocal_bitvector_wip.c line 178 function __CS_atomic_exchange thread 0
----------------------------------------------------
  __csLOCAL___CS_atomic_exchange_t=2 (0010)

State 870 file regression/pointertranslation/safestack_mem_ver6_nolocal_bitvector_wip.c line 179 function __CS_atomic_exchange thread 0
----------------------------------------------------
  MEMORY_VALUE[6]=-1 (1111)

State 874 file regression/pointertranslation/safestack_mem_ver6_nolocal_bitvector_wip.c line 1882 function thread2_0 thread 0
----------------------------------------------------
  __csLOCAL_Pop2_next1=2 (00000000000000000000000000000010)

State 876 file regression/pointertranslation/safestack_mem_ver6_nolocal_bitvector_wip.c line 1886 function thread2_0 thread 0
----------------------------------------------------
  __csLOCAL_Pop2_head22=1 (00000000000000000000000000000001)

State 880 file regression/pointertranslation/safestack_mem_ver6_nolocal_bitvector_wip.c line 1888 function thread2_0 thread 0
----------------------------------------------------
  __csLOCALPARAM___CS_atomic_compare_and_exchange_obj=1 (0001)

State 881 file regression/pointertranslation/safestack_mem_ver6_nolocal_bitvector_wip.c line 1888 function thread2_0 thread 0
----------------------------------------------------
  __csLOCALPARAM___CS_atomic_compare_and_exchange_expected=&__csLOCAL_Pop2_head22 (0010111000000000000000000000000000000000000000000000000000000000)

State 882 file regression/pointertranslation/safestack_mem_ver6_nolocal_bitvector_wip.c line 1888 function thread2_0 thread 0
----------------------------------------------------
  __csLOCALPARAM___CS_atomic_compare_and_exchange_desired=2 (0010)

State 884 file regression/pointertranslation/safestack_mem_ver6_nolocal_bitvector_wip.c line 187 function __CS_atomic_compare_and_exchange thread 0
----------------------------------------------------
  MEMORY_VALUE[1]=2 (0010)

State 888 file regression/pointertranslation/safestack_mem_ver6_nolocal_bitvector_wip.c line 1888 function thread2_0 thread 0
----------------------------------------------------
  __csLOCAL_Pop2___if_cond_2=TRUE (00000001)

State 893 file regression/pointertranslation/safestack_mem_ver6_nolocal_bitvector_wip.c line 1891 function thread2_0 thread 0
----------------------------------------------------
  __csLOCALPARAM___CS_atomic_fetch_sub_obj=2 (0010)

State 894 file regression/pointertranslation/safestack_mem_ver6_nolocal_bitvector_wip.c line 1891 function thread2_0 thread 0
----------------------------------------------------
  __csLOCALPARAM___CS_atomic_fetch_sub_v=1 (0001)

State 895 file regression/pointertranslation/safestack_mem_ver6_nolocal_bitvector_wip.c line 209 function __CS_atomic_fetch_sub thread 0
----------------------------------------------------
  __csLOCAL___CS_atomic_fetch_sub_old=2 (0010)

State 896 file regression/pointertranslation/safestack_mem_ver6_nolocal_bitvector_wip.c line 210 function __CS_atomic_fetch_sub thread 0
----------------------------------------------------
  MEMORY_VALUE[2]=1 (0001)

State 899 file regression/pointertranslation/safestack_mem_ver6_nolocal_bitvector_wip.c line 1892 function thread2_0 thread 0
----------------------------------------------------
  __retval__Pop2_1=1 (00000000000000000000000000000001)

State 902 file regression/pointertranslation/safestack_mem_ver6_nolocal_bitvector_wip.c line 1974 function thread2_0 thread 0
----------------------------------------------------
  __csLOCAL_thread2_elem=1 (00000000000000000000000000000001)

State 906 file regression/pointertranslation/safestack_mem_ver6_nolocal_bitvector_wip.c line 2210 function thread2_0 thread 0
----------------------------------------------------
  MEMORY_VALUE[5]=2 (0010)

State 909 file regression/pointertranslation/safestack_mem_ver6_nolocal_bitvector_wip.c line 2214 function thread2_0 thread 0
----------------------------------------------------
  __csLOCALPARAM_Push2_index=1 (00000000000000000000000000000001)

State 992 file regression/pointertranslation/safestack_mem_ver6_nolocal_bitvector_wip.c line 2768 function main thread 0
----------------------------------------------------
  pc[3]=60 (00111100)

State 993 file regression/pointertranslation/safestack_mem_ver6_nolocal_bitvector_wip.c line 2772 function main thread 0
----------------------------------------------------
  thread_index=0 (0000)

State 998 file regression/pointertranslation/safestack_mem_ver6_nolocal_bitvector_wip.c line 157 function guess_pc thread 0
----------------------------------------------------
  i=0 (00000000)

State 1003 file regression/pointertranslation/safestack_mem_ver6_nolocal_bitvector_wip.c line 2774 function main thread 0
----------------------------------------------------
  pc_cs=3 (000000011)

State 1016 file regression/pointertranslation/safestack_mem_ver6_nolocal_bitvector_wip.c line 2777 function main thread 0
----------------------------------------------------
  pc[0]=3 (00000011)

State 1017 file regression/pointertranslation/safestack_mem_ver6_nolocal_bitvector_wip.c line 2780 function main thread 0
----------------------------------------------------
  thread_index=1 (0001)

State 1022 file regression/pointertranslation/safestack_mem_ver6_nolocal_bitvector_wip.c line 157 function guess_pc thread 0
----------------------------------------------------
  i=3 (00000011)

State 1027 file regression/pointertranslation/safestack_mem_ver6_nolocal_bitvector_wip.c line 2782 function main thread 0
----------------------------------------------------
  pc_cs=75 (001001011)

State 1031 file regression/pointertranslation/safestack_mem_ver6_nolocal_bitvector_wip.c line 2784 function main thread 0
----------------------------------------------------
  __csLOCALPARAM_thread0_arg=NULL (0000000000000000000000000000000000000000000000000000000000000000)

State 1108 file regression/pointertranslation/safestack_mem_ver6_nolocal_bitvector_wip.c line 646 function thread0_0 thread 0
----------------------------------------------------
  __csLOCALPARAM___CS_atomic_exchange_obj=4 (0100)

State 1109 file regression/pointertranslation/safestack_mem_ver6_nolocal_bitvector_wip.c line 646 function thread0_0 thread 0
----------------------------------------------------
  __csLOCALPARAM___CS_atomic_exchange_v=-1 (1111)

State 1110 file regression/pointertranslation/safestack_mem_ver6_nolocal_bitvector_wip.c line 178 function __CS_atomic_exchange thread 0
----------------------------------------------------
  __csLOCAL___CS_atomic_exchange_t=1 (0001)

State 1111 file regression/pointertranslation/safestack_mem_ver6_nolocal_bitvector_wip.c line 179 function __CS_atomic_exchange thread 0
----------------------------------------------------
  MEMORY_VALUE[4]=-1 (1111)

State 1115 file regression/pointertranslation/safestack_mem_ver6_nolocal_bitvector_wip.c line 646 function thread0_0 thread 0
----------------------------------------------------
  __csLOCAL_Pop0_next1=1 (00000000000000000000000000000001)

State 1117 file regression/pointertranslation/safestack_mem_ver6_nolocal_bitvector_wip.c line 650 function thread0_0 thread 0
----------------------------------------------------
  __csLOCAL_Pop0_head20=0 (00000000000000000000000000000000)

State 1121 file regression/pointertranslation/safestack_mem_ver6_nolocal_bitvector_wip.c line 652 function thread0_0 thread 0
----------------------------------------------------
  __csLOCALPARAM___CS_atomic_compare_and_exchange_obj=1 (0001)

State 1122 file regression/pointertranslation/safestack_mem_ver6_nolocal_bitvector_wip.c line 652 function thread0_0 thread 0
----------------------------------------------------
  __csLOCALPARAM___CS_atomic_compare_and_exchange_expected=&__csLOCAL_Pop0_head20 (0001000000000000000000000000000000000000000000000000000000000000)

State 1123 file regression/pointertranslation/safestack_mem_ver6_nolocal_bitvector_wip.c line 652 function thread0_0 thread 0
----------------------------------------------------
  __csLOCALPARAM___CS_atomic_compare_and_exchange_desired=1 (0001)

State 1125 file regression/pointertranslation/safestack_mem_ver6_nolocal_bitvector_wip.c line 192 function __CS_atomic_compare_and_exchange thread 0
----------------------------------------------------
  __csLOCAL_Pop0_head20=2 (00000000000000000000000000000010)

State 1129 file regression/pointertranslation/safestack_mem_ver6_nolocal_bitvector_wip.c line 652 function thread0_0 thread 0
----------------------------------------------------
  __csLOCAL_Pop0___if_cond_0=FALSE (00000000)

State 1199 file regression/pointertranslation/safestack_mem_ver6_nolocal_bitvector_wip.c line 2785 function main thread 0
----------------------------------------------------
  pc[1]=75 (01001011)

State 1200 file regression/pointertranslation/safestack_mem_ver6_nolocal_bitvector_wip.c line 2788 function main thread 0
----------------------------------------------------
  thread_index=2 (0010)

State 1205 file regression/pointertranslation/safestack_mem_ver6_nolocal_bitvector_wip.c line 157 function guess_pc thread 0
----------------------------------------------------
  i=11 (00001011)

State 1210 file regression/pointertranslation/safestack_mem_ver6_nolocal_bitvector_wip.c line 2790 function main thread 0
----------------------------------------------------
  pc_cs=73 (001001001)

State 1214 file regression/pointertranslation/safestack_mem_ver6_nolocal_bitvector_wip.c line 2792 function main thread 0
----------------------------------------------------
  __csLOCALPARAM_thread1_arg=NULL + 1 (0000000000000000000000000000000000000000000000000000000000000001)

State 1281 file regression/pointertranslation/safestack_mem_ver6_nolocal_bitvector_wip.c line 1410 function thread1_0 thread 0
----------------------------------------------------
  __csLOCALPARAM___CS_atomic_compare_and_exchange_obj=1 (0001)

State 1282 file regression/pointertranslation/safestack_mem_ver6_nolocal_bitvector_wip.c line 1410 function thread1_0 thread 0
----------------------------------------------------
  __csLOCALPARAM___CS_atomic_compare_and_exchange_expected=&__csLOCAL_Push1_head11 (0010001100000000000000000000000000000000000000000000000000000000)

State 1283 file regression/pointertranslation/safestack_mem_ver6_nolocal_bitvector_wip.c line 1410 function thread1_0 thread 0
----------------------------------------------------
  __csLOCALPARAM___CS_atomic_compare_and_exchange_desired=0 (0000)

State 1285 file regression/pointertranslation/safestack_mem_ver6_nolocal_bitvector_wip.c line 192 function __CS_atomic_compare_and_exchange thread 0
----------------------------------------------------
  __csLOCAL_Push1_head11=2 (00000000000000000000000000000010)

State 1290 file regression/pointertranslation/safestack_mem_ver6_nolocal_bitvector_wip.c line 1409 function thread1_0 thread 0
----------------------------------------------------
  __csLOCAL_Push1___while_cond_4=TRUE (00000001)

State 1295 file regression/pointertranslation/safestack_mem_ver6_nolocal_bitvector_wip.c line 1417 function thread1_0 thread 0
----------------------------------------------------
  __csLOCALPARAM___CS_atomic_store_obj=4 (0100)

State 1296 file regression/pointertranslation/safestack_mem_ver6_nolocal_bitvector_wip.c line 1417 function thread1_0 thread 0
----------------------------------------------------
  __csLOCALPARAM___CS_atomic_store_v=2 (0010)

State 1297 file regression/pointertranslation/safestack_mem_ver6_nolocal_bitvector_wip.c line 167 function __CS_atomic_store thread 0
----------------------------------------------------
  MEMORY_VALUE[4]=2 (0010)

State 1303 file regression/pointertranslation/safestack_mem_ver6_nolocal_bitvector_wip.c line 1419 function thread1_0 thread 0
----------------------------------------------------
  __csLOCALPARAM___CS_atomic_compare_and_exchange_obj=1 (0001)

State 1304 file regression/pointertranslation/safestack_mem_ver6_nolocal_bitvector_wip.c line 1419 function thread1_0 thread 0
----------------------------------------------------
  __csLOCALPARAM___CS_atomic_compare_and_exchange_expected=&__csLOCAL_Push1_head11 (0010001100000000000000000000000000000000000000000000000000000000)

State 1305 file regression/pointertranslation/safestack_mem_ver6_nolocal_bitvector_wip.c line 1419 function thread1_0 thread 0
----------------------------------------------------
  __csLOCALPARAM___CS_atomic_compare_and_exchange_desired=0 (0000)

State 1307 file regression/pointertranslation/safestack_mem_ver6_nolocal_bitvector_wip.c line 187 function __CS_atomic_compare_and_exchange thread 0
----------------------------------------------------
  MEMORY_VALUE[1]=0 (0000)

State 1312 file regression/pointertranslation/safestack_mem_ver6_nolocal_bitvector_wip.c line 1418 function thread1_0 thread 0
----------------------------------------------------
  __csLOCAL_Push1___while_cond_4=FALSE (00000000)

State 1318 file regression/pointertranslation/safestack_mem_ver6_nolocal_bitvector_wip.c line 1442 function thread1_0 thread 0
----------------------------------------------------
  __csLOCALPARAM___CS_atomic_fetch_add_obj=2 (0010)

State 1319 file regression/pointertranslation/safestack_mem_ver6_nolocal_bitvector_wip.c line 1442 function thread1_0 thread 0
----------------------------------------------------
  __csLOCALPARAM___CS_atomic_fetch_add_v=1 (0001)

State 1320 file regression/pointertranslation/safestack_mem_ver6_nolocal_bitvector_wip.c line 201 function __CS_atomic_fetch_add thread 0
----------------------------------------------------
  __csLOCAL___CS_atomic_fetch_add_old=1 (0001)

State 1321 file regression/pointertranslation/safestack_mem_ver6_nolocal_bitvector_wip.c line 202 function __CS_atomic_fetch_add thread 0
----------------------------------------------------
  MEMORY_VALUE[2]=2 (0010)

State 1325 file regression/pointertranslation/safestack_mem_ver6_nolocal_bitvector_wip.c line 1448 function thread1_0 thread 0
----------------------------------------------------
  __csLOCAL_thread1_i=1 (0000000000000000000000000000000000000000000000000000000000000001)

State 1330 file regression/pointertranslation/safestack_mem_ver6_nolocal_bitvector_wip.c line 1455 function thread1_0 thread 0
----------------------------------------------------
  __csLOCALPARAM___CS_atomic_load_obj=2 (0010)

State 1334 file regression/pointertranslation/safestack_mem_ver6_nolocal_bitvector_wip.c line 1455 function thread1_0 thread 0
----------------------------------------------------
  __csLOCAL_Pop1___while_cond_1=TRUE (00000001)

State 1340 file regression/pointertranslation/safestack_mem_ver6_nolocal_bitvector_wip.c line 1463 function thread1_0 thread 0
----------------------------------------------------
  __csLOCALPARAM___CS_atomic_load_obj=1 (0001)

State 1344 file regression/pointertranslation/safestack_mem_ver6_nolocal_bitvector_wip.c line 1463 function thread1_0 thread 0
----------------------------------------------------
  __csLOCAL_Pop1_head1=0 (00000000000000000000000000000000)

State 1349 file regression/pointertranslation/safestack_mem_ver6_nolocal_bitvector_wip.c line 1465 function thread1_0 thread 0
----------------------------------------------------
  __csLOCALPARAM___CS_atomic_exchange_obj=4 (0100)

State 1350 file regression/pointertranslation/safestack_mem_ver6_nolocal_bitvector_wip.c line 1465 function thread1_0 thread 0
----------------------------------------------------
  __csLOCALPARAM___CS_atomic_exchange_v=-1 (1111)

State 1351 file regression/pointertranslation/safestack_mem_ver6_nolocal_bitvector_wip.c line 178 function __CS_atomic_exchange thread 0
----------------------------------------------------
  __csLOCAL___CS_atomic_exchange_t=2 (0010)

State 1352 file regression/pointertranslation/safestack_mem_ver6_nolocal_bitvector_wip.c line 179 function __CS_atomic_exchange thread 0
----------------------------------------------------
  MEMORY_VALUE[4]=-1 (1111)

State 1356 file regression/pointertranslation/safestack_mem_ver6_nolocal_bitvector_wip.c line 1465 function thread1_0 thread 0
----------------------------------------------------
  __csLOCAL_Pop1_next1=2 (00000000000000000000000000000010)

State 1358 file regression/pointertranslation/safestack_mem_ver6_nolocal_bitvector_wip.c line 1469 function thread1_0 thread 0
----------------------------------------------------
  __csLOCAL_Pop1_head21=0 (00000000000000000000000000000000)

State 1428 file regression/pointertranslation/safestack_mem_ver6_nolocal_bitvector_wip.c line 2793 function main thread 0
----------------------------------------------------
  pc[2]=73 (01001001)

State 1429 file regression/pointertranslation/safestack_mem_ver6_nolocal_bitvector_wip.c line 2796 function main thread 0
----------------------------------------------------
  thread_index=3 (0011)

State 1434 file regression/pointertranslation/safestack_mem_ver6_nolocal_bitvector_wip.c line 157 function guess_pc thread 0
----------------------------------------------------
  i=2 (00000010)

State 1439 file regression/pointertranslation/safestack_mem_ver6_nolocal_bitvector_wip.c line 2798 function main thread 0
----------------------------------------------------
  pc_cs=62 (000111110)

State 1443 file regression/pointertranslation/safestack_mem_ver6_nolocal_bitvector_wip.c line 2800 function main thread 0
----------------------------------------------------
  __csLOCALPARAM_thread2_arg=NULL + 2 (0000000000000000000000000000000000000000000000000000000000000010)

State 1508 file regression/pointertranslation/safestack_mem_ver6_nolocal_bitvector_wip.c line 2216 function thread2_0 thread 0
----------------------------------------------------
  __csLOCALPARAM___CS_atomic_load_obj=1 (0001)

State 1512 file regression/pointertranslation/safestack_mem_ver6_nolocal_bitvector_wip.c line 2216 function thread2_0 thread 0
----------------------------------------------------
  __csLOCAL_Push2_head12=0 (00000000000000000000000000000000)

State 1513 file regression/pointertranslation/safestack_mem_ver6_nolocal_bitvector_wip.c line 2219 function thread2_0 thread 0
----------------------------------------------------
  __csLOCAL_Push2___cs_dowhile_onetime_3=0 (00000000000000000000000000000000)

State 1517 file regression/pointertranslation/safestack_mem_ver6_nolocal_bitvector_wip.c line 2221 function thread2_0 thread 0
----------------------------------------------------
  __csLOCALPARAM___CS_atomic_store_obj=6 (0110)

State 1518 file regression/pointertranslation/safestack_mem_ver6_nolocal_bitvector_wip.c line 2221 function thread2_0 thread 0
----------------------------------------------------
  __csLOCALPARAM___CS_atomic_store_v=0 (0000)

State 1519 file regression/pointertranslation/safestack_mem_ver6_nolocal_bitvector_wip.c line 167 function __CS_atomic_store thread 0
----------------------------------------------------
  MEMORY_VALUE[6]=0 (0000)

State 1521 file regression/pointertranslation/safestack_mem_ver6_nolocal_bitvector_wip.c line 2223 function thread2_0 thread 0
----------------------------------------------------
  __csLOCAL_Push2___cs_dowhile_onetime_3=1 (00000000000000000000000000000001)

State 1604 file regression/pointertranslation/safestack_mem_ver6_nolocal_bitvector_wip.c line 2801 function main thread 0
----------------------------------------------------
  pc[3]=62 (00111110)

State 1605 file regression/pointertranslation/safestack_mem_ver6_nolocal_bitvector_wip.c line 2805 function main thread 0
----------------------------------------------------
  thread_index=0 (0000)

State 1610 file regression/pointertranslation/safestack_mem_ver6_nolocal_bitvector_wip.c line 157 function guess_pc thread 0
----------------------------------------------------
  i=0 (00000000)

State 1615 file regression/pointertranslation/safestack_mem_ver6_nolocal_bitvector_wip.c line 2807 function main thread 0
----------------------------------------------------
  pc_cs=3 (000000011)

State 1628 file regression/pointertranslation/safestack_mem_ver6_nolocal_bitvector_wip.c line 2810 function main thread 0
----------------------------------------------------
  pc[0]=3 (00000011)

State 1629 file regression/pointertranslation/safestack_mem_ver6_nolocal_bitvector_wip.c line 2813 function main thread 0
----------------------------------------------------
  thread_index=1 (0001)

State 1634 file regression/pointertranslation/safestack_mem_ver6_nolocal_bitvector_wip.c line 157 function guess_pc thread 0
----------------------------------------------------
  i=5 (00000101)

State 1639 file regression/pointertranslation/safestack_mem_ver6_nolocal_bitvector_wip.c line 2815 function main thread 0
----------------------------------------------------
  pc_cs=80 (001010000)

State 1643 file regression/pointertranslation/safestack_mem_ver6_nolocal_bitvector_wip.c line 2817 function main thread 0
----------------------------------------------------
  __csLOCALPARAM_thread0_arg=NULL (0000000000000000000000000000000000000000000000000000000000000000)

State 1722 file regression/pointertranslation/safestack_mem_ver6_nolocal_bitvector_wip.c line 661 function thread0_0 thread 0
----------------------------------------------------
  __csLOCALPARAM___CS_atomic_exchange_obj=4 (0100)

State 1723 file regression/pointertranslation/safestack_mem_ver6_nolocal_bitvector_wip.c line 661 function thread0_0 thread 0
----------------------------------------------------
  __csLOCALPARAM___CS_atomic_exchange_v=1 (0001)

State 1724 file regression/pointertranslation/safestack_mem_ver6_nolocal_bitvector_wip.c line 178 function __CS_atomic_exchange thread 0
----------------------------------------------------
  __csLOCAL___CS_atomic_exchange_t=-1 (1111)

State 1725 file regression/pointertranslation/safestack_mem_ver6_nolocal_bitvector_wip.c line 179 function __CS_atomic_exchange thread 0
----------------------------------------------------
  MEMORY_VALUE[4]=1 (0001)

State 1734 file regression/pointertranslation/safestack_mem_ver6_nolocal_bitvector_wip.c line 666 function thread0_0 thread 0
----------------------------------------------------
  __csLOCALPARAM___CS_atomic_load_obj=2 (0010)

State 1738 file regression/pointertranslation/safestack_mem_ver6_nolocal_bitvector_wip.c line 666 function thread0_0 thread 0
----------------------------------------------------
  __csLOCAL_Pop0___while_cond_0=TRUE (00000001)

State 1744 file regression/pointertranslation/safestack_mem_ver6_nolocal_bitvector_wip.c line 675 function thread0_0 thread 0
----------------------------------------------------
  __csLOCALPARAM___CS_atomic_load_obj=1 (0001)

State 1748 file regression/pointertranslation/safestack_mem_ver6_nolocal_bitvector_wip.c line 675 function thread0_0 thread 0
----------------------------------------------------
  __csLOCAL_Pop0_head1=0 (00000000000000000000000000000000)

State 1753 file regression/pointertranslation/safestack_mem_ver6_nolocal_bitvector_wip.c line 677 function thread0_0 thread 0
----------------------------------------------------
  __csLOCALPARAM___CS_atomic_exchange_obj=4 (0100)

State 1754 file regression/pointertranslation/safestack_mem_ver6_nolocal_bitvector_wip.c line 677 function thread0_0 thread 0
----------------------------------------------------
  __csLOCALPARAM___CS_atomic_exchange_v=-1 (1111)

State 1755 file regression/pointertranslation/safestack_mem_ver6_nolocal_bitvector_wip.c line 178 function __CS_atomic_exchange thread 0
----------------------------------------------------
  __csLOCAL___CS_atomic_exchange_t=1 (0001)

State 1756 file regression/pointertranslation/safestack_mem_ver6_nolocal_bitvector_wip.c line 179 function __CS_atomic_exchange thread 0
----------------------------------------------------
  MEMORY_VALUE[4]=-1 (1111)

State 1760 file regression/pointertranslation/safestack_mem_ver6_nolocal_bitvector_wip.c line 677 function thread0_0 thread 0
----------------------------------------------------
  __csLOCAL_Pop0_next1=1 (00000000000000000000000000000001)

State 1762 file regression/pointertranslation/safestack_mem_ver6_nolocal_bitvector_wip.c line 681 function thread0_0 thread 0
----------------------------------------------------
  __csLOCAL_Pop0_head20=0 (00000000000000000000000000000000)

State 1766 file regression/pointertranslation/safestack_mem_ver6_nolocal_bitvector_wip.c line 683 function thread0_0 thread 0
----------------------------------------------------
  __csLOCALPARAM___CS_atomic_compare_and_exchange_obj=1 (0001)

State 1767 file regression/pointertranslation/safestack_mem_ver6_nolocal_bitvector_wip.c line 683 function thread0_0 thread 0
----------------------------------------------------
  __csLOCALPARAM___CS_atomic_compare_and_exchange_expected=&__csLOCAL_Pop0_head20 (0001000100000000000000000000000000000000000000000000000000000000)

State 1768 file regression/pointertranslation/safestack_mem_ver6_nolocal_bitvector_wip.c line 683 function thread0_0 thread 0
----------------------------------------------------
  __csLOCALPARAM___CS_atomic_compare_and_exchange_desired=1 (0001)

State 1770 file regression/pointertranslation/safestack_mem_ver6_nolocal_bitvector_wip.c line 187 function __CS_atomic_compare_and_exchange thread 0
----------------------------------------------------
  MEMORY_VALUE[1]=1 (0001)

State 1774 file regression/pointertranslation/safestack_mem_ver6_nolocal_bitvector_wip.c line 683 function thread0_0 thread 0
----------------------------------------------------
  __csLOCAL_Pop0___if_cond_0=TRUE (00000001)

State 1838 file regression/pointertranslation/safestack_mem_ver6_nolocal_bitvector_wip.c line 2818 function main thread 0
----------------------------------------------------
  pc[1]=80 (01010000)

State 1839 file regression/pointertranslation/safestack_mem_ver6_nolocal_bitvector_wip.c line 2821 function main thread 0
----------------------------------------------------
  thread_index=2 (0010)

State 1844 file regression/pointertranslation/safestack_mem_ver6_nolocal_bitvector_wip.c line 157 function guess_pc thread 0
----------------------------------------------------
  i=6 (00000110)

State 1849 file regression/pointertranslation/safestack_mem_ver6_nolocal_bitvector_wip.c line 2823 function main thread 0
----------------------------------------------------
  pc_cs=79 (001001111)

State 1853 file regression/pointertranslation/safestack_mem_ver6_nolocal_bitvector_wip.c line 2825 function main thread 0
----------------------------------------------------
  __csLOCALPARAM_thread1_arg=NULL + 1 (0000000000000000000000000000000000000000000000000000000000000001)

State 1930 file regression/pointertranslation/safestack_mem_ver6_nolocal_bitvector_wip.c line 1471 function thread1_0 thread 0
----------------------------------------------------
  __csLOCALPARAM___CS_atomic_compare_and_exchange_obj=1 (0001)

State 1931 file regression/pointertranslation/safestack_mem_ver6_nolocal_bitvector_wip.c line 1471 function thread1_0 thread 0
----------------------------------------------------
  __csLOCALPARAM___CS_atomic_compare_and_exchange_expected=&__csLOCAL_Pop1_head21 (0010010000000000000000000000000000000000000000000000000000000000)

State 1932 file regression/pointertranslation/safestack_mem_ver6_nolocal_bitvector_wip.c line 1471 function thread1_0 thread 0
----------------------------------------------------
  __csLOCALPARAM___CS_atomic_compare_and_exchange_desired=2 (0010)

State 1934 file regression/pointertranslation/safestack_mem_ver6_nolocal_bitvector_wip.c line 192 function __CS_atomic_compare_and_exchange thread 0
----------------------------------------------------
  __csLOCAL_Pop1_head21=1 (00000000000000000000000000000001)

State 1938 file regression/pointertranslation/safestack_mem_ver6_nolocal_bitvector_wip.c line 1471 function thread1_0 thread 0
----------------------------------------------------
  __csLOCAL_Pop1___if_cond_1=FALSE (00000000)

State 1944 file regression/pointertranslation/safestack_mem_ver6_nolocal_bitvector_wip.c line 1480 function thread1_0 thread 0
----------------------------------------------------
  __csLOCALPARAM___CS_atomic_exchange_obj=4 (0100)

State 1945 file regression/pointertranslation/safestack_mem_ver6_nolocal_bitvector_wip.c line 1480 function thread1_0 thread 0
----------------------------------------------------
  __csLOCALPARAM___CS_atomic_exchange_v=2 (0010)

State 1946 file regression/pointertranslation/safestack_mem_ver6_nolocal_bitvector_wip.c line 178 function __CS_atomic_exchange thread 0
----------------------------------------------------
  __csLOCAL___CS_atomic_exchange_t=-1 (1111)

State 1947 file regression/pointertranslation/safestack_mem_ver6_nolocal_bitvector_wip.c line 179 function __CS_atomic_exchange thread 0
----------------------------------------------------
  MEMORY_VALUE[4]=2 (0010)

State 1956 file regression/pointertranslation/safestack_mem_ver6_nolocal_bitvector_wip.c line 1485 function thread1_0 thread 0
----------------------------------------------------
  __csLOCALPARAM___CS_atomic_load_obj=2 (0010)

State 1960 file regression/pointertranslation/safestack_mem_ver6_nolocal_bitvector_wip.c line 1485 function thread1_0 thread 0
----------------------------------------------------
  __csLOCAL_Pop1___while_cond_1=TRUE (00000001)

State 1966 file regression/pointertranslation/safestack_mem_ver6_nolocal_bitvector_wip.c line 1494 function thread1_0 thread 0
----------------------------------------------------
  __csLOCALPARAM___CS_atomic_load_obj=1 (0001)

State 1970 file regression/pointertranslation/safestack_mem_ver6_nolocal_bitvector_wip.c line 1494 function thread1_0 thread 0
----------------------------------------------------
  __csLOCAL_Pop1_head1=1 (00000000000000000000000000000001)

State 1975 file regression/pointertranslation/safestack_mem_ver6_nolocal_bitvector_wip.c line 1496 function thread1_0 thread 0
----------------------------------------------------
  __csLOCALPARAM___CS_atomic_exchange_obj=6 (0110)

State 1976 file regression/pointertranslation/safestack_mem_ver6_nolocal_bitvector_wip.c line 1496 function thread1_0 thread 0
----------------------------------------------------
  __csLOCALPARAM___CS_atomic_exchange_v=-1 (1111)

State 1977 file regression/pointertranslation/safestack_mem_ver6_nolocal_bitvector_wip.c line 178 function __CS_atomic_exchange thread 0
----------------------------------------------------
  __csLOCAL___CS_atomic_exchange_t=0 (0000)

State 1978 file regression/pointertranslation/safestack_mem_ver6_nolocal_bitvector_wip.c line 179 function __CS_atomic_exchange thread 0
----------------------------------------------------
  MEMORY_VALUE[6]=-1 (1111)

State 1982 file regression/pointertranslation/safestack_mem_ver6_nolocal_bitvector_wip.c line 1496 function thread1_0 thread 0
----------------------------------------------------
  __csLOCAL_Pop1_next1=0 (00000000000000000000000000000000)

State 1984 file regression/pointertranslation/safestack_mem_ver6_nolocal_bitvector_wip.c line 1500 function thread1_0 thread 0
----------------------------------------------------
  __csLOCAL_Pop1_head21=1 (00000000000000000000000000000001)

State 2048 file regression/pointertranslation/safestack_mem_ver6_nolocal_bitvector_wip.c line 2826 function main thread 0
----------------------------------------------------
  pc[2]=79 (01001111)

State 2049 file regression/pointertranslation/safestack_mem_ver6_nolocal_bitvector_wip.c line 2829 function main thread 0
----------------------------------------------------
  thread_index=3 (0011)

State 2054 file regression/pointertranslation/safestack_mem_ver6_nolocal_bitvector_wip.c line 157 function guess_pc thread 0
----------------------------------------------------
  i=66 (01000010)

State 2059 file regression/pointertranslation/safestack_mem_ver6_nolocal_bitvector_wip.c line 2831 function main thread 0
----------------------------------------------------
  pc_cs=128 (010000000)

State 2063 file regression/pointertranslation/safestack_mem_ver6_nolocal_bitvector_wip.c line 2833 function main thread 0
----------------------------------------------------
  __csLOCALPARAM_thread2_arg=NULL + 2 (0000000000000000000000000000000000000000000000000000000000000010)

State 2130 file regression/pointertranslation/safestack_mem_ver6_nolocal_bitvector_wip.c line 2229 function thread2_0 thread 0
----------------------------------------------------
  __csLOCALPARAM___CS_atomic_compare_and_exchange_obj=1 (0001)

State 2131 file regression/pointertranslation/safestack_mem_ver6_nolocal_bitvector_wip.c line 2229 function thread2_0 thread 0
----------------------------------------------------
  __csLOCALPARAM___CS_atomic_compare_and_exchange_expected=&__csLOCAL_Push2_head12 (0011011100000000000000000000000000000000000000000000000000000000)

State 2132 file regression/pointertranslation/safestack_mem_ver6_nolocal_bitvector_wip.c line 2229 function thread2_0 thread 0
----------------------------------------------------
  __csLOCALPARAM___CS_atomic_compare_and_exchange_desired=1 (0001)

State 2134 file regression/pointertranslation/safestack_mem_ver6_nolocal_bitvector_wip.c line 192 function __CS_atomic_compare_and_exchange thread 0
----------------------------------------------------
  __csLOCAL_Push2_head12=1 (00000000000000000000000000000001)

State 2139 file regression/pointertranslation/safestack_mem_ver6_nolocal_bitvector_wip.c line 2228 function thread2_0 thread 0
----------------------------------------------------
  __csLOCAL_Push2___while_cond_5=TRUE (00000001)

State 2144 file regression/pointertranslation/safestack_mem_ver6_nolocal_bitvector_wip.c line 2236 function thread2_0 thread 0
----------------------------------------------------
  __csLOCALPARAM___CS_atomic_store_obj=6 (0110)

State 2145 file regression/pointertranslation/safestack_mem_ver6_nolocal_bitvector_wip.c line 2236 function thread2_0 thread 0
----------------------------------------------------
  __csLOCALPARAM___CS_atomic_store_v=1 (0001)

State 2146 file regression/pointertranslation/safestack_mem_ver6_nolocal_bitvector_wip.c line 167 function __CS_atomic_store thread 0
----------------------------------------------------
  MEMORY_VALUE[6]=1 (0001)

State 2152 file regression/pointertranslation/safestack_mem_ver6_nolocal_bitvector_wip.c line 2238 function thread2_0 thread 0
----------------------------------------------------
  __csLOCALPARAM___CS_atomic_compare_and_exchange_obj=1 (0001)

State 2153 file regression/pointertranslation/safestack_mem_ver6_nolocal_bitvector_wip.c line 2238 function thread2_0 thread 0
----------------------------------------------------
  __csLOCALPARAM___CS_atomic_compare_and_exchange_expected=&__csLOCAL_Push2_head12 (0011011100000000000000000000000000000000000000000000000000000000)

State 2154 file regression/pointertranslation/safestack_mem_ver6_nolocal_bitvector_wip.c line 2238 function thread2_0 thread 0
----------------------------------------------------
  __csLOCALPARAM___CS_atomic_compare_and_exchange_desired=1 (0001)

State 2156 file regression/pointertranslation/safestack_mem_ver6_nolocal_bitvector_wip.c line 187 function __CS_atomic_compare_and_exchange thread 0
----------------------------------------------------
  MEMORY_VALUE[1]=1 (0001)

State 2161 file regression/pointertranslation/safestack_mem_ver6_nolocal_bitvector_wip.c line 2237 function thread2_0 thread 0
----------------------------------------------------
  __csLOCAL_Push2___while_cond_5=FALSE (00000000)

State 2167 file regression/pointertranslation/safestack_mem_ver6_nolocal_bitvector_wip.c line 2261 function thread2_0 thread 0
----------------------------------------------------
  __csLOCALPARAM___CS_atomic_fetch_add_obj=2 (0010)

State 2168 file regression/pointertranslation/safestack_mem_ver6_nolocal_bitvector_wip.c line 2261 function thread2_0 thread 0
----------------------------------------------------
  __csLOCALPARAM___CS_atomic_fetch_add_v=1 (0001)

State 2169 file regression/pointertranslation/safestack_mem_ver6_nolocal_bitvector_wip.c line 201 function __CS_atomic_fetch_add thread 0
----------------------------------------------------
  __csLOCAL___CS_atomic_fetch_add_old=2 (0010)

State 2170 file regression/pointertranslation/safestack_mem_ver6_nolocal_bitvector_wip.c line 202 function __CS_atomic_fetch_add thread 0
----------------------------------------------------
  MEMORY_VALUE[2]=3 (0011)

State 2174 file regression/pointertranslation/safestack_mem_ver6_nolocal_bitvector_wip.c line 2267 function thread2_0 thread 0
----------------------------------------------------
  __csLOCAL_thread2_i=1 (0000000000000000000000000000000000000000000000000000000000000001)

State 2179 file regression/pointertranslation/safestack_mem_ver6_nolocal_bitvector_wip.c line 2274 function thread2_0 thread 0
----------------------------------------------------
  __csLOCALPARAM___CS_atomic_load_obj=2 (0010)

State 2183 file regression/pointertranslation/safestack_mem_ver6_nolocal_bitvector_wip.c line 2274 function thread2_0 thread 0
----------------------------------------------------
  __csLOCAL_Pop2___while_cond_2=TRUE (00000001)

State 2189 file regression/pointertranslation/safestack_mem_ver6_nolocal_bitvector_wip.c line 2282 function thread2_0 thread 0
----------------------------------------------------
  __csLOCALPARAM___CS_atomic_load_obj=1 (0001)

State 2193 file regression/pointertranslation/safestack_mem_ver6_nolocal_bitvector_wip.c line 2282 function thread2_0 thread 0
----------------------------------------------------
  __csLOCAL_Pop2_head1=1 (00000000000000000000000000000001)

State 2198 file regression/pointertranslation/safestack_mem_ver6_nolocal_bitvector_wip.c line 2284 function thread2_0 thread 0
----------------------------------------------------
  __csLOCALPARAM___CS_atomic_exchange_obj=6 (0110)

State 2199 file regression/pointertranslation/safestack_mem_ver6_nolocal_bitvector_wip.c line 2284 function thread2_0 thread 0
----------------------------------------------------
  __csLOCALPARAM___CS_atomic_exchange_v=-1 (1111)

State 2200 file regression/pointertranslation/safestack_mem_ver6_nolocal_bitvector_wip.c line 178 function __CS_atomic_exchange thread 0
----------------------------------------------------
  __csLOCAL___CS_atomic_exchange_t=1 (0001)

State 2201 file regression/pointertranslation/safestack_mem_ver6_nolocal_bitvector_wip.c line 179 function __CS_atomic_exchange thread 0
----------------------------------------------------
  MEMORY_VALUE[6]=-1 (1111)

State 2205 file regression/pointertranslation/safestack_mem_ver6_nolocal_bitvector_wip.c line 2284 function thread2_0 thread 0
----------------------------------------------------
  __csLOCAL_Pop2_next1=1 (00000000000000000000000000000001)

State 2207 file regression/pointertranslation/safestack_mem_ver6_nolocal_bitvector_wip.c line 2288 function thread2_0 thread 0
----------------------------------------------------
  __csLOCAL_Pop2_head22=1 (00000000000000000000000000000001)

State 2211 file regression/pointertranslation/safestack_mem_ver6_nolocal_bitvector_wip.c line 2290 function thread2_0 thread 0
----------------------------------------------------
  __csLOCALPARAM___CS_atomic_compare_and_exchange_obj=1 (0001)

State 2212 file regression/pointertranslation/safestack_mem_ver6_nolocal_bitvector_wip.c line 2290 function thread2_0 thread 0
----------------------------------------------------
  __csLOCALPARAM___CS_atomic_compare_and_exchange_expected=&__csLOCAL_Pop2_head22 (0011100000000000000000000000000000000000000000000000000000000000)

State 2213 file regression/pointertranslation/safestack_mem_ver6_nolocal_bitvector_wip.c line 2290 function thread2_0 thread 0
----------------------------------------------------
  __csLOCALPARAM___CS_atomic_compare_and_exchange_desired=1 (0001)

State 2215 file regression/pointertranslation/safestack_mem_ver6_nolocal_bitvector_wip.c line 187 function __CS_atomic_compare_and_exchange thread 0
----------------------------------------------------
  MEMORY_VALUE[1]=1 (0001)

State 2219 file regression/pointertranslation/safestack_mem_ver6_nolocal_bitvector_wip.c line 2290 function thread2_0 thread 0
----------------------------------------------------
  __csLOCAL_Pop2___if_cond_2=TRUE (00000001)

State 2224 file regression/pointertranslation/safestack_mem_ver6_nolocal_bitvector_wip.c line 2293 function thread2_0 thread 0
----------------------------------------------------
  __csLOCALPARAM___CS_atomic_fetch_sub_obj=2 (0010)

State 2225 file regression/pointertranslation/safestack_mem_ver6_nolocal_bitvector_wip.c line 2293 function thread2_0 thread 0
----------------------------------------------------
  __csLOCALPARAM___CS_atomic_fetch_sub_v=1 (0001)

State 2226 file regression/pointertranslation/safestack_mem_ver6_nolocal_bitvector_wip.c line 209 function __CS_atomic_fetch_sub thread 0
----------------------------------------------------
  __csLOCAL___CS_atomic_fetch_sub_old=3 (0011)

State 2227 file regression/pointertranslation/safestack_mem_ver6_nolocal_bitvector_wip.c line 210 function __CS_atomic_fetch_sub thread 0
----------------------------------------------------
  MEMORY_VALUE[2]=2 (0010)

State 2230 file regression/pointertranslation/safestack_mem_ver6_nolocal_bitvector_wip.c line 2294 function thread2_0 thread 0
----------------------------------------------------
  __retval__Pop2_1=1 (00000000000000000000000000000001)

State 2233 file regression/pointertranslation/safestack_mem_ver6_nolocal_bitvector_wip.c line 2376 function thread2_0 thread 0
----------------------------------------------------
  __csLOCAL_thread2_elem=1 (00000000000000000000000000000001)

State 2237 file regression/pointertranslation/safestack_mem_ver6_nolocal_bitvector_wip.c line 2612 function thread2_0 thread 0
----------------------------------------------------
  MEMORY_VALUE[5]=2 (0010)

State 2252 file regression/pointertranslation/safestack_mem_ver6_nolocal_bitvector_wip.c line 2834 function main thread 0
----------------------------------------------------
  pc[3]=128 (10000000)

State 2253 file regression/pointertranslation/safestack_mem_ver6_nolocal_bitvector_wip.c line 2838 function main thread 0
----------------------------------------------------
  thread_index=0 (0000)

State 2258 file regression/pointertranslation/safestack_mem_ver6_nolocal_bitvector_wip.c line 157 function guess_pc thread 0
----------------------------------------------------
  i=0 (00000000)

State 2263 file regression/pointertranslation/safestack_mem_ver6_nolocal_bitvector_wip.c line 2840 function main thread 0
----------------------------------------------------
  pc_cs=3 (000000011)

State 2276 file regression/pointertranslation/safestack_mem_ver6_nolocal_bitvector_wip.c line 2843 function main thread 0
----------------------------------------------------
  pc[0]=3 (00000011)

State 2277 file regression/pointertranslation/safestack_mem_ver6_nolocal_bitvector_wip.c line 2846 function main thread 0
----------------------------------------------------
  thread_index=1 (0001)

State 2282 file regression/pointertranslation/safestack_mem_ver6_nolocal_bitvector_wip.c line 157 function guess_pc thread 0
----------------------------------------------------
  i=47 (00101111)

State 2287 file regression/pointertranslation/safestack_mem_ver6_nolocal_bitvector_wip.c line 2848 function main thread 0
----------------------------------------------------
  pc_cs=127 (001111111)

State 2291 file regression/pointertranslation/safestack_mem_ver6_nolocal_bitvector_wip.c line 2850 function main thread 0
----------------------------------------------------
  __csLOCALPARAM_thread0_arg=NULL (0000000000000000000000000000000000000000000000000000000000000000)

State 2375 file regression/pointertranslation/safestack_mem_ver6_nolocal_bitvector_wip.c line 686 function thread0_0 thread 0
----------------------------------------------------
  __csLOCALPARAM___CS_atomic_fetch_sub_obj=2 (0010)

State 2376 file regression/pointertranslation/safestack_mem_ver6_nolocal_bitvector_wip.c line 686 function thread0_0 thread 0
----------------------------------------------------
  __csLOCALPARAM___CS_atomic_fetch_sub_v=1 (0001)

State 2377 file regression/pointertranslation/safestack_mem_ver6_nolocal_bitvector_wip.c line 209 function __CS_atomic_fetch_sub thread 0
----------------------------------------------------
  __csLOCAL___CS_atomic_fetch_sub_old=2 (0010)

State 2378 file regression/pointertranslation/safestack_mem_ver6_nolocal_bitvector_wip.c line 210 function __CS_atomic_fetch_sub thread 0
----------------------------------------------------
  MEMORY_VALUE[2]=1 (0001)

State 2381 file regression/pointertranslation/safestack_mem_ver6_nolocal_bitvector_wip.c line 687 function thread0_0 thread 0
----------------------------------------------------
  __retval__Pop0_1=0 (00000000000000000000000000000000)

State 2384 file regression/pointertranslation/safestack_mem_ver6_nolocal_bitvector_wip.c line 738 function thread0_0 thread 0
----------------------------------------------------
  __csLOCAL_thread0_elem=0 (00000000000000000000000000000000)

State 2402 file regression/pointertranslation/safestack_mem_ver6_nolocal_bitvector_wip.c line 2851 function main thread 0
----------------------------------------------------
  pc[1]=127 (01111111)

State 2403 file regression/pointertranslation/safestack_mem_ver6_nolocal_bitvector_wip.c line 2854 function main thread 0
----------------------------------------------------
  thread_index=2 (0010)

State 2408 file regression/pointertranslation/safestack_mem_ver6_nolocal_bitvector_wip.c line 157 function guess_pc thread 0
----------------------------------------------------
  i=49 (00110001)

State 2413 file regression/pointertranslation/safestack_mem_ver6_nolocal_bitvector_wip.c line 2856 function main thread 0
----------------------------------------------------
  pc_cs=128 (010000000)

State 2417 file regression/pointertranslation/safestack_mem_ver6_nolocal_bitvector_wip.c line 2858 function main thread 0
----------------------------------------------------
  __csLOCALPARAM_thread1_arg=NULL + 1 (0000000000000000000000000000000000000000000000000000000000000001)

State 2500 file regression/pointertranslation/safestack_mem_ver6_nolocal_bitvector_wip.c line 1502 function thread1_0 thread 0
----------------------------------------------------
  __csLOCALPARAM___CS_atomic_compare_and_exchange_obj=1 (0001)

State 2501 file regression/pointertranslation/safestack_mem_ver6_nolocal_bitvector_wip.c line 1502 function thread1_0 thread 0
----------------------------------------------------
  __csLOCALPARAM___CS_atomic_compare_and_exchange_expected=&__csLOCAL_Pop1_head21 (0010010100000000000000000000000000000000000000000000000000000000)

State 2502 file regression/pointertranslation/safestack_mem_ver6_nolocal_bitvector_wip.c line 1502 function thread1_0 thread 0
----------------------------------------------------
  __csLOCALPARAM___CS_atomic_compare_and_exchange_desired=0 (0000)

State 2504 file regression/pointertranslation/safestack_mem_ver6_nolocal_bitvector_wip.c line 187 function __CS_atomic_compare_and_exchange thread 0
----------------------------------------------------
  MEMORY_VALUE[1]=0 (0000)

State 2508 file regression/pointertranslation/safestack_mem_ver6_nolocal_bitvector_wip.c line 1502 function thread1_0 thread 0
----------------------------------------------------
  __csLOCAL_Pop1___if_cond_1=TRUE (00000001)

State 2513 file regression/pointertranslation/safestack_mem_ver6_nolocal_bitvector_wip.c line 1505 function thread1_0 thread 0
----------------------------------------------------
  __csLOCALPARAM___CS_atomic_fetch_sub_obj=2 (0010)

State 2514 file regression/pointertranslation/safestack_mem_ver6_nolocal_bitvector_wip.c line 1505 function thread1_0 thread 0
----------------------------------------------------
  __csLOCALPARAM___CS_atomic_fetch_sub_v=1 (0001)

State 2515 file regression/pointertranslation/safestack_mem_ver6_nolocal_bitvector_wip.c line 209 function __CS_atomic_fetch_sub thread 0
----------------------------------------------------
  __csLOCAL___CS_atomic_fetch_sub_old=1 (0001)

State 2516 file regression/pointertranslation/safestack_mem_ver6_nolocal_bitvector_wip.c line 210 function __CS_atomic_fetch_sub thread 0
----------------------------------------------------
  MEMORY_VALUE[2]=0 (0000)

State 2519 file regression/pointertranslation/safestack_mem_ver6_nolocal_bitvector_wip.c line 1506 function thread1_0 thread 0
----------------------------------------------------
  __retval__Pop1_1=1 (00000000000000000000000000000001)

State 2522 file regression/pointertranslation/safestack_mem_ver6_nolocal_bitvector_wip.c line 1557 function thread1_0 thread 0
----------------------------------------------------
  __csLOCAL_thread1_elem=1 (00000000000000000000000000000001)

State 2526 file regression/pointertranslation/safestack_mem_ver6_nolocal_bitvector_wip.c line 1793 function thread1_0 thread 0
----------------------------------------------------
  MEMORY_VALUE[5]=1 (0001)

State 2541 file regression/pointertranslation/safestack_mem_ver6_nolocal_bitvector_wip.c line 2859 function main thread 0
----------------------------------------------------
  pc[2]=128 (10000000)

State 2542 file regression/pointertranslation/safestack_mem_ver6_nolocal_bitvector_wip.c line 2862 function main thread 0
----------------------------------------------------
  thread_index=3 (0011)

State 2547 file regression/pointertranslation/safestack_mem_ver6_nolocal_bitvector_wip.c line 157 function guess_pc thread 0
----------------------------------------------------
  i=8 (00001000)

State 2552 file regression/pointertranslation/safestack_mem_ver6_nolocal_bitvector_wip.c line 2864 function main thread 0
----------------------------------------------------
  pc_cs=136 (010001000)

State 2556 file regression/pointertranslation/safestack_mem_ver6_nolocal_bitvector_wip.c line 2866 function main thread 0
----------------------------------------------------
  __csLOCALPARAM_thread2_arg=NULL + 2 (0000000000000000000000000000000000000000000000000000000000000010)

Violated property:
  file regression/pointertranslation/safestack_mem_ver6_nolocal_bitvector_wip.c line 2613 function thread2_0
  assertion (signed int)MEMORY_VALUE[(signed long int)((signed int)MEMORY_VALUE[(signed long int)0] + __csLOCAL_thread2_elem + __csLOCAL_thread2_elem + 0)] == __csLOCAL_thread2_idx
  (signed int)MEMORY_VALUE[(signed long int)((signed int)MEMORY_VALUE[(signed long int)0] + __csLOCAL_thread2_elem + __csLOCAL_thread2_elem + 0)] == __csLOCAL_thread2_idx

VERIFICATION FAILED

real  4m54.496s
user  4m53.850s
sys 0m0.116s
