CBMC version 5.3 64-bit x86_64 linux
Parsing regression/pointertranslation/safestack_mem_ver6_nolocal_bitvector_bitshift.c
file <command-line> line 0: <command-line>:0:0: warning: "__STDC_VERSION__" redefined
file <command-line> line 0: <built-in>: note: this is the location of the previous definition
Converting
Type-checking safestack_mem_ver6_nolocal_bitvector_bitshift
file regression/pointertranslation/safestack_mem_ver6_nolocal_bitvector_bitshift.c line 573 function thread0_0: function `assert' is not declared
Generating GOTO Program
Adding CPROVER library
Function Pointer Removal
Partial Inlining
Generic Property Instrumentation
Starting Bounded Model Checking
size of program expression: 63089 steps
simple slicing removed 552 assignments
Generated 24 VCC(s), 24 remaining after simplification
Passing problem to propositional reduction
converting SSA
Running propositional reduction
Post-processing
Solving with MiniSAT 2.2.0 with simplifier
570581 variables, 2214144 clauses
SAT checker: negated claim is SATISFIABLE, i.e., does not hold
Runtime decision procedure: 1301.09s
Building error trace

Counterexample:

State 320 file regression/pointertranslation/safestack_mem_ver6_nolocal_bitvector_bitshift.c line 2741 function main thread 0
----------------------------------------------------
  thread_index=0 (0000)

State 324 file regression/pointertranslation/safestack_mem_ver6_nolocal_bitvector_bitshift.c line 157 function guess_pc thread 0
----------------------------------------------------
  i=3 (00000011)

State 329 file regression/pointertranslation/safestack_mem_ver6_nolocal_bitvector_bitshift.c line 2742 function main thread 0
----------------------------------------------------
  pc_cs=3 (000000011)

State 334 file regression/pointertranslation/safestack_mem_ver6_nolocal_bitvector_bitshift.c line 2683 function main_thread thread 0
----------------------------------------------------
  __csLOCALPARAM_Init_pushCount=3 (0011)

State 335 file regression/pointertranslation/safestack_mem_ver6_nolocal_bitvector_bitshift.c line 2685 function main_thread thread 0
----------------------------------------------------
  MEMORY_VALUE[0]=3 (0011)

State 338 file regression/pointertranslation/safestack_mem_ver6_nolocal_bitvector_bitshift.c line 2686 function main_thread thread 0
----------------------------------------------------
  __csLOCALPARAM___CS_atomic_store_obj=2 (0010)

State 339 file regression/pointertranslation/safestack_mem_ver6_nolocal_bitvector_bitshift.c line 2686 function main_thread thread 0
----------------------------------------------------
  __csLOCALPARAM___CS_atomic_store_v=3 (0011)

State 340 file regression/pointertranslation/safestack_mem_ver6_nolocal_bitvector_bitshift.c line 167 function __CS_atomic_store thread 0
----------------------------------------------------
  MEMORY_VALUE[2]=3 (0011)

State 344 file regression/pointertranslation/safestack_mem_ver6_nolocal_bitvector_bitshift.c line 2687 function main_thread thread 0
----------------------------------------------------
  __csLOCALPARAM___CS_atomic_store_obj=1 (0001)

State 345 file regression/pointertranslation/safestack_mem_ver6_nolocal_bitvector_bitshift.c line 2687 function main_thread thread 0
----------------------------------------------------
  __csLOCALPARAM___CS_atomic_store_v=0 (0000)

State 346 file regression/pointertranslation/safestack_mem_ver6_nolocal_bitvector_bitshift.c line 167 function __CS_atomic_store thread 0
----------------------------------------------------
  MEMORY_VALUE[1]=0 (0000)

State 348 file regression/pointertranslation/safestack_mem_ver6_nolocal_bitvector_bitshift.c line 2688 function main_thread thread 0
----------------------------------------------------
  __csLOCAL_Init_i=0 (00000000000000000000000000000000)

State 352 file regression/pointertranslation/safestack_mem_ver6_nolocal_bitvector_bitshift.c line 2695 function main_thread thread 0
----------------------------------------------------
  __csLOCALPARAM___CS_atomic_store_obj=4 (0100)

State 353 file regression/pointertranslation/safestack_mem_ver6_nolocal_bitvector_bitshift.c line 2695 function main_thread thread 0
----------------------------------------------------
  __csLOCALPARAM___CS_atomic_store_v=1 (0001)

State 354 file regression/pointertranslation/safestack_mem_ver6_nolocal_bitvector_bitshift.c line 167 function __CS_atomic_store thread 0
----------------------------------------------------
  MEMORY_VALUE[4]=1 (0001)

State 356 file regression/pointertranslation/safestack_mem_ver6_nolocal_bitvector_bitshift.c line 2697 function main_thread thread 0
----------------------------------------------------
  __csLOCAL_Init_i=1 (00000000000000000000000000000001)

State 360 file regression/pointertranslation/safestack_mem_ver6_nolocal_bitvector_bitshift.c line 2704 function main_thread thread 0
----------------------------------------------------
  __csLOCALPARAM___CS_atomic_store_obj=6 (0110)

State 361 file regression/pointertranslation/safestack_mem_ver6_nolocal_bitvector_bitshift.c line 2704 function main_thread thread 0
----------------------------------------------------
  __csLOCALPARAM___CS_atomic_store_v=2 (0010)

State 362 file regression/pointertranslation/safestack_mem_ver6_nolocal_bitvector_bitshift.c line 167 function __CS_atomic_store thread 0
----------------------------------------------------
  MEMORY_VALUE[6]=2 (0010)

State 364 file regression/pointertranslation/safestack_mem_ver6_nolocal_bitvector_bitshift.c line 2706 function main_thread thread 0
----------------------------------------------------
  __csLOCAL_Init_i=2 (00000000000000000000000000000010)

State 369 file regression/pointertranslation/safestack_mem_ver6_nolocal_bitvector_bitshift.c line 2719 function main_thread thread 0
----------------------------------------------------
  __csLOCALPARAM___CS_atomic_store_obj=8 (1000)

State 370 file regression/pointertranslation/safestack_mem_ver6_nolocal_bitvector_bitshift.c line 2719 function main_thread thread 0
----------------------------------------------------
  __csLOCALPARAM___CS_atomic_store_v=-1 (1111)

State 371 file regression/pointertranslation/safestack_mem_ver6_nolocal_bitvector_bitshift.c line 167 function __CS_atomic_store thread 0
----------------------------------------------------
  MEMORY_VALUE[8]=-1 (1111)

State 376 file regression/pointertranslation/safestack_mem_ver6_nolocal_bitvector_bitshift.c line 2724 function main_thread thread 0
----------------------------------------------------
  id=threads (0000001000000000000000000000000000000000000000000000000000000000)

State 377 file regression/pointertranslation/safestack_mem_ver6_nolocal_bitvector_bitshift.c line 2724 function main_thread thread 0
----------------------------------------------------
  attr=NULL (0000000000000000000000000000000000000000000000000000000000000000)

State 378 file regression/pointertranslation/safestack_mem_ver6_nolocal_bitvector_bitshift.c line 2724 function main_thread thread 0
----------------------------------------------------
  t=thread0_0 (0000001100000000000000000000000000000000000000000000000000000000)

State 379 file regression/pointertranslation/safestack_mem_ver6_nolocal_bitvector_bitshift.c line 2724 function main_thread thread 0
----------------------------------------------------
  arg=NULL (0000000000000000000000000000000000000000000000000000000000000000)

State 380 file regression/pointertranslation/safestack_mem_ver6_nolocal_bitvector_bitshift.c line 2724 function main_thread thread 0
----------------------------------------------------
  threadID=1 (00000000000000000000000000000001)

State 382 file regression/pointertranslation/safestack_mem_ver6_nolocal_bitvector_bitshift.c line 102 function __cs_create thread 0
----------------------------------------------------
  threads[0]=1 (00000000000000000000000000000001)

State 383 file regression/pointertranslation/safestack_mem_ver6_nolocal_bitvector_bitshift.c line 102 function __cs_create thread 0
----------------------------------------------------
  active_thread[1]=1 (1)

State 384 file regression/pointertranslation/safestack_mem_ver6_nolocal_bitvector_bitshift.c line 102 function __cs_create thread 0
----------------------------------------------------
  threadargs[1]=NULL (0000000000000000000000000000000000000000000000000000000000000000)

State 390 file regression/pointertranslation/safestack_mem_ver6_nolocal_bitvector_bitshift.c line 2725 function main_thread thread 0
----------------------------------------------------
  id=threads + 1 (0000001000000000000000000000000000000000000000000000000000000100)

State 391 file regression/pointertranslation/safestack_mem_ver6_nolocal_bitvector_bitshift.c line 2725 function main_thread thread 0
----------------------------------------------------
  attr=NULL (0000000000000000000000000000000000000000000000000000000000000000)

State 392 file regression/pointertranslation/safestack_mem_ver6_nolocal_bitvector_bitshift.c line 2725 function main_thread thread 0
----------------------------------------------------
  t=thread1_0 (0000010000000000000000000000000000000000000000000000000000000000)

State 393 file regression/pointertranslation/safestack_mem_ver6_nolocal_bitvector_bitshift.c line 2725 function main_thread thread 0
----------------------------------------------------
  arg=NULL + 1 (0000000000000000000000000000000000000000000000000000000000000001)

State 394 file regression/pointertranslation/safestack_mem_ver6_nolocal_bitvector_bitshift.c line 2725 function main_thread thread 0
----------------------------------------------------
  threadID=2 (00000000000000000000000000000010)

State 396 file regression/pointertranslation/safestack_mem_ver6_nolocal_bitvector_bitshift.c line 102 function __cs_create thread 0
----------------------------------------------------
  threads[1]=2 (00000000000000000000000000000010)

State 397 file regression/pointertranslation/safestack_mem_ver6_nolocal_bitvector_bitshift.c line 102 function __cs_create thread 0
----------------------------------------------------
  active_thread[2]=1 (1)

State 398 file regression/pointertranslation/safestack_mem_ver6_nolocal_bitvector_bitshift.c line 102 function __cs_create thread 0
----------------------------------------------------
  threadargs[2]=NULL + 1 (0000000000000000000000000000000000000000000000000000000000000001)

State 404 file regression/pointertranslation/safestack_mem_ver6_nolocal_bitvector_bitshift.c line 2726 function main_thread thread 0
----------------------------------------------------
  id=threads + 2 (0000001000000000000000000000000000000000000000000000000000001000)

State 405 file regression/pointertranslation/safestack_mem_ver6_nolocal_bitvector_bitshift.c line 2726 function main_thread thread 0
----------------------------------------------------
  attr=NULL (0000000000000000000000000000000000000000000000000000000000000000)

State 406 file regression/pointertranslation/safestack_mem_ver6_nolocal_bitvector_bitshift.c line 2726 function main_thread thread 0
----------------------------------------------------
  t=thread2_0 (0000010100000000000000000000000000000000000000000000000000000000)

State 407 file regression/pointertranslation/safestack_mem_ver6_nolocal_bitvector_bitshift.c line 2726 function main_thread thread 0
----------------------------------------------------
  arg=NULL + 2 (0000000000000000000000000000000000000000000000000000000000000010)

State 408 file regression/pointertranslation/safestack_mem_ver6_nolocal_bitvector_bitshift.c line 2726 function main_thread thread 0
----------------------------------------------------
  threadID=3 (00000000000000000000000000000011)

State 410 file regression/pointertranslation/safestack_mem_ver6_nolocal_bitvector_bitshift.c line 102 function __cs_create thread 0
----------------------------------------------------
  threads[2]=3 (00000000000000000000000000000011)

State 411 file regression/pointertranslation/safestack_mem_ver6_nolocal_bitvector_bitshift.c line 102 function __cs_create thread 0
----------------------------------------------------
  active_thread[3]=1 (1)

State 412 file regression/pointertranslation/safestack_mem_ver6_nolocal_bitvector_bitshift.c line 102 function __cs_create thread 0
----------------------------------------------------
  threadargs[3]=NULL + 2 (0000000000000000000000000000000000000000000000000000000000000010)

State 421 file regression/pointertranslation/safestack_mem_ver6_nolocal_bitvector_bitshift.c line 2745 function main thread 0
----------------------------------------------------
  pc[0]=3 (00000011)

State 422 file regression/pointertranslation/safestack_mem_ver6_nolocal_bitvector_bitshift.c line 2747 function main thread 0
----------------------------------------------------
  thread_index=1 (0001)

State 427 file regression/pointertranslation/safestack_mem_ver6_nolocal_bitvector_bitshift.c line 157 function guess_pc thread 0
----------------------------------------------------
  i=3 (00000011)

State 432 file regression/pointertranslation/safestack_mem_ver6_nolocal_bitvector_bitshift.c line 2749 function main thread 0
----------------------------------------------------
  pc_cs=3 (000000011)

State 436 file regression/pointertranslation/safestack_mem_ver6_nolocal_bitvector_bitshift.c line 2751 function main thread 0
----------------------------------------------------
  __csLOCALPARAM_thread0_arg=NULL (0000000000000000000000000000000000000000000000000000000000000000)

State 438 file regression/pointertranslation/safestack_mem_ver6_nolocal_bitvector_bitshift.c line 226 function thread0_0 thread 0
----------------------------------------------------
  __csLOCAL_thread0_idx=0 (00000000000000000000000000000000)

State 439 file regression/pointertranslation/safestack_mem_ver6_nolocal_bitvector_bitshift.c line 227 function thread0_0 thread 0
----------------------------------------------------
  __csLOCAL_thread0_i=0 (0000000000000000000000000000000000000000000000000000000000000000)

State 444 file regression/pointertranslation/safestack_mem_ver6_nolocal_bitvector_bitshift.c line 234 function thread0_0 thread 0
----------------------------------------------------
  __csLOCALPARAM___CS_atomic_load_obj=2 (0010)

State 448 file regression/pointertranslation/safestack_mem_ver6_nolocal_bitvector_bitshift.c line 234 function thread0_0 thread 0
----------------------------------------------------
  __csLOCAL_Pop0___while_cond_0=TRUE (00000001)

State 454 file regression/pointertranslation/safestack_mem_ver6_nolocal_bitvector_bitshift.c line 242 function thread0_0 thread 0
----------------------------------------------------
  __csLOCALPARAM___CS_atomic_load_obj=1 (0001)

State 458 file regression/pointertranslation/safestack_mem_ver6_nolocal_bitvector_bitshift.c line 242 function thread0_0 thread 0
----------------------------------------------------
  __csLOCAL_Pop0_head1=0 (00000000000000000000000000000000)

State 598 file regression/pointertranslation/safestack_mem_ver6_nolocal_bitvector_bitshift.c line 2752 function main thread 0
----------------------------------------------------
  pc[1]=3 (00000011)

State 599 file regression/pointertranslation/safestack_mem_ver6_nolocal_bitvector_bitshift.c line 2755 function main thread 0
----------------------------------------------------
  thread_index=2 (0010)

State 604 file regression/pointertranslation/safestack_mem_ver6_nolocal_bitvector_bitshift.c line 157 function guess_pc thread 0
----------------------------------------------------
  i=62 (00111110)

State 609 file regression/pointertranslation/safestack_mem_ver6_nolocal_bitvector_bitshift.c line 2757 function main thread 0
----------------------------------------------------
  pc_cs=62 (000111110)

State 613 file regression/pointertranslation/safestack_mem_ver6_nolocal_bitvector_bitshift.c line 2759 function main thread 0
----------------------------------------------------
  __csLOCALPARAM_thread1_arg=NULL + 1 (0000000000000000000000000000000000000000000000000000000000000001)

State 615 file regression/pointertranslation/safestack_mem_ver6_nolocal_bitvector_bitshift.c line 1045 function thread1_0 thread 0
----------------------------------------------------
  __csLOCAL_thread1_idx=1 (00000000000000000000000000000001)

State 616 file regression/pointertranslation/safestack_mem_ver6_nolocal_bitvector_bitshift.c line 1046 function thread1_0 thread 0
----------------------------------------------------
  __csLOCAL_thread1_i=0 (0000000000000000000000000000000000000000000000000000000000000000)

State 621 file regression/pointertranslation/safestack_mem_ver6_nolocal_bitvector_bitshift.c line 1053 function thread1_0 thread 0
----------------------------------------------------
  __csLOCALPARAM___CS_atomic_load_obj=2 (0010)

State 625 file regression/pointertranslation/safestack_mem_ver6_nolocal_bitvector_bitshift.c line 1053 function thread1_0 thread 0
----------------------------------------------------
  __csLOCAL_Pop1___while_cond_1=TRUE (00000001)

State 631 file regression/pointertranslation/safestack_mem_ver6_nolocal_bitvector_bitshift.c line 1061 function thread1_0 thread 0
----------------------------------------------------
  __csLOCALPARAM___CS_atomic_load_obj=1 (0001)

State 635 file regression/pointertranslation/safestack_mem_ver6_nolocal_bitvector_bitshift.c line 1061 function thread1_0 thread 0
----------------------------------------------------
  __csLOCAL_Pop1_head1=0 (00000000000000000000000000000000)

State 640 file regression/pointertranslation/safestack_mem_ver6_nolocal_bitvector_bitshift.c line 1063 function thread1_0 thread 0
----------------------------------------------------
  __csLOCALPARAM___CS_atomic_exchange_obj=4 (0100)

State 641 file regression/pointertranslation/safestack_mem_ver6_nolocal_bitvector_bitshift.c line 1063 function thread1_0 thread 0
----------------------------------------------------
  __csLOCALPARAM___CS_atomic_exchange_v=-1 (1111)

State 642 file regression/pointertranslation/safestack_mem_ver6_nolocal_bitvector_bitshift.c line 178 function __CS_atomic_exchange thread 0
----------------------------------------------------
  __csLOCAL___CS_atomic_exchange_t=1 (0001)

State 643 file regression/pointertranslation/safestack_mem_ver6_nolocal_bitvector_bitshift.c line 179 function __CS_atomic_exchange thread 0
----------------------------------------------------
  MEMORY_VALUE[4]=-1 (1111)

State 647 file regression/pointertranslation/safestack_mem_ver6_nolocal_bitvector_bitshift.c line 1063 function thread1_0 thread 0
----------------------------------------------------
  __csLOCAL_Pop1_next1=1 (00000000000000000000000000000001)

State 649 file regression/pointertranslation/safestack_mem_ver6_nolocal_bitvector_bitshift.c line 1067 function thread1_0 thread 0
----------------------------------------------------
  __csLOCAL_Pop1_head21=0 (00000000000000000000000000000000)

State 653 file regression/pointertranslation/safestack_mem_ver6_nolocal_bitvector_bitshift.c line 1069 function thread1_0 thread 0
----------------------------------------------------
  __csLOCALPARAM___CS_atomic_compare_and_exchange_obj=1 (0001)

State 654 file regression/pointertranslation/safestack_mem_ver6_nolocal_bitvector_bitshift.c line 1069 function thread1_0 thread 0
----------------------------------------------------
  __csLOCALPARAM___CS_atomic_compare_and_exchange_expected=&__csLOCAL_Pop1_head21 (0001101000000000000000000000000000000000000000000000000000000000)

State 655 file regression/pointertranslation/safestack_mem_ver6_nolocal_bitvector_bitshift.c line 1069 function thread1_0 thread 0
----------------------------------------------------
  __csLOCALPARAM___CS_atomic_compare_and_exchange_desired=1 (0001)

State 657 file regression/pointertranslation/safestack_mem_ver6_nolocal_bitvector_bitshift.c line 187 function __CS_atomic_compare_and_exchange thread 0
----------------------------------------------------
  MEMORY_VALUE[1]=1 (0001)

State 661 file regression/pointertranslation/safestack_mem_ver6_nolocal_bitvector_bitshift.c line 1069 function thread1_0 thread 0
----------------------------------------------------
  __csLOCAL_Pop1___if_cond_1=TRUE (00000001)

State 666 file regression/pointertranslation/safestack_mem_ver6_nolocal_bitvector_bitshift.c line 1072 function thread1_0 thread 0
----------------------------------------------------
  __csLOCALPARAM___CS_atomic_fetch_sub_obj=2 (0010)

State 667 file regression/pointertranslation/safestack_mem_ver6_nolocal_bitvector_bitshift.c line 1072 function thread1_0 thread 0
----------------------------------------------------
  __csLOCALPARAM___CS_atomic_fetch_sub_v=1 (0001)

State 668 file regression/pointertranslation/safestack_mem_ver6_nolocal_bitvector_bitshift.c line 209 function __CS_atomic_fetch_sub thread 0
----------------------------------------------------
  __csLOCAL___CS_atomic_fetch_sub_old=3 (0011)

State 669 file regression/pointertranslation/safestack_mem_ver6_nolocal_bitvector_bitshift.c line 210 function __CS_atomic_fetch_sub thread 0
----------------------------------------------------
  MEMORY_VALUE[2]=2 (0010)

State 672 file regression/pointertranslation/safestack_mem_ver6_nolocal_bitvector_bitshift.c line 1073 function thread1_0 thread 0
----------------------------------------------------
  __retval__Pop1_1=0 (00000000000000000000000000000000)

State 675 file regression/pointertranslation/safestack_mem_ver6_nolocal_bitvector_bitshift.c line 1155 function thread1_0 thread 0
----------------------------------------------------
  __csLOCAL_thread1_elem=0 (00000000000000000000000000000000)

State 679 file regression/pointertranslation/safestack_mem_ver6_nolocal_bitvector_bitshift.c line 1391 function thread1_0 thread 0
----------------------------------------------------
  MEMORY_VALUE[3]=1 (0001)

State 682 file regression/pointertranslation/safestack_mem_ver6_nolocal_bitvector_bitshift.c line 1395 function thread1_0 thread 0
----------------------------------------------------
  __csLOCALPARAM_Push1_index=0 (00000000000000000000000000000000)

State 687 file regression/pointertranslation/safestack_mem_ver6_nolocal_bitvector_bitshift.c line 1397 function thread1_0 thread 0
----------------------------------------------------
  __csLOCALPARAM___CS_atomic_load_obj=1 (0001)

State 691 file regression/pointertranslation/safestack_mem_ver6_nolocal_bitvector_bitshift.c line 1397 function thread1_0 thread 0
----------------------------------------------------
  __csLOCAL_Push1_head11=1 (00000000000000000000000000000001)

State 692 file regression/pointertranslation/safestack_mem_ver6_nolocal_bitvector_bitshift.c line 1400 function thread1_0 thread 0
----------------------------------------------------
  __csLOCAL_Push1___cs_dowhile_onetime_2=0 (00000000000000000000000000000000)

State 696 file regression/pointertranslation/safestack_mem_ver6_nolocal_bitvector_bitshift.c line 1402 function thread1_0 thread 0
----------------------------------------------------
  __csLOCALPARAM___CS_atomic_store_obj=4 (0100)

State 697 file regression/pointertranslation/safestack_mem_ver6_nolocal_bitvector_bitshift.c line 1402 function thread1_0 thread 0
----------------------------------------------------
  __csLOCALPARAM___CS_atomic_store_v=1 (0001)

State 698 file regression/pointertranslation/safestack_mem_ver6_nolocal_bitvector_bitshift.c line 167 function __CS_atomic_store thread 0
----------------------------------------------------
  MEMORY_VALUE[4]=1 (0001)

State 700 file regression/pointertranslation/safestack_mem_ver6_nolocal_bitvector_bitshift.c line 1404 function thread1_0 thread 0
----------------------------------------------------
  __csLOCAL_Push1___cs_dowhile_onetime_2=1 (00000000000000000000000000000001)

State 782 file regression/pointertranslation/safestack_mem_ver6_nolocal_bitvector_bitshift.c line 2760 function main thread 0
----------------------------------------------------
  pc[2]=62 (00111110)

State 783 file regression/pointertranslation/safestack_mem_ver6_nolocal_bitvector_bitshift.c line 2763 function main thread 0
----------------------------------------------------
  thread_index=3 (0011)

State 788 file regression/pointertranslation/safestack_mem_ver6_nolocal_bitvector_bitshift.c line 157 function guess_pc thread 0
----------------------------------------------------
  i=61 (00111101)

State 793 file regression/pointertranslation/safestack_mem_ver6_nolocal_bitvector_bitshift.c line 2765 function main thread 0
----------------------------------------------------
  pc_cs=61 (000111101)

State 797 file regression/pointertranslation/safestack_mem_ver6_nolocal_bitvector_bitshift.c line 2767 function main thread 0
----------------------------------------------------
  __csLOCALPARAM_thread2_arg=NULL + 2 (0000000000000000000000000000000000000000000000000000000000000010)

State 799 file regression/pointertranslation/safestack_mem_ver6_nolocal_bitvector_bitshift.c line 1864 function thread2_0 thread 0
----------------------------------------------------
  __csLOCAL_thread2_idx=2 (00000000000000000000000000000010)

State 800 file regression/pointertranslation/safestack_mem_ver6_nolocal_bitvector_bitshift.c line 1865 function thread2_0 thread 0
----------------------------------------------------
  __csLOCAL_thread2_i=0 (0000000000000000000000000000000000000000000000000000000000000000)

State 805 file regression/pointertranslation/safestack_mem_ver6_nolocal_bitvector_bitshift.c line 1872 function thread2_0 thread 0
----------------------------------------------------
  __csLOCALPARAM___CS_atomic_load_obj=2 (0010)

State 809 file regression/pointertranslation/safestack_mem_ver6_nolocal_bitvector_bitshift.c line 1872 function thread2_0 thread 0
----------------------------------------------------
  __csLOCAL_Pop2___while_cond_2=TRUE (00000001)

State 815 file regression/pointertranslation/safestack_mem_ver6_nolocal_bitvector_bitshift.c line 1880 function thread2_0 thread 0
----------------------------------------------------
  __csLOCALPARAM___CS_atomic_load_obj=1 (0001)

State 819 file regression/pointertranslation/safestack_mem_ver6_nolocal_bitvector_bitshift.c line 1880 function thread2_0 thread 0
----------------------------------------------------
  __csLOCAL_Pop2_head1=1 (00000000000000000000000000000001)

State 824 file regression/pointertranslation/safestack_mem_ver6_nolocal_bitvector_bitshift.c line 1882 function thread2_0 thread 0
----------------------------------------------------
  __csLOCALPARAM___CS_atomic_exchange_obj=6 (0110)

State 825 file regression/pointertranslation/safestack_mem_ver6_nolocal_bitvector_bitshift.c line 1882 function thread2_0 thread 0
----------------------------------------------------
  __csLOCALPARAM___CS_atomic_exchange_v=-1 (1111)

State 826 file regression/pointertranslation/safestack_mem_ver6_nolocal_bitvector_bitshift.c line 178 function __CS_atomic_exchange thread 0
----------------------------------------------------
  __csLOCAL___CS_atomic_exchange_t=2 (0010)

State 827 file regression/pointertranslation/safestack_mem_ver6_nolocal_bitvector_bitshift.c line 179 function __CS_atomic_exchange thread 0
----------------------------------------------------
  MEMORY_VALUE[6]=-1 (1111)

State 831 file regression/pointertranslation/safestack_mem_ver6_nolocal_bitvector_bitshift.c line 1882 function thread2_0 thread 0
----------------------------------------------------
  __csLOCAL_Pop2_next1=2 (00000000000000000000000000000010)

State 833 file regression/pointertranslation/safestack_mem_ver6_nolocal_bitvector_bitshift.c line 1886 function thread2_0 thread 0
----------------------------------------------------
  __csLOCAL_Pop2_head22=1 (00000000000000000000000000000001)

State 837 file regression/pointertranslation/safestack_mem_ver6_nolocal_bitvector_bitshift.c line 1888 function thread2_0 thread 0
----------------------------------------------------
  __csLOCALPARAM___CS_atomic_compare_and_exchange_obj=1 (0001)

State 838 file regression/pointertranslation/safestack_mem_ver6_nolocal_bitvector_bitshift.c line 1888 function thread2_0 thread 0
----------------------------------------------------
  __csLOCALPARAM___CS_atomic_compare_and_exchange_expected=&__csLOCAL_Pop2_head22 (0010111000000000000000000000000000000000000000000000000000000000)

State 839 file regression/pointertranslation/safestack_mem_ver6_nolocal_bitvector_bitshift.c line 1888 function thread2_0 thread 0
----------------------------------------------------
  __csLOCALPARAM___CS_atomic_compare_and_exchange_desired=2 (0010)

State 841 file regression/pointertranslation/safestack_mem_ver6_nolocal_bitvector_bitshift.c line 187 function __CS_atomic_compare_and_exchange thread 0
----------------------------------------------------
  MEMORY_VALUE[1]=2 (0010)

State 845 file regression/pointertranslation/safestack_mem_ver6_nolocal_bitvector_bitshift.c line 1888 function thread2_0 thread 0
----------------------------------------------------
  __csLOCAL_Pop2___if_cond_2=TRUE (00000001)

State 850 file regression/pointertranslation/safestack_mem_ver6_nolocal_bitvector_bitshift.c line 1891 function thread2_0 thread 0
----------------------------------------------------
  __csLOCALPARAM___CS_atomic_fetch_sub_obj=2 (0010)

State 851 file regression/pointertranslation/safestack_mem_ver6_nolocal_bitvector_bitshift.c line 1891 function thread2_0 thread 0
----------------------------------------------------
  __csLOCALPARAM___CS_atomic_fetch_sub_v=1 (0001)

State 852 file regression/pointertranslation/safestack_mem_ver6_nolocal_bitvector_bitshift.c line 209 function __CS_atomic_fetch_sub thread 0
----------------------------------------------------
  __csLOCAL___CS_atomic_fetch_sub_old=2 (0010)

State 853 file regression/pointertranslation/safestack_mem_ver6_nolocal_bitvector_bitshift.c line 210 function __CS_atomic_fetch_sub thread 0
----------------------------------------------------
  MEMORY_VALUE[2]=1 (0001)

State 856 file regression/pointertranslation/safestack_mem_ver6_nolocal_bitvector_bitshift.c line 1892 function thread2_0 thread 0
----------------------------------------------------
  __retval__Pop2_1=1 (00000000000000000000000000000001)

State 859 file regression/pointertranslation/safestack_mem_ver6_nolocal_bitvector_bitshift.c line 1974 function thread2_0 thread 0
----------------------------------------------------
  __csLOCAL_thread2_elem=1 (00000000000000000000000000000001)

State 863 file regression/pointertranslation/safestack_mem_ver6_nolocal_bitvector_bitshift.c line 2210 function thread2_0 thread 0
----------------------------------------------------
  MEMORY_VALUE[5]=2 (0010)

State 866 file regression/pointertranslation/safestack_mem_ver6_nolocal_bitvector_bitshift.c line 2214 function thread2_0 thread 0
----------------------------------------------------
  __csLOCALPARAM_Push2_index=1 (00000000000000000000000000000001)

State 871 file regression/pointertranslation/safestack_mem_ver6_nolocal_bitvector_bitshift.c line 2216 function thread2_0 thread 0
----------------------------------------------------
  __csLOCALPARAM___CS_atomic_load_obj=1 (0001)

State 875 file regression/pointertranslation/safestack_mem_ver6_nolocal_bitvector_bitshift.c line 2216 function thread2_0 thread 0
----------------------------------------------------
  __csLOCAL_Push2_head12=2 (00000000000000000000000000000010)

State 876 file regression/pointertranslation/safestack_mem_ver6_nolocal_bitvector_bitshift.c line 2219 function thread2_0 thread 0
----------------------------------------------------
  __csLOCAL_Push2___cs_dowhile_onetime_3=0 (00000000000000000000000000000000)

State 958 file regression/pointertranslation/safestack_mem_ver6_nolocal_bitvector_bitshift.c line 2768 function main thread 0
----------------------------------------------------
  pc[3]=61 (00111101)

State 959 file regression/pointertranslation/safestack_mem_ver6_nolocal_bitvector_bitshift.c line 2772 function main thread 0
----------------------------------------------------
  thread_index=0 (0000)

State 964 file regression/pointertranslation/safestack_mem_ver6_nolocal_bitvector_bitshift.c line 157 function guess_pc thread 0
----------------------------------------------------
  i=0 (00000000)

State 969 file regression/pointertranslation/safestack_mem_ver6_nolocal_bitvector_bitshift.c line 2774 function main thread 0
----------------------------------------------------
  pc_cs=3 (000000011)

State 982 file regression/pointertranslation/safestack_mem_ver6_nolocal_bitvector_bitshift.c line 2777 function main thread 0
----------------------------------------------------
  pc[0]=3 (00000011)

State 983 file regression/pointertranslation/safestack_mem_ver6_nolocal_bitvector_bitshift.c line 2780 function main thread 0
----------------------------------------------------
  thread_index=1 (0001)

State 988 file regression/pointertranslation/safestack_mem_ver6_nolocal_bitvector_bitshift.c line 157 function guess_pc thread 0
----------------------------------------------------
  i=3 (00000011)

State 993 file regression/pointertranslation/safestack_mem_ver6_nolocal_bitvector_bitshift.c line 2782 function main thread 0
----------------------------------------------------
  pc_cs=6 (000000110)

State 997 file regression/pointertranslation/safestack_mem_ver6_nolocal_bitvector_bitshift.c line 2784 function main thread 0
----------------------------------------------------
  __csLOCALPARAM_thread0_arg=NULL (0000000000000000000000000000000000000000000000000000000000000000)

State 1005 file regression/pointertranslation/safestack_mem_ver6_nolocal_bitvector_bitshift.c line 244 function thread0_0 thread 0
----------------------------------------------------
  __csLOCALPARAM___CS_atomic_exchange_obj=4 (0100)

State 1006 file regression/pointertranslation/safestack_mem_ver6_nolocal_bitvector_bitshift.c line 244 function thread0_0 thread 0
----------------------------------------------------
  __csLOCALPARAM___CS_atomic_exchange_v=-1 (1111)

State 1007 file regression/pointertranslation/safestack_mem_ver6_nolocal_bitvector_bitshift.c line 178 function __CS_atomic_exchange thread 0
----------------------------------------------------
  __csLOCAL___CS_atomic_exchange_t=1 (0001)

State 1008 file regression/pointertranslation/safestack_mem_ver6_nolocal_bitvector_bitshift.c line 179 function __CS_atomic_exchange thread 0
----------------------------------------------------
  MEMORY_VALUE[4]=-1 (1111)

State 1012 file regression/pointertranslation/safestack_mem_ver6_nolocal_bitvector_bitshift.c line 244 function thread0_0 thread 0
----------------------------------------------------
  __csLOCAL_Pop0_next1=1 (00000000000000000000000000000001)

State 1014 file regression/pointertranslation/safestack_mem_ver6_nolocal_bitvector_bitshift.c line 248 function thread0_0 thread 0
----------------------------------------------------
  __csLOCAL_Pop0_head20=0 (00000000000000000000000000000000)

State 1018 file regression/pointertranslation/safestack_mem_ver6_nolocal_bitvector_bitshift.c line 250 function thread0_0 thread 0
----------------------------------------------------
  __csLOCALPARAM___CS_atomic_compare_and_exchange_obj=1 (0001)

State 1019 file regression/pointertranslation/safestack_mem_ver6_nolocal_bitvector_bitshift.c line 250 function thread0_0 thread 0
----------------------------------------------------
  __csLOCALPARAM___CS_atomic_compare_and_exchange_expected=&__csLOCAL_Pop0_head20 (0000011000000000000000000000000000000000000000000000000000000000)

State 1020 file regression/pointertranslation/safestack_mem_ver6_nolocal_bitvector_bitshift.c line 250 function thread0_0 thread 0
----------------------------------------------------
  __csLOCALPARAM___CS_atomic_compare_and_exchange_desired=1 (0001)

State 1022 file regression/pointertranslation/safestack_mem_ver6_nolocal_bitvector_bitshift.c line 192 function __CS_atomic_compare_and_exchange thread 0
----------------------------------------------------
  __csLOCAL_Pop0_head20=2 (00000000000000000000000000000010)

State 1026 file regression/pointertranslation/safestack_mem_ver6_nolocal_bitvector_bitshift.c line 250 function thread0_0 thread 0
----------------------------------------------------
  __csLOCAL_Pop0___if_cond_0=FALSE (00000000)

State 1165 file regression/pointertranslation/safestack_mem_ver6_nolocal_bitvector_bitshift.c line 2785 function main thread 0
----------------------------------------------------
  pc[1]=6 (00000110)

State 1166 file regression/pointertranslation/safestack_mem_ver6_nolocal_bitvector_bitshift.c line 2788 function main thread 0
----------------------------------------------------
  thread_index=2 (0010)

State 1171 file regression/pointertranslation/safestack_mem_ver6_nolocal_bitvector_bitshift.c line 157 function guess_pc thread 0
----------------------------------------------------
  i=8 (00001000)

State 1176 file regression/pointertranslation/safestack_mem_ver6_nolocal_bitvector_bitshift.c line 2790 function main thread 0
----------------------------------------------------
  pc_cs=70 (001000110)

State 1180 file regression/pointertranslation/safestack_mem_ver6_nolocal_bitvector_bitshift.c line 2792 function main thread 0
----------------------------------------------------
  __csLOCALPARAM_thread1_arg=NULL + 1 (0000000000000000000000000000000000000000000000000000000000000001)

State 1247 file regression/pointertranslation/safestack_mem_ver6_nolocal_bitvector_bitshift.c line 1410 function thread1_0 thread 0
----------------------------------------------------
  __csLOCALPARAM___CS_atomic_compare_and_exchange_obj=1 (0001)

State 1248 file regression/pointertranslation/safestack_mem_ver6_nolocal_bitvector_bitshift.c line 1410 function thread1_0 thread 0
----------------------------------------------------
  __csLOCALPARAM___CS_atomic_compare_and_exchange_expected=&__csLOCAL_Push1_head11 (0010001100000000000000000000000000000000000000000000000000000000)

State 1249 file regression/pointertranslation/safestack_mem_ver6_nolocal_bitvector_bitshift.c line 1410 function thread1_0 thread 0
----------------------------------------------------
  __csLOCALPARAM___CS_atomic_compare_and_exchange_desired=0 (0000)

State 1251 file regression/pointertranslation/safestack_mem_ver6_nolocal_bitvector_bitshift.c line 192 function __CS_atomic_compare_and_exchange thread 0
----------------------------------------------------
  __csLOCAL_Push1_head11=2 (00000000000000000000000000000010)

State 1256 file regression/pointertranslation/safestack_mem_ver6_nolocal_bitvector_bitshift.c line 1409 function thread1_0 thread 0
----------------------------------------------------
  __csLOCAL_Push1___while_cond_4=TRUE (00000001)

State 1261 file regression/pointertranslation/safestack_mem_ver6_nolocal_bitvector_bitshift.c line 1417 function thread1_0 thread 0
----------------------------------------------------
  __csLOCALPARAM___CS_atomic_store_obj=4 (0100)

State 1262 file regression/pointertranslation/safestack_mem_ver6_nolocal_bitvector_bitshift.c line 1417 function thread1_0 thread 0
----------------------------------------------------
  __csLOCALPARAM___CS_atomic_store_v=2 (0010)

State 1263 file regression/pointertranslation/safestack_mem_ver6_nolocal_bitvector_bitshift.c line 167 function __CS_atomic_store thread 0
----------------------------------------------------
  MEMORY_VALUE[4]=2 (0010)

State 1269 file regression/pointertranslation/safestack_mem_ver6_nolocal_bitvector_bitshift.c line 1419 function thread1_0 thread 0
----------------------------------------------------
  __csLOCALPARAM___CS_atomic_compare_and_exchange_obj=1 (0001)

State 1270 file regression/pointertranslation/safestack_mem_ver6_nolocal_bitvector_bitshift.c line 1419 function thread1_0 thread 0
----------------------------------------------------
  __csLOCALPARAM___CS_atomic_compare_and_exchange_expected=&__csLOCAL_Push1_head11 (0010001100000000000000000000000000000000000000000000000000000000)

State 1271 file regression/pointertranslation/safestack_mem_ver6_nolocal_bitvector_bitshift.c line 1419 function thread1_0 thread 0
----------------------------------------------------
  __csLOCALPARAM___CS_atomic_compare_and_exchange_desired=0 (0000)

State 1273 file regression/pointertranslation/safestack_mem_ver6_nolocal_bitvector_bitshift.c line 187 function __CS_atomic_compare_and_exchange thread 0
----------------------------------------------------
  MEMORY_VALUE[1]=0 (0000)

State 1278 file regression/pointertranslation/safestack_mem_ver6_nolocal_bitvector_bitshift.c line 1418 function thread1_0 thread 0
----------------------------------------------------
  __csLOCAL_Push1___while_cond_4=FALSE (00000000)

State 1284 file regression/pointertranslation/safestack_mem_ver6_nolocal_bitvector_bitshift.c line 1442 function thread1_0 thread 0
----------------------------------------------------
  __csLOCALPARAM___CS_atomic_fetch_add_obj=2 (0010)

State 1285 file regression/pointertranslation/safestack_mem_ver6_nolocal_bitvector_bitshift.c line 1442 function thread1_0 thread 0
----------------------------------------------------
  __csLOCALPARAM___CS_atomic_fetch_add_v=1 (0001)

State 1286 file regression/pointertranslation/safestack_mem_ver6_nolocal_bitvector_bitshift.c line 201 function __CS_atomic_fetch_add thread 0
----------------------------------------------------
  __csLOCAL___CS_atomic_fetch_add_old=1 (0001)

State 1287 file regression/pointertranslation/safestack_mem_ver6_nolocal_bitvector_bitshift.c line 202 function __CS_atomic_fetch_add thread 0
----------------------------------------------------
  MEMORY_VALUE[2]=2 (0010)

State 1291 file regression/pointertranslation/safestack_mem_ver6_nolocal_bitvector_bitshift.c line 1448 function thread1_0 thread 0
----------------------------------------------------
  __csLOCAL_thread1_i=1 (0000000000000000000000000000000000000000000000000000000000000001)

State 1364 file regression/pointertranslation/safestack_mem_ver6_nolocal_bitvector_bitshift.c line 2793 function main thread 0
----------------------------------------------------
  pc[2]=70 (01000110)

State 1365 file regression/pointertranslation/safestack_mem_ver6_nolocal_bitvector_bitshift.c line 2796 function main thread 0
----------------------------------------------------
  thread_index=3 (0011)

State 1370 file regression/pointertranslation/safestack_mem_ver6_nolocal_bitvector_bitshift.c line 157 function guess_pc thread 0
----------------------------------------------------
  i=2 (00000010)

State 1375 file regression/pointertranslation/safestack_mem_ver6_nolocal_bitvector_bitshift.c line 2798 function main thread 0
----------------------------------------------------
  pc_cs=63 (000111111)

State 1379 file regression/pointertranslation/safestack_mem_ver6_nolocal_bitvector_bitshift.c line 2800 function main thread 0
----------------------------------------------------
  __csLOCALPARAM_thread2_arg=NULL + 2 (0000000000000000000000000000000000000000000000000000000000000010)

State 1444 file regression/pointertranslation/safestack_mem_ver6_nolocal_bitvector_bitshift.c line 2221 function thread2_0 thread 0
----------------------------------------------------
  __csLOCALPARAM___CS_atomic_store_obj=6 (0110)

State 1445 file regression/pointertranslation/safestack_mem_ver6_nolocal_bitvector_bitshift.c line 2221 function thread2_0 thread 0
----------------------------------------------------
  __csLOCALPARAM___CS_atomic_store_v=2 (0010)

State 1446 file regression/pointertranslation/safestack_mem_ver6_nolocal_bitvector_bitshift.c line 167 function __CS_atomic_store thread 0
----------------------------------------------------
  MEMORY_VALUE[6]=2 (0010)

State 1448 file regression/pointertranslation/safestack_mem_ver6_nolocal_bitvector_bitshift.c line 2223 function thread2_0 thread 0
----------------------------------------------------
  __csLOCAL_Push2___cs_dowhile_onetime_3=1 (00000000000000000000000000000001)

State 1455 file regression/pointertranslation/safestack_mem_ver6_nolocal_bitvector_bitshift.c line 2229 function thread2_0 thread 0
----------------------------------------------------
  __csLOCALPARAM___CS_atomic_compare_and_exchange_obj=1 (0001)

State 1456 file regression/pointertranslation/safestack_mem_ver6_nolocal_bitvector_bitshift.c line 2229 function thread2_0 thread 0
----------------------------------------------------
  __csLOCALPARAM___CS_atomic_compare_and_exchange_expected=&__csLOCAL_Push2_head12 (0011011100000000000000000000000000000000000000000000000000000000)

State 1457 file regression/pointertranslation/safestack_mem_ver6_nolocal_bitvector_bitshift.c line 2229 function thread2_0 thread 0
----------------------------------------------------
  __csLOCALPARAM___CS_atomic_compare_and_exchange_desired=1 (0001)

State 1459 file regression/pointertranslation/safestack_mem_ver6_nolocal_bitvector_bitshift.c line 192 function __CS_atomic_compare_and_exchange thread 0
----------------------------------------------------
  __csLOCAL_Push2_head12=0 (00000000000000000000000000000000)

State 1464 file regression/pointertranslation/safestack_mem_ver6_nolocal_bitvector_bitshift.c line 2228 function thread2_0 thread 0
----------------------------------------------------
  __csLOCAL_Push2___while_cond_5=TRUE (00000001)

State 1545 file regression/pointertranslation/safestack_mem_ver6_nolocal_bitvector_bitshift.c line 2801 function main thread 0
----------------------------------------------------
  pc[3]=63 (00111111)

State 1546 file regression/pointertranslation/safestack_mem_ver6_nolocal_bitvector_bitshift.c line 2805 function main thread 0
----------------------------------------------------
  thread_index=0 (0000)

State 1551 file regression/pointertranslation/safestack_mem_ver6_nolocal_bitvector_bitshift.c line 157 function guess_pc thread 0
----------------------------------------------------
  i=0 (00000000)

State 1556 file regression/pointertranslation/safestack_mem_ver6_nolocal_bitvector_bitshift.c line 2807 function main thread 0
----------------------------------------------------
  pc_cs=3 (000000011)

State 1569 file regression/pointertranslation/safestack_mem_ver6_nolocal_bitvector_bitshift.c line 2810 function main thread 0
----------------------------------------------------
  pc[0]=3 (00000011)

State 1570 file regression/pointertranslation/safestack_mem_ver6_nolocal_bitvector_bitshift.c line 2813 function main thread 0
----------------------------------------------------
  thread_index=1 (0001)

State 1575 file regression/pointertranslation/safestack_mem_ver6_nolocal_bitvector_bitshift.c line 157 function guess_pc thread 0
----------------------------------------------------
  i=5 (00000101)

State 1580 file regression/pointertranslation/safestack_mem_ver6_nolocal_bitvector_bitshift.c line 2815 function main thread 0
----------------------------------------------------
  pc_cs=11 (000001011)

State 1584 file regression/pointertranslation/safestack_mem_ver6_nolocal_bitvector_bitshift.c line 2817 function main thread 0
----------------------------------------------------
  __csLOCALPARAM_thread0_arg=NULL (0000000000000000000000000000000000000000000000000000000000000000)

State 1594 file regression/pointertranslation/safestack_mem_ver6_nolocal_bitvector_bitshift.c line 259 function thread0_0 thread 0
----------------------------------------------------
  __csLOCALPARAM___CS_atomic_exchange_obj=4 (0100)

State 1595 file regression/pointertranslation/safestack_mem_ver6_nolocal_bitvector_bitshift.c line 259 function thread0_0 thread 0
----------------------------------------------------
  __csLOCALPARAM___CS_atomic_exchange_v=1 (0001)

State 1596 file regression/pointertranslation/safestack_mem_ver6_nolocal_bitvector_bitshift.c line 178 function __CS_atomic_exchange thread 0
----------------------------------------------------
  __csLOCAL___CS_atomic_exchange_t=2 (0010)

State 1597 file regression/pointertranslation/safestack_mem_ver6_nolocal_bitvector_bitshift.c line 179 function __CS_atomic_exchange thread 0
----------------------------------------------------
  MEMORY_VALUE[4]=1 (0001)

State 1606 file regression/pointertranslation/safestack_mem_ver6_nolocal_bitvector_bitshift.c line 264 function thread0_0 thread 0
----------------------------------------------------
  __csLOCALPARAM___CS_atomic_load_obj=2 (0010)

State 1610 file regression/pointertranslation/safestack_mem_ver6_nolocal_bitvector_bitshift.c line 264 function thread0_0 thread 0
----------------------------------------------------
  __csLOCAL_Pop0___while_cond_0=TRUE (00000001)

State 1616 file regression/pointertranslation/safestack_mem_ver6_nolocal_bitvector_bitshift.c line 273 function thread0_0 thread 0
----------------------------------------------------
  __csLOCALPARAM___CS_atomic_load_obj=1 (0001)

State 1620 file regression/pointertranslation/safestack_mem_ver6_nolocal_bitvector_bitshift.c line 273 function thread0_0 thread 0
----------------------------------------------------
  __csLOCAL_Pop0_head1=0 (00000000000000000000000000000000)

State 1625 file regression/pointertranslation/safestack_mem_ver6_nolocal_bitvector_bitshift.c line 275 function thread0_0 thread 0
----------------------------------------------------
  __csLOCALPARAM___CS_atomic_exchange_obj=4 (0100)

State 1626 file regression/pointertranslation/safestack_mem_ver6_nolocal_bitvector_bitshift.c line 275 function thread0_0 thread 0
----------------------------------------------------
  __csLOCALPARAM___CS_atomic_exchange_v=-1 (1111)

State 1627 file regression/pointertranslation/safestack_mem_ver6_nolocal_bitvector_bitshift.c line 178 function __CS_atomic_exchange thread 0
----------------------------------------------------
  __csLOCAL___CS_atomic_exchange_t=1 (0001)

State 1628 file regression/pointertranslation/safestack_mem_ver6_nolocal_bitvector_bitshift.c line 179 function __CS_atomic_exchange thread 0
----------------------------------------------------
  MEMORY_VALUE[4]=-1 (1111)

State 1632 file regression/pointertranslation/safestack_mem_ver6_nolocal_bitvector_bitshift.c line 275 function thread0_0 thread 0
----------------------------------------------------
  __csLOCAL_Pop0_next1=1 (00000000000000000000000000000001)

State 1634 file regression/pointertranslation/safestack_mem_ver6_nolocal_bitvector_bitshift.c line 279 function thread0_0 thread 0
----------------------------------------------------
  __csLOCAL_Pop0_head20=0 (00000000000000000000000000000000)

State 1638 file regression/pointertranslation/safestack_mem_ver6_nolocal_bitvector_bitshift.c line 281 function thread0_0 thread 0
----------------------------------------------------
  __csLOCALPARAM___CS_atomic_compare_and_exchange_obj=1 (0001)

State 1639 file regression/pointertranslation/safestack_mem_ver6_nolocal_bitvector_bitshift.c line 281 function thread0_0 thread 0
----------------------------------------------------
  __csLOCALPARAM___CS_atomic_compare_and_exchange_expected=&__csLOCAL_Pop0_head20 (0000011100000000000000000000000000000000000000000000000000000000)

State 1640 file regression/pointertranslation/safestack_mem_ver6_nolocal_bitvector_bitshift.c line 281 function thread0_0 thread 0
----------------------------------------------------
  __csLOCALPARAM___CS_atomic_compare_and_exchange_desired=1 (0001)

State 1642 file regression/pointertranslation/safestack_mem_ver6_nolocal_bitvector_bitshift.c line 187 function __CS_atomic_compare_and_exchange thread 0
----------------------------------------------------
  MEMORY_VALUE[1]=1 (0001)

State 1646 file regression/pointertranslation/safestack_mem_ver6_nolocal_bitvector_bitshift.c line 281 function thread0_0 thread 0
----------------------------------------------------
  __csLOCAL_Pop0___if_cond_0=TRUE (00000001)

State 1779 file regression/pointertranslation/safestack_mem_ver6_nolocal_bitvector_bitshift.c line 2818 function main thread 0
----------------------------------------------------
  pc[1]=11 (00001011)

State 1780 file regression/pointertranslation/safestack_mem_ver6_nolocal_bitvector_bitshift.c line 2821 function main thread 0
----------------------------------------------------
  thread_index=2 (0010)

State 1785 file regression/pointertranslation/safestack_mem_ver6_nolocal_bitvector_bitshift.c line 157 function guess_pc thread 0
----------------------------------------------------
  i=3 (00000011)

State 1790 file regression/pointertranslation/safestack_mem_ver6_nolocal_bitvector_bitshift.c line 2823 function main thread 0
----------------------------------------------------
  pc_cs=73 (001001001)

State 1794 file regression/pointertranslation/safestack_mem_ver6_nolocal_bitvector_bitshift.c line 2825 function main thread 0
----------------------------------------------------
  __csLOCALPARAM_thread1_arg=NULL + 1 (0000000000000000000000000000000000000000000000000000000000000001)

State 1869 file regression/pointertranslation/safestack_mem_ver6_nolocal_bitvector_bitshift.c line 1455 function thread1_0 thread 0
----------------------------------------------------
  __csLOCALPARAM___CS_atomic_load_obj=2 (0010)

State 1873 file regression/pointertranslation/safestack_mem_ver6_nolocal_bitvector_bitshift.c line 1455 function thread1_0 thread 0
----------------------------------------------------
  __csLOCAL_Pop1___while_cond_1=TRUE (00000001)

State 1879 file regression/pointertranslation/safestack_mem_ver6_nolocal_bitvector_bitshift.c line 1463 function thread1_0 thread 0
----------------------------------------------------
  __csLOCALPARAM___CS_atomic_load_obj=1 (0001)

State 1883 file regression/pointertranslation/safestack_mem_ver6_nolocal_bitvector_bitshift.c line 1463 function thread1_0 thread 0
----------------------------------------------------
  __csLOCAL_Pop1_head1=1 (00000000000000000000000000000001)

State 1888 file regression/pointertranslation/safestack_mem_ver6_nolocal_bitvector_bitshift.c line 1465 function thread1_0 thread 0
----------------------------------------------------
  __csLOCALPARAM___CS_atomic_exchange_obj=6 (0110)

State 1889 file regression/pointertranslation/safestack_mem_ver6_nolocal_bitvector_bitshift.c line 1465 function thread1_0 thread 0
----------------------------------------------------
  __csLOCALPARAM___CS_atomic_exchange_v=-1 (1111)

State 1890 file regression/pointertranslation/safestack_mem_ver6_nolocal_bitvector_bitshift.c line 178 function __CS_atomic_exchange thread 0
----------------------------------------------------
  __csLOCAL___CS_atomic_exchange_t=2 (0010)

State 1891 file regression/pointertranslation/safestack_mem_ver6_nolocal_bitvector_bitshift.c line 179 function __CS_atomic_exchange thread 0
----------------------------------------------------
  MEMORY_VALUE[6]=-1 (1111)

State 1895 file regression/pointertranslation/safestack_mem_ver6_nolocal_bitvector_bitshift.c line 1465 function thread1_0 thread 0
----------------------------------------------------
  __csLOCAL_Pop1_next1=2 (00000000000000000000000000000010)

State 1897 file regression/pointertranslation/safestack_mem_ver6_nolocal_bitvector_bitshift.c line 1469 function thread1_0 thread 0
----------------------------------------------------
  __csLOCAL_Pop1_head21=1 (00000000000000000000000000000001)

State 1967 file regression/pointertranslation/safestack_mem_ver6_nolocal_bitvector_bitshift.c line 2826 function main thread 0
----------------------------------------------------
  pc[2]=73 (01001001)

State 1968 file regression/pointertranslation/safestack_mem_ver6_nolocal_bitvector_bitshift.c line 2829 function main thread 0
----------------------------------------------------
  thread_index=3 (0011)

State 1973 file regression/pointertranslation/safestack_mem_ver6_nolocal_bitvector_bitshift.c line 157 function guess_pc thread 0
----------------------------------------------------
  i=65 (01000001)

State 1978 file regression/pointertranslation/safestack_mem_ver6_nolocal_bitvector_bitshift.c line 2831 function main thread 0
----------------------------------------------------
  pc_cs=128 (010000000)

State 1982 file regression/pointertranslation/safestack_mem_ver6_nolocal_bitvector_bitshift.c line 2833 function main thread 0
----------------------------------------------------
  __csLOCALPARAM_thread2_arg=NULL + 2 (0000000000000000000000000000000000000000000000000000000000000010)

State 2049 file regression/pointertranslation/safestack_mem_ver6_nolocal_bitvector_bitshift.c line 2236 function thread2_0 thread 0
----------------------------------------------------
  __csLOCALPARAM___CS_atomic_store_obj=6 (0110)

State 2050 file regression/pointertranslation/safestack_mem_ver6_nolocal_bitvector_bitshift.c line 2236 function thread2_0 thread 0
----------------------------------------------------
  __csLOCALPARAM___CS_atomic_store_v=0 (0000)

State 2051 file regression/pointertranslation/safestack_mem_ver6_nolocal_bitvector_bitshift.c line 167 function __CS_atomic_store thread 0
----------------------------------------------------
  MEMORY_VALUE[6]=0 (0000)

State 2057 file regression/pointertranslation/safestack_mem_ver6_nolocal_bitvector_bitshift.c line 2238 function thread2_0 thread 0
----------------------------------------------------
  __csLOCALPARAM___CS_atomic_compare_and_exchange_obj=1 (0001)

State 2058 file regression/pointertranslation/safestack_mem_ver6_nolocal_bitvector_bitshift.c line 2238 function thread2_0 thread 0
----------------------------------------------------
  __csLOCALPARAM___CS_atomic_compare_and_exchange_expected=&__csLOCAL_Push2_head12 (0011011100000000000000000000000000000000000000000000000000000000)

State 2059 file regression/pointertranslation/safestack_mem_ver6_nolocal_bitvector_bitshift.c line 2238 function thread2_0 thread 0
----------------------------------------------------
  __csLOCALPARAM___CS_atomic_compare_and_exchange_desired=1 (0001)

State 2061 file regression/pointertranslation/safestack_mem_ver6_nolocal_bitvector_bitshift.c line 192 function __CS_atomic_compare_and_exchange thread 0
----------------------------------------------------
  __csLOCAL_Push2_head12=1 (00000000000000000000000000000001)

State 2066 file regression/pointertranslation/safestack_mem_ver6_nolocal_bitvector_bitshift.c line 2237 function thread2_0 thread 0
----------------------------------------------------
  __csLOCAL_Push2___while_cond_5=TRUE (00000001)

State 2071 file regression/pointertranslation/safestack_mem_ver6_nolocal_bitvector_bitshift.c line 2246 function thread2_0 thread 0
----------------------------------------------------
  __csLOCALPARAM___CS_atomic_store_obj=6 (0110)

State 2072 file regression/pointertranslation/safestack_mem_ver6_nolocal_bitvector_bitshift.c line 2246 function thread2_0 thread 0
----------------------------------------------------
  __csLOCALPARAM___CS_atomic_store_v=1 (0001)

State 2073 file regression/pointertranslation/safestack_mem_ver6_nolocal_bitvector_bitshift.c line 167 function __CS_atomic_store thread 0
----------------------------------------------------
  MEMORY_VALUE[6]=1 (0001)

State 2079 file regression/pointertranslation/safestack_mem_ver6_nolocal_bitvector_bitshift.c line 2247 function thread2_0 thread 0
----------------------------------------------------
  __csLOCALPARAM___CS_atomic_compare_and_exchange_obj=1 (0001)

State 2080 file regression/pointertranslation/safestack_mem_ver6_nolocal_bitvector_bitshift.c line 2247 function thread2_0 thread 0
----------------------------------------------------
  __csLOCALPARAM___CS_atomic_compare_and_exchange_expected=&__csLOCAL_Push2_head12 (0011011100000000000000000000000000000000000000000000000000000000)

State 2081 file regression/pointertranslation/safestack_mem_ver6_nolocal_bitvector_bitshift.c line 2247 function thread2_0 thread 0
----------------------------------------------------
  __csLOCALPARAM___CS_atomic_compare_and_exchange_desired=1 (0001)

State 2083 file regression/pointertranslation/safestack_mem_ver6_nolocal_bitvector_bitshift.c line 187 function __CS_atomic_compare_and_exchange thread 0
----------------------------------------------------
  MEMORY_VALUE[1]=1 (0001)

State 2088 file regression/pointertranslation/safestack_mem_ver6_nolocal_bitvector_bitshift.c line 2247 function thread2_0 thread 0
----------------------------------------------------
  __csLOCAL_Push2___while_cond_5=FALSE (00000000)

State 2094 file regression/pointertranslation/safestack_mem_ver6_nolocal_bitvector_bitshift.c line 2261 function thread2_0 thread 0
----------------------------------------------------
  __csLOCALPARAM___CS_atomic_fetch_add_obj=2 (0010)

State 2095 file regression/pointertranslation/safestack_mem_ver6_nolocal_bitvector_bitshift.c line 2261 function thread2_0 thread 0
----------------------------------------------------
  __csLOCALPARAM___CS_atomic_fetch_add_v=1 (0001)

State 2096 file regression/pointertranslation/safestack_mem_ver6_nolocal_bitvector_bitshift.c line 201 function __CS_atomic_fetch_add thread 0
----------------------------------------------------
  __csLOCAL___CS_atomic_fetch_add_old=2 (0010)

State 2097 file regression/pointertranslation/safestack_mem_ver6_nolocal_bitvector_bitshift.c line 202 function __CS_atomic_fetch_add thread 0
----------------------------------------------------
  MEMORY_VALUE[2]=3 (0011)

State 2101 file regression/pointertranslation/safestack_mem_ver6_nolocal_bitvector_bitshift.c line 2267 function thread2_0 thread 0
----------------------------------------------------
  __csLOCAL_thread2_i=1 (0000000000000000000000000000000000000000000000000000000000000001)

State 2106 file regression/pointertranslation/safestack_mem_ver6_nolocal_bitvector_bitshift.c line 2274 function thread2_0 thread 0
----------------------------------------------------
  __csLOCALPARAM___CS_atomic_load_obj=2 (0010)

State 2110 file regression/pointertranslation/safestack_mem_ver6_nolocal_bitvector_bitshift.c line 2274 function thread2_0 thread 0
----------------------------------------------------
  __csLOCAL_Pop2___while_cond_2=TRUE (00000001)

State 2116 file regression/pointertranslation/safestack_mem_ver6_nolocal_bitvector_bitshift.c line 2282 function thread2_0 thread 0
----------------------------------------------------
  __csLOCALPARAM___CS_atomic_load_obj=1 (0001)

State 2120 file regression/pointertranslation/safestack_mem_ver6_nolocal_bitvector_bitshift.c line 2282 function thread2_0 thread 0
----------------------------------------------------
  __csLOCAL_Pop2_head1=1 (00000000000000000000000000000001)

State 2125 file regression/pointertranslation/safestack_mem_ver6_nolocal_bitvector_bitshift.c line 2284 function thread2_0 thread 0
----------------------------------------------------
  __csLOCALPARAM___CS_atomic_exchange_obj=6 (0110)

State 2126 file regression/pointertranslation/safestack_mem_ver6_nolocal_bitvector_bitshift.c line 2284 function thread2_0 thread 0
----------------------------------------------------
  __csLOCALPARAM___CS_atomic_exchange_v=-1 (1111)

State 2127 file regression/pointertranslation/safestack_mem_ver6_nolocal_bitvector_bitshift.c line 178 function __CS_atomic_exchange thread 0
----------------------------------------------------
  __csLOCAL___CS_atomic_exchange_t=1 (0001)

State 2128 file regression/pointertranslation/safestack_mem_ver6_nolocal_bitvector_bitshift.c line 179 function __CS_atomic_exchange thread 0
----------------------------------------------------
  MEMORY_VALUE[6]=-1 (1111)

State 2132 file regression/pointertranslation/safestack_mem_ver6_nolocal_bitvector_bitshift.c line 2284 function thread2_0 thread 0
----------------------------------------------------
  __csLOCAL_Pop2_next1=1 (00000000000000000000000000000001)

State 2134 file regression/pointertranslation/safestack_mem_ver6_nolocal_bitvector_bitshift.c line 2288 function thread2_0 thread 0
----------------------------------------------------
  __csLOCAL_Pop2_head22=1 (00000000000000000000000000000001)

State 2138 file regression/pointertranslation/safestack_mem_ver6_nolocal_bitvector_bitshift.c line 2290 function thread2_0 thread 0
----------------------------------------------------
  __csLOCALPARAM___CS_atomic_compare_and_exchange_obj=1 (0001)

State 2139 file regression/pointertranslation/safestack_mem_ver6_nolocal_bitvector_bitshift.c line 2290 function thread2_0 thread 0
----------------------------------------------------
  __csLOCALPARAM___CS_atomic_compare_and_exchange_expected=&__csLOCAL_Pop2_head22 (0011100000000000000000000000000000000000000000000000000000000000)

State 2140 file regression/pointertranslation/safestack_mem_ver6_nolocal_bitvector_bitshift.c line 2290 function thread2_0 thread 0
----------------------------------------------------
  __csLOCALPARAM___CS_atomic_compare_and_exchange_desired=1 (0001)

State 2142 file regression/pointertranslation/safestack_mem_ver6_nolocal_bitvector_bitshift.c line 187 function __CS_atomic_compare_and_exchange thread 0
----------------------------------------------------
  MEMORY_VALUE[1]=1 (0001)

State 2146 file regression/pointertranslation/safestack_mem_ver6_nolocal_bitvector_bitshift.c line 2290 function thread2_0 thread 0
----------------------------------------------------
  __csLOCAL_Pop2___if_cond_2=TRUE (00000001)

State 2151 file regression/pointertranslation/safestack_mem_ver6_nolocal_bitvector_bitshift.c line 2293 function thread2_0 thread 0
----------------------------------------------------
  __csLOCALPARAM___CS_atomic_fetch_sub_obj=2 (0010)

State 2152 file regression/pointertranslation/safestack_mem_ver6_nolocal_bitvector_bitshift.c line 2293 function thread2_0 thread 0
----------------------------------------------------
  __csLOCALPARAM___CS_atomic_fetch_sub_v=1 (0001)

State 2153 file regression/pointertranslation/safestack_mem_ver6_nolocal_bitvector_bitshift.c line 209 function __CS_atomic_fetch_sub thread 0
----------------------------------------------------
  __csLOCAL___CS_atomic_fetch_sub_old=3 (0011)

State 2154 file regression/pointertranslation/safestack_mem_ver6_nolocal_bitvector_bitshift.c line 210 function __CS_atomic_fetch_sub thread 0
----------------------------------------------------
  MEMORY_VALUE[2]=2 (0010)

State 2157 file regression/pointertranslation/safestack_mem_ver6_nolocal_bitvector_bitshift.c line 2294 function thread2_0 thread 0
----------------------------------------------------
  __retval__Pop2_1=1 (00000000000000000000000000000001)

State 2160 file regression/pointertranslation/safestack_mem_ver6_nolocal_bitvector_bitshift.c line 2376 function thread2_0 thread 0
----------------------------------------------------
  __csLOCAL_thread2_elem=1 (00000000000000000000000000000001)

State 2164 file regression/pointertranslation/safestack_mem_ver6_nolocal_bitvector_bitshift.c line 2612 function thread2_0 thread 0
----------------------------------------------------
  MEMORY_VALUE[5]=2 (0010)

State 2179 file regression/pointertranslation/safestack_mem_ver6_nolocal_bitvector_bitshift.c line 2834 function main thread 0
----------------------------------------------------
  pc[3]=128 (10000000)

State 2180 file regression/pointertranslation/safestack_mem_ver6_nolocal_bitvector_bitshift.c line 2838 function main thread 0
----------------------------------------------------
  thread_index=0 (0000)

State 2185 file regression/pointertranslation/safestack_mem_ver6_nolocal_bitvector_bitshift.c line 157 function guess_pc thread 0
----------------------------------------------------
  i=0 (00000000)

State 2190 file regression/pointertranslation/safestack_mem_ver6_nolocal_bitvector_bitshift.c line 2840 function main thread 0
----------------------------------------------------
  pc_cs=3 (000000011)

State 2203 file regression/pointertranslation/safestack_mem_ver6_nolocal_bitvector_bitshift.c line 2843 function main thread 0
----------------------------------------------------
  pc[0]=3 (00000011)

State 2204 file regression/pointertranslation/safestack_mem_ver6_nolocal_bitvector_bitshift.c line 2846 function main thread 0
----------------------------------------------------
  thread_index=1 (0001)

State 2209 file regression/pointertranslation/safestack_mem_ver6_nolocal_bitvector_bitshift.c line 157 function guess_pc thread 0
----------------------------------------------------
  i=63 (00111111)

State 2214 file regression/pointertranslation/safestack_mem_ver6_nolocal_bitvector_bitshift.c line 2848 function main thread 0
----------------------------------------------------
  pc_cs=74 (001001010)

State 2218 file regression/pointertranslation/safestack_mem_ver6_nolocal_bitvector_bitshift.c line 2850 function main thread 0
----------------------------------------------------
  __csLOCALPARAM_thread0_arg=NULL (0000000000000000000000000000000000000000000000000000000000000000)

State 2233 file regression/pointertranslation/safestack_mem_ver6_nolocal_bitvector_bitshift.c line 284 function thread0_0 thread 0
----------------------------------------------------
  __csLOCALPARAM___CS_atomic_fetch_sub_obj=2 (0010)

State 2234 file regression/pointertranslation/safestack_mem_ver6_nolocal_bitvector_bitshift.c line 284 function thread0_0 thread 0
----------------------------------------------------
  __csLOCALPARAM___CS_atomic_fetch_sub_v=1 (0001)

State 2235 file regression/pointertranslation/safestack_mem_ver6_nolocal_bitvector_bitshift.c line 209 function __CS_atomic_fetch_sub thread 0
----------------------------------------------------
  __csLOCAL___CS_atomic_fetch_sub_old=2 (0010)

State 2236 file regression/pointertranslation/safestack_mem_ver6_nolocal_bitvector_bitshift.c line 210 function __CS_atomic_fetch_sub thread 0
----------------------------------------------------
  MEMORY_VALUE[2]=1 (0001)

State 2239 file regression/pointertranslation/safestack_mem_ver6_nolocal_bitvector_bitshift.c line 285 function thread0_0 thread 0
----------------------------------------------------
  __retval__Pop0_1=0 (00000000000000000000000000000000)

State 2242 file regression/pointertranslation/safestack_mem_ver6_nolocal_bitvector_bitshift.c line 336 function thread0_0 thread 0
----------------------------------------------------
  __csLOCAL_thread0_elem=0 (00000000000000000000000000000000)

State 2246 file regression/pointertranslation/safestack_mem_ver6_nolocal_bitvector_bitshift.c line 572 function thread0_0 thread 0
----------------------------------------------------
  MEMORY_VALUE[3]=0 (0000)

State 2249 file regression/pointertranslation/safestack_mem_ver6_nolocal_bitvector_bitshift.c line 576 function thread0_0 thread 0
----------------------------------------------------
  __csLOCALPARAM_Push0_index=0 (00000000000000000000000000000000)

State 2254 file regression/pointertranslation/safestack_mem_ver6_nolocal_bitvector_bitshift.c line 578 function thread0_0 thread 0
----------------------------------------------------
  __csLOCALPARAM___CS_atomic_load_obj=1 (0001)

State 2258 file regression/pointertranslation/safestack_mem_ver6_nolocal_bitvector_bitshift.c line 578 function thread0_0 thread 0
----------------------------------------------------
  __csLOCAL_Push0_head10=1 (00000000000000000000000000000001)

State 2259 file regression/pointertranslation/safestack_mem_ver6_nolocal_bitvector_bitshift.c line 581 function thread0_0 thread 0
----------------------------------------------------
  __csLOCAL_Push0___cs_dowhile_onetime_1=0 (00000000000000000000000000000000)

State 2263 file regression/pointertranslation/safestack_mem_ver6_nolocal_bitvector_bitshift.c line 583 function thread0_0 thread 0
----------------------------------------------------
  __csLOCALPARAM___CS_atomic_store_obj=4 (0100)

State 2264 file regression/pointertranslation/safestack_mem_ver6_nolocal_bitvector_bitshift.c line 583 function thread0_0 thread 0
----------------------------------------------------
  __csLOCALPARAM___CS_atomic_store_v=1 (0001)

State 2265 file regression/pointertranslation/safestack_mem_ver6_nolocal_bitvector_bitshift.c line 167 function __CS_atomic_store thread 0
----------------------------------------------------
  MEMORY_VALUE[4]=1 (0001)

State 2267 file regression/pointertranslation/safestack_mem_ver6_nolocal_bitvector_bitshift.c line 585 function thread0_0 thread 0
----------------------------------------------------
  __csLOCAL_Push0___cs_dowhile_onetime_1=1 (00000000000000000000000000000001)

State 2274 file regression/pointertranslation/safestack_mem_ver6_nolocal_bitvector_bitshift.c line 591 function thread0_0 thread 0
----------------------------------------------------
  __csLOCALPARAM___CS_atomic_compare_and_exchange_obj=1 (0001)

State 2275 file regression/pointertranslation/safestack_mem_ver6_nolocal_bitvector_bitshift.c line 591 function thread0_0 thread 0
----------------------------------------------------
  __csLOCALPARAM___CS_atomic_compare_and_exchange_expected=&__csLOCAL_Push0_head10 (0000111100000000000000000000000000000000000000000000000000000000)

State 2276 file regression/pointertranslation/safestack_mem_ver6_nolocal_bitvector_bitshift.c line 591 function thread0_0 thread 0
----------------------------------------------------
  __csLOCALPARAM___CS_atomic_compare_and_exchange_desired=0 (0000)

State 2278 file regression/pointertranslation/safestack_mem_ver6_nolocal_bitvector_bitshift.c line 187 function __CS_atomic_compare_and_exchange thread 0
----------------------------------------------------
  MEMORY_VALUE[1]=0 (0000)

State 2283 file regression/pointertranslation/safestack_mem_ver6_nolocal_bitvector_bitshift.c line 590 function thread0_0 thread 0
----------------------------------------------------
  __csLOCAL_Push0___while_cond_3=FALSE (00000000)

State 2289 file regression/pointertranslation/safestack_mem_ver6_nolocal_bitvector_bitshift.c line 623 function thread0_0 thread 0
----------------------------------------------------
  __csLOCALPARAM___CS_atomic_fetch_add_obj=2 (0010)

State 2290 file regression/pointertranslation/safestack_mem_ver6_nolocal_bitvector_bitshift.c line 623 function thread0_0 thread 0
----------------------------------------------------
  __csLOCALPARAM___CS_atomic_fetch_add_v=1 (0001)

State 2291 file regression/pointertranslation/safestack_mem_ver6_nolocal_bitvector_bitshift.c line 201 function __CS_atomic_fetch_add thread 0
----------------------------------------------------
  __csLOCAL___CS_atomic_fetch_add_old=1 (0001)

State 2292 file regression/pointertranslation/safestack_mem_ver6_nolocal_bitvector_bitshift.c line 202 function __CS_atomic_fetch_add thread 0
----------------------------------------------------
  MEMORY_VALUE[2]=2 (0010)

State 2296 file regression/pointertranslation/safestack_mem_ver6_nolocal_bitvector_bitshift.c line 629 function thread0_0 thread 0
----------------------------------------------------
  __csLOCAL_thread0_i=1 (0000000000000000000000000000000000000000000000000000000000000001)

State 2301 file regression/pointertranslation/safestack_mem_ver6_nolocal_bitvector_bitshift.c line 636 function thread0_0 thread 0
----------------------------------------------------
  __csLOCALPARAM___CS_atomic_load_obj=2 (0010)

State 2305 file regression/pointertranslation/safestack_mem_ver6_nolocal_bitvector_bitshift.c line 636 function thread0_0 thread 0
----------------------------------------------------
  __csLOCAL_Pop0___while_cond_0=TRUE (00000001)

State 2311 file regression/pointertranslation/safestack_mem_ver6_nolocal_bitvector_bitshift.c line 644 function thread0_0 thread 0
----------------------------------------------------
  __csLOCALPARAM___CS_atomic_load_obj=1 (0001)

State 2315 file regression/pointertranslation/safestack_mem_ver6_nolocal_bitvector_bitshift.c line 644 function thread0_0 thread 0
----------------------------------------------------
  __csLOCAL_Pop0_head1=0 (00000000000000000000000000000000)

State 2320 file regression/pointertranslation/safestack_mem_ver6_nolocal_bitvector_bitshift.c line 646 function thread0_0 thread 0
----------------------------------------------------
  __csLOCALPARAM___CS_atomic_exchange_obj=4 (0100)

State 2321 file regression/pointertranslation/safestack_mem_ver6_nolocal_bitvector_bitshift.c line 646 function thread0_0 thread 0
----------------------------------------------------
  __csLOCALPARAM___CS_atomic_exchange_v=-1 (1111)

State 2322 file regression/pointertranslation/safestack_mem_ver6_nolocal_bitvector_bitshift.c line 178 function __CS_atomic_exchange thread 0
----------------------------------------------------
  __csLOCAL___CS_atomic_exchange_t=1 (0001)

State 2323 file regression/pointertranslation/safestack_mem_ver6_nolocal_bitvector_bitshift.c line 179 function __CS_atomic_exchange thread 0
----------------------------------------------------
  MEMORY_VALUE[4]=-1 (1111)

State 2327 file regression/pointertranslation/safestack_mem_ver6_nolocal_bitvector_bitshift.c line 646 function thread0_0 thread 0
----------------------------------------------------
  __csLOCAL_Pop0_next1=1 (00000000000000000000000000000001)

State 2329 file regression/pointertranslation/safestack_mem_ver6_nolocal_bitvector_bitshift.c line 650 function thread0_0 thread 0
----------------------------------------------------
  __csLOCAL_Pop0_head20=0 (00000000000000000000000000000000)

State 2333 file regression/pointertranslation/safestack_mem_ver6_nolocal_bitvector_bitshift.c line 652 function thread0_0 thread 0
----------------------------------------------------
  __csLOCALPARAM___CS_atomic_compare_and_exchange_obj=1 (0001)

State 2334 file regression/pointertranslation/safestack_mem_ver6_nolocal_bitvector_bitshift.c line 652 function thread0_0 thread 0
----------------------------------------------------
  __csLOCALPARAM___CS_atomic_compare_and_exchange_expected=&__csLOCAL_Pop0_head20 (0001000000000000000000000000000000000000000000000000000000000000)

State 2335 file regression/pointertranslation/safestack_mem_ver6_nolocal_bitvector_bitshift.c line 652 function thread0_0 thread 0
----------------------------------------------------
  __csLOCALPARAM___CS_atomic_compare_and_exchange_desired=1 (0001)

State 2337 file regression/pointertranslation/safestack_mem_ver6_nolocal_bitvector_bitshift.c line 187 function __CS_atomic_compare_and_exchange thread 0
----------------------------------------------------
  MEMORY_VALUE[1]=1 (0001)

State 2341 file regression/pointertranslation/safestack_mem_ver6_nolocal_bitvector_bitshift.c line 652 function thread0_0 thread 0
----------------------------------------------------
  __csLOCAL_Pop0___if_cond_0=TRUE (00000001)

State 2411 file regression/pointertranslation/safestack_mem_ver6_nolocal_bitvector_bitshift.c line 2851 function main thread 0
----------------------------------------------------
  pc[1]=74 (01001010)

State 2412 file regression/pointertranslation/safestack_mem_ver6_nolocal_bitvector_bitshift.c line 2854 function main thread 0
----------------------------------------------------
  thread_index=2 (0010)

State 2417 file regression/pointertranslation/safestack_mem_ver6_nolocal_bitvector_bitshift.c line 157 function guess_pc thread 0
----------------------------------------------------
  i=58 (00111010)

State 2422 file regression/pointertranslation/safestack_mem_ver6_nolocal_bitvector_bitshift.c line 2856 function main thread 0
----------------------------------------------------
  pc_cs=131 (010000011)

State 2426 file regression/pointertranslation/safestack_mem_ver6_nolocal_bitvector_bitshift.c line 2858 function main thread 0
----------------------------------------------------
  __csLOCALPARAM_thread1_arg=NULL + 1 (0000000000000000000000000000000000000000000000000000000000000001)

State 2503 file regression/pointertranslation/safestack_mem_ver6_nolocal_bitvector_bitshift.c line 1471 function thread1_0 thread 0
----------------------------------------------------
  __csLOCALPARAM___CS_atomic_compare_and_exchange_obj=1 (0001)

State 2504 file regression/pointertranslation/safestack_mem_ver6_nolocal_bitvector_bitshift.c line 1471 function thread1_0 thread 0
----------------------------------------------------
  __csLOCALPARAM___CS_atomic_compare_and_exchange_expected=&__csLOCAL_Pop1_head21 (0010010000000000000000000000000000000000000000000000000000000000)

State 2505 file regression/pointertranslation/safestack_mem_ver6_nolocal_bitvector_bitshift.c line 1471 function thread1_0 thread 0
----------------------------------------------------
  __csLOCALPARAM___CS_atomic_compare_and_exchange_desired=2 (0010)

State 2507 file regression/pointertranslation/safestack_mem_ver6_nolocal_bitvector_bitshift.c line 187 function __CS_atomic_compare_and_exchange thread 0
----------------------------------------------------
  MEMORY_VALUE[1]=2 (0010)

State 2511 file regression/pointertranslation/safestack_mem_ver6_nolocal_bitvector_bitshift.c line 1471 function thread1_0 thread 0
----------------------------------------------------
  __csLOCAL_Pop1___if_cond_1=TRUE (00000001)

State 2516 file regression/pointertranslation/safestack_mem_ver6_nolocal_bitvector_bitshift.c line 1474 function thread1_0 thread 0
----------------------------------------------------
  __csLOCALPARAM___CS_atomic_fetch_sub_obj=2 (0010)

State 2517 file regression/pointertranslation/safestack_mem_ver6_nolocal_bitvector_bitshift.c line 1474 function thread1_0 thread 0
----------------------------------------------------
  __csLOCALPARAM___CS_atomic_fetch_sub_v=1 (0001)

State 2518 file regression/pointertranslation/safestack_mem_ver6_nolocal_bitvector_bitshift.c line 209 function __CS_atomic_fetch_sub thread 0
----------------------------------------------------
  __csLOCAL___CS_atomic_fetch_sub_old=2 (0010)

State 2519 file regression/pointertranslation/safestack_mem_ver6_nolocal_bitvector_bitshift.c line 210 function __CS_atomic_fetch_sub thread 0
----------------------------------------------------
  MEMORY_VALUE[2]=1 (0001)

State 2522 file regression/pointertranslation/safestack_mem_ver6_nolocal_bitvector_bitshift.c line 1475 function thread1_0 thread 0
----------------------------------------------------
  __retval__Pop1_1=1 (00000000000000000000000000000001)

State 2525 file regression/pointertranslation/safestack_mem_ver6_nolocal_bitvector_bitshift.c line 1557 function thread1_0 thread 0
----------------------------------------------------
  __csLOCAL_thread1_elem=1 (00000000000000000000000000000001)

State 2529 file regression/pointertranslation/safestack_mem_ver6_nolocal_bitvector_bitshift.c line 1793 function thread1_0 thread 0
----------------------------------------------------
  MEMORY_VALUE[5]=1 (0001)

State 2532 file regression/pointertranslation/safestack_mem_ver6_nolocal_bitvector_bitshift.c line 1797 function thread1_0 thread 0
----------------------------------------------------
  __csLOCALPARAM_Push1_index=1 (00000000000000000000000000000001)

State 2537 file regression/pointertranslation/safestack_mem_ver6_nolocal_bitvector_bitshift.c line 1799 function thread1_0 thread 0
----------------------------------------------------
  __csLOCALPARAM___CS_atomic_load_obj=1 (0001)

State 2541 file regression/pointertranslation/safestack_mem_ver6_nolocal_bitvector_bitshift.c line 1799 function thread1_0 thread 0
----------------------------------------------------
  __csLOCAL_Push1_head11=2 (00000000000000000000000000000010)

State 2542 file regression/pointertranslation/safestack_mem_ver6_nolocal_bitvector_bitshift.c line 1802 function thread1_0 thread 0
----------------------------------------------------
  __csLOCAL_Push1___cs_dowhile_onetime_2=0 (00000000000000000000000000000000)

State 2546 file regression/pointertranslation/safestack_mem_ver6_nolocal_bitvector_bitshift.c line 1804 function thread1_0 thread 0
----------------------------------------------------
  __csLOCALPARAM___CS_atomic_store_obj=6 (0110)

State 2547 file regression/pointertranslation/safestack_mem_ver6_nolocal_bitvector_bitshift.c line 1804 function thread1_0 thread 0
----------------------------------------------------
  __csLOCALPARAM___CS_atomic_store_v=2 (0010)

State 2548 file regression/pointertranslation/safestack_mem_ver6_nolocal_bitvector_bitshift.c line 167 function __CS_atomic_store thread 0
----------------------------------------------------
  MEMORY_VALUE[6]=2 (0010)

State 2550 file regression/pointertranslation/safestack_mem_ver6_nolocal_bitvector_bitshift.c line 1806 function thread1_0 thread 0
----------------------------------------------------
  __csLOCAL_Push1___cs_dowhile_onetime_2=1 (00000000000000000000000000000001)

State 2564 file regression/pointertranslation/safestack_mem_ver6_nolocal_bitvector_bitshift.c line 2859 function main thread 0
----------------------------------------------------
  pc[2]=131 (10000011)

State 2565 file regression/pointertranslation/safestack_mem_ver6_nolocal_bitvector_bitshift.c line 2862 function main thread 0
----------------------------------------------------
  thread_index=3 (0011)

State 2570 file regression/pointertranslation/safestack_mem_ver6_nolocal_bitvector_bitshift.c line 157 function guess_pc thread 0
----------------------------------------------------
  i=4 (00000100)

State 2575 file regression/pointertranslation/safestack_mem_ver6_nolocal_bitvector_bitshift.c line 2864 function main thread 0
----------------------------------------------------
  pc_cs=132 (010000100)

State 2579 file regression/pointertranslation/safestack_mem_ver6_nolocal_bitvector_bitshift.c line 2866 function main thread 0
----------------------------------------------------
  __csLOCALPARAM_thread2_arg=NULL + 2 (0000000000000000000000000000000000000000000000000000000000000010)

Violated property:
  file regression/pointertranslation/safestack_mem_ver6_nolocal_bitvector_bitshift.c line 2613 function thread2_0
  assertion (signed int)MEMORY_VALUE[(signed long int)((signed int)MEMORY_VALUE[(signed long int)0] + (__csLOCAL_thread2_elem << 1) + 0)] == __csLOCAL_thread2_idx
  (signed int)MEMORY_VALUE[(signed long int)((signed int)MEMORY_VALUE[(signed long int)0] + (__csLOCAL_thread2_elem << 1) + 0)] == __csLOCAL_thread2_idx

VERIFICATION FAILED

real  20m27.146s
user  20m10.860s
sys 0m1.224s
