CBMC version 5.3 64-bit x86_64 linux
Parsing regression/pointertranslation/safestack_mem_ver6_nolocal_split_bitvector.c
file <command-line> line 0: <command-line>:0:0: warning: "__STDC_VERSION__" redefined
file <command-line> line 0: <built-in>: note: this is the location of the previous definition
Converting
Type-checking safestack_mem_ver6_nolocal_split_bitvector
file regression/pointertranslation/safestack_mem_ver6_nolocal_split_bitvector.c line 554 function thread_0: function `assert' is not declared
Generating GOTO Program
Adding CPROVER library
Function Pointer Removal
Partial Inlining
Generic Property Instrumentation
Starting Bounded Model Checking
size of program expression: 63097 steps
simple slicing removed 554 assignments
Generated 24 VCC(s), 24 remaining after simplification
Passing problem to propositional reduction
converting SSA
Running propositional reduction
Post-processing
Solving with MiniSAT 2.2.0 with simplifier
582947 variables, 2264325 clauses
SAT checker: negated claim is SATISFIABLE, i.e., does not hold
Runtime decision procedure: 306.282s
Building error trace

Counterexample:

State 319 file regression/pointertranslation/safestack_mem_ver6_nolocal_split_bitvector.c line 2718 function main thread 0
----------------------------------------------------
  thread_index=0 (0000)

State 323 file regression/pointertranslation/safestack_mem_ver6_nolocal_split_bitvector.c line 143 function guess_pc thread 0
----------------------------------------------------
  i=3 (00000011)

State 328 file regression/pointertranslation/safestack_mem_ver6_nolocal_split_bitvector.c line 2719 function main thread 0
----------------------------------------------------
  pc_cs=3 (000000011)

State 333 file regression/pointertranslation/safestack_mem_ver6_nolocal_split_bitvector.c line 2660 function main_thread thread 0
----------------------------------------------------
  __csLOCALPARAM_Init_pushCount=3 (00000000000000000000000000000011)

State 334 file regression/pointertranslation/safestack_mem_ver6_nolocal_split_bitvector.c line 2662 function main_thread thread 0
----------------------------------------------------
  MEMORY_VALUE[0]=4 (0100)

State 335 file regression/pointertranslation/safestack_mem_ver6_nolocal_split_bitvector.c line 2663 function main_thread thread 0
----------------------------------------------------
  MEMORY_VALUE[1]=7 (0111)

State 338 file regression/pointertranslation/safestack_mem_ver6_nolocal_split_bitvector.c line 2664 function main_thread thread 0
----------------------------------------------------
  __csLOCALPARAM___CS_atomic_store_obj=3 (0011)

State 339 file regression/pointertranslation/safestack_mem_ver6_nolocal_split_bitvector.c line 2664 function main_thread thread 0
----------------------------------------------------
  __csLOCALPARAM___CS_atomic_store_v=3 (0011)

State 340 file regression/pointertranslation/safestack_mem_ver6_nolocal_split_bitvector.c line 152 function __CS_atomic_store thread 0
----------------------------------------------------
  MEMORY_VALUE[3]=3 (0011)

State 344 file regression/pointertranslation/safestack_mem_ver6_nolocal_split_bitvector.c line 2665 function main_thread thread 0
----------------------------------------------------
  __csLOCALPARAM___CS_atomic_store_obj=2 (0010)

State 345 file regression/pointertranslation/safestack_mem_ver6_nolocal_split_bitvector.c line 2665 function main_thread thread 0
----------------------------------------------------
  __csLOCALPARAM___CS_atomic_store_v=0 (0000)

State 346 file regression/pointertranslation/safestack_mem_ver6_nolocal_split_bitvector.c line 152 function __CS_atomic_store thread 0
----------------------------------------------------
  MEMORY_VALUE[2]=0 (0000)

State 348 file regression/pointertranslation/safestack_mem_ver6_nolocal_split_bitvector.c line 2666 function main_thread thread 0
----------------------------------------------------
  __csLOCAL_Init_i=0 (00000000000000000000000000000000)

State 352 file regression/pointertranslation/safestack_mem_ver6_nolocal_split_bitvector.c line 2673 function main_thread thread 0
----------------------------------------------------
  __csLOCALPARAM___CS_atomic_store_obj=7 (0111)

State 353 file regression/pointertranslation/safestack_mem_ver6_nolocal_split_bitvector.c line 2673 function main_thread thread 0
----------------------------------------------------
  __csLOCALPARAM___CS_atomic_store_v=1 (0001)

State 354 file regression/pointertranslation/safestack_mem_ver6_nolocal_split_bitvector.c line 152 function __CS_atomic_store thread 0
----------------------------------------------------
  MEMORY_VALUE[7]=1 (0001)

State 356 file regression/pointertranslation/safestack_mem_ver6_nolocal_split_bitvector.c line 2675 function main_thread thread 0
----------------------------------------------------
  __csLOCAL_Init_i=1 (00000000000000000000000000000001)

State 360 file regression/pointertranslation/safestack_mem_ver6_nolocal_split_bitvector.c line 2682 function main_thread thread 0
----------------------------------------------------
  __csLOCALPARAM___CS_atomic_store_obj=8 (1000)

State 361 file regression/pointertranslation/safestack_mem_ver6_nolocal_split_bitvector.c line 2682 function main_thread thread 0
----------------------------------------------------
  __csLOCALPARAM___CS_atomic_store_v=2 (0010)

State 362 file regression/pointertranslation/safestack_mem_ver6_nolocal_split_bitvector.c line 152 function __CS_atomic_store thread 0
----------------------------------------------------
  MEMORY_VALUE[8]=2 (0010)

State 364 file regression/pointertranslation/safestack_mem_ver6_nolocal_split_bitvector.c line 2684 function main_thread thread 0
----------------------------------------------------
  __csLOCAL_Init_i=2 (00000000000000000000000000000010)

State 369 file regression/pointertranslation/safestack_mem_ver6_nolocal_split_bitvector.c line 2697 function main_thread thread 0
----------------------------------------------------
  __csLOCALPARAM___CS_atomic_store_obj=9 (1001)

State 370 file regression/pointertranslation/safestack_mem_ver6_nolocal_split_bitvector.c line 2697 function main_thread thread 0
----------------------------------------------------
  __csLOCALPARAM___CS_atomic_store_v=-1 (1111)

State 371 file regression/pointertranslation/safestack_mem_ver6_nolocal_split_bitvector.c line 152 function __CS_atomic_store thread 0
----------------------------------------------------
  MEMORY_VALUE[9]=-1 (1111)

State 376 file regression/pointertranslation/safestack_mem_ver6_nolocal_split_bitvector.c line 2702 function main_thread thread 0
----------------------------------------------------
  id=threads (0000001000000000000000000000000000000000000000000000000000000000)

State 377 file regression/pointertranslation/safestack_mem_ver6_nolocal_split_bitvector.c line 2702 function main_thread thread 0
----------------------------------------------------
  attr=NULL (0000000000000000000000000000000000000000000000000000000000000000)

State 378 file regression/pointertranslation/safestack_mem_ver6_nolocal_split_bitvector.c line 2702 function main_thread thread 0
----------------------------------------------------
  t=thread_0 (0000001100000000000000000000000000000000000000000000000000000000)

State 379 file regression/pointertranslation/safestack_mem_ver6_nolocal_split_bitvector.c line 2702 function main_thread thread 0
----------------------------------------------------
  arg=NULL (0000000000000000000000000000000000000000000000000000000000000000)

State 380 file regression/pointertranslation/safestack_mem_ver6_nolocal_split_bitvector.c line 2702 function main_thread thread 0
----------------------------------------------------
  threadID=1 (00000000000000000000000000000001)

State 382 file regression/pointertranslation/safestack_mem_ver6_nolocal_split_bitvector.c line 88 function __cs_create thread 0
----------------------------------------------------
  threads[0]=1 (00000000000000000000000000000001)

State 383 file regression/pointertranslation/safestack_mem_ver6_nolocal_split_bitvector.c line 88 function __cs_create thread 0
----------------------------------------------------
  active_thread[1]=1 (1)

State 384 file regression/pointertranslation/safestack_mem_ver6_nolocal_split_bitvector.c line 88 function __cs_create thread 0
----------------------------------------------------
  threadargs[1]=NULL (0000000000000000000000000000000000000000000000000000000000000000)

State 390 file regression/pointertranslation/safestack_mem_ver6_nolocal_split_bitvector.c line 2703 function main_thread thread 0
----------------------------------------------------
  id=threads + 1 (0000001000000000000000000000000000000000000000000000000000000100)

State 391 file regression/pointertranslation/safestack_mem_ver6_nolocal_split_bitvector.c line 2703 function main_thread thread 0
----------------------------------------------------
  attr=NULL (0000000000000000000000000000000000000000000000000000000000000000)

State 392 file regression/pointertranslation/safestack_mem_ver6_nolocal_split_bitvector.c line 2703 function main_thread thread 0
----------------------------------------------------
  t=thread_1 (0000010000000000000000000000000000000000000000000000000000000000)

State 393 file regression/pointertranslation/safestack_mem_ver6_nolocal_split_bitvector.c line 2703 function main_thread thread 0
----------------------------------------------------
  arg=NULL + 1 (0000000000000000000000000000000000000000000000000000000000000001)

State 394 file regression/pointertranslation/safestack_mem_ver6_nolocal_split_bitvector.c line 2703 function main_thread thread 0
----------------------------------------------------
  threadID=2 (00000000000000000000000000000010)

State 396 file regression/pointertranslation/safestack_mem_ver6_nolocal_split_bitvector.c line 88 function __cs_create thread 0
----------------------------------------------------
  threads[1]=2 (00000000000000000000000000000010)

State 397 file regression/pointertranslation/safestack_mem_ver6_nolocal_split_bitvector.c line 88 function __cs_create thread 0
----------------------------------------------------
  active_thread[2]=1 (1)

State 398 file regression/pointertranslation/safestack_mem_ver6_nolocal_split_bitvector.c line 88 function __cs_create thread 0
----------------------------------------------------
  threadargs[2]=NULL + 1 (0000000000000000000000000000000000000000000000000000000000000001)

State 404 file regression/pointertranslation/safestack_mem_ver6_nolocal_split_bitvector.c line 2704 function main_thread thread 0
----------------------------------------------------
  id=threads + 2 (0000001000000000000000000000000000000000000000000000000000001000)

State 405 file regression/pointertranslation/safestack_mem_ver6_nolocal_split_bitvector.c line 2704 function main_thread thread 0
----------------------------------------------------
  attr=NULL (0000000000000000000000000000000000000000000000000000000000000000)

State 406 file regression/pointertranslation/safestack_mem_ver6_nolocal_split_bitvector.c line 2704 function main_thread thread 0
----------------------------------------------------
  t=thread_2 (0000010100000000000000000000000000000000000000000000000000000000)

State 407 file regression/pointertranslation/safestack_mem_ver6_nolocal_split_bitvector.c line 2704 function main_thread thread 0
----------------------------------------------------
  arg=NULL + 2 (0000000000000000000000000000000000000000000000000000000000000010)

State 408 file regression/pointertranslation/safestack_mem_ver6_nolocal_split_bitvector.c line 2704 function main_thread thread 0
----------------------------------------------------
  threadID=3 (00000000000000000000000000000011)

State 410 file regression/pointertranslation/safestack_mem_ver6_nolocal_split_bitvector.c line 88 function __cs_create thread 0
----------------------------------------------------
  threads[2]=3 (00000000000000000000000000000011)

State 411 file regression/pointertranslation/safestack_mem_ver6_nolocal_split_bitvector.c line 88 function __cs_create thread 0
----------------------------------------------------
  active_thread[3]=1 (1)

State 412 file regression/pointertranslation/safestack_mem_ver6_nolocal_split_bitvector.c line 88 function __cs_create thread 0
----------------------------------------------------
  threadargs[3]=NULL + 2 (0000000000000000000000000000000000000000000000000000000000000010)

State 421 file regression/pointertranslation/safestack_mem_ver6_nolocal_split_bitvector.c line 2722 function main thread 0
----------------------------------------------------
  pc[0]=3 (00000011)

State 422 file regression/pointertranslation/safestack_mem_ver6_nolocal_split_bitvector.c line 2724 function main thread 0
----------------------------------------------------
  thread_index=1 (0001)

State 427 file regression/pointertranslation/safestack_mem_ver6_nolocal_split_bitvector.c line 143 function guess_pc thread 0
----------------------------------------------------
  i=3 (00000011)

State 432 file regression/pointertranslation/safestack_mem_ver6_nolocal_split_bitvector.c line 2726 function main thread 0
----------------------------------------------------
  pc_cs=3 (000000011)

State 436 file regression/pointertranslation/safestack_mem_ver6_nolocal_split_bitvector.c line 2728 function main thread 0
----------------------------------------------------
  __csLOCALPARAM_thread_arg=NULL (0000000000000000000000000000000000000000000000000000000000000000)

State 438 file regression/pointertranslation/safestack_mem_ver6_nolocal_split_bitvector.c line 207 function thread_0 thread 0
----------------------------------------------------
  __csLOCAL_thread_idx=0 (00000000000000000000000000000000)

State 439 file regression/pointertranslation/safestack_mem_ver6_nolocal_split_bitvector.c line 208 function thread_0 thread 0
----------------------------------------------------
  __csLOCAL_thread_i=0 (0000000000000000000000000000000000000000000000000000000000000000)

State 444 file regression/pointertranslation/safestack_mem_ver6_nolocal_split_bitvector.c line 215 function thread_0 thread 0
----------------------------------------------------
  __csLOCALPARAM___CS_atomic_load_obj=3 (0011)

State 448 file regression/pointertranslation/safestack_mem_ver6_nolocal_split_bitvector.c line 215 function thread_0 thread 0
----------------------------------------------------
  __csLOCAL_Pop___while_cond_0=TRUE (00000001)

State 454 file regression/pointertranslation/safestack_mem_ver6_nolocal_split_bitvector.c line 223 function thread_0 thread 0
----------------------------------------------------
  __csLOCALPARAM___CS_atomic_load_obj=2 (0010)

State 458 file regression/pointertranslation/safestack_mem_ver6_nolocal_split_bitvector.c line 223 function thread_0 thread 0
----------------------------------------------------
  __csLOCAL_Pop_head1=0 (00000000000000000000000000000000)

State 598 file regression/pointertranslation/safestack_mem_ver6_nolocal_split_bitvector.c line 2729 function main thread 0
----------------------------------------------------
  pc[1]=3 (00000011)

State 599 file regression/pointertranslation/safestack_mem_ver6_nolocal_split_bitvector.c line 2732 function main thread 0
----------------------------------------------------
  thread_index=2 (0010)

State 604 file regression/pointertranslation/safestack_mem_ver6_nolocal_split_bitvector.c line 143 function guess_pc thread 0
----------------------------------------------------
  i=62 (00111110)

State 609 file regression/pointertranslation/safestack_mem_ver6_nolocal_split_bitvector.c line 2734 function main thread 0
----------------------------------------------------
  pc_cs=62 (000111110)

State 613 file regression/pointertranslation/safestack_mem_ver6_nolocal_split_bitvector.c line 2736 function main thread 0
----------------------------------------------------
  __csLOCALPARAM_thread_arg=NULL + 1 (0000000000000000000000000000000000000000000000000000000000000001)

State 615 file regression/pointertranslation/safestack_mem_ver6_nolocal_split_bitvector.c line 1026 function thread_1 thread 0
----------------------------------------------------
  __csLOCAL_thread_idx=1 (00000000000000000000000000000001)

State 616 file regression/pointertranslation/safestack_mem_ver6_nolocal_split_bitvector.c line 1027 function thread_1 thread 0
----------------------------------------------------
  __csLOCAL_thread_i=0 (0000000000000000000000000000000000000000000000000000000000000000)

State 621 file regression/pointertranslation/safestack_mem_ver6_nolocal_split_bitvector.c line 1034 function thread_1 thread 0
----------------------------------------------------
  __csLOCALPARAM___CS_atomic_load_obj=3 (0011)

State 625 file regression/pointertranslation/safestack_mem_ver6_nolocal_split_bitvector.c line 1034 function thread_1 thread 0
----------------------------------------------------
  __csLOCAL_Pop___while_cond_0=TRUE (00000001)

State 631 file regression/pointertranslation/safestack_mem_ver6_nolocal_split_bitvector.c line 1042 function thread_1 thread 0
----------------------------------------------------
  __csLOCALPARAM___CS_atomic_load_obj=2 (0010)

State 635 file regression/pointertranslation/safestack_mem_ver6_nolocal_split_bitvector.c line 1042 function thread_1 thread 0
----------------------------------------------------
  __csLOCAL_Pop_head1=0 (00000000000000000000000000000000)

State 640 file regression/pointertranslation/safestack_mem_ver6_nolocal_split_bitvector.c line 1044 function thread_1 thread 0
----------------------------------------------------
  __csLOCALPARAM___CS_atomic_exchange_obj=7 (0111)

State 641 file regression/pointertranslation/safestack_mem_ver6_nolocal_split_bitvector.c line 1044 function thread_1 thread 0
----------------------------------------------------
  __csLOCALPARAM___CS_atomic_exchange_v=-1 (1111)

State 642 file regression/pointertranslation/safestack_mem_ver6_nolocal_split_bitvector.c line 163 function __CS_atomic_exchange thread 0
----------------------------------------------------
  __csLOCAL___CS_atomic_exchange_t=1 (0001)

State 643 file regression/pointertranslation/safestack_mem_ver6_nolocal_split_bitvector.c line 164 function __CS_atomic_exchange thread 0
----------------------------------------------------
  MEMORY_VALUE[7]=-1 (1111)

State 647 file regression/pointertranslation/safestack_mem_ver6_nolocal_split_bitvector.c line 1044 function thread_1 thread 0
----------------------------------------------------
  __csLOCAL_Pop_next1=1 (00000000000000000000000000000001)

State 649 file regression/pointertranslation/safestack_mem_ver6_nolocal_split_bitvector.c line 1048 function thread_1 thread 0
----------------------------------------------------
  __csLOCAL_Pop_head2=0 (00000000000000000000000000000000)

State 653 file regression/pointertranslation/safestack_mem_ver6_nolocal_split_bitvector.c line 1050 function thread_1 thread 0
----------------------------------------------------
  __csLOCALPARAM___CS_atomic_compare_and_exchange_obj=2 (0010)

State 654 file regression/pointertranslation/safestack_mem_ver6_nolocal_split_bitvector.c line 1050 function thread_1 thread 0
----------------------------------------------------
  __csLOCALPARAM___CS_atomic_compare_and_exchange_expected=&__csLOCAL_Pop_head2 (0001101000000000000000000000000000000000000000000000000000000000)

State 655 file regression/pointertranslation/safestack_mem_ver6_nolocal_split_bitvector.c line 1050 function thread_1 thread 0
----------------------------------------------------
  __csLOCALPARAM___CS_atomic_compare_and_exchange_desired=1 (0001)

State 657 file regression/pointertranslation/safestack_mem_ver6_nolocal_split_bitvector.c line 172 function __CS_atomic_compare_and_exchange thread 0
----------------------------------------------------
  MEMORY_VALUE[2]=1 (0001)

State 661 file regression/pointertranslation/safestack_mem_ver6_nolocal_split_bitvector.c line 1050 function thread_1 thread 0
----------------------------------------------------
  __csLOCAL_Pop___if_cond_0=TRUE (00000001)

State 666 file regression/pointertranslation/safestack_mem_ver6_nolocal_split_bitvector.c line 1053 function thread_1 thread 0
----------------------------------------------------
  __csLOCALPARAM___CS_atomic_fetch_sub_obj=3 (0011)

State 667 file regression/pointertranslation/safestack_mem_ver6_nolocal_split_bitvector.c line 1053 function thread_1 thread 0
----------------------------------------------------
  __csLOCALPARAM___CS_atomic_fetch_sub_v=1 (0001)

State 668 file regression/pointertranslation/safestack_mem_ver6_nolocal_split_bitvector.c line 194 function __CS_atomic_fetch_sub thread 0
----------------------------------------------------
  __csLOCAL___CS_atomic_fetch_sub_old=3 (0011)

State 669 file regression/pointertranslation/safestack_mem_ver6_nolocal_split_bitvector.c line 195 function __CS_atomic_fetch_sub thread 0
----------------------------------------------------
  MEMORY_VALUE[3]=2 (0010)

State 672 file regression/pointertranslation/safestack_mem_ver6_nolocal_split_bitvector.c line 1054 function thread_1 thread 0
----------------------------------------------------
  __retval__Pop_1=0 (00000000000000000000000000000000)

State 675 file regression/pointertranslation/safestack_mem_ver6_nolocal_split_bitvector.c line 1136 function thread_1 thread 0
----------------------------------------------------
  __csLOCAL_thread_elem=0 (00000000000000000000000000000000)

State 679 file regression/pointertranslation/safestack_mem_ver6_nolocal_split_bitvector.c line 1372 function thread_1 thread 0
----------------------------------------------------
  MEMORY_VALUE[4]=1 (0001)

State 682 file regression/pointertranslation/safestack_mem_ver6_nolocal_split_bitvector.c line 1376 function thread_1 thread 0
----------------------------------------------------
  __csLOCALPARAM_Push_index=0 (00000000000000000000000000000000)

State 687 file regression/pointertranslation/safestack_mem_ver6_nolocal_split_bitvector.c line 1378 function thread_1 thread 0
----------------------------------------------------
  __csLOCALPARAM___CS_atomic_load_obj=2 (0010)

State 691 file regression/pointertranslation/safestack_mem_ver6_nolocal_split_bitvector.c line 1378 function thread_1 thread 0
----------------------------------------------------
  __csLOCAL_Push_head1=1 (00000000000000000000000000000001)

State 692 file regression/pointertranslation/safestack_mem_ver6_nolocal_split_bitvector.c line 1381 function thread_1 thread 0
----------------------------------------------------
  __csLOCAL_Push___cs_dowhile_onetime_1=0 (00000000000000000000000000000000)

State 696 file regression/pointertranslation/safestack_mem_ver6_nolocal_split_bitvector.c line 1383 function thread_1 thread 0
----------------------------------------------------
  __csLOCALPARAM___CS_atomic_store_obj=7 (0111)

State 697 file regression/pointertranslation/safestack_mem_ver6_nolocal_split_bitvector.c line 1383 function thread_1 thread 0
----------------------------------------------------
  __csLOCALPARAM___CS_atomic_store_v=1 (0001)

State 698 file regression/pointertranslation/safestack_mem_ver6_nolocal_split_bitvector.c line 152 function __CS_atomic_store thread 0
----------------------------------------------------
  MEMORY_VALUE[7]=1 (0001)

State 700 file regression/pointertranslation/safestack_mem_ver6_nolocal_split_bitvector.c line 1385 function thread_1 thread 0
----------------------------------------------------
  __csLOCAL_Push___cs_dowhile_onetime_1=1 (00000000000000000000000000000001)

State 782 file regression/pointertranslation/safestack_mem_ver6_nolocal_split_bitvector.c line 2737 function main thread 0
----------------------------------------------------
  pc[2]=62 (00111110)

State 783 file regression/pointertranslation/safestack_mem_ver6_nolocal_split_bitvector.c line 2740 function main thread 0
----------------------------------------------------
  thread_index=3 (0011)

State 788 file regression/pointertranslation/safestack_mem_ver6_nolocal_split_bitvector.c line 143 function guess_pc thread 0
----------------------------------------------------
  i=5 (00000101)

State 793 file regression/pointertranslation/safestack_mem_ver6_nolocal_split_bitvector.c line 2742 function main thread 0
----------------------------------------------------
  pc_cs=5 (000000101)

State 797 file regression/pointertranslation/safestack_mem_ver6_nolocal_split_bitvector.c line 2744 function main thread 0
----------------------------------------------------
  __csLOCALPARAM_thread_arg=NULL + 2 (0000000000000000000000000000000000000000000000000000000000000010)

State 799 file regression/pointertranslation/safestack_mem_ver6_nolocal_split_bitvector.c line 1843 function thread_2 thread 0
----------------------------------------------------
  __csLOCAL_thread_idx=2 (00000000000000000000000000000010)

State 800 file regression/pointertranslation/safestack_mem_ver6_nolocal_split_bitvector.c line 1844 function thread_2 thread 0
----------------------------------------------------
  __csLOCAL_thread_i=0 (0000000000000000000000000000000000000000000000000000000000000000)

State 805 file regression/pointertranslation/safestack_mem_ver6_nolocal_split_bitvector.c line 1851 function thread_2 thread 0
----------------------------------------------------
  __csLOCALPARAM___CS_atomic_load_obj=3 (0011)

State 809 file regression/pointertranslation/safestack_mem_ver6_nolocal_split_bitvector.c line 1851 function thread_2 thread 0
----------------------------------------------------
  __csLOCAL_Pop___while_cond_0=TRUE (00000001)

State 815 file regression/pointertranslation/safestack_mem_ver6_nolocal_split_bitvector.c line 1859 function thread_2 thread 0
----------------------------------------------------
  __csLOCALPARAM___CS_atomic_load_obj=2 (0010)

State 819 file regression/pointertranslation/safestack_mem_ver6_nolocal_split_bitvector.c line 1859 function thread_2 thread 0
----------------------------------------------------
  __csLOCAL_Pop_head1=1 (00000000000000000000000000000001)

State 824 file regression/pointertranslation/safestack_mem_ver6_nolocal_split_bitvector.c line 1861 function thread_2 thread 0
----------------------------------------------------
  __csLOCALPARAM___CS_atomic_exchange_obj=8 (1000)

State 825 file regression/pointertranslation/safestack_mem_ver6_nolocal_split_bitvector.c line 1861 function thread_2 thread 0
----------------------------------------------------
  __csLOCALPARAM___CS_atomic_exchange_v=-1 (1111)

State 826 file regression/pointertranslation/safestack_mem_ver6_nolocal_split_bitvector.c line 163 function __CS_atomic_exchange thread 0
----------------------------------------------------
  __csLOCAL___CS_atomic_exchange_t=2 (0010)

State 827 file regression/pointertranslation/safestack_mem_ver6_nolocal_split_bitvector.c line 164 function __CS_atomic_exchange thread 0
----------------------------------------------------
  MEMORY_VALUE[8]=-1 (1111)

State 831 file regression/pointertranslation/safestack_mem_ver6_nolocal_split_bitvector.c line 1861 function thread_2 thread 0
----------------------------------------------------
  __csLOCAL_Pop_next1=2 (00000000000000000000000000000010)

State 833 file regression/pointertranslation/safestack_mem_ver6_nolocal_split_bitvector.c line 1865 function thread_2 thread 0
----------------------------------------------------
  __csLOCAL_Pop_head2=1 (00000000000000000000000000000001)

State 837 file regression/pointertranslation/safestack_mem_ver6_nolocal_split_bitvector.c line 1867 function thread_2 thread 0
----------------------------------------------------
  __csLOCALPARAM___CS_atomic_compare_and_exchange_obj=2 (0010)

State 838 file regression/pointertranslation/safestack_mem_ver6_nolocal_split_bitvector.c line 1867 function thread_2 thread 0
----------------------------------------------------
  __csLOCALPARAM___CS_atomic_compare_and_exchange_expected=&__csLOCAL_Pop_head2 (0010111000000000000000000000000000000000000000000000000000000000)

State 839 file regression/pointertranslation/safestack_mem_ver6_nolocal_split_bitvector.c line 1867 function thread_2 thread 0
----------------------------------------------------
  __csLOCALPARAM___CS_atomic_compare_and_exchange_desired=2 (0010)

State 841 file regression/pointertranslation/safestack_mem_ver6_nolocal_split_bitvector.c line 172 function __CS_atomic_compare_and_exchange thread 0
----------------------------------------------------
  MEMORY_VALUE[2]=2 (0010)

State 845 file regression/pointertranslation/safestack_mem_ver6_nolocal_split_bitvector.c line 1867 function thread_2 thread 0
----------------------------------------------------
  __csLOCAL_Pop___if_cond_0=TRUE (00000001)

State 984 file regression/pointertranslation/safestack_mem_ver6_nolocal_split_bitvector.c line 2745 function main thread 0
----------------------------------------------------
  pc[3]=5 (00000101)

State 985 file regression/pointertranslation/safestack_mem_ver6_nolocal_split_bitvector.c line 2749 function main thread 0
----------------------------------------------------
  thread_index=0 (0000)

State 990 file regression/pointertranslation/safestack_mem_ver6_nolocal_split_bitvector.c line 143 function guess_pc thread 0
----------------------------------------------------
  i=0 (00000000)

State 995 file regression/pointertranslation/safestack_mem_ver6_nolocal_split_bitvector.c line 2751 function main thread 0
----------------------------------------------------
  pc_cs=3 (000000011)

State 1008 file regression/pointertranslation/safestack_mem_ver6_nolocal_split_bitvector.c line 2754 function main thread 0
----------------------------------------------------
  pc[0]=3 (00000011)

State 1009 file regression/pointertranslation/safestack_mem_ver6_nolocal_split_bitvector.c line 2757 function main thread 0
----------------------------------------------------
  thread_index=1 (0001)

State 1014 file regression/pointertranslation/safestack_mem_ver6_nolocal_split_bitvector.c line 143 function guess_pc thread 0
----------------------------------------------------
  i=3 (00000011)

State 1019 file regression/pointertranslation/safestack_mem_ver6_nolocal_split_bitvector.c line 2759 function main thread 0
----------------------------------------------------
  pc_cs=6 (000000110)

State 1023 file regression/pointertranslation/safestack_mem_ver6_nolocal_split_bitvector.c line 2761 function main thread 0
----------------------------------------------------
  __csLOCALPARAM_thread_arg=NULL (0000000000000000000000000000000000000000000000000000000000000000)

State 1031 file regression/pointertranslation/safestack_mem_ver6_nolocal_split_bitvector.c line 225 function thread_0 thread 0
----------------------------------------------------
  __csLOCALPARAM___CS_atomic_exchange_obj=7 (0111)

State 1032 file regression/pointertranslation/safestack_mem_ver6_nolocal_split_bitvector.c line 225 function thread_0 thread 0
----------------------------------------------------
  __csLOCALPARAM___CS_atomic_exchange_v=-1 (1111)

State 1033 file regression/pointertranslation/safestack_mem_ver6_nolocal_split_bitvector.c line 163 function __CS_atomic_exchange thread 0
----------------------------------------------------
  __csLOCAL___CS_atomic_exchange_t=1 (0001)

State 1034 file regression/pointertranslation/safestack_mem_ver6_nolocal_split_bitvector.c line 164 function __CS_atomic_exchange thread 0
----------------------------------------------------
  MEMORY_VALUE[7]=-1 (1111)

State 1038 file regression/pointertranslation/safestack_mem_ver6_nolocal_split_bitvector.c line 225 function thread_0 thread 0
----------------------------------------------------
  __csLOCAL_Pop_next1=1 (00000000000000000000000000000001)

State 1040 file regression/pointertranslation/safestack_mem_ver6_nolocal_split_bitvector.c line 229 function thread_0 thread 0
----------------------------------------------------
  __csLOCAL_Pop_head2=0 (00000000000000000000000000000000)

State 1044 file regression/pointertranslation/safestack_mem_ver6_nolocal_split_bitvector.c line 231 function thread_0 thread 0
----------------------------------------------------
  __csLOCALPARAM___CS_atomic_compare_and_exchange_obj=2 (0010)

State 1045 file regression/pointertranslation/safestack_mem_ver6_nolocal_split_bitvector.c line 231 function thread_0 thread 0
----------------------------------------------------
  __csLOCALPARAM___CS_atomic_compare_and_exchange_expected=&__csLOCAL_Pop_head2 (0000011000000000000000000000000000000000000000000000000000000000)

State 1046 file regression/pointertranslation/safestack_mem_ver6_nolocal_split_bitvector.c line 231 function thread_0 thread 0
----------------------------------------------------
  __csLOCALPARAM___CS_atomic_compare_and_exchange_desired=1 (0001)

State 1048 file regression/pointertranslation/safestack_mem_ver6_nolocal_split_bitvector.c line 177 function __CS_atomic_compare_and_exchange thread 0
----------------------------------------------------
  __csLOCAL_Pop_head2=2 (00000000000000000000000000000010)

State 1052 file regression/pointertranslation/safestack_mem_ver6_nolocal_split_bitvector.c line 231 function thread_0 thread 0
----------------------------------------------------
  __csLOCAL_Pop___if_cond_0=FALSE (00000000)

State 1191 file regression/pointertranslation/safestack_mem_ver6_nolocal_split_bitvector.c line 2762 function main thread 0
----------------------------------------------------
  pc[1]=6 (00000110)

State 1192 file regression/pointertranslation/safestack_mem_ver6_nolocal_split_bitvector.c line 2765 function main thread 0
----------------------------------------------------
  thread_index=2 (0010)

State 1197 file regression/pointertranslation/safestack_mem_ver6_nolocal_split_bitvector.c line 143 function guess_pc thread 0
----------------------------------------------------
  i=11 (00001011)

State 1202 file regression/pointertranslation/safestack_mem_ver6_nolocal_split_bitvector.c line 2767 function main thread 0
----------------------------------------------------
  pc_cs=73 (001001001)

State 1206 file regression/pointertranslation/safestack_mem_ver6_nolocal_split_bitvector.c line 2769 function main thread 0
----------------------------------------------------
  __csLOCALPARAM_thread_arg=NULL + 1 (0000000000000000000000000000000000000000000000000000000000000001)

State 1273 file regression/pointertranslation/safestack_mem_ver6_nolocal_split_bitvector.c line 1390 function thread_1 thread 0
----------------------------------------------------
  __csLOCALPARAM___CS_atomic_compare_and_exchange_obj=2 (0010)

State 1274 file regression/pointertranslation/safestack_mem_ver6_nolocal_split_bitvector.c line 1390 function thread_1 thread 0
----------------------------------------------------
  __csLOCALPARAM___CS_atomic_compare_and_exchange_expected=&__csLOCAL_Push_head1 (0010001100000000000000000000000000000000000000000000000000000000)

State 1275 file regression/pointertranslation/safestack_mem_ver6_nolocal_split_bitvector.c line 1390 function thread_1 thread 0
----------------------------------------------------
  __csLOCALPARAM___CS_atomic_compare_and_exchange_desired=0 (0000)

State 1277 file regression/pointertranslation/safestack_mem_ver6_nolocal_split_bitvector.c line 177 function __CS_atomic_compare_and_exchange thread 0
----------------------------------------------------
  __csLOCAL_Push_head1=2 (00000000000000000000000000000010)

State 1282 file regression/pointertranslation/safestack_mem_ver6_nolocal_split_bitvector.c line 1390 function thread_1 thread 0
----------------------------------------------------
  __csLOCAL_Push___while_cond_1=TRUE (00000001)

State 1287 file regression/pointertranslation/safestack_mem_ver6_nolocal_split_bitvector.c line 1397 function thread_1 thread 0
----------------------------------------------------
  __csLOCALPARAM___CS_atomic_store_obj=7 (0111)

State 1288 file regression/pointertranslation/safestack_mem_ver6_nolocal_split_bitvector.c line 1397 function thread_1 thread 0
----------------------------------------------------
  __csLOCALPARAM___CS_atomic_store_v=2 (0010)

State 1289 file regression/pointertranslation/safestack_mem_ver6_nolocal_split_bitvector.c line 152 function __CS_atomic_store thread 0
----------------------------------------------------
  MEMORY_VALUE[7]=2 (0010)

State 1295 file regression/pointertranslation/safestack_mem_ver6_nolocal_split_bitvector.c line 1398 function thread_1 thread 0
----------------------------------------------------
  __csLOCALPARAM___CS_atomic_compare_and_exchange_obj=2 (0010)

State 1296 file regression/pointertranslation/safestack_mem_ver6_nolocal_split_bitvector.c line 1398 function thread_1 thread 0
----------------------------------------------------
  __csLOCALPARAM___CS_atomic_compare_and_exchange_expected=&__csLOCAL_Push_head1 (0010001100000000000000000000000000000000000000000000000000000000)

State 1297 file regression/pointertranslation/safestack_mem_ver6_nolocal_split_bitvector.c line 1398 function thread_1 thread 0
----------------------------------------------------
  __csLOCALPARAM___CS_atomic_compare_and_exchange_desired=0 (0000)

State 1299 file regression/pointertranslation/safestack_mem_ver6_nolocal_split_bitvector.c line 172 function __CS_atomic_compare_and_exchange thread 0
----------------------------------------------------
  MEMORY_VALUE[2]=0 (0000)

State 1304 file regression/pointertranslation/safestack_mem_ver6_nolocal_split_bitvector.c line 1398 function thread_1 thread 0
----------------------------------------------------
  __csLOCAL_Push___while_cond_1=FALSE (00000000)

State 1310 file regression/pointertranslation/safestack_mem_ver6_nolocal_split_bitvector.c line 1421 function thread_1 thread 0
----------------------------------------------------
  __csLOCALPARAM___CS_atomic_fetch_add_obj=3 (0011)

State 1311 file regression/pointertranslation/safestack_mem_ver6_nolocal_split_bitvector.c line 1421 function thread_1 thread 0
----------------------------------------------------
  __csLOCALPARAM___CS_atomic_fetch_add_v=1 (0001)

State 1312 file regression/pointertranslation/safestack_mem_ver6_nolocal_split_bitvector.c line 186 function __CS_atomic_fetch_add thread 0
----------------------------------------------------
  __csLOCAL___CS_atomic_fetch_add_old=2 (0010)

State 1313 file regression/pointertranslation/safestack_mem_ver6_nolocal_split_bitvector.c line 187 function __CS_atomic_fetch_add thread 0
----------------------------------------------------
  MEMORY_VALUE[3]=3 (0011)

State 1317 file regression/pointertranslation/safestack_mem_ver6_nolocal_split_bitvector.c line 1427 function thread_1 thread 0
----------------------------------------------------
  __csLOCAL_thread_i=1 (0000000000000000000000000000000000000000000000000000000000000001)

State 1322 file regression/pointertranslation/safestack_mem_ver6_nolocal_split_bitvector.c line 1434 function thread_1 thread 0
----------------------------------------------------
  __csLOCALPARAM___CS_atomic_load_obj=3 (0011)

State 1326 file regression/pointertranslation/safestack_mem_ver6_nolocal_split_bitvector.c line 1434 function thread_1 thread 0
----------------------------------------------------
  __csLOCAL_Pop___while_cond_0=TRUE (00000001)

State 1332 file regression/pointertranslation/safestack_mem_ver6_nolocal_split_bitvector.c line 1442 function thread_1 thread 0
----------------------------------------------------
  __csLOCALPARAM___CS_atomic_load_obj=2 (0010)

State 1336 file regression/pointertranslation/safestack_mem_ver6_nolocal_split_bitvector.c line 1442 function thread_1 thread 0
----------------------------------------------------
  __csLOCAL_Pop_head1=0 (00000000000000000000000000000000)

State 1341 file regression/pointertranslation/safestack_mem_ver6_nolocal_split_bitvector.c line 1444 function thread_1 thread 0
----------------------------------------------------
  __csLOCALPARAM___CS_atomic_exchange_obj=7 (0111)

State 1342 file regression/pointertranslation/safestack_mem_ver6_nolocal_split_bitvector.c line 1444 function thread_1 thread 0
----------------------------------------------------
  __csLOCALPARAM___CS_atomic_exchange_v=-1 (1111)

State 1343 file regression/pointertranslation/safestack_mem_ver6_nolocal_split_bitvector.c line 163 function __CS_atomic_exchange thread 0
----------------------------------------------------
  __csLOCAL___CS_atomic_exchange_t=2 (0010)

State 1344 file regression/pointertranslation/safestack_mem_ver6_nolocal_split_bitvector.c line 164 function __CS_atomic_exchange thread 0
----------------------------------------------------
  MEMORY_VALUE[7]=-1 (1111)

State 1348 file regression/pointertranslation/safestack_mem_ver6_nolocal_split_bitvector.c line 1444 function thread_1 thread 0
----------------------------------------------------
  __csLOCAL_Pop_next1=2 (00000000000000000000000000000010)

State 1350 file regression/pointertranslation/safestack_mem_ver6_nolocal_split_bitvector.c line 1448 function thread_1 thread 0
----------------------------------------------------
  __csLOCAL_Pop_head2=0 (00000000000000000000000000000000)

State 1420 file regression/pointertranslation/safestack_mem_ver6_nolocal_split_bitvector.c line 2770 function main thread 0
----------------------------------------------------
  pc[2]=73 (01001001)

State 1421 file regression/pointertranslation/safestack_mem_ver6_nolocal_split_bitvector.c line 2773 function main thread 0
----------------------------------------------------
  thread_index=3 (0011)

State 1426 file regression/pointertranslation/safestack_mem_ver6_nolocal_split_bitvector.c line 143 function guess_pc thread 0
----------------------------------------------------
  i=57 (00111001)

State 1431 file regression/pointertranslation/safestack_mem_ver6_nolocal_split_bitvector.c line 2775 function main thread 0
----------------------------------------------------
  pc_cs=62 (000111110)

State 1435 file regression/pointertranslation/safestack_mem_ver6_nolocal_split_bitvector.c line 2777 function main thread 0
----------------------------------------------------
  __csLOCALPARAM_thread_arg=NULL + 2 (0000000000000000000000000000000000000000000000000000000000000010)

State 1444 file regression/pointertranslation/safestack_mem_ver6_nolocal_split_bitvector.c line 1870 function thread_2 thread 0
----------------------------------------------------
  __csLOCALPARAM___CS_atomic_fetch_sub_obj=3 (0011)

State 1445 file regression/pointertranslation/safestack_mem_ver6_nolocal_split_bitvector.c line 1870 function thread_2 thread 0
----------------------------------------------------
  __csLOCALPARAM___CS_atomic_fetch_sub_v=1 (0001)

State 1446 file regression/pointertranslation/safestack_mem_ver6_nolocal_split_bitvector.c line 194 function __CS_atomic_fetch_sub thread 0
----------------------------------------------------
  __csLOCAL___CS_atomic_fetch_sub_old=3 (0011)

State 1447 file regression/pointertranslation/safestack_mem_ver6_nolocal_split_bitvector.c line 195 function __CS_atomic_fetch_sub thread 0
----------------------------------------------------
  MEMORY_VALUE[3]=2 (0010)

State 1450 file regression/pointertranslation/safestack_mem_ver6_nolocal_split_bitvector.c line 1871 function thread_2 thread 0
----------------------------------------------------
  __retval__Pop_1=1 (00000000000000000000000000000001)

State 1453 file regression/pointertranslation/safestack_mem_ver6_nolocal_split_bitvector.c line 1953 function thread_2 thread 0
----------------------------------------------------
  __csLOCAL_thread_elem=1 (00000000000000000000000000000001)

State 1457 file regression/pointertranslation/safestack_mem_ver6_nolocal_split_bitvector.c line 2189 function thread_2 thread 0
----------------------------------------------------
  MEMORY_VALUE[5]=2 (0010)

State 1460 file regression/pointertranslation/safestack_mem_ver6_nolocal_split_bitvector.c line 2193 function thread_2 thread 0
----------------------------------------------------
  __csLOCALPARAM_Push_index=1 (00000000000000000000000000000001)

State 1465 file regression/pointertranslation/safestack_mem_ver6_nolocal_split_bitvector.c line 2195 function thread_2 thread 0
----------------------------------------------------
  __csLOCALPARAM___CS_atomic_load_obj=2 (0010)

State 1469 file regression/pointertranslation/safestack_mem_ver6_nolocal_split_bitvector.c line 2195 function thread_2 thread 0
----------------------------------------------------
  __csLOCAL_Push_head1=0 (00000000000000000000000000000000)

State 1470 file regression/pointertranslation/safestack_mem_ver6_nolocal_split_bitvector.c line 2198 function thread_2 thread 0
----------------------------------------------------
  __csLOCAL_Push___cs_dowhile_onetime_1=0 (00000000000000000000000000000000)

State 1474 file regression/pointertranslation/safestack_mem_ver6_nolocal_split_bitvector.c line 2200 function thread_2 thread 0
----------------------------------------------------
  __csLOCALPARAM___CS_atomic_store_obj=8 (1000)

State 1475 file regression/pointertranslation/safestack_mem_ver6_nolocal_split_bitvector.c line 2200 function thread_2 thread 0
----------------------------------------------------
  __csLOCALPARAM___CS_atomic_store_v=0 (0000)

State 1476 file regression/pointertranslation/safestack_mem_ver6_nolocal_split_bitvector.c line 152 function __CS_atomic_store thread 0
----------------------------------------------------
  MEMORY_VALUE[8]=0 (0000)

State 1478 file regression/pointertranslation/safestack_mem_ver6_nolocal_split_bitvector.c line 2202 function thread_2 thread 0
----------------------------------------------------
  __csLOCAL_Push___cs_dowhile_onetime_1=1 (00000000000000000000000000000001)

State 1561 file regression/pointertranslation/safestack_mem_ver6_nolocal_split_bitvector.c line 2778 function main thread 0
----------------------------------------------------
  pc[3]=62 (00111110)

State 1562 file regression/pointertranslation/safestack_mem_ver6_nolocal_split_bitvector.c line 2782 function main thread 0
----------------------------------------------------
  thread_index=0 (0000)

State 1567 file regression/pointertranslation/safestack_mem_ver6_nolocal_split_bitvector.c line 143 function guess_pc thread 0
----------------------------------------------------
  i=0 (00000000)

State 1572 file regression/pointertranslation/safestack_mem_ver6_nolocal_split_bitvector.c line 2784 function main thread 0
----------------------------------------------------
  pc_cs=3 (000000011)

State 1585 file regression/pointertranslation/safestack_mem_ver6_nolocal_split_bitvector.c line 2787 function main thread 0
----------------------------------------------------
  pc[0]=3 (00000011)

State 1586 file regression/pointertranslation/safestack_mem_ver6_nolocal_split_bitvector.c line 2790 function main thread 0
----------------------------------------------------
  thread_index=1 (0001)

State 1591 file regression/pointertranslation/safestack_mem_ver6_nolocal_split_bitvector.c line 143 function guess_pc thread 0
----------------------------------------------------
  i=5 (00000101)

State 1596 file regression/pointertranslation/safestack_mem_ver6_nolocal_split_bitvector.c line 2792 function main thread 0
----------------------------------------------------
  pc_cs=11 (000001011)

State 1600 file regression/pointertranslation/safestack_mem_ver6_nolocal_split_bitvector.c line 2794 function main thread 0
----------------------------------------------------
  __csLOCALPARAM_thread_arg=NULL (0000000000000000000000000000000000000000000000000000000000000000)

State 1610 file regression/pointertranslation/safestack_mem_ver6_nolocal_split_bitvector.c line 240 function thread_0 thread 0
----------------------------------------------------
  __csLOCALPARAM___CS_atomic_exchange_obj=7 (0111)

State 1611 file regression/pointertranslation/safestack_mem_ver6_nolocal_split_bitvector.c line 240 function thread_0 thread 0
----------------------------------------------------
  __csLOCALPARAM___CS_atomic_exchange_v=1 (0001)

State 1612 file regression/pointertranslation/safestack_mem_ver6_nolocal_split_bitvector.c line 163 function __CS_atomic_exchange thread 0
----------------------------------------------------
  __csLOCAL___CS_atomic_exchange_t=-1 (1111)

State 1613 file regression/pointertranslation/safestack_mem_ver6_nolocal_split_bitvector.c line 164 function __CS_atomic_exchange thread 0
----------------------------------------------------
  MEMORY_VALUE[7]=1 (0001)

State 1622 file regression/pointertranslation/safestack_mem_ver6_nolocal_split_bitvector.c line 245 function thread_0 thread 0
----------------------------------------------------
  __csLOCALPARAM___CS_atomic_load_obj=3 (0011)

State 1626 file regression/pointertranslation/safestack_mem_ver6_nolocal_split_bitvector.c line 245 function thread_0 thread 0
----------------------------------------------------
  __csLOCAL_Pop___while_cond_0=TRUE (00000001)

State 1632 file regression/pointertranslation/safestack_mem_ver6_nolocal_split_bitvector.c line 254 function thread_0 thread 0
----------------------------------------------------
  __csLOCALPARAM___CS_atomic_load_obj=2 (0010)

State 1636 file regression/pointertranslation/safestack_mem_ver6_nolocal_split_bitvector.c line 254 function thread_0 thread 0
----------------------------------------------------
  __csLOCAL_Pop_head1=0 (00000000000000000000000000000000)

State 1641 file regression/pointertranslation/safestack_mem_ver6_nolocal_split_bitvector.c line 256 function thread_0 thread 0
----------------------------------------------------
  __csLOCALPARAM___CS_atomic_exchange_obj=7 (0111)

State 1642 file regression/pointertranslation/safestack_mem_ver6_nolocal_split_bitvector.c line 256 function thread_0 thread 0
----------------------------------------------------
  __csLOCALPARAM___CS_atomic_exchange_v=-1 (1111)

State 1643 file regression/pointertranslation/safestack_mem_ver6_nolocal_split_bitvector.c line 163 function __CS_atomic_exchange thread 0
----------------------------------------------------
  __csLOCAL___CS_atomic_exchange_t=1 (0001)

State 1644 file regression/pointertranslation/safestack_mem_ver6_nolocal_split_bitvector.c line 164 function __CS_atomic_exchange thread 0
----------------------------------------------------
  MEMORY_VALUE[7]=-1 (1111)

State 1648 file regression/pointertranslation/safestack_mem_ver6_nolocal_split_bitvector.c line 256 function thread_0 thread 0
----------------------------------------------------
  __csLOCAL_Pop_next1=1 (00000000000000000000000000000001)

State 1650 file regression/pointertranslation/safestack_mem_ver6_nolocal_split_bitvector.c line 260 function thread_0 thread 0
----------------------------------------------------
  __csLOCAL_Pop_head2=0 (00000000000000000000000000000000)

State 1654 file regression/pointertranslation/safestack_mem_ver6_nolocal_split_bitvector.c line 262 function thread_0 thread 0
----------------------------------------------------
  __csLOCALPARAM___CS_atomic_compare_and_exchange_obj=2 (0010)

State 1655 file regression/pointertranslation/safestack_mem_ver6_nolocal_split_bitvector.c line 262 function thread_0 thread 0
----------------------------------------------------
  __csLOCALPARAM___CS_atomic_compare_and_exchange_expected=&__csLOCAL_Pop_head2 (0000011100000000000000000000000000000000000000000000000000000000)

State 1656 file regression/pointertranslation/safestack_mem_ver6_nolocal_split_bitvector.c line 262 function thread_0 thread 0
----------------------------------------------------
  __csLOCALPARAM___CS_atomic_compare_and_exchange_desired=1 (0001)

State 1658 file regression/pointertranslation/safestack_mem_ver6_nolocal_split_bitvector.c line 172 function __CS_atomic_compare_and_exchange thread 0
----------------------------------------------------
  MEMORY_VALUE[2]=1 (0001)

State 1662 file regression/pointertranslation/safestack_mem_ver6_nolocal_split_bitvector.c line 262 function thread_0 thread 0
----------------------------------------------------
  __csLOCAL_Pop___if_cond_0=TRUE (00000001)

State 1795 file regression/pointertranslation/safestack_mem_ver6_nolocal_split_bitvector.c line 2795 function main thread 0
----------------------------------------------------
  pc[1]=11 (00001011)

State 1796 file regression/pointertranslation/safestack_mem_ver6_nolocal_split_bitvector.c line 2798 function main thread 0
----------------------------------------------------
  thread_index=2 (0010)

State 1801 file regression/pointertranslation/safestack_mem_ver6_nolocal_split_bitvector.c line 143 function guess_pc thread 0
----------------------------------------------------
  i=6 (00000110)

State 1806 file regression/pointertranslation/safestack_mem_ver6_nolocal_split_bitvector.c line 2800 function main thread 0
----------------------------------------------------
  pc_cs=79 (001001111)

State 1810 file regression/pointertranslation/safestack_mem_ver6_nolocal_split_bitvector.c line 2802 function main thread 0
----------------------------------------------------
  __csLOCALPARAM_thread_arg=NULL + 1 (0000000000000000000000000000000000000000000000000000000000000001)

State 1887 file regression/pointertranslation/safestack_mem_ver6_nolocal_split_bitvector.c line 1450 function thread_1 thread 0
----------------------------------------------------
  __csLOCALPARAM___CS_atomic_compare_and_exchange_obj=2 (0010)

State 1888 file regression/pointertranslation/safestack_mem_ver6_nolocal_split_bitvector.c line 1450 function thread_1 thread 0
----------------------------------------------------
  __csLOCALPARAM___CS_atomic_compare_and_exchange_expected=&__csLOCAL_Pop_head2 (0010010000000000000000000000000000000000000000000000000000000000)

State 1889 file regression/pointertranslation/safestack_mem_ver6_nolocal_split_bitvector.c line 1450 function thread_1 thread 0
----------------------------------------------------
  __csLOCALPARAM___CS_atomic_compare_and_exchange_desired=2 (0010)

State 1891 file regression/pointertranslation/safestack_mem_ver6_nolocal_split_bitvector.c line 177 function __CS_atomic_compare_and_exchange thread 0
----------------------------------------------------
  __csLOCAL_Pop_head2=1 (00000000000000000000000000000001)

State 1895 file regression/pointertranslation/safestack_mem_ver6_nolocal_split_bitvector.c line 1450 function thread_1 thread 0
----------------------------------------------------
  __csLOCAL_Pop___if_cond_0=FALSE (00000000)

State 1901 file regression/pointertranslation/safestack_mem_ver6_nolocal_split_bitvector.c line 1459 function thread_1 thread 0
----------------------------------------------------
  __csLOCALPARAM___CS_atomic_exchange_obj=7 (0111)

State 1902 file regression/pointertranslation/safestack_mem_ver6_nolocal_split_bitvector.c line 1459 function thread_1 thread 0
----------------------------------------------------
  __csLOCALPARAM___CS_atomic_exchange_v=2 (0010)

State 1903 file regression/pointertranslation/safestack_mem_ver6_nolocal_split_bitvector.c line 163 function __CS_atomic_exchange thread 0
----------------------------------------------------
  __csLOCAL___CS_atomic_exchange_t=-1 (1111)

State 1904 file regression/pointertranslation/safestack_mem_ver6_nolocal_split_bitvector.c line 164 function __CS_atomic_exchange thread 0
----------------------------------------------------
  MEMORY_VALUE[7]=2 (0010)

State 1913 file regression/pointertranslation/safestack_mem_ver6_nolocal_split_bitvector.c line 1464 function thread_1 thread 0
----------------------------------------------------
  __csLOCALPARAM___CS_atomic_load_obj=3 (0011)

State 1917 file regression/pointertranslation/safestack_mem_ver6_nolocal_split_bitvector.c line 1464 function thread_1 thread 0
----------------------------------------------------
  __csLOCAL_Pop___while_cond_0=TRUE (00000001)

State 1923 file regression/pointertranslation/safestack_mem_ver6_nolocal_split_bitvector.c line 1473 function thread_1 thread 0
----------------------------------------------------
  __csLOCALPARAM___CS_atomic_load_obj=2 (0010)

State 1927 file regression/pointertranslation/safestack_mem_ver6_nolocal_split_bitvector.c line 1473 function thread_1 thread 0
----------------------------------------------------
  __csLOCAL_Pop_head1=1 (00000000000000000000000000000001)

State 1932 file regression/pointertranslation/safestack_mem_ver6_nolocal_split_bitvector.c line 1475 function thread_1 thread 0
----------------------------------------------------
  __csLOCALPARAM___CS_atomic_exchange_obj=8 (1000)

State 1933 file regression/pointertranslation/safestack_mem_ver6_nolocal_split_bitvector.c line 1475 function thread_1 thread 0
----------------------------------------------------
  __csLOCALPARAM___CS_atomic_exchange_v=-1 (1111)

State 1934 file regression/pointertranslation/safestack_mem_ver6_nolocal_split_bitvector.c line 163 function __CS_atomic_exchange thread 0
----------------------------------------------------
  __csLOCAL___CS_atomic_exchange_t=0 (0000)

State 1935 file regression/pointertranslation/safestack_mem_ver6_nolocal_split_bitvector.c line 164 function __CS_atomic_exchange thread 0
----------------------------------------------------
  MEMORY_VALUE[8]=-1 (1111)

State 1939 file regression/pointertranslation/safestack_mem_ver6_nolocal_split_bitvector.c line 1475 function thread_1 thread 0
----------------------------------------------------
  __csLOCAL_Pop_next1=0 (00000000000000000000000000000000)

State 1941 file regression/pointertranslation/safestack_mem_ver6_nolocal_split_bitvector.c line 1479 function thread_1 thread 0
----------------------------------------------------
  __csLOCAL_Pop_head2=1 (00000000000000000000000000000001)

State 2005 file regression/pointertranslation/safestack_mem_ver6_nolocal_split_bitvector.c line 2803 function main thread 0
----------------------------------------------------
  pc[2]=79 (01001111)

State 2006 file regression/pointertranslation/safestack_mem_ver6_nolocal_split_bitvector.c line 2806 function main thread 0
----------------------------------------------------
  thread_index=3 (0011)

State 2011 file regression/pointertranslation/safestack_mem_ver6_nolocal_split_bitvector.c line 143 function guess_pc thread 0
----------------------------------------------------
  i=66 (01000010)

State 2016 file regression/pointertranslation/safestack_mem_ver6_nolocal_split_bitvector.c line 2808 function main thread 0
----------------------------------------------------
  pc_cs=128 (010000000)

State 2020 file regression/pointertranslation/safestack_mem_ver6_nolocal_split_bitvector.c line 2810 function main thread 0
----------------------------------------------------
  __csLOCALPARAM_thread_arg=NULL + 2 (0000000000000000000000000000000000000000000000000000000000000010)

State 2087 file regression/pointertranslation/safestack_mem_ver6_nolocal_split_bitvector.c line 2207 function thread_2 thread 0
----------------------------------------------------
  __csLOCALPARAM___CS_atomic_compare_and_exchange_obj=2 (0010)

State 2088 file regression/pointertranslation/safestack_mem_ver6_nolocal_split_bitvector.c line 2207 function thread_2 thread 0
----------------------------------------------------
  __csLOCALPARAM___CS_atomic_compare_and_exchange_expected=&__csLOCAL_Push_head1 (0011011100000000000000000000000000000000000000000000000000000000)

State 2089 file regression/pointertranslation/safestack_mem_ver6_nolocal_split_bitvector.c line 2207 function thread_2 thread 0
----------------------------------------------------
  __csLOCALPARAM___CS_atomic_compare_and_exchange_desired=1 (0001)

State 2091 file regression/pointertranslation/safestack_mem_ver6_nolocal_split_bitvector.c line 177 function __CS_atomic_compare_and_exchange thread 0
----------------------------------------------------
  __csLOCAL_Push_head1=1 (00000000000000000000000000000001)

State 2096 file regression/pointertranslation/safestack_mem_ver6_nolocal_split_bitvector.c line 2207 function thread_2 thread 0
----------------------------------------------------
  __csLOCAL_Push___while_cond_1=TRUE (00000001)

State 2101 file regression/pointertranslation/safestack_mem_ver6_nolocal_split_bitvector.c line 2214 function thread_2 thread 0
----------------------------------------------------
  __csLOCALPARAM___CS_atomic_store_obj=8 (1000)

State 2102 file regression/pointertranslation/safestack_mem_ver6_nolocal_split_bitvector.c line 2214 function thread_2 thread 0
----------------------------------------------------
  __csLOCALPARAM___CS_atomic_store_v=1 (0001)

State 2103 file regression/pointertranslation/safestack_mem_ver6_nolocal_split_bitvector.c line 152 function __CS_atomic_store thread 0
----------------------------------------------------
  MEMORY_VALUE[8]=1 (0001)

State 2109 file regression/pointertranslation/safestack_mem_ver6_nolocal_split_bitvector.c line 2215 function thread_2 thread 0
----------------------------------------------------
  __csLOCALPARAM___CS_atomic_compare_and_exchange_obj=2 (0010)

State 2110 file regression/pointertranslation/safestack_mem_ver6_nolocal_split_bitvector.c line 2215 function thread_2 thread 0
----------------------------------------------------
  __csLOCALPARAM___CS_atomic_compare_and_exchange_expected=&__csLOCAL_Push_head1 (0011011100000000000000000000000000000000000000000000000000000000)

State 2111 file regression/pointertranslation/safestack_mem_ver6_nolocal_split_bitvector.c line 2215 function thread_2 thread 0
----------------------------------------------------
  __csLOCALPARAM___CS_atomic_compare_and_exchange_desired=1 (0001)

State 2113 file regression/pointertranslation/safestack_mem_ver6_nolocal_split_bitvector.c line 172 function __CS_atomic_compare_and_exchange thread 0
----------------------------------------------------
  MEMORY_VALUE[2]=1 (0001)

State 2118 file regression/pointertranslation/safestack_mem_ver6_nolocal_split_bitvector.c line 2215 function thread_2 thread 0
----------------------------------------------------
  __csLOCAL_Push___while_cond_1=FALSE (00000000)

State 2124 file regression/pointertranslation/safestack_mem_ver6_nolocal_split_bitvector.c line 2238 function thread_2 thread 0
----------------------------------------------------
  __csLOCALPARAM___CS_atomic_fetch_add_obj=3 (0011)

State 2125 file regression/pointertranslation/safestack_mem_ver6_nolocal_split_bitvector.c line 2238 function thread_2 thread 0
----------------------------------------------------
  __csLOCALPARAM___CS_atomic_fetch_add_v=1 (0001)

State 2126 file regression/pointertranslation/safestack_mem_ver6_nolocal_split_bitvector.c line 186 function __CS_atomic_fetch_add thread 0
----------------------------------------------------
  __csLOCAL___CS_atomic_fetch_add_old=2 (0010)

State 2127 file regression/pointertranslation/safestack_mem_ver6_nolocal_split_bitvector.c line 187 function __CS_atomic_fetch_add thread 0
----------------------------------------------------
  MEMORY_VALUE[3]=3 (0011)

State 2131 file regression/pointertranslation/safestack_mem_ver6_nolocal_split_bitvector.c line 2244 function thread_2 thread 0
----------------------------------------------------
  __csLOCAL_thread_i=1 (0000000000000000000000000000000000000000000000000000000000000001)

State 2136 file regression/pointertranslation/safestack_mem_ver6_nolocal_split_bitvector.c line 2251 function thread_2 thread 0
----------------------------------------------------
  __csLOCALPARAM___CS_atomic_load_obj=3 (0011)

State 2140 file regression/pointertranslation/safestack_mem_ver6_nolocal_split_bitvector.c line 2251 function thread_2 thread 0
----------------------------------------------------
  __csLOCAL_Pop___while_cond_0=TRUE (00000001)

State 2146 file regression/pointertranslation/safestack_mem_ver6_nolocal_split_bitvector.c line 2259 function thread_2 thread 0
----------------------------------------------------
  __csLOCALPARAM___CS_atomic_load_obj=2 (0010)

State 2150 file regression/pointertranslation/safestack_mem_ver6_nolocal_split_bitvector.c line 2259 function thread_2 thread 0
----------------------------------------------------
  __csLOCAL_Pop_head1=1 (00000000000000000000000000000001)

State 2155 file regression/pointertranslation/safestack_mem_ver6_nolocal_split_bitvector.c line 2261 function thread_2 thread 0
----------------------------------------------------
  __csLOCALPARAM___CS_atomic_exchange_obj=8 (1000)

State 2156 file regression/pointertranslation/safestack_mem_ver6_nolocal_split_bitvector.c line 2261 function thread_2 thread 0
----------------------------------------------------
  __csLOCALPARAM___CS_atomic_exchange_v=-1 (1111)

State 2157 file regression/pointertranslation/safestack_mem_ver6_nolocal_split_bitvector.c line 163 function __CS_atomic_exchange thread 0
----------------------------------------------------
  __csLOCAL___CS_atomic_exchange_t=1 (0001)

State 2158 file regression/pointertranslation/safestack_mem_ver6_nolocal_split_bitvector.c line 164 function __CS_atomic_exchange thread 0
----------------------------------------------------
  MEMORY_VALUE[8]=-1 (1111)

State 2162 file regression/pointertranslation/safestack_mem_ver6_nolocal_split_bitvector.c line 2261 function thread_2 thread 0
----------------------------------------------------
  __csLOCAL_Pop_next1=1 (00000000000000000000000000000001)

State 2164 file regression/pointertranslation/safestack_mem_ver6_nolocal_split_bitvector.c line 2265 function thread_2 thread 0
----------------------------------------------------
  __csLOCAL_Pop_head2=1 (00000000000000000000000000000001)

State 2168 file regression/pointertranslation/safestack_mem_ver6_nolocal_split_bitvector.c line 2267 function thread_2 thread 0
----------------------------------------------------
  __csLOCALPARAM___CS_atomic_compare_and_exchange_obj=2 (0010)

State 2169 file regression/pointertranslation/safestack_mem_ver6_nolocal_split_bitvector.c line 2267 function thread_2 thread 0
----------------------------------------------------
  __csLOCALPARAM___CS_atomic_compare_and_exchange_expected=&__csLOCAL_Pop_head2 (0011100000000000000000000000000000000000000000000000000000000000)

State 2170 file regression/pointertranslation/safestack_mem_ver6_nolocal_split_bitvector.c line 2267 function thread_2 thread 0
----------------------------------------------------
  __csLOCALPARAM___CS_atomic_compare_and_exchange_desired=1 (0001)

State 2172 file regression/pointertranslation/safestack_mem_ver6_nolocal_split_bitvector.c line 172 function __CS_atomic_compare_and_exchange thread 0
----------------------------------------------------
  MEMORY_VALUE[2]=1 (0001)

State 2176 file regression/pointertranslation/safestack_mem_ver6_nolocal_split_bitvector.c line 2267 function thread_2 thread 0
----------------------------------------------------
  __csLOCAL_Pop___if_cond_0=TRUE (00000001)

State 2181 file regression/pointertranslation/safestack_mem_ver6_nolocal_split_bitvector.c line 2270 function thread_2 thread 0
----------------------------------------------------
  __csLOCALPARAM___CS_atomic_fetch_sub_obj=3 (0011)

State 2182 file regression/pointertranslation/safestack_mem_ver6_nolocal_split_bitvector.c line 2270 function thread_2 thread 0
----------------------------------------------------
  __csLOCALPARAM___CS_atomic_fetch_sub_v=1 (0001)

State 2183 file regression/pointertranslation/safestack_mem_ver6_nolocal_split_bitvector.c line 194 function __CS_atomic_fetch_sub thread 0
----------------------------------------------------
  __csLOCAL___CS_atomic_fetch_sub_old=3 (0011)

State 2184 file regression/pointertranslation/safestack_mem_ver6_nolocal_split_bitvector.c line 195 function __CS_atomic_fetch_sub thread 0
----------------------------------------------------
  MEMORY_VALUE[3]=2 (0010)

State 2187 file regression/pointertranslation/safestack_mem_ver6_nolocal_split_bitvector.c line 2271 function thread_2 thread 0
----------------------------------------------------
  __retval__Pop_1=1 (00000000000000000000000000000001)

State 2190 file regression/pointertranslation/safestack_mem_ver6_nolocal_split_bitvector.c line 2353 function thread_2 thread 0
----------------------------------------------------
  __csLOCAL_thread_elem=1 (00000000000000000000000000000001)

State 2194 file regression/pointertranslation/safestack_mem_ver6_nolocal_split_bitvector.c line 2589 function thread_2 thread 0
----------------------------------------------------
  MEMORY_VALUE[5]=2 (0010)

State 2209 file regression/pointertranslation/safestack_mem_ver6_nolocal_split_bitvector.c line 2811 function main thread 0
----------------------------------------------------
  pc[3]=128 (10000000)

State 2210 file regression/pointertranslation/safestack_mem_ver6_nolocal_split_bitvector.c line 2815 function main thread 0
----------------------------------------------------
  thread_index=0 (0000)

State 2215 file regression/pointertranslation/safestack_mem_ver6_nolocal_split_bitvector.c line 143 function guess_pc thread 0
----------------------------------------------------
  i=0 (00000000)

State 2220 file regression/pointertranslation/safestack_mem_ver6_nolocal_split_bitvector.c line 2817 function main thread 0
----------------------------------------------------
  pc_cs=3 (000000011)

State 2233 file regression/pointertranslation/safestack_mem_ver6_nolocal_split_bitvector.c line 2820 function main thread 0
----------------------------------------------------
  pc[0]=3 (00000011)

State 2234 file regression/pointertranslation/safestack_mem_ver6_nolocal_split_bitvector.c line 2823 function main thread 0
----------------------------------------------------
  thread_index=1 (0001)

State 2239 file regression/pointertranslation/safestack_mem_ver6_nolocal_split_bitvector.c line 143 function guess_pc thread 0
----------------------------------------------------
  i=47 (00101111)

State 2244 file regression/pointertranslation/safestack_mem_ver6_nolocal_split_bitvector.c line 2825 function main thread 0
----------------------------------------------------
  pc_cs=58 (000111010)

State 2248 file regression/pointertranslation/safestack_mem_ver6_nolocal_split_bitvector.c line 2827 function main thread 0
----------------------------------------------------
  __csLOCALPARAM_thread_arg=NULL (0000000000000000000000000000000000000000000000000000000000000000)

State 2263 file regression/pointertranslation/safestack_mem_ver6_nolocal_split_bitvector.c line 265 function thread_0 thread 0
----------------------------------------------------
  __csLOCALPARAM___CS_atomic_fetch_sub_obj=3 (0011)

State 2264 file regression/pointertranslation/safestack_mem_ver6_nolocal_split_bitvector.c line 265 function thread_0 thread 0
----------------------------------------------------
  __csLOCALPARAM___CS_atomic_fetch_sub_v=1 (0001)

State 2265 file regression/pointertranslation/safestack_mem_ver6_nolocal_split_bitvector.c line 194 function __CS_atomic_fetch_sub thread 0
----------------------------------------------------
  __csLOCAL___CS_atomic_fetch_sub_old=2 (0010)

State 2266 file regression/pointertranslation/safestack_mem_ver6_nolocal_split_bitvector.c line 195 function __CS_atomic_fetch_sub thread 0
----------------------------------------------------
  MEMORY_VALUE[3]=1 (0001)

State 2269 file regression/pointertranslation/safestack_mem_ver6_nolocal_split_bitvector.c line 266 function thread_0 thread 0
----------------------------------------------------
  __retval__Pop_1=0 (00000000000000000000000000000000)

State 2272 file regression/pointertranslation/safestack_mem_ver6_nolocal_split_bitvector.c line 317 function thread_0 thread 0
----------------------------------------------------
  __csLOCAL_thread_elem=0 (00000000000000000000000000000000)

State 2359 file regression/pointertranslation/safestack_mem_ver6_nolocal_split_bitvector.c line 2828 function main thread 0
----------------------------------------------------
  pc[1]=58 (00111010)

State 2360 file regression/pointertranslation/safestack_mem_ver6_nolocal_split_bitvector.c line 2831 function main thread 0
----------------------------------------------------
  thread_index=2 (0010)

State 2365 file regression/pointertranslation/safestack_mem_ver6_nolocal_split_bitvector.c line 143 function guess_pc thread 0
----------------------------------------------------
  i=49 (00110001)

State 2370 file regression/pointertranslation/safestack_mem_ver6_nolocal_split_bitvector.c line 2833 function main thread 0
----------------------------------------------------
  pc_cs=128 (010000000)

State 2374 file regression/pointertranslation/safestack_mem_ver6_nolocal_split_bitvector.c line 2835 function main thread 0
----------------------------------------------------
  __csLOCALPARAM_thread_arg=NULL + 1 (0000000000000000000000000000000000000000000000000000000000000001)

State 2457 file regression/pointertranslation/safestack_mem_ver6_nolocal_split_bitvector.c line 1481 function thread_1 thread 0
----------------------------------------------------
  __csLOCALPARAM___CS_atomic_compare_and_exchange_obj=2 (0010)

State 2458 file regression/pointertranslation/safestack_mem_ver6_nolocal_split_bitvector.c line 1481 function thread_1 thread 0
----------------------------------------------------
  __csLOCALPARAM___CS_atomic_compare_and_exchange_expected=&__csLOCAL_Pop_head2 (0010010100000000000000000000000000000000000000000000000000000000)

State 2459 file regression/pointertranslation/safestack_mem_ver6_nolocal_split_bitvector.c line 1481 function thread_1 thread 0
----------------------------------------------------
  __csLOCALPARAM___CS_atomic_compare_and_exchange_desired=0 (0000)

State 2461 file regression/pointertranslation/safestack_mem_ver6_nolocal_split_bitvector.c line 172 function __CS_atomic_compare_and_exchange thread 0
----------------------------------------------------
  MEMORY_VALUE[2]=0 (0000)

State 2465 file regression/pointertranslation/safestack_mem_ver6_nolocal_split_bitvector.c line 1481 function thread_1 thread 0
----------------------------------------------------
  __csLOCAL_Pop___if_cond_0=TRUE (00000001)

State 2470 file regression/pointertranslation/safestack_mem_ver6_nolocal_split_bitvector.c line 1484 function thread_1 thread 0
----------------------------------------------------
  __csLOCALPARAM___CS_atomic_fetch_sub_obj=3 (0011)

State 2471 file regression/pointertranslation/safestack_mem_ver6_nolocal_split_bitvector.c line 1484 function thread_1 thread 0
----------------------------------------------------
  __csLOCALPARAM___CS_atomic_fetch_sub_v=1 (0001)

State 2472 file regression/pointertranslation/safestack_mem_ver6_nolocal_split_bitvector.c line 194 function __CS_atomic_fetch_sub thread 0
----------------------------------------------------
  __csLOCAL___CS_atomic_fetch_sub_old=1 (0001)

State 2473 file regression/pointertranslation/safestack_mem_ver6_nolocal_split_bitvector.c line 195 function __CS_atomic_fetch_sub thread 0
----------------------------------------------------
  MEMORY_VALUE[3]=0 (0000)

State 2476 file regression/pointertranslation/safestack_mem_ver6_nolocal_split_bitvector.c line 1485 function thread_1 thread 0
----------------------------------------------------
  __retval__Pop_1=1 (00000000000000000000000000000001)

State 2479 file regression/pointertranslation/safestack_mem_ver6_nolocal_split_bitvector.c line 1536 function thread_1 thread 0
----------------------------------------------------
  __csLOCAL_thread_elem=1 (00000000000000000000000000000001)

State 2483 file regression/pointertranslation/safestack_mem_ver6_nolocal_split_bitvector.c line 1772 function thread_1 thread 0
----------------------------------------------------
  MEMORY_VALUE[5]=1 (0001)

State 2498 file regression/pointertranslation/safestack_mem_ver6_nolocal_split_bitvector.c line 2836 function main thread 0
----------------------------------------------------
  pc[2]=128 (10000000)

State 2499 file regression/pointertranslation/safestack_mem_ver6_nolocal_split_bitvector.c line 2839 function main thread 0
----------------------------------------------------
  thread_index=3 (0011)

State 2504 file regression/pointertranslation/safestack_mem_ver6_nolocal_split_bitvector.c line 143 function guess_pc thread 0
----------------------------------------------------
  i=8 (00001000)

State 2509 file regression/pointertranslation/safestack_mem_ver6_nolocal_split_bitvector.c line 2841 function main thread 0
----------------------------------------------------
  pc_cs=136 (010001000)

State 2513 file regression/pointertranslation/safestack_mem_ver6_nolocal_split_bitvector.c line 2843 function main thread 0
----------------------------------------------------
  __csLOCALPARAM_thread_arg=NULL + 2 (0000000000000000000000000000000000000000000000000000000000000010)

Violated property:
  file regression/pointertranslation/safestack_mem_ver6_nolocal_split_bitvector.c line 2590 function thread_2
  assertion (signed int)MEMORY_VALUE[(signed long int)((signed int)MEMORY_VALUE[(signed long int)0] + __csLOCAL_thread_elem)] == __csLOCAL_thread_idx
  (signed int)MEMORY_VALUE[(signed long int)((signed int)MEMORY_VALUE[(signed long int)0] + __csLOCAL_thread_elem)] == __csLOCAL_thread_idx

VERIFICATION FAILED

real  6m47.069s
user  6m46.068s
sys 0m0.148s
