CBMC version 5.2 64-bit x86_64 linux
Parsing regression/pointertranslation/safestack_staticmalloc_MEM_handtranslation_simplified.c
file <command-line> line 0: <command-line>:0:0: warning: "__STDC_VERSION__" redefined
file <command-line> line 0: <built-in>: note: this is the location of the previous definition
Converting
Type-checking safestack_staticmalloc_MEM_handtranslation_simplified
file regression/pointertranslation/safestack_staticmalloc_MEM_handtranslation_simplified.c line 573 function thread0_0: function `assert' is not declared
Generating GOTO Program
Adding CPROVER library
Function Pointer Removal
Partial Inlining
Generic Property Instrumentation
Starting Bounded Model Checking
size of program expression: 58322 steps
simple slicing removed 554 assignments
Generated 24 VCC(s), 24 remaining after simplification
Passing problem to propositional reduction
converting SSA
Running propositional reduction
Post-processing
Solving with MiniSAT 2.2.0 with simplifier
1160367 variables, 4538670 clauses
SAT checker: negated claim is SATISFIABLE, i.e., does not hold
Runtime decision procedure: 1168.56s
Building error trace

Counterexample:

State 326 file regression/pointertranslation/safestack_staticmalloc_MEM_handtranslation_simplified.c line 2740 function main thread 0
----------------------------------------------------
  thread_index=0 (00000000000000000000000000000000)

State 330 file regression/pointertranslation/safestack_staticmalloc_MEM_handtranslation_simplified.c line 157 function guess_pc thread 0
----------------------------------------------------
  i=3 (00000011)

State 335 file regression/pointertranslation/safestack_staticmalloc_MEM_handtranslation_simplified.c line 2741 function main thread 0
----------------------------------------------------
  pc_cs=3 (000000011)

State 340 file regression/pointertranslation/safestack_staticmalloc_MEM_handtranslation_simplified.c line 2683 function main_thread thread 0
----------------------------------------------------
  __csLOCALPARAM_Init_pushCount=3 (00000000000000000000000000000011)

State 341 file regression/pointertranslation/safestack_staticmalloc_MEM_handtranslation_simplified.c line 2685 function main_thread thread 0
----------------------------------------------------
  MEMORY_VALUE[0]=3 (00000000000000000000000000000011)

State 344 file regression/pointertranslation/safestack_staticmalloc_MEM_handtranslation_simplified.c line 2686 function main_thread thread 0
----------------------------------------------------
  __csLOCALPARAM___CS_atomic_store_obj=2 (00000000000000000000000000000010)

State 345 file regression/pointertranslation/safestack_staticmalloc_MEM_handtranslation_simplified.c line 2686 function main_thread thread 0
----------------------------------------------------
  __csLOCALPARAM___CS_atomic_store_v=3 (00000000000000000000000000000011)

State 346 file regression/pointertranslation/safestack_staticmalloc_MEM_handtranslation_simplified.c line 167 function __CS_atomic_store thread 0
----------------------------------------------------
  MEMORY_VALUE[2]=3 (00000000000000000000000000000011)

State 350 file regression/pointertranslation/safestack_staticmalloc_MEM_handtranslation_simplified.c line 2687 function main_thread thread 0
----------------------------------------------------
  __csLOCALPARAM___CS_atomic_store_obj=1 (00000000000000000000000000000001)

State 351 file regression/pointertranslation/safestack_staticmalloc_MEM_handtranslation_simplified.c line 2687 function main_thread thread 0
----------------------------------------------------
  __csLOCALPARAM___CS_atomic_store_v=0 (00000000000000000000000000000000)

State 352 file regression/pointertranslation/safestack_staticmalloc_MEM_handtranslation_simplified.c line 167 function __CS_atomic_store thread 0
----------------------------------------------------
  MEMORY_VALUE[1]=0 (00000000000000000000000000000000)

State 354 file regression/pointertranslation/safestack_staticmalloc_MEM_handtranslation_simplified.c line 2688 function main_thread thread 0
----------------------------------------------------
  __csLOCAL_Init_i=0 (00000000000000000000000000000000)

State 357 file regression/pointertranslation/safestack_staticmalloc_MEM_handtranslation_simplified.c line 2695 function main_thread thread 0
----------------------------------------------------
  __csLOCALPARAM___CS_atomic_store_obj=4 (00000000000000000000000000000100)

State 358 file regression/pointertranslation/safestack_staticmalloc_MEM_handtranslation_simplified.c line 2695 function main_thread thread 0
----------------------------------------------------
  __csLOCALPARAM___CS_atomic_store_v=1 (00000000000000000000000000000001)

State 359 file regression/pointertranslation/safestack_staticmalloc_MEM_handtranslation_simplified.c line 167 function __CS_atomic_store thread 0
----------------------------------------------------
  MEMORY_VALUE[4]=1 (00000000000000000000000000000001)

State 361 file regression/pointertranslation/safestack_staticmalloc_MEM_handtranslation_simplified.c line 2697 function main_thread thread 0
----------------------------------------------------
  __csLOCAL_Init_i=1 (00000000000000000000000000000001)

State 364 file regression/pointertranslation/safestack_staticmalloc_MEM_handtranslation_simplified.c line 2704 function main_thread thread 0
----------------------------------------------------
  __csLOCALPARAM___CS_atomic_store_obj=6 (00000000000000000000000000000110)

State 365 file regression/pointertranslation/safestack_staticmalloc_MEM_handtranslation_simplified.c line 2704 function main_thread thread 0
----------------------------------------------------
  __csLOCALPARAM___CS_atomic_store_v=2 (00000000000000000000000000000010)

State 366 file regression/pointertranslation/safestack_staticmalloc_MEM_handtranslation_simplified.c line 167 function __CS_atomic_store thread 0
----------------------------------------------------
  MEMORY_VALUE[6]=2 (00000000000000000000000000000010)

State 368 file regression/pointertranslation/safestack_staticmalloc_MEM_handtranslation_simplified.c line 2706 function main_thread thread 0
----------------------------------------------------
  __csLOCAL_Init_i=2 (00000000000000000000000000000010)

State 373 file regression/pointertranslation/safestack_staticmalloc_MEM_handtranslation_simplified.c line 2719 function main_thread thread 0
----------------------------------------------------
  __csLOCALPARAM___CS_atomic_store_obj=8 (00000000000000000000000000001000)

State 374 file regression/pointertranslation/safestack_staticmalloc_MEM_handtranslation_simplified.c line 2719 function main_thread thread 0
----------------------------------------------------
  __csLOCALPARAM___CS_atomic_store_v=-1 (11111111111111111111111111111111)

State 375 file regression/pointertranslation/safestack_staticmalloc_MEM_handtranslation_simplified.c line 167 function __CS_atomic_store thread 0
----------------------------------------------------
  MEMORY_VALUE[8]=-1 (11111111111111111111111111111111)

State 380 file regression/pointertranslation/safestack_staticmalloc_MEM_handtranslation_simplified.c line 2724 function main_thread thread 0
----------------------------------------------------
  id=threads (0000001000000000000000000000000000000000000000000000000000000000)

State 381 file regression/pointertranslation/safestack_staticmalloc_MEM_handtranslation_simplified.c line 2724 function main_thread thread 0
----------------------------------------------------
  attr=NULL (0000000000000000000000000000000000000000000000000000000000000000)

State 382 file regression/pointertranslation/safestack_staticmalloc_MEM_handtranslation_simplified.c line 2724 function main_thread thread 0
----------------------------------------------------
  t=thread0_0 (0000001100000000000000000000000000000000000000000000000000000000)

State 383 file regression/pointertranslation/safestack_staticmalloc_MEM_handtranslation_simplified.c line 2724 function main_thread thread 0
----------------------------------------------------
  arg=NULL (0000000000000000000000000000000000000000000000000000000000000000)

State 384 file regression/pointertranslation/safestack_staticmalloc_MEM_handtranslation_simplified.c line 2724 function main_thread thread 0
----------------------------------------------------
  threadID=1 (00000000000000000000000000000001)

State 386 file regression/pointertranslation/safestack_staticmalloc_MEM_handtranslation_simplified.c line 102 function __cs_create thread 0
----------------------------------------------------
  threads[0]=1 (00000000000000000000000000000001)

State 387 file regression/pointertranslation/safestack_staticmalloc_MEM_handtranslation_simplified.c line 102 function __cs_create thread 0
----------------------------------------------------
  active_thread[1]=1 (1)

State 388 file regression/pointertranslation/safestack_staticmalloc_MEM_handtranslation_simplified.c line 102 function __cs_create thread 0
----------------------------------------------------
  threadargs[1]=NULL (0000000000000000000000000000000000000000000000000000000000000000)

State 395 file regression/pointertranslation/safestack_staticmalloc_MEM_handtranslation_simplified.c line 2725 function main_thread thread 0
----------------------------------------------------
  id=threads + 1 (0000001000000000000000000000000000000000000000000000000000000100)

State 396 file regression/pointertranslation/safestack_staticmalloc_MEM_handtranslation_simplified.c line 2725 function main_thread thread 0
----------------------------------------------------
  attr=NULL (0000000000000000000000000000000000000000000000000000000000000000)

State 397 file regression/pointertranslation/safestack_staticmalloc_MEM_handtranslation_simplified.c line 2725 function main_thread thread 0
----------------------------------------------------
  t=thread1_0 (0000010000000000000000000000000000000000000000000000000000000000)

State 398 file regression/pointertranslation/safestack_staticmalloc_MEM_handtranslation_simplified.c line 2725 function main_thread thread 0
----------------------------------------------------
  arg=NULL + 1 (0000000000000000000000000000000000000000000000000000000000000001)

State 399 file regression/pointertranslation/safestack_staticmalloc_MEM_handtranslation_simplified.c line 2725 function main_thread thread 0
----------------------------------------------------
  threadID=2 (00000000000000000000000000000010)

State 401 file regression/pointertranslation/safestack_staticmalloc_MEM_handtranslation_simplified.c line 102 function __cs_create thread 0
----------------------------------------------------
  threads[1]=2 (00000000000000000000000000000010)

State 402 file regression/pointertranslation/safestack_staticmalloc_MEM_handtranslation_simplified.c line 102 function __cs_create thread 0
----------------------------------------------------
  active_thread[2]=1 (1)

State 403 file regression/pointertranslation/safestack_staticmalloc_MEM_handtranslation_simplified.c line 102 function __cs_create thread 0
----------------------------------------------------
  threadargs[2]=NULL + 1 (0000000000000000000000000000000000000000000000000000000000000001)

State 410 file regression/pointertranslation/safestack_staticmalloc_MEM_handtranslation_simplified.c line 2726 function main_thread thread 0
----------------------------------------------------
  id=threads + 2 (0000001000000000000000000000000000000000000000000000000000001000)

State 411 file regression/pointertranslation/safestack_staticmalloc_MEM_handtranslation_simplified.c line 2726 function main_thread thread 0
----------------------------------------------------
  attr=NULL (0000000000000000000000000000000000000000000000000000000000000000)

State 412 file regression/pointertranslation/safestack_staticmalloc_MEM_handtranslation_simplified.c line 2726 function main_thread thread 0
----------------------------------------------------
  t=thread2_0 (0000010100000000000000000000000000000000000000000000000000000000)

State 413 file regression/pointertranslation/safestack_staticmalloc_MEM_handtranslation_simplified.c line 2726 function main_thread thread 0
----------------------------------------------------
  arg=NULL + 2 (0000000000000000000000000000000000000000000000000000000000000010)

State 414 file regression/pointertranslation/safestack_staticmalloc_MEM_handtranslation_simplified.c line 2726 function main_thread thread 0
----------------------------------------------------
  threadID=3 (00000000000000000000000000000011)

State 416 file regression/pointertranslation/safestack_staticmalloc_MEM_handtranslation_simplified.c line 102 function __cs_create thread 0
----------------------------------------------------
  threads[2]=3 (00000000000000000000000000000011)

State 417 file regression/pointertranslation/safestack_staticmalloc_MEM_handtranslation_simplified.c line 102 function __cs_create thread 0
----------------------------------------------------
  active_thread[3]=1 (1)

State 418 file regression/pointertranslation/safestack_staticmalloc_MEM_handtranslation_simplified.c line 102 function __cs_create thread 0
----------------------------------------------------
  threadargs[3]=NULL + 2 (0000000000000000000000000000000000000000000000000000000000000010)

State 428 file regression/pointertranslation/safestack_staticmalloc_MEM_handtranslation_simplified.c line 2744 function main thread 0
----------------------------------------------------
  pc[0]=3 (00000011)

State 429 file regression/pointertranslation/safestack_staticmalloc_MEM_handtranslation_simplified.c line 2746 function main thread 0
----------------------------------------------------
  thread_index=1 (00000000000000000000000000000001)

State 434 file regression/pointertranslation/safestack_staticmalloc_MEM_handtranslation_simplified.c line 157 function guess_pc thread 0
----------------------------------------------------
  i=3 (00000011)

State 439 file regression/pointertranslation/safestack_staticmalloc_MEM_handtranslation_simplified.c line 2748 function main thread 0
----------------------------------------------------
  pc_cs=3 (000000011)

State 443 file regression/pointertranslation/safestack_staticmalloc_MEM_handtranslation_simplified.c line 2750 function main thread 0
----------------------------------------------------
  __csLOCALPARAM_thread0_arg=NULL (0000000000000000000000000000000000000000000000000000000000000000)

State 445 file regression/pointertranslation/safestack_staticmalloc_MEM_handtranslation_simplified.c line 226 function thread0_0 thread 0
----------------------------------------------------
  __csLOCAL_thread0_idx=0 (00000000000000000000000000000000)

State 446 file regression/pointertranslation/safestack_staticmalloc_MEM_handtranslation_simplified.c line 227 function thread0_0 thread 0
----------------------------------------------------
  __csLOCAL_thread0_i=0 (0000000000000000000000000000000000000000000000000000000000000000)

State 451 file regression/pointertranslation/safestack_staticmalloc_MEM_handtranslation_simplified.c line 234 function thread0_0 thread 0
----------------------------------------------------
  __csLOCALPARAM___CS_atomic_load_obj=2 (00000000000000000000000000000010)

State 456 file regression/pointertranslation/safestack_staticmalloc_MEM_handtranslation_simplified.c line 234 function thread0_0 thread 0
----------------------------------------------------
  __csLOCAL_Pop0___while_cond_0=TRUE (00000001)

State 461 file regression/pointertranslation/safestack_staticmalloc_MEM_handtranslation_simplified.c line 242 function thread0_0 thread 0
----------------------------------------------------
  __csLOCALPARAM___CS_atomic_load_obj=1 (00000000000000000000000000000001)

State 465 file regression/pointertranslation/safestack_staticmalloc_MEM_handtranslation_simplified.c line 242 function thread0_0 thread 0
----------------------------------------------------
  __csLOCAL_Pop0_head1=0 (00000000000000000000000000000000)

State 605 file regression/pointertranslation/safestack_staticmalloc_MEM_handtranslation_simplified.c line 2751 function main thread 0
----------------------------------------------------
  pc[1]=3 (00000011)

State 606 file regression/pointertranslation/safestack_staticmalloc_MEM_handtranslation_simplified.c line 2754 function main thread 0
----------------------------------------------------
  thread_index=2 (00000000000000000000000000000010)

State 611 file regression/pointertranslation/safestack_staticmalloc_MEM_handtranslation_simplified.c line 157 function guess_pc thread 0
----------------------------------------------------
  i=62 (00111110)

State 616 file regression/pointertranslation/safestack_staticmalloc_MEM_handtranslation_simplified.c line 2756 function main thread 0
----------------------------------------------------
  pc_cs=62 (000111110)

State 620 file regression/pointertranslation/safestack_staticmalloc_MEM_handtranslation_simplified.c line 2758 function main thread 0
----------------------------------------------------
  __csLOCALPARAM_thread1_arg=NULL + 1 (0000000000000000000000000000000000000000000000000000000000000001)

State 622 file regression/pointertranslation/safestack_staticmalloc_MEM_handtranslation_simplified.c line 1045 function thread1_0 thread 0
----------------------------------------------------
  __csLOCAL_thread1_idx=1 (00000000000000000000000000000001)

State 623 file regression/pointertranslation/safestack_staticmalloc_MEM_handtranslation_simplified.c line 1046 function thread1_0 thread 0
----------------------------------------------------
  __csLOCAL_thread1_i=0 (0000000000000000000000000000000000000000000000000000000000000000)

State 628 file regression/pointertranslation/safestack_staticmalloc_MEM_handtranslation_simplified.c line 1053 function thread1_0 thread 0
----------------------------------------------------
  __csLOCALPARAM___CS_atomic_load_obj=2 (00000000000000000000000000000010)

State 633 file regression/pointertranslation/safestack_staticmalloc_MEM_handtranslation_simplified.c line 1053 function thread1_0 thread 0
----------------------------------------------------
  __csLOCAL_Pop1___while_cond_1=TRUE (00000001)

State 638 file regression/pointertranslation/safestack_staticmalloc_MEM_handtranslation_simplified.c line 1061 function thread1_0 thread 0
----------------------------------------------------
  __csLOCALPARAM___CS_atomic_load_obj=1 (00000000000000000000000000000001)

State 642 file regression/pointertranslation/safestack_staticmalloc_MEM_handtranslation_simplified.c line 1061 function thread1_0 thread 0
----------------------------------------------------
  __csLOCAL_Pop1_head1=0 (00000000000000000000000000000000)

State 646 file regression/pointertranslation/safestack_staticmalloc_MEM_handtranslation_simplified.c line 1063 function thread1_0 thread 0
----------------------------------------------------
  __csLOCALPARAM___CS_atomic_exchange_obj=4 (00000000000000000000000000000100)

State 647 file regression/pointertranslation/safestack_staticmalloc_MEM_handtranslation_simplified.c line 1063 function thread1_0 thread 0
----------------------------------------------------
  __csLOCALPARAM___CS_atomic_exchange_v=-1 (11111111111111111111111111111111)

State 648 file regression/pointertranslation/safestack_staticmalloc_MEM_handtranslation_simplified.c line 178 function __CS_atomic_exchange thread 0
----------------------------------------------------
  __csLOCAL___CS_atomic_exchange_t=1 (00000000000000000000000000000001)

State 649 file regression/pointertranslation/safestack_staticmalloc_MEM_handtranslation_simplified.c line 179 function __CS_atomic_exchange thread 0
----------------------------------------------------
  MEMORY_VALUE[4]=-1 (11111111111111111111111111111111)

State 653 file regression/pointertranslation/safestack_staticmalloc_MEM_handtranslation_simplified.c line 1063 function thread1_0 thread 0
----------------------------------------------------
  __csLOCAL_Pop1_next1=1 (00000000000000000000000000000001)

State 655 file regression/pointertranslation/safestack_staticmalloc_MEM_handtranslation_simplified.c line 1067 function thread1_0 thread 0
----------------------------------------------------
  __csLOCAL_Pop1_head21=0 (00000000000000000000000000000000)

State 659 file regression/pointertranslation/safestack_staticmalloc_MEM_handtranslation_simplified.c line 1069 function thread1_0 thread 0
----------------------------------------------------
  __csLOCALPARAM___CS_atomic_compare_and_exchange_obj=1 (00000000000000000000000000000001)

State 660 file regression/pointertranslation/safestack_staticmalloc_MEM_handtranslation_simplified.c line 1069 function thread1_0 thread 0
----------------------------------------------------
  __csLOCALPARAM___CS_atomic_compare_and_exchange_expected=&__csLOCAL_Pop1_head21 (0001101000000000000000000000000000000000000000000000000000000000)

State 661 file regression/pointertranslation/safestack_staticmalloc_MEM_handtranslation_simplified.c line 1069 function thread1_0 thread 0
----------------------------------------------------
  __csLOCALPARAM___CS_atomic_compare_and_exchange_desired=1 (00000000000000000000000000000001)

State 663 file regression/pointertranslation/safestack_staticmalloc_MEM_handtranslation_simplified.c line 187 function __CS_atomic_compare_and_exchange thread 0
----------------------------------------------------
  MEMORY_VALUE[1]=1 (00000000000000000000000000000001)

State 667 file regression/pointertranslation/safestack_staticmalloc_MEM_handtranslation_simplified.c line 1069 function thread1_0 thread 0
----------------------------------------------------
  __csLOCAL_Pop1___if_cond_1=TRUE (00000001)

State 672 file regression/pointertranslation/safestack_staticmalloc_MEM_handtranslation_simplified.c line 1072 function thread1_0 thread 0
----------------------------------------------------
  __csLOCALPARAM___CS_atomic_fetch_sub_obj=2 (00000000000000000000000000000010)

State 673 file regression/pointertranslation/safestack_staticmalloc_MEM_handtranslation_simplified.c line 1072 function thread1_0 thread 0
----------------------------------------------------
  __csLOCALPARAM___CS_atomic_fetch_sub_v=1 (00000000000000000000000000000001)

State 674 file regression/pointertranslation/safestack_staticmalloc_MEM_handtranslation_simplified.c line 209 function __CS_atomic_fetch_sub thread 0
----------------------------------------------------
  __csLOCAL___CS_atomic_fetch_sub_old=3 (00000000000000000000000000000011)

State 675 file regression/pointertranslation/safestack_staticmalloc_MEM_handtranslation_simplified.c line 210 function __CS_atomic_fetch_sub thread 0
----------------------------------------------------
  MEMORY_VALUE[2]=2 (00000000000000000000000000000010)

State 679 file regression/pointertranslation/safestack_staticmalloc_MEM_handtranslation_simplified.c line 1073 function thread1_0 thread 0
----------------------------------------------------
  __retval__Pop1_1=0 (00000000000000000000000000000000)

State 682 file regression/pointertranslation/safestack_staticmalloc_MEM_handtranslation_simplified.c line 1155 function thread1_0 thread 0
----------------------------------------------------
  __csLOCAL_thread1_elem=0 (00000000000000000000000000000000)

State 686 file regression/pointertranslation/safestack_staticmalloc_MEM_handtranslation_simplified.c line 1391 function thread1_0 thread 0
----------------------------------------------------
  MEMORY_VALUE[3]=1 (00000000000000000000000000000001)

State 689 file regression/pointertranslation/safestack_staticmalloc_MEM_handtranslation_simplified.c line 1395 function thread1_0 thread 0
----------------------------------------------------
  __csLOCALPARAM_Push1_index=0 (00000000000000000000000000000000)

State 693 file regression/pointertranslation/safestack_staticmalloc_MEM_handtranslation_simplified.c line 1397 function thread1_0 thread 0
----------------------------------------------------
  __csLOCALPARAM___CS_atomic_load_obj=1 (00000000000000000000000000000001)

State 697 file regression/pointertranslation/safestack_staticmalloc_MEM_handtranslation_simplified.c line 1397 function thread1_0 thread 0
----------------------------------------------------
  __csLOCAL_Push1_head11=1 (00000000000000000000000000000001)

State 698 file regression/pointertranslation/safestack_staticmalloc_MEM_handtranslation_simplified.c line 1400 function thread1_0 thread 0
----------------------------------------------------
  __csLOCAL_Push1___cs_dowhile_onetime_2=0 (00000000000000000000000000000000)

State 702 file regression/pointertranslation/safestack_staticmalloc_MEM_handtranslation_simplified.c line 1402 function thread1_0 thread 0
----------------------------------------------------
  __csLOCALPARAM___CS_atomic_store_obj=4 (00000000000000000000000000000100)

State 703 file regression/pointertranslation/safestack_staticmalloc_MEM_handtranslation_simplified.c line 1402 function thread1_0 thread 0
----------------------------------------------------
  __csLOCALPARAM___CS_atomic_store_v=1 (00000000000000000000000000000001)

State 704 file regression/pointertranslation/safestack_staticmalloc_MEM_handtranslation_simplified.c line 167 function __CS_atomic_store thread 0
----------------------------------------------------
  MEMORY_VALUE[4]=1 (00000000000000000000000000000001)

State 706 file regression/pointertranslation/safestack_staticmalloc_MEM_handtranslation_simplified.c line 1404 function thread1_0 thread 0
----------------------------------------------------
  __csLOCAL_Push1___cs_dowhile_onetime_2=1 (00000000000000000000000000000001)

State 788 file regression/pointertranslation/safestack_staticmalloc_MEM_handtranslation_simplified.c line 2759 function main thread 0
----------------------------------------------------
  pc[2]=62 (00111110)

State 789 file regression/pointertranslation/safestack_staticmalloc_MEM_handtranslation_simplified.c line 2762 function main thread 0
----------------------------------------------------
  thread_index=3 (00000000000000000000000000000011)

State 794 file regression/pointertranslation/safestack_staticmalloc_MEM_handtranslation_simplified.c line 157 function guess_pc thread 0
----------------------------------------------------
  i=5 (00000101)

State 799 file regression/pointertranslation/safestack_staticmalloc_MEM_handtranslation_simplified.c line 2764 function main thread 0
----------------------------------------------------
  pc_cs=5 (000000101)

State 803 file regression/pointertranslation/safestack_staticmalloc_MEM_handtranslation_simplified.c line 2766 function main thread 0
----------------------------------------------------
  __csLOCALPARAM_thread2_arg=NULL + 2 (0000000000000000000000000000000000000000000000000000000000000010)

State 805 file regression/pointertranslation/safestack_staticmalloc_MEM_handtranslation_simplified.c line 1864 function thread2_0 thread 0
----------------------------------------------------
  __csLOCAL_thread2_idx=2 (00000000000000000000000000000010)

State 806 file regression/pointertranslation/safestack_staticmalloc_MEM_handtranslation_simplified.c line 1865 function thread2_0 thread 0
----------------------------------------------------
  __csLOCAL_thread2_i=0 (0000000000000000000000000000000000000000000000000000000000000000)

State 811 file regression/pointertranslation/safestack_staticmalloc_MEM_handtranslation_simplified.c line 1872 function thread2_0 thread 0
----------------------------------------------------
  __csLOCALPARAM___CS_atomic_load_obj=2 (00000000000000000000000000000010)

State 816 file regression/pointertranslation/safestack_staticmalloc_MEM_handtranslation_simplified.c line 1872 function thread2_0 thread 0
----------------------------------------------------
  __csLOCAL_Pop2___while_cond_2=TRUE (00000001)

State 821 file regression/pointertranslation/safestack_staticmalloc_MEM_handtranslation_simplified.c line 1880 function thread2_0 thread 0
----------------------------------------------------
  __csLOCALPARAM___CS_atomic_load_obj=1 (00000000000000000000000000000001)

State 825 file regression/pointertranslation/safestack_staticmalloc_MEM_handtranslation_simplified.c line 1880 function thread2_0 thread 0
----------------------------------------------------
  __csLOCAL_Pop2_head1=1 (00000000000000000000000000000001)

State 829 file regression/pointertranslation/safestack_staticmalloc_MEM_handtranslation_simplified.c line 1882 function thread2_0 thread 0
----------------------------------------------------
  __csLOCALPARAM___CS_atomic_exchange_obj=6 (00000000000000000000000000000110)

State 830 file regression/pointertranslation/safestack_staticmalloc_MEM_handtranslation_simplified.c line 1882 function thread2_0 thread 0
----------------------------------------------------
  __csLOCALPARAM___CS_atomic_exchange_v=-1 (11111111111111111111111111111111)

State 831 file regression/pointertranslation/safestack_staticmalloc_MEM_handtranslation_simplified.c line 178 function __CS_atomic_exchange thread 0
----------------------------------------------------
  __csLOCAL___CS_atomic_exchange_t=2 (00000000000000000000000000000010)

State 832 file regression/pointertranslation/safestack_staticmalloc_MEM_handtranslation_simplified.c line 179 function __CS_atomic_exchange thread 0
----------------------------------------------------
  MEMORY_VALUE[6]=-1 (11111111111111111111111111111111)

State 836 file regression/pointertranslation/safestack_staticmalloc_MEM_handtranslation_simplified.c line 1882 function thread2_0 thread 0
----------------------------------------------------
  __csLOCAL_Pop2_next1=2 (00000000000000000000000000000010)

State 838 file regression/pointertranslation/safestack_staticmalloc_MEM_handtranslation_simplified.c line 1886 function thread2_0 thread 0
----------------------------------------------------
  __csLOCAL_Pop2_head22=1 (00000000000000000000000000000001)

State 842 file regression/pointertranslation/safestack_staticmalloc_MEM_handtranslation_simplified.c line 1888 function thread2_0 thread 0
----------------------------------------------------
  __csLOCALPARAM___CS_atomic_compare_and_exchange_obj=1 (00000000000000000000000000000001)

State 843 file regression/pointertranslation/safestack_staticmalloc_MEM_handtranslation_simplified.c line 1888 function thread2_0 thread 0
----------------------------------------------------
  __csLOCALPARAM___CS_atomic_compare_and_exchange_expected=&__csLOCAL_Pop2_head22 (0010111000000000000000000000000000000000000000000000000000000000)

State 844 file regression/pointertranslation/safestack_staticmalloc_MEM_handtranslation_simplified.c line 1888 function thread2_0 thread 0
----------------------------------------------------
  __csLOCALPARAM___CS_atomic_compare_and_exchange_desired=2 (00000000000000000000000000000010)

State 846 file regression/pointertranslation/safestack_staticmalloc_MEM_handtranslation_simplified.c line 187 function __CS_atomic_compare_and_exchange thread 0
----------------------------------------------------
  MEMORY_VALUE[1]=2 (00000000000000000000000000000010)

State 850 file regression/pointertranslation/safestack_staticmalloc_MEM_handtranslation_simplified.c line 1888 function thread2_0 thread 0
----------------------------------------------------
  __csLOCAL_Pop2___if_cond_2=TRUE (00000001)

State 989 file regression/pointertranslation/safestack_staticmalloc_MEM_handtranslation_simplified.c line 2767 function main thread 0
----------------------------------------------------
  pc[3]=5 (00000101)

State 990 file regression/pointertranslation/safestack_staticmalloc_MEM_handtranslation_simplified.c line 2771 function main thread 0
----------------------------------------------------
  thread_index=0 (00000000000000000000000000000000)

State 995 file regression/pointertranslation/safestack_staticmalloc_MEM_handtranslation_simplified.c line 157 function guess_pc thread 0
----------------------------------------------------
  i=0 (00000000)

State 1000 file regression/pointertranslation/safestack_staticmalloc_MEM_handtranslation_simplified.c line 2773 function main thread 0
----------------------------------------------------
  pc_cs=3 (000000011)

State 1013 file regression/pointertranslation/safestack_staticmalloc_MEM_handtranslation_simplified.c line 2776 function main thread 0
----------------------------------------------------
  pc[0]=3 (00000011)

State 1014 file regression/pointertranslation/safestack_staticmalloc_MEM_handtranslation_simplified.c line 2779 function main thread 0
----------------------------------------------------
  thread_index=1 (00000000000000000000000000000001)

State 1019 file regression/pointertranslation/safestack_staticmalloc_MEM_handtranslation_simplified.c line 157 function guess_pc thread 0
----------------------------------------------------
  i=3 (00000011)

State 1024 file regression/pointertranslation/safestack_staticmalloc_MEM_handtranslation_simplified.c line 2781 function main thread 0
----------------------------------------------------
  pc_cs=6 (000000110)

State 1028 file regression/pointertranslation/safestack_staticmalloc_MEM_handtranslation_simplified.c line 2783 function main thread 0
----------------------------------------------------
  __csLOCALPARAM_thread0_arg=NULL (0000000000000000000000000000000000000000000000000000000000000000)

State 1035 file regression/pointertranslation/safestack_staticmalloc_MEM_handtranslation_simplified.c line 244 function thread0_0 thread 0
----------------------------------------------------
  __csLOCALPARAM___CS_atomic_exchange_obj=4 (00000000000000000000000000000100)

State 1036 file regression/pointertranslation/safestack_staticmalloc_MEM_handtranslation_simplified.c line 244 function thread0_0 thread 0
----------------------------------------------------
  __csLOCALPARAM___CS_atomic_exchange_v=-1 (11111111111111111111111111111111)

State 1037 file regression/pointertranslation/safestack_staticmalloc_MEM_handtranslation_simplified.c line 178 function __CS_atomic_exchange thread 0
----------------------------------------------------
  __csLOCAL___CS_atomic_exchange_t=1 (00000000000000000000000000000001)

State 1038 file regression/pointertranslation/safestack_staticmalloc_MEM_handtranslation_simplified.c line 179 function __CS_atomic_exchange thread 0
----------------------------------------------------
  MEMORY_VALUE[4]=-1 (11111111111111111111111111111111)

State 1042 file regression/pointertranslation/safestack_staticmalloc_MEM_handtranslation_simplified.c line 244 function thread0_0 thread 0
----------------------------------------------------
  __csLOCAL_Pop0_next1=1 (00000000000000000000000000000001)

State 1044 file regression/pointertranslation/safestack_staticmalloc_MEM_handtranslation_simplified.c line 248 function thread0_0 thread 0
----------------------------------------------------
  __csLOCAL_Pop0_head20=0 (00000000000000000000000000000000)

State 1048 file regression/pointertranslation/safestack_staticmalloc_MEM_handtranslation_simplified.c line 250 function thread0_0 thread 0
----------------------------------------------------
  __csLOCALPARAM___CS_atomic_compare_and_exchange_obj=1 (00000000000000000000000000000001)

State 1049 file regression/pointertranslation/safestack_staticmalloc_MEM_handtranslation_simplified.c line 250 function thread0_0 thread 0
----------------------------------------------------
  __csLOCALPARAM___CS_atomic_compare_and_exchange_expected=&__csLOCAL_Pop0_head20 (0000011000000000000000000000000000000000000000000000000000000000)

State 1050 file regression/pointertranslation/safestack_staticmalloc_MEM_handtranslation_simplified.c line 250 function thread0_0 thread 0
----------------------------------------------------
  __csLOCALPARAM___CS_atomic_compare_and_exchange_desired=1 (00000000000000000000000000000001)

State 1052 file regression/pointertranslation/safestack_staticmalloc_MEM_handtranslation_simplified.c line 192 function __CS_atomic_compare_and_exchange thread 0
----------------------------------------------------
  __csLOCAL_Pop0_head20=2 (00000000000000000000000000000010)

State 1056 file regression/pointertranslation/safestack_staticmalloc_MEM_handtranslation_simplified.c line 250 function thread0_0 thread 0
----------------------------------------------------
  __csLOCAL_Pop0___if_cond_0=FALSE (00000000)

State 1195 file regression/pointertranslation/safestack_staticmalloc_MEM_handtranslation_simplified.c line 2784 function main thread 0
----------------------------------------------------
  pc[1]=6 (00000110)

State 1196 file regression/pointertranslation/safestack_staticmalloc_MEM_handtranslation_simplified.c line 2787 function main thread 0
----------------------------------------------------
  thread_index=2 (00000000000000000000000000000010)

State 1201 file regression/pointertranslation/safestack_staticmalloc_MEM_handtranslation_simplified.c line 157 function guess_pc thread 0
----------------------------------------------------
  i=9 (00001001)

State 1206 file regression/pointertranslation/safestack_staticmalloc_MEM_handtranslation_simplified.c line 2789 function main thread 0
----------------------------------------------------
  pc_cs=71 (001000111)

State 1210 file regression/pointertranslation/safestack_staticmalloc_MEM_handtranslation_simplified.c line 2791 function main thread 0
----------------------------------------------------
  __csLOCALPARAM_thread1_arg=NULL + 1 (0000000000000000000000000000000000000000000000000000000000000001)

State 1277 file regression/pointertranslation/safestack_staticmalloc_MEM_handtranslation_simplified.c line 1410 function thread1_0 thread 0
----------------------------------------------------
  __csLOCALPARAM___CS_atomic_compare_and_exchange_obj=1 (00000000000000000000000000000001)

State 1278 file regression/pointertranslation/safestack_staticmalloc_MEM_handtranslation_simplified.c line 1410 function thread1_0 thread 0
----------------------------------------------------
  __csLOCALPARAM___CS_atomic_compare_and_exchange_expected=&__csLOCAL_Push1_head11 (0010001100000000000000000000000000000000000000000000000000000000)

State 1279 file regression/pointertranslation/safestack_staticmalloc_MEM_handtranslation_simplified.c line 1410 function thread1_0 thread 0
----------------------------------------------------
  __csLOCALPARAM___CS_atomic_compare_and_exchange_desired=0 (00000000000000000000000000000000)

State 1281 file regression/pointertranslation/safestack_staticmalloc_MEM_handtranslation_simplified.c line 192 function __CS_atomic_compare_and_exchange thread 0
----------------------------------------------------
  __csLOCAL_Push1_head11=2 (00000000000000000000000000000010)

State 1286 file regression/pointertranslation/safestack_staticmalloc_MEM_handtranslation_simplified.c line 1409 function thread1_0 thread 0
----------------------------------------------------
  __csLOCAL_Push1___while_cond_4=TRUE (00000001)

State 1291 file regression/pointertranslation/safestack_staticmalloc_MEM_handtranslation_simplified.c line 1417 function thread1_0 thread 0
----------------------------------------------------
  __csLOCALPARAM___CS_atomic_store_obj=4 (00000000000000000000000000000100)

State 1292 file regression/pointertranslation/safestack_staticmalloc_MEM_handtranslation_simplified.c line 1417 function thread1_0 thread 0
----------------------------------------------------
  __csLOCALPARAM___CS_atomic_store_v=2 (00000000000000000000000000000010)

State 1293 file regression/pointertranslation/safestack_staticmalloc_MEM_handtranslation_simplified.c line 167 function __CS_atomic_store thread 0
----------------------------------------------------
  MEMORY_VALUE[4]=2 (00000000000000000000000000000010)

State 1299 file regression/pointertranslation/safestack_staticmalloc_MEM_handtranslation_simplified.c line 1419 function thread1_0 thread 0
----------------------------------------------------
  __csLOCALPARAM___CS_atomic_compare_and_exchange_obj=1 (00000000000000000000000000000001)

State 1300 file regression/pointertranslation/safestack_staticmalloc_MEM_handtranslation_simplified.c line 1419 function thread1_0 thread 0
----------------------------------------------------
  __csLOCALPARAM___CS_atomic_compare_and_exchange_expected=&__csLOCAL_Push1_head11 (0010001100000000000000000000000000000000000000000000000000000000)

State 1301 file regression/pointertranslation/safestack_staticmalloc_MEM_handtranslation_simplified.c line 1419 function thread1_0 thread 0
----------------------------------------------------
  __csLOCALPARAM___CS_atomic_compare_and_exchange_desired=0 (00000000000000000000000000000000)

State 1303 file regression/pointertranslation/safestack_staticmalloc_MEM_handtranslation_simplified.c line 187 function __CS_atomic_compare_and_exchange thread 0
----------------------------------------------------
  MEMORY_VALUE[1]=0 (00000000000000000000000000000000)

State 1308 file regression/pointertranslation/safestack_staticmalloc_MEM_handtranslation_simplified.c line 1418 function thread1_0 thread 0
----------------------------------------------------
  __csLOCAL_Push1___while_cond_4=FALSE (00000000)

State 1314 file regression/pointertranslation/safestack_staticmalloc_MEM_handtranslation_simplified.c line 1442 function thread1_0 thread 0
----------------------------------------------------
  __csLOCALPARAM___CS_atomic_fetch_add_obj=2 (00000000000000000000000000000010)

State 1315 file regression/pointertranslation/safestack_staticmalloc_MEM_handtranslation_simplified.c line 1442 function thread1_0 thread 0
----------------------------------------------------
  __csLOCALPARAM___CS_atomic_fetch_add_v=1 (00000000000000000000000000000001)

State 1316 file regression/pointertranslation/safestack_staticmalloc_MEM_handtranslation_simplified.c line 201 function __CS_atomic_fetch_add thread 0
----------------------------------------------------
  __csLOCAL___CS_atomic_fetch_add_old=2 (00000000000000000000000000000010)

State 1317 file regression/pointertranslation/safestack_staticmalloc_MEM_handtranslation_simplified.c line 202 function __CS_atomic_fetch_add thread 0
----------------------------------------------------
  MEMORY_VALUE[2]=3 (00000000000000000000000000000011)

State 1322 file regression/pointertranslation/safestack_staticmalloc_MEM_handtranslation_simplified.c line 1448 function thread1_0 thread 0
----------------------------------------------------
  __csLOCAL_thread1_i=1 (0000000000000000000000000000000000000000000000000000000000000001)

State 1327 file regression/pointertranslation/safestack_staticmalloc_MEM_handtranslation_simplified.c line 1455 function thread1_0 thread 0
----------------------------------------------------
  __csLOCALPARAM___CS_atomic_load_obj=2 (00000000000000000000000000000010)

State 1332 file regression/pointertranslation/safestack_staticmalloc_MEM_handtranslation_simplified.c line 1455 function thread1_0 thread 0
----------------------------------------------------
  __csLOCAL_Pop1___while_cond_1=TRUE (00000001)

State 1405 file regression/pointertranslation/safestack_staticmalloc_MEM_handtranslation_simplified.c line 2792 function main thread 0
----------------------------------------------------
  pc[2]=71 (01000111)

State 1406 file regression/pointertranslation/safestack_staticmalloc_MEM_handtranslation_simplified.c line 2795 function main thread 0
----------------------------------------------------
  thread_index=3 (00000000000000000000000000000011)

State 1411 file regression/pointertranslation/safestack_staticmalloc_MEM_handtranslation_simplified.c line 157 function guess_pc thread 0
----------------------------------------------------
  i=57 (00111001)

State 1416 file regression/pointertranslation/safestack_staticmalloc_MEM_handtranslation_simplified.c line 2797 function main thread 0
----------------------------------------------------
  pc_cs=62 (000111110)

State 1420 file regression/pointertranslation/safestack_staticmalloc_MEM_handtranslation_simplified.c line 2799 function main thread 0
----------------------------------------------------
  __csLOCALPARAM_thread2_arg=NULL + 2 (0000000000000000000000000000000000000000000000000000000000000010)

State 1429 file regression/pointertranslation/safestack_staticmalloc_MEM_handtranslation_simplified.c line 1891 function thread2_0 thread 0
----------------------------------------------------
  __csLOCALPARAM___CS_atomic_fetch_sub_obj=2 (00000000000000000000000000000010)

State 1430 file regression/pointertranslation/safestack_staticmalloc_MEM_handtranslation_simplified.c line 1891 function thread2_0 thread 0
----------------------------------------------------
  __csLOCALPARAM___CS_atomic_fetch_sub_v=1 (00000000000000000000000000000001)

State 1431 file regression/pointertranslation/safestack_staticmalloc_MEM_handtranslation_simplified.c line 209 function __CS_atomic_fetch_sub thread 0
----------------------------------------------------
  __csLOCAL___CS_atomic_fetch_sub_old=3 (00000000000000000000000000000011)

State 1432 file regression/pointertranslation/safestack_staticmalloc_MEM_handtranslation_simplified.c line 210 function __CS_atomic_fetch_sub thread 0
----------------------------------------------------
  MEMORY_VALUE[2]=2 (00000000000000000000000000000010)

State 1436 file regression/pointertranslation/safestack_staticmalloc_MEM_handtranslation_simplified.c line 1892 function thread2_0 thread 0
----------------------------------------------------
  __retval__Pop2_1=1 (00000000000000000000000000000001)

State 1439 file regression/pointertranslation/safestack_staticmalloc_MEM_handtranslation_simplified.c line 1974 function thread2_0 thread 0
----------------------------------------------------
  __csLOCAL_thread2_elem=1 (00000000000000000000000000000001)

State 1443 file regression/pointertranslation/safestack_staticmalloc_MEM_handtranslation_simplified.c line 2210 function thread2_0 thread 0
----------------------------------------------------
  MEMORY_VALUE[5]=2 (00000000000000000000000000000010)

State 1446 file regression/pointertranslation/safestack_staticmalloc_MEM_handtranslation_simplified.c line 2214 function thread2_0 thread 0
----------------------------------------------------
  __csLOCALPARAM_Push2_index=1 (00000000000000000000000000000001)

State 1450 file regression/pointertranslation/safestack_staticmalloc_MEM_handtranslation_simplified.c line 2216 function thread2_0 thread 0
----------------------------------------------------
  __csLOCALPARAM___CS_atomic_load_obj=1 (00000000000000000000000000000001)

State 1454 file regression/pointertranslation/safestack_staticmalloc_MEM_handtranslation_simplified.c line 2216 function thread2_0 thread 0
----------------------------------------------------
  __csLOCAL_Push2_head12=0 (00000000000000000000000000000000)

State 1455 file regression/pointertranslation/safestack_staticmalloc_MEM_handtranslation_simplified.c line 2219 function thread2_0 thread 0
----------------------------------------------------
  __csLOCAL_Push2___cs_dowhile_onetime_3=0 (00000000000000000000000000000000)

State 1459 file regression/pointertranslation/safestack_staticmalloc_MEM_handtranslation_simplified.c line 2221 function thread2_0 thread 0
----------------------------------------------------
  __csLOCALPARAM___CS_atomic_store_obj=6 (00000000000000000000000000000110)

State 1460 file regression/pointertranslation/safestack_staticmalloc_MEM_handtranslation_simplified.c line 2221 function thread2_0 thread 0
----------------------------------------------------
  __csLOCALPARAM___CS_atomic_store_v=0 (00000000000000000000000000000000)

State 1461 file regression/pointertranslation/safestack_staticmalloc_MEM_handtranslation_simplified.c line 167 function __CS_atomic_store thread 0
----------------------------------------------------
  MEMORY_VALUE[6]=0 (00000000000000000000000000000000)

State 1463 file regression/pointertranslation/safestack_staticmalloc_MEM_handtranslation_simplified.c line 2223 function thread2_0 thread 0
----------------------------------------------------
  __csLOCAL_Push2___cs_dowhile_onetime_3=1 (00000000000000000000000000000001)

State 1546 file regression/pointertranslation/safestack_staticmalloc_MEM_handtranslation_simplified.c line 2800 function main thread 0
----------------------------------------------------
  pc[3]=62 (00111110)

State 1547 file regression/pointertranslation/safestack_staticmalloc_MEM_handtranslation_simplified.c line 2804 function main thread 0
----------------------------------------------------
  thread_index=0 (00000000000000000000000000000000)

State 1552 file regression/pointertranslation/safestack_staticmalloc_MEM_handtranslation_simplified.c line 157 function guess_pc thread 0
----------------------------------------------------
  i=0 (00000000)

State 1557 file regression/pointertranslation/safestack_staticmalloc_MEM_handtranslation_simplified.c line 2806 function main thread 0
----------------------------------------------------
  pc_cs=3 (000000011)

State 1570 file regression/pointertranslation/safestack_staticmalloc_MEM_handtranslation_simplified.c line 2809 function main thread 0
----------------------------------------------------
  pc[0]=3 (00000011)

State 1571 file regression/pointertranslation/safestack_staticmalloc_MEM_handtranslation_simplified.c line 2812 function main thread 0
----------------------------------------------------
  thread_index=1 (00000000000000000000000000000001)

State 1576 file regression/pointertranslation/safestack_staticmalloc_MEM_handtranslation_simplified.c line 157 function guess_pc thread 0
----------------------------------------------------
  i=5 (00000101)

State 1581 file regression/pointertranslation/safestack_staticmalloc_MEM_handtranslation_simplified.c line 2814 function main thread 0
----------------------------------------------------
  pc_cs=11 (000001011)

State 1585 file regression/pointertranslation/safestack_staticmalloc_MEM_handtranslation_simplified.c line 2816 function main thread 0
----------------------------------------------------
  __csLOCALPARAM_thread0_arg=NULL (0000000000000000000000000000000000000000000000000000000000000000)

State 1595 file regression/pointertranslation/safestack_staticmalloc_MEM_handtranslation_simplified.c line 259 function thread0_0 thread 0
----------------------------------------------------
  __csLOCALPARAM___CS_atomic_exchange_obj=4 (00000000000000000000000000000100)

State 1596 file regression/pointertranslation/safestack_staticmalloc_MEM_handtranslation_simplified.c line 259 function thread0_0 thread 0
----------------------------------------------------
  __csLOCALPARAM___CS_atomic_exchange_v=1 (00000000000000000000000000000001)

State 1597 file regression/pointertranslation/safestack_staticmalloc_MEM_handtranslation_simplified.c line 178 function __CS_atomic_exchange thread 0
----------------------------------------------------
  __csLOCAL___CS_atomic_exchange_t=2 (00000000000000000000000000000010)

State 1598 file regression/pointertranslation/safestack_staticmalloc_MEM_handtranslation_simplified.c line 179 function __CS_atomic_exchange thread 0
----------------------------------------------------
  MEMORY_VALUE[4]=1 (00000000000000000000000000000001)

State 1608 file regression/pointertranslation/safestack_staticmalloc_MEM_handtranslation_simplified.c line 264 function thread0_0 thread 0
----------------------------------------------------
  __csLOCALPARAM___CS_atomic_load_obj=2 (00000000000000000000000000000010)

State 1613 file regression/pointertranslation/safestack_staticmalloc_MEM_handtranslation_simplified.c line 264 function thread0_0 thread 0
----------------------------------------------------
  __csLOCAL_Pop0___while_cond_0=TRUE (00000001)

State 1618 file regression/pointertranslation/safestack_staticmalloc_MEM_handtranslation_simplified.c line 273 function thread0_0 thread 0
----------------------------------------------------
  __csLOCALPARAM___CS_atomic_load_obj=1 (00000000000000000000000000000001)

State 1622 file regression/pointertranslation/safestack_staticmalloc_MEM_handtranslation_simplified.c line 273 function thread0_0 thread 0
----------------------------------------------------
  __csLOCAL_Pop0_head1=0 (00000000000000000000000000000000)

State 1626 file regression/pointertranslation/safestack_staticmalloc_MEM_handtranslation_simplified.c line 275 function thread0_0 thread 0
----------------------------------------------------
  __csLOCALPARAM___CS_atomic_exchange_obj=4 (00000000000000000000000000000100)

State 1627 file regression/pointertranslation/safestack_staticmalloc_MEM_handtranslation_simplified.c line 275 function thread0_0 thread 0
----------------------------------------------------
  __csLOCALPARAM___CS_atomic_exchange_v=-1 (11111111111111111111111111111111)

State 1628 file regression/pointertranslation/safestack_staticmalloc_MEM_handtranslation_simplified.c line 178 function __CS_atomic_exchange thread 0
----------------------------------------------------
  __csLOCAL___CS_atomic_exchange_t=1 (00000000000000000000000000000001)

State 1629 file regression/pointertranslation/safestack_staticmalloc_MEM_handtranslation_simplified.c line 179 function __CS_atomic_exchange thread 0
----------------------------------------------------
  MEMORY_VALUE[4]=-1 (11111111111111111111111111111111)

State 1633 file regression/pointertranslation/safestack_staticmalloc_MEM_handtranslation_simplified.c line 275 function thread0_0 thread 0
----------------------------------------------------
  __csLOCAL_Pop0_next1=1 (00000000000000000000000000000001)

State 1635 file regression/pointertranslation/safestack_staticmalloc_MEM_handtranslation_simplified.c line 279 function thread0_0 thread 0
----------------------------------------------------
  __csLOCAL_Pop0_head20=0 (00000000000000000000000000000000)

State 1639 file regression/pointertranslation/safestack_staticmalloc_MEM_handtranslation_simplified.c line 281 function thread0_0 thread 0
----------------------------------------------------
  __csLOCALPARAM___CS_atomic_compare_and_exchange_obj=1 (00000000000000000000000000000001)

State 1640 file regression/pointertranslation/safestack_staticmalloc_MEM_handtranslation_simplified.c line 281 function thread0_0 thread 0
----------------------------------------------------
  __csLOCALPARAM___CS_atomic_compare_and_exchange_expected=&__csLOCAL_Pop0_head20 (0000011100000000000000000000000000000000000000000000000000000000)

State 1641 file regression/pointertranslation/safestack_staticmalloc_MEM_handtranslation_simplified.c line 281 function thread0_0 thread 0
----------------------------------------------------
  __csLOCALPARAM___CS_atomic_compare_and_exchange_desired=1 (00000000000000000000000000000001)

State 1643 file regression/pointertranslation/safestack_staticmalloc_MEM_handtranslation_simplified.c line 187 function __CS_atomic_compare_and_exchange thread 0
----------------------------------------------------
  MEMORY_VALUE[1]=1 (00000000000000000000000000000001)

State 1647 file regression/pointertranslation/safestack_staticmalloc_MEM_handtranslation_simplified.c line 281 function thread0_0 thread 0
----------------------------------------------------
  __csLOCAL_Pop0___if_cond_0=TRUE (00000001)

State 1780 file regression/pointertranslation/safestack_staticmalloc_MEM_handtranslation_simplified.c line 2817 function main thread 0
----------------------------------------------------
  pc[1]=11 (00001011)

State 1781 file regression/pointertranslation/safestack_staticmalloc_MEM_handtranslation_simplified.c line 2820 function main thread 0
----------------------------------------------------
  thread_index=2 (00000000000000000000000000000010)

State 1786 file regression/pointertranslation/safestack_staticmalloc_MEM_handtranslation_simplified.c line 157 function guess_pc thread 0
----------------------------------------------------
  i=2 (00000010)

State 1791 file regression/pointertranslation/safestack_staticmalloc_MEM_handtranslation_simplified.c line 2822 function main thread 0
----------------------------------------------------
  pc_cs=73 (001001001)

State 1795 file regression/pointertranslation/safestack_staticmalloc_MEM_handtranslation_simplified.c line 2824 function main thread 0
----------------------------------------------------
  __csLOCALPARAM_thread1_arg=NULL + 1 (0000000000000000000000000000000000000000000000000000000000000001)

State 1870 file regression/pointertranslation/safestack_staticmalloc_MEM_handtranslation_simplified.c line 1463 function thread1_0 thread 0
----------------------------------------------------
  __csLOCALPARAM___CS_atomic_load_obj=1 (00000000000000000000000000000001)

State 1874 file regression/pointertranslation/safestack_staticmalloc_MEM_handtranslation_simplified.c line 1463 function thread1_0 thread 0
----------------------------------------------------
  __csLOCAL_Pop1_head1=1 (00000000000000000000000000000001)

State 1878 file regression/pointertranslation/safestack_staticmalloc_MEM_handtranslation_simplified.c line 1465 function thread1_0 thread 0
----------------------------------------------------
  __csLOCALPARAM___CS_atomic_exchange_obj=6 (00000000000000000000000000000110)

State 1879 file regression/pointertranslation/safestack_staticmalloc_MEM_handtranslation_simplified.c line 1465 function thread1_0 thread 0
----------------------------------------------------
  __csLOCALPARAM___CS_atomic_exchange_v=-1 (11111111111111111111111111111111)

State 1880 file regression/pointertranslation/safestack_staticmalloc_MEM_handtranslation_simplified.c line 178 function __CS_atomic_exchange thread 0
----------------------------------------------------
  __csLOCAL___CS_atomic_exchange_t=0 (00000000000000000000000000000000)

State 1881 file regression/pointertranslation/safestack_staticmalloc_MEM_handtranslation_simplified.c line 179 function __CS_atomic_exchange thread 0
----------------------------------------------------
  MEMORY_VALUE[6]=-1 (11111111111111111111111111111111)

State 1885 file regression/pointertranslation/safestack_staticmalloc_MEM_handtranslation_simplified.c line 1465 function thread1_0 thread 0
----------------------------------------------------
  __csLOCAL_Pop1_next1=0 (00000000000000000000000000000000)

State 1887 file regression/pointertranslation/safestack_staticmalloc_MEM_handtranslation_simplified.c line 1469 function thread1_0 thread 0
----------------------------------------------------
  __csLOCAL_Pop1_head21=1 (00000000000000000000000000000001)

State 1957 file regression/pointertranslation/safestack_staticmalloc_MEM_handtranslation_simplified.c line 2825 function main thread 0
----------------------------------------------------
  pc[2]=73 (01001001)

State 1958 file regression/pointertranslation/safestack_staticmalloc_MEM_handtranslation_simplified.c line 2828 function main thread 0
----------------------------------------------------
  thread_index=3 (00000000000000000000000000000011)

State 1963 file regression/pointertranslation/safestack_staticmalloc_MEM_handtranslation_simplified.c line 157 function guess_pc thread 0
----------------------------------------------------
  i=66 (01000010)

State 1968 file regression/pointertranslation/safestack_staticmalloc_MEM_handtranslation_simplified.c line 2830 function main thread 0
----------------------------------------------------
  pc_cs=128 (010000000)

State 1972 file regression/pointertranslation/safestack_staticmalloc_MEM_handtranslation_simplified.c line 2832 function main thread 0
----------------------------------------------------
  __csLOCALPARAM_thread2_arg=NULL + 2 (0000000000000000000000000000000000000000000000000000000000000010)

State 2039 file regression/pointertranslation/safestack_staticmalloc_MEM_handtranslation_simplified.c line 2229 function thread2_0 thread 0
----------------------------------------------------
  __csLOCALPARAM___CS_atomic_compare_and_exchange_obj=1 (00000000000000000000000000000001)

State 2040 file regression/pointertranslation/safestack_staticmalloc_MEM_handtranslation_simplified.c line 2229 function thread2_0 thread 0
----------------------------------------------------
  __csLOCALPARAM___CS_atomic_compare_and_exchange_expected=&__csLOCAL_Push2_head12 (0011011100000000000000000000000000000000000000000000000000000000)

State 2041 file regression/pointertranslation/safestack_staticmalloc_MEM_handtranslation_simplified.c line 2229 function thread2_0 thread 0
----------------------------------------------------
  __csLOCALPARAM___CS_atomic_compare_and_exchange_desired=1 (00000000000000000000000000000001)

State 2043 file regression/pointertranslation/safestack_staticmalloc_MEM_handtranslation_simplified.c line 192 function __CS_atomic_compare_and_exchange thread 0
----------------------------------------------------
  __csLOCAL_Push2_head12=1 (00000000000000000000000000000001)

State 2048 file regression/pointertranslation/safestack_staticmalloc_MEM_handtranslation_simplified.c line 2228 function thread2_0 thread 0
----------------------------------------------------
  __csLOCAL_Push2___while_cond_5=TRUE (00000001)

State 2053 file regression/pointertranslation/safestack_staticmalloc_MEM_handtranslation_simplified.c line 2236 function thread2_0 thread 0
----------------------------------------------------
  __csLOCALPARAM___CS_atomic_store_obj=6 (00000000000000000000000000000110)

State 2054 file regression/pointertranslation/safestack_staticmalloc_MEM_handtranslation_simplified.c line 2236 function thread2_0 thread 0
----------------------------------------------------
  __csLOCALPARAM___CS_atomic_store_v=1 (00000000000000000000000000000001)

State 2055 file regression/pointertranslation/safestack_staticmalloc_MEM_handtranslation_simplified.c line 167 function __CS_atomic_store thread 0
----------------------------------------------------
  MEMORY_VALUE[6]=1 (00000000000000000000000000000001)

State 2061 file regression/pointertranslation/safestack_staticmalloc_MEM_handtranslation_simplified.c line 2238 function thread2_0 thread 0
----------------------------------------------------
  __csLOCALPARAM___CS_atomic_compare_and_exchange_obj=1 (00000000000000000000000000000001)

State 2062 file regression/pointertranslation/safestack_staticmalloc_MEM_handtranslation_simplified.c line 2238 function thread2_0 thread 0
----------------------------------------------------
  __csLOCALPARAM___CS_atomic_compare_and_exchange_expected=&__csLOCAL_Push2_head12 (0011011100000000000000000000000000000000000000000000000000000000)

State 2063 file regression/pointertranslation/safestack_staticmalloc_MEM_handtranslation_simplified.c line 2238 function thread2_0 thread 0
----------------------------------------------------
  __csLOCALPARAM___CS_atomic_compare_and_exchange_desired=1 (00000000000000000000000000000001)

State 2065 file regression/pointertranslation/safestack_staticmalloc_MEM_handtranslation_simplified.c line 187 function __CS_atomic_compare_and_exchange thread 0
----------------------------------------------------
  MEMORY_VALUE[1]=1 (00000000000000000000000000000001)

State 2070 file regression/pointertranslation/safestack_staticmalloc_MEM_handtranslation_simplified.c line 2237 function thread2_0 thread 0
----------------------------------------------------
  __csLOCAL_Push2___while_cond_5=FALSE (00000000)

State 2076 file regression/pointertranslation/safestack_staticmalloc_MEM_handtranslation_simplified.c line 2261 function thread2_0 thread 0
----------------------------------------------------
  __csLOCALPARAM___CS_atomic_fetch_add_obj=2 (00000000000000000000000000000010)

State 2077 file regression/pointertranslation/safestack_staticmalloc_MEM_handtranslation_simplified.c line 2261 function thread2_0 thread 0
----------------------------------------------------
  __csLOCALPARAM___CS_atomic_fetch_add_v=1 (00000000000000000000000000000001)

State 2078 file regression/pointertranslation/safestack_staticmalloc_MEM_handtranslation_simplified.c line 201 function __CS_atomic_fetch_add thread 0
----------------------------------------------------
  __csLOCAL___CS_atomic_fetch_add_old=2 (00000000000000000000000000000010)

State 2079 file regression/pointertranslation/safestack_staticmalloc_MEM_handtranslation_simplified.c line 202 function __CS_atomic_fetch_add thread 0
----------------------------------------------------
  MEMORY_VALUE[2]=3 (00000000000000000000000000000011)

State 2084 file regression/pointertranslation/safestack_staticmalloc_MEM_handtranslation_simplified.c line 2267 function thread2_0 thread 0
----------------------------------------------------
  __csLOCAL_thread2_i=1 (0000000000000000000000000000000000000000000000000000000000000001)

State 2089 file regression/pointertranslation/safestack_staticmalloc_MEM_handtranslation_simplified.c line 2274 function thread2_0 thread 0
----------------------------------------------------
  __csLOCALPARAM___CS_atomic_load_obj=2 (00000000000000000000000000000010)

State 2094 file regression/pointertranslation/safestack_staticmalloc_MEM_handtranslation_simplified.c line 2274 function thread2_0 thread 0
----------------------------------------------------
  __csLOCAL_Pop2___while_cond_2=TRUE (00000001)

State 2099 file regression/pointertranslation/safestack_staticmalloc_MEM_handtranslation_simplified.c line 2282 function thread2_0 thread 0
----------------------------------------------------
  __csLOCALPARAM___CS_atomic_load_obj=1 (00000000000000000000000000000001)

State 2103 file regression/pointertranslation/safestack_staticmalloc_MEM_handtranslation_simplified.c line 2282 function thread2_0 thread 0
----------------------------------------------------
  __csLOCAL_Pop2_head1=1 (00000000000000000000000000000001)

State 2107 file regression/pointertranslation/safestack_staticmalloc_MEM_handtranslation_simplified.c line 2284 function thread2_0 thread 0
----------------------------------------------------
  __csLOCALPARAM___CS_atomic_exchange_obj=6 (00000000000000000000000000000110)

State 2108 file regression/pointertranslation/safestack_staticmalloc_MEM_handtranslation_simplified.c line 2284 function thread2_0 thread 0
----------------------------------------------------
  __csLOCALPARAM___CS_atomic_exchange_v=-1 (11111111111111111111111111111111)

State 2109 file regression/pointertranslation/safestack_staticmalloc_MEM_handtranslation_simplified.c line 178 function __CS_atomic_exchange thread 0
----------------------------------------------------
  __csLOCAL___CS_atomic_exchange_t=1 (00000000000000000000000000000001)

State 2110 file regression/pointertranslation/safestack_staticmalloc_MEM_handtranslation_simplified.c line 179 function __CS_atomic_exchange thread 0
----------------------------------------------------
  MEMORY_VALUE[6]=-1 (11111111111111111111111111111111)

State 2114 file regression/pointertranslation/safestack_staticmalloc_MEM_handtranslation_simplified.c line 2284 function thread2_0 thread 0
----------------------------------------------------
  __csLOCAL_Pop2_next1=1 (00000000000000000000000000000001)

State 2116 file regression/pointertranslation/safestack_staticmalloc_MEM_handtranslation_simplified.c line 2288 function thread2_0 thread 0
----------------------------------------------------
  __csLOCAL_Pop2_head22=1 (00000000000000000000000000000001)

State 2120 file regression/pointertranslation/safestack_staticmalloc_MEM_handtranslation_simplified.c line 2290 function thread2_0 thread 0
----------------------------------------------------
  __csLOCALPARAM___CS_atomic_compare_and_exchange_obj=1 (00000000000000000000000000000001)

State 2121 file regression/pointertranslation/safestack_staticmalloc_MEM_handtranslation_simplified.c line 2290 function thread2_0 thread 0
----------------------------------------------------
  __csLOCALPARAM___CS_atomic_compare_and_exchange_expected=&__csLOCAL_Pop2_head22 (0011100000000000000000000000000000000000000000000000000000000000)

State 2122 file regression/pointertranslation/safestack_staticmalloc_MEM_handtranslation_simplified.c line 2290 function thread2_0 thread 0
----------------------------------------------------
  __csLOCALPARAM___CS_atomic_compare_and_exchange_desired=1 (00000000000000000000000000000001)

State 2124 file regression/pointertranslation/safestack_staticmalloc_MEM_handtranslation_simplified.c line 187 function __CS_atomic_compare_and_exchange thread 0
----------------------------------------------------
  MEMORY_VALUE[1]=1 (00000000000000000000000000000001)

State 2128 file regression/pointertranslation/safestack_staticmalloc_MEM_handtranslation_simplified.c line 2290 function thread2_0 thread 0
----------------------------------------------------
  __csLOCAL_Pop2___if_cond_2=TRUE (00000001)

State 2133 file regression/pointertranslation/safestack_staticmalloc_MEM_handtranslation_simplified.c line 2293 function thread2_0 thread 0
----------------------------------------------------
  __csLOCALPARAM___CS_atomic_fetch_sub_obj=2 (00000000000000000000000000000010)

State 2134 file regression/pointertranslation/safestack_staticmalloc_MEM_handtranslation_simplified.c line 2293 function thread2_0 thread 0
----------------------------------------------------
  __csLOCALPARAM___CS_atomic_fetch_sub_v=1 (00000000000000000000000000000001)

State 2135 file regression/pointertranslation/safestack_staticmalloc_MEM_handtranslation_simplified.c line 209 function __CS_atomic_fetch_sub thread 0
----------------------------------------------------
  __csLOCAL___CS_atomic_fetch_sub_old=3 (00000000000000000000000000000011)

State 2136 file regression/pointertranslation/safestack_staticmalloc_MEM_handtranslation_simplified.c line 210 function __CS_atomic_fetch_sub thread 0
----------------------------------------------------
  MEMORY_VALUE[2]=2 (00000000000000000000000000000010)

State 2140 file regression/pointertranslation/safestack_staticmalloc_MEM_handtranslation_simplified.c line 2294 function thread2_0 thread 0
----------------------------------------------------
  __retval__Pop2_1=1 (00000000000000000000000000000001)

State 2143 file regression/pointertranslation/safestack_staticmalloc_MEM_handtranslation_simplified.c line 2376 function thread2_0 thread 0
----------------------------------------------------
  __csLOCAL_thread2_elem=1 (00000000000000000000000000000001)

State 2147 file regression/pointertranslation/safestack_staticmalloc_MEM_handtranslation_simplified.c line 2612 function thread2_0 thread 0
----------------------------------------------------
  MEMORY_VALUE[5]=2 (00000000000000000000000000000010)

State 2162 file regression/pointertranslation/safestack_staticmalloc_MEM_handtranslation_simplified.c line 2833 function main thread 0
----------------------------------------------------
  pc[3]=128 (10000000)

State 2163 file regression/pointertranslation/safestack_staticmalloc_MEM_handtranslation_simplified.c line 2837 function main thread 0
----------------------------------------------------
  thread_index=0 (00000000000000000000000000000000)

State 2168 file regression/pointertranslation/safestack_staticmalloc_MEM_handtranslation_simplified.c line 157 function guess_pc thread 0
----------------------------------------------------
  i=0 (00000000)

State 2173 file regression/pointertranslation/safestack_staticmalloc_MEM_handtranslation_simplified.c line 2839 function main thread 0
----------------------------------------------------
  pc_cs=3 (000000011)

State 2186 file regression/pointertranslation/safestack_staticmalloc_MEM_handtranslation_simplified.c line 2842 function main thread 0
----------------------------------------------------
  pc[0]=3 (00000011)

State 2187 file regression/pointertranslation/safestack_staticmalloc_MEM_handtranslation_simplified.c line 2845 function main thread 0
----------------------------------------------------
  thread_index=1 (00000000000000000000000000000001)

State 2192 file regression/pointertranslation/safestack_staticmalloc_MEM_handtranslation_simplified.c line 157 function guess_pc thread 0
----------------------------------------------------
  i=120 (01111000)

State 2197 file regression/pointertranslation/safestack_staticmalloc_MEM_handtranslation_simplified.c line 2847 function main thread 0
----------------------------------------------------
  pc_cs=131 (010000011)

State 2201 file regression/pointertranslation/safestack_staticmalloc_MEM_handtranslation_simplified.c line 2849 function main thread 0
----------------------------------------------------
  __csLOCALPARAM_thread0_arg=NULL (0000000000000000000000000000000000000000000000000000000000000000)

State 2216 file regression/pointertranslation/safestack_staticmalloc_MEM_handtranslation_simplified.c line 284 function thread0_0 thread 0
----------------------------------------------------
  __csLOCALPARAM___CS_atomic_fetch_sub_obj=2 (00000000000000000000000000000010)

State 2217 file regression/pointertranslation/safestack_staticmalloc_MEM_handtranslation_simplified.c line 284 function thread0_0 thread 0
----------------------------------------------------
  __csLOCALPARAM___CS_atomic_fetch_sub_v=1 (00000000000000000000000000000001)

State 2218 file regression/pointertranslation/safestack_staticmalloc_MEM_handtranslation_simplified.c line 209 function __CS_atomic_fetch_sub thread 0
----------------------------------------------------
  __csLOCAL___CS_atomic_fetch_sub_old=2 (00000000000000000000000000000010)

State 2219 file regression/pointertranslation/safestack_staticmalloc_MEM_handtranslation_simplified.c line 210 function __CS_atomic_fetch_sub thread 0
----------------------------------------------------
  MEMORY_VALUE[2]=1 (00000000000000000000000000000001)

State 2223 file regression/pointertranslation/safestack_staticmalloc_MEM_handtranslation_simplified.c line 285 function thread0_0 thread 0
----------------------------------------------------
  __retval__Pop0_1=0 (00000000000000000000000000000000)

State 2226 file regression/pointertranslation/safestack_staticmalloc_MEM_handtranslation_simplified.c line 336 function thread0_0 thread 0
----------------------------------------------------
  __csLOCAL_thread0_elem=0 (00000000000000000000000000000000)

State 2230 file regression/pointertranslation/safestack_staticmalloc_MEM_handtranslation_simplified.c line 572 function thread0_0 thread 0
----------------------------------------------------
  MEMORY_VALUE[3]=0 (00000000000000000000000000000000)

State 2233 file regression/pointertranslation/safestack_staticmalloc_MEM_handtranslation_simplified.c line 576 function thread0_0 thread 0
----------------------------------------------------
  __csLOCALPARAM_Push0_index=0 (00000000000000000000000000000000)

State 2237 file regression/pointertranslation/safestack_staticmalloc_MEM_handtranslation_simplified.c line 578 function thread0_0 thread 0
----------------------------------------------------
  __csLOCALPARAM___CS_atomic_load_obj=1 (00000000000000000000000000000001)

State 2241 file regression/pointertranslation/safestack_staticmalloc_MEM_handtranslation_simplified.c line 578 function thread0_0 thread 0
----------------------------------------------------
  __csLOCAL_Push0_head10=1 (00000000000000000000000000000001)

State 2242 file regression/pointertranslation/safestack_staticmalloc_MEM_handtranslation_simplified.c line 581 function thread0_0 thread 0
----------------------------------------------------
  __csLOCAL_Push0___cs_dowhile_onetime_1=0 (00000000000000000000000000000000)

State 2246 file regression/pointertranslation/safestack_staticmalloc_MEM_handtranslation_simplified.c line 583 function thread0_0 thread 0
----------------------------------------------------
  __csLOCALPARAM___CS_atomic_store_obj=4 (00000000000000000000000000000100)

State 2247 file regression/pointertranslation/safestack_staticmalloc_MEM_handtranslation_simplified.c line 583 function thread0_0 thread 0
----------------------------------------------------
  __csLOCALPARAM___CS_atomic_store_v=1 (00000000000000000000000000000001)

State 2248 file regression/pointertranslation/safestack_staticmalloc_MEM_handtranslation_simplified.c line 167 function __CS_atomic_store thread 0
----------------------------------------------------
  MEMORY_VALUE[4]=1 (00000000000000000000000000000001)

State 2250 file regression/pointertranslation/safestack_staticmalloc_MEM_handtranslation_simplified.c line 585 function thread0_0 thread 0
----------------------------------------------------
  __csLOCAL_Push0___cs_dowhile_onetime_1=1 (00000000000000000000000000000001)

State 2257 file regression/pointertranslation/safestack_staticmalloc_MEM_handtranslation_simplified.c line 591 function thread0_0 thread 0
----------------------------------------------------
  __csLOCALPARAM___CS_atomic_compare_and_exchange_obj=1 (00000000000000000000000000000001)

State 2258 file regression/pointertranslation/safestack_staticmalloc_MEM_handtranslation_simplified.c line 591 function thread0_0 thread 0
----------------------------------------------------
  __csLOCALPARAM___CS_atomic_compare_and_exchange_expected=&__csLOCAL_Push0_head10 (0000111100000000000000000000000000000000000000000000000000000000)

State 2259 file regression/pointertranslation/safestack_staticmalloc_MEM_handtranslation_simplified.c line 591 function thread0_0 thread 0
----------------------------------------------------
  __csLOCALPARAM___CS_atomic_compare_and_exchange_desired=0 (00000000000000000000000000000000)

State 2261 file regression/pointertranslation/safestack_staticmalloc_MEM_handtranslation_simplified.c line 187 function __CS_atomic_compare_and_exchange thread 0
----------------------------------------------------
  MEMORY_VALUE[1]=0 (00000000000000000000000000000000)

State 2266 file regression/pointertranslation/safestack_staticmalloc_MEM_handtranslation_simplified.c line 590 function thread0_0 thread 0
----------------------------------------------------
  __csLOCAL_Push0___while_cond_3=FALSE (00000000)

State 2272 file regression/pointertranslation/safestack_staticmalloc_MEM_handtranslation_simplified.c line 623 function thread0_0 thread 0
----------------------------------------------------
  __csLOCALPARAM___CS_atomic_fetch_add_obj=2 (00000000000000000000000000000010)

State 2273 file regression/pointertranslation/safestack_staticmalloc_MEM_handtranslation_simplified.c line 623 function thread0_0 thread 0
----------------------------------------------------
  __csLOCALPARAM___CS_atomic_fetch_add_v=1 (00000000000000000000000000000001)

State 2274 file regression/pointertranslation/safestack_staticmalloc_MEM_handtranslation_simplified.c line 201 function __CS_atomic_fetch_add thread 0
----------------------------------------------------
  __csLOCAL___CS_atomic_fetch_add_old=1 (00000000000000000000000000000001)

State 2275 file regression/pointertranslation/safestack_staticmalloc_MEM_handtranslation_simplified.c line 202 function __CS_atomic_fetch_add thread 0
----------------------------------------------------
  MEMORY_VALUE[2]=2 (00000000000000000000000000000010)

State 2280 file regression/pointertranslation/safestack_staticmalloc_MEM_handtranslation_simplified.c line 629 function thread0_0 thread 0
----------------------------------------------------
  __csLOCAL_thread0_i=1 (0000000000000000000000000000000000000000000000000000000000000001)

State 2285 file regression/pointertranslation/safestack_staticmalloc_MEM_handtranslation_simplified.c line 636 function thread0_0 thread 0
----------------------------------------------------
  __csLOCALPARAM___CS_atomic_load_obj=2 (00000000000000000000000000000010)

State 2290 file regression/pointertranslation/safestack_staticmalloc_MEM_handtranslation_simplified.c line 636 function thread0_0 thread 0
----------------------------------------------------
  __csLOCAL_Pop0___while_cond_0=TRUE (00000001)

State 2295 file regression/pointertranslation/safestack_staticmalloc_MEM_handtranslation_simplified.c line 644 function thread0_0 thread 0
----------------------------------------------------
  __csLOCALPARAM___CS_atomic_load_obj=1 (00000000000000000000000000000001)

State 2299 file regression/pointertranslation/safestack_staticmalloc_MEM_handtranslation_simplified.c line 644 function thread0_0 thread 0
----------------------------------------------------
  __csLOCAL_Pop0_head1=0 (00000000000000000000000000000000)

State 2303 file regression/pointertranslation/safestack_staticmalloc_MEM_handtranslation_simplified.c line 646 function thread0_0 thread 0
----------------------------------------------------
  __csLOCALPARAM___CS_atomic_exchange_obj=4 (00000000000000000000000000000100)

State 2304 file regression/pointertranslation/safestack_staticmalloc_MEM_handtranslation_simplified.c line 646 function thread0_0 thread 0
----------------------------------------------------
  __csLOCALPARAM___CS_atomic_exchange_v=-1 (11111111111111111111111111111111)

State 2305 file regression/pointertranslation/safestack_staticmalloc_MEM_handtranslation_simplified.c line 178 function __CS_atomic_exchange thread 0
----------------------------------------------------
  __csLOCAL___CS_atomic_exchange_t=1 (00000000000000000000000000000001)

State 2306 file regression/pointertranslation/safestack_staticmalloc_MEM_handtranslation_simplified.c line 179 function __CS_atomic_exchange thread 0
----------------------------------------------------
  MEMORY_VALUE[4]=-1 (11111111111111111111111111111111)

State 2310 file regression/pointertranslation/safestack_staticmalloc_MEM_handtranslation_simplified.c line 646 function thread0_0 thread 0
----------------------------------------------------
  __csLOCAL_Pop0_next1=1 (00000000000000000000000000000001)

State 2312 file regression/pointertranslation/safestack_staticmalloc_MEM_handtranslation_simplified.c line 650 function thread0_0 thread 0
----------------------------------------------------
  __csLOCAL_Pop0_head20=0 (00000000000000000000000000000000)

State 2316 file regression/pointertranslation/safestack_staticmalloc_MEM_handtranslation_simplified.c line 652 function thread0_0 thread 0
----------------------------------------------------
  __csLOCALPARAM___CS_atomic_compare_and_exchange_obj=1 (00000000000000000000000000000001)

State 2317 file regression/pointertranslation/safestack_staticmalloc_MEM_handtranslation_simplified.c line 652 function thread0_0 thread 0
----------------------------------------------------
  __csLOCALPARAM___CS_atomic_compare_and_exchange_expected=&__csLOCAL_Pop0_head20 (0001000000000000000000000000000000000000000000000000000000000000)

State 2318 file regression/pointertranslation/safestack_staticmalloc_MEM_handtranslation_simplified.c line 652 function thread0_0 thread 0
----------------------------------------------------
  __csLOCALPARAM___CS_atomic_compare_and_exchange_desired=1 (00000000000000000000000000000001)

State 2320 file regression/pointertranslation/safestack_staticmalloc_MEM_handtranslation_simplified.c line 187 function __CS_atomic_compare_and_exchange thread 0
----------------------------------------------------
  MEMORY_VALUE[1]=1 (00000000000000000000000000000001)

State 2324 file regression/pointertranslation/safestack_staticmalloc_MEM_handtranslation_simplified.c line 652 function thread0_0 thread 0
----------------------------------------------------
  __csLOCAL_Pop0___if_cond_0=TRUE (00000001)

State 2329 file regression/pointertranslation/safestack_staticmalloc_MEM_handtranslation_simplified.c line 655 function thread0_0 thread 0
----------------------------------------------------
  __csLOCALPARAM___CS_atomic_fetch_sub_obj=2 (00000000000000000000000000000010)

State 2330 file regression/pointertranslation/safestack_staticmalloc_MEM_handtranslation_simplified.c line 655 function thread0_0 thread 0
----------------------------------------------------
  __csLOCALPARAM___CS_atomic_fetch_sub_v=1 (00000000000000000000000000000001)

State 2331 file regression/pointertranslation/safestack_staticmalloc_MEM_handtranslation_simplified.c line 209 function __CS_atomic_fetch_sub thread 0
----------------------------------------------------
  __csLOCAL___CS_atomic_fetch_sub_old=2 (00000000000000000000000000000010)

State 2332 file regression/pointertranslation/safestack_staticmalloc_MEM_handtranslation_simplified.c line 210 function __CS_atomic_fetch_sub thread 0
----------------------------------------------------
  MEMORY_VALUE[2]=1 (00000000000000000000000000000001)

State 2336 file regression/pointertranslation/safestack_staticmalloc_MEM_handtranslation_simplified.c line 656 function thread0_0 thread 0
----------------------------------------------------
  __retval__Pop0_1=0 (00000000000000000000000000000000)

State 2339 file regression/pointertranslation/safestack_staticmalloc_MEM_handtranslation_simplified.c line 738 function thread0_0 thread 0
----------------------------------------------------
  __csLOCAL_thread0_elem=0 (00000000000000000000000000000000)

State 2343 file regression/pointertranslation/safestack_staticmalloc_MEM_handtranslation_simplified.c line 974 function thread0_0 thread 0
----------------------------------------------------
  MEMORY_VALUE[3]=0 (00000000000000000000000000000000)

State 2346 file regression/pointertranslation/safestack_staticmalloc_MEM_handtranslation_simplified.c line 978 function thread0_0 thread 0
----------------------------------------------------
  __csLOCALPARAM_Push0_index=0 (00000000000000000000000000000000)

State 2350 file regression/pointertranslation/safestack_staticmalloc_MEM_handtranslation_simplified.c line 980 function thread0_0 thread 0
----------------------------------------------------
  __csLOCALPARAM___CS_atomic_load_obj=1 (00000000000000000000000000000001)

State 2354 file regression/pointertranslation/safestack_staticmalloc_MEM_handtranslation_simplified.c line 980 function thread0_0 thread 0
----------------------------------------------------
  __csLOCAL_Push0_head10=1 (00000000000000000000000000000001)

State 2355 file regression/pointertranslation/safestack_staticmalloc_MEM_handtranslation_simplified.c line 983 function thread0_0 thread 0
----------------------------------------------------
  __csLOCAL_Push0___cs_dowhile_onetime_1=0 (00000000000000000000000000000000)

State 2359 file regression/pointertranslation/safestack_staticmalloc_MEM_handtranslation_simplified.c line 985 function thread0_0 thread 0
----------------------------------------------------
  __csLOCALPARAM___CS_atomic_store_obj=4 (00000000000000000000000000000100)

State 2360 file regression/pointertranslation/safestack_staticmalloc_MEM_handtranslation_simplified.c line 985 function thread0_0 thread 0
----------------------------------------------------
  __csLOCALPARAM___CS_atomic_store_v=1 (00000000000000000000000000000001)

State 2361 file regression/pointertranslation/safestack_staticmalloc_MEM_handtranslation_simplified.c line 167 function __CS_atomic_store thread 0
----------------------------------------------------
  MEMORY_VALUE[4]=1 (00000000000000000000000000000001)

State 2363 file regression/pointertranslation/safestack_staticmalloc_MEM_handtranslation_simplified.c line 987 function thread0_0 thread 0
----------------------------------------------------
  __csLOCAL_Push0___cs_dowhile_onetime_1=1 (00000000000000000000000000000001)

State 2377 file regression/pointertranslation/safestack_staticmalloc_MEM_handtranslation_simplified.c line 2850 function main thread 0
----------------------------------------------------
  pc[1]=131 (10000011)

State 2378 file regression/pointertranslation/safestack_staticmalloc_MEM_handtranslation_simplified.c line 2853 function main thread 0
----------------------------------------------------
  thread_index=2 (00000000000000000000000000000010)

State 2383 file regression/pointertranslation/safestack_staticmalloc_MEM_handtranslation_simplified.c line 157 function guess_pc thread 0
----------------------------------------------------
  i=56 (00111000)

State 2388 file regression/pointertranslation/safestack_staticmalloc_MEM_handtranslation_simplified.c line 2855 function main thread 0
----------------------------------------------------
  pc_cs=129 (010000001)

State 2392 file regression/pointertranslation/safestack_staticmalloc_MEM_handtranslation_simplified.c line 2857 function main thread 0
----------------------------------------------------
  __csLOCALPARAM_thread1_arg=NULL + 1 (0000000000000000000000000000000000000000000000000000000000000001)

State 2469 file regression/pointertranslation/safestack_staticmalloc_MEM_handtranslation_simplified.c line 1471 function thread1_0 thread 0
----------------------------------------------------
  __csLOCALPARAM___CS_atomic_compare_and_exchange_obj=1 (00000000000000000000000000000001)

State 2470 file regression/pointertranslation/safestack_staticmalloc_MEM_handtranslation_simplified.c line 1471 function thread1_0 thread 0
----------------------------------------------------
  __csLOCALPARAM___CS_atomic_compare_and_exchange_expected=&__csLOCAL_Pop1_head21 (0010010000000000000000000000000000000000000000000000000000000000)

State 2471 file regression/pointertranslation/safestack_staticmalloc_MEM_handtranslation_simplified.c line 1471 function thread1_0 thread 0
----------------------------------------------------
  __csLOCALPARAM___CS_atomic_compare_and_exchange_desired=0 (00000000000000000000000000000000)

State 2473 file regression/pointertranslation/safestack_staticmalloc_MEM_handtranslation_simplified.c line 187 function __CS_atomic_compare_and_exchange thread 0
----------------------------------------------------
  MEMORY_VALUE[1]=0 (00000000000000000000000000000000)

State 2477 file regression/pointertranslation/safestack_staticmalloc_MEM_handtranslation_simplified.c line 1471 function thread1_0 thread 0
----------------------------------------------------
  __csLOCAL_Pop1___if_cond_1=TRUE (00000001)

State 2482 file regression/pointertranslation/safestack_staticmalloc_MEM_handtranslation_simplified.c line 1474 function thread1_0 thread 0
----------------------------------------------------
  __csLOCALPARAM___CS_atomic_fetch_sub_obj=2 (00000000000000000000000000000010)

State 2483 file regression/pointertranslation/safestack_staticmalloc_MEM_handtranslation_simplified.c line 1474 function thread1_0 thread 0
----------------------------------------------------
  __csLOCALPARAM___CS_atomic_fetch_sub_v=1 (00000000000000000000000000000001)

State 2484 file regression/pointertranslation/safestack_staticmalloc_MEM_handtranslation_simplified.c line 209 function __CS_atomic_fetch_sub thread 0
----------------------------------------------------
  __csLOCAL___CS_atomic_fetch_sub_old=1 (00000000000000000000000000000001)

State 2485 file regression/pointertranslation/safestack_staticmalloc_MEM_handtranslation_simplified.c line 210 function __CS_atomic_fetch_sub thread 0
----------------------------------------------------
  MEMORY_VALUE[2]=0 (00000000000000000000000000000000)

State 2489 file regression/pointertranslation/safestack_staticmalloc_MEM_handtranslation_simplified.c line 1475 function thread1_0 thread 0
----------------------------------------------------
  __retval__Pop1_1=1 (00000000000000000000000000000001)

State 2492 file regression/pointertranslation/safestack_staticmalloc_MEM_handtranslation_simplified.c line 1557 function thread1_0 thread 0
----------------------------------------------------
  __csLOCAL_thread1_elem=1 (00000000000000000000000000000001)

State 2496 file regression/pointertranslation/safestack_staticmalloc_MEM_handtranslation_simplified.c line 1793 function thread1_0 thread 0
----------------------------------------------------
  MEMORY_VALUE[5]=1 (00000000000000000000000000000001)

State 2499 file regression/pointertranslation/safestack_staticmalloc_MEM_handtranslation_simplified.c line 1797 function thread1_0 thread 0
----------------------------------------------------
  __csLOCALPARAM_Push1_index=1 (00000000000000000000000000000001)

State 2513 file regression/pointertranslation/safestack_staticmalloc_MEM_handtranslation_simplified.c line 2858 function main thread 0
----------------------------------------------------
  pc[2]=129 (10000001)

State 2514 file regression/pointertranslation/safestack_staticmalloc_MEM_handtranslation_simplified.c line 2861 function main thread 0
----------------------------------------------------
  thread_index=3 (00000000000000000000000000000011)

State 2519 file regression/pointertranslation/safestack_staticmalloc_MEM_handtranslation_simplified.c line 157 function guess_pc thread 0
----------------------------------------------------
  i=8 (00001000)

State 2524 file regression/pointertranslation/safestack_staticmalloc_MEM_handtranslation_simplified.c line 2863 function main thread 0
----------------------------------------------------
  pc_cs=136 (010001000)

State 2528 file regression/pointertranslation/safestack_staticmalloc_MEM_handtranslation_simplified.c line 2865 function main thread 0
----------------------------------------------------
  __csLOCALPARAM_thread2_arg=NULL + 2 (0000000000000000000000000000000000000000000000000000000000000010)

Violated property:
  file regression/pointertranslation/safestack_staticmalloc_MEM_handtranslation_simplified.c line 2613 function thread2_0
  assertion MEMORY_VALUE[(signed long int)(3 + 2 * __csLOCAL_thread2_elem + 0)] == __csLOCAL_thread2_idx
  MEMORY_VALUE[(signed long int)(3 + 2 * __csLOCAL_thread2_elem + 0)] == __csLOCAL_thread2_idx

VERIFICATION FAILED

real  21m10.648s
user  21m6.831s
sys 0m1.110s
