CBMC version 5.2 64-bit x86_64 linux
Parsing regression/pointertranslation/_cs_SafeStack_seqcst_forCSEQ_staticmalloc.c._pp_.c
file <command-line> line 0: <command-line>:0:0: warning: "__STDC_VERSION__" redefined
file <command-line> line 0: <built-in>: note: this is the location of the previous definition
Converting
Type-checking _cs_SafeStack_seqcst_forCSEQ_staticmalloc.c._pp_
file regression/pointertranslation/_cs_SafeStack_seqcst_forCSEQ_staticmalloc.c._pp_.c line 567 function thread_0: function `assert' is not declared
Generating GOTO Program
Adding CPROVER library
file <command-line> line 0: <command-line>:0:0: warning: "__STDC_VERSION__" redefined
file <command-line> line 0: <built-in>: note: this is the location of the previous definition
Function Pointer Removal
Partial Inlining
Generic Property Instrumentation
Starting Bounded Model Checking
size of program expression: 66019 steps
simple slicing removed 681 assignments
Generated 24 VCC(s), 24 remaining after simplification
Passing problem to propositional reduction
converting SSA
Running propositional reduction
Post-processing
Solving with MiniSAT 2.2.0 with simplifier
3865705 variables, 15915777 clauses
SAT checker: negated claim is SATISFIABLE, i.e., does not hold
Runtime decision procedure: 2265.59s
Building error trace

Counterexample:

State 322 file regression/pointertranslation/_cs_SafeStack_seqcst_forCSEQ_staticmalloc.c._pp_.c line 2730 function main thread 0
----------------------------------------------------
  thread_index=0 (00000000000000000000000000000000)

State 326 file regression/pointertranslation/_cs_SafeStack_seqcst_forCSEQ_staticmalloc.c._pp_.c line 143 function guess_pc thread 0
----------------------------------------------------
  i=3 (00000011)

State 331 file regression/pointertranslation/_cs_SafeStack_seqcst_forCSEQ_staticmalloc.c._pp_.c line 2731 function main thread 0
----------------------------------------------------
  pc_cs=3 (000000011)

State 336 file regression/pointertranslation/_cs_SafeStack_seqcst_forCSEQ_staticmalloc.c._pp_.c line 2673 function main_thread thread 0
----------------------------------------------------
  __csLOCALPARAM_Init_pushCount=3 (00000000000000000000000000000011)

State 340 file regression/pointertranslation/_cs_SafeStack_seqcst_forCSEQ_staticmalloc.c._pp_.c line 2675 function main_thread thread 0
----------------------------------------------------
  size=24 (0000000000000000000000000000000000000000000000000000000000011000)

State 341 file regression/pointertranslation/_cs_SafeStack_seqcst_forCSEQ_staticmalloc.c._pp_.c line 126 function __cs_safe_malloc thread 0
----------------------------------------------------
  ptr=NULL (0000000000000000000000000000000000000000000000000000000000000000)

State 362 file regression/pointertranslation/_cs_SafeStack_seqcst_forCSEQ_staticmalloc.c._pp_.c line 2675 function main_thread thread 0
----------------------------------------------------
  stack.array=&dynamic_object1[0].Value (0000001000000000000000000000000000000000000000000000000000000000)

State 365 file regression/pointertranslation/_cs_SafeStack_seqcst_forCSEQ_staticmalloc.c._pp_.c line 2676 function main_thread thread 0
----------------------------------------------------
  __csLOCALPARAM___CS_atomic_store_obj=&stack.count (0000011000000000000000000000000000000000000000000000000000001100)

State 366 file regression/pointertranslation/_cs_SafeStack_seqcst_forCSEQ_staticmalloc.c._pp_.c line 2676 function main_thread thread 0
----------------------------------------------------
  __csLOCALPARAM___CS_atomic_store_v=3 (00000000000000000000000000000011)

State 367 file regression/pointertranslation/_cs_SafeStack_seqcst_forCSEQ_staticmalloc.c._pp_.c line 165 function __CS_atomic_store thread 0
----------------------------------------------------
  stack={ .array=&dynamic_object1[0].Value, .head=0, .count=3 } ({ 0000001000000000000000000000000000000000000000000000000000000000, 00000000000000000000000000000000, 00000000000000000000000000000011 })

State 371 file regression/pointertranslation/_cs_SafeStack_seqcst_forCSEQ_staticmalloc.c._pp_.c line 2677 function main_thread thread 0
----------------------------------------------------
  __csLOCALPARAM___CS_atomic_store_obj=&stack.head (0000011000000000000000000000000000000000000000000000000000001000)

State 372 file regression/pointertranslation/_cs_SafeStack_seqcst_forCSEQ_staticmalloc.c._pp_.c line 2677 function main_thread thread 0
----------------------------------------------------
  __csLOCALPARAM___CS_atomic_store_v=0 (00000000000000000000000000000000)

State 373 file regression/pointertranslation/_cs_SafeStack_seqcst_forCSEQ_staticmalloc.c._pp_.c line 165 function __CS_atomic_store thread 0
----------------------------------------------------
  stack={ .array=&dynamic_object1[0].Value, .head=0, .count=3 } ({ 0000001000000000000000000000000000000000000000000000000000000000, 00000000000000000000000000000000, 00000000000000000000000000000011 })

State 375 file regression/pointertranslation/_cs_SafeStack_seqcst_forCSEQ_staticmalloc.c._pp_.c line 2678 function main_thread thread 0
----------------------------------------------------
  __csLOCAL_Init_i=0 (00000000000000000000000000000000)

State 378 file regression/pointertranslation/_cs_SafeStack_seqcst_forCSEQ_staticmalloc.c._pp_.c line 2685 function main_thread thread 0
----------------------------------------------------
  __csLOCALPARAM___CS_atomic_store_obj=&dynamic_object1[0].Next (0000001000000000000000000000000000000000000000000000000000000100)

State 379 file regression/pointertranslation/_cs_SafeStack_seqcst_forCSEQ_staticmalloc.c._pp_.c line 2685 function main_thread thread 0
----------------------------------------------------
  __csLOCALPARAM___CS_atomic_store_v=1 (00000000000000000000000000000001)

State 380 file regression/pointertranslation/_cs_SafeStack_seqcst_forCSEQ_staticmalloc.c._pp_.c line 165 function __CS_atomic_store thread 0
----------------------------------------------------
  dynamic_object1={ { .Value=0, .Next=1 }, { .Value=1, .Next=0 }, { .Value=2, .Next=0 } } ({ { 00000000000000000000000000000000, 00000000000000000000000000000001 }, { 00000000000000000000000000000001, 00000000000000000000000000000000 }, { 00000000000000000000000000000010, 00000000000000000000000000000000 } })

State 382 file regression/pointertranslation/_cs_SafeStack_seqcst_forCSEQ_staticmalloc.c._pp_.c line 2687 function main_thread thread 0
----------------------------------------------------
  __csLOCAL_Init_i=1 (00000000000000000000000000000001)

State 385 file regression/pointertranslation/_cs_SafeStack_seqcst_forCSEQ_staticmalloc.c._pp_.c line 2694 function main_thread thread 0
----------------------------------------------------
  __csLOCALPARAM___CS_atomic_store_obj=&dynamic_object1[1].Next (0000001000000000000000000000000000000000000000000000000000001100)

State 386 file regression/pointertranslation/_cs_SafeStack_seqcst_forCSEQ_staticmalloc.c._pp_.c line 2694 function main_thread thread 0
----------------------------------------------------
  __csLOCALPARAM___CS_atomic_store_v=2 (00000000000000000000000000000010)

State 387 file regression/pointertranslation/_cs_SafeStack_seqcst_forCSEQ_staticmalloc.c._pp_.c line 165 function __CS_atomic_store thread 0
----------------------------------------------------
  dynamic_object1={ { .Value=0, .Next=1 }, { .Value=1, .Next=2 }, { .Value=2, .Next=0 } } ({ { 00000000000000000000000000000000, 00000000000000000000000000000001 }, { 00000000000000000000000000000001, 00000000000000000000000000000010 }, { 00000000000000000000000000000010, 00000000000000000000000000000000 } })

State 389 file regression/pointertranslation/_cs_SafeStack_seqcst_forCSEQ_staticmalloc.c._pp_.c line 2696 function main_thread thread 0
----------------------------------------------------
  __csLOCAL_Init_i=2 (00000000000000000000000000000010)

State 394 file regression/pointertranslation/_cs_SafeStack_seqcst_forCSEQ_staticmalloc.c._pp_.c line 2709 function main_thread thread 0
----------------------------------------------------
  __csLOCALPARAM___CS_atomic_store_obj=&dynamic_object1[2].Next (0000001000000000000000000000000000000000000000000000000000010100)

State 395 file regression/pointertranslation/_cs_SafeStack_seqcst_forCSEQ_staticmalloc.c._pp_.c line 2709 function main_thread thread 0
----------------------------------------------------
  __csLOCALPARAM___CS_atomic_store_v=-1 (11111111111111111111111111111111)

State 396 file regression/pointertranslation/_cs_SafeStack_seqcst_forCSEQ_staticmalloc.c._pp_.c line 165 function __CS_atomic_store thread 0
----------------------------------------------------
  dynamic_object1={ { .Value=0, .Next=1 }, { .Value=1, .Next=2 }, { .Value=2, .Next=-1 } } ({ { 00000000000000000000000000000000, 00000000000000000000000000000001 }, { 00000000000000000000000000000001, 00000000000000000000000000000010 }, { 00000000000000000000000000000010, 11111111111111111111111111111111 } })

State 401 file regression/pointertranslation/_cs_SafeStack_seqcst_forCSEQ_staticmalloc.c._pp_.c line 2714 function main_thread thread 0
----------------------------------------------------
  id=threads (0000011100000000000000000000000000000000000000000000000000000000)

State 402 file regression/pointertranslation/_cs_SafeStack_seqcst_forCSEQ_staticmalloc.c._pp_.c line 2714 function main_thread thread 0
----------------------------------------------------
  attr=NULL (0000000000000000000000000000000000000000000000000000000000000000)

State 403 file regression/pointertranslation/_cs_SafeStack_seqcst_forCSEQ_staticmalloc.c._pp_.c line 2714 function main_thread thread 0
----------------------------------------------------
  t=thread_0 (0000100000000000000000000000000000000000000000000000000000000000)

State 404 file regression/pointertranslation/_cs_SafeStack_seqcst_forCSEQ_staticmalloc.c._pp_.c line 2714 function main_thread thread 0
----------------------------------------------------
  arg=NULL (0000000000000000000000000000000000000000000000000000000000000000)

State 405 file regression/pointertranslation/_cs_SafeStack_seqcst_forCSEQ_staticmalloc.c._pp_.c line 2714 function main_thread thread 0
----------------------------------------------------
  threadID=1 (00000000000000000000000000000001)

State 407 file regression/pointertranslation/_cs_SafeStack_seqcst_forCSEQ_staticmalloc.c._pp_.c line 88 function __cs_create thread 0
----------------------------------------------------
  threads[0]=1 (00000000000000000000000000000001)

State 408 file regression/pointertranslation/_cs_SafeStack_seqcst_forCSEQ_staticmalloc.c._pp_.c line 88 function __cs_create thread 0
----------------------------------------------------
  active_thread[1]=1 (1)

State 409 file regression/pointertranslation/_cs_SafeStack_seqcst_forCSEQ_staticmalloc.c._pp_.c line 88 function __cs_create thread 0
----------------------------------------------------
  threadargs[1]=NULL (0000000000000000000000000000000000000000000000000000000000000000)

State 416 file regression/pointertranslation/_cs_SafeStack_seqcst_forCSEQ_staticmalloc.c._pp_.c line 2715 function main_thread thread 0
----------------------------------------------------
  id=threads + 1 (0000011100000000000000000000000000000000000000000000000000000100)

State 417 file regression/pointertranslation/_cs_SafeStack_seqcst_forCSEQ_staticmalloc.c._pp_.c line 2715 function main_thread thread 0
----------------------------------------------------
  attr=NULL (0000000000000000000000000000000000000000000000000000000000000000)

State 418 file regression/pointertranslation/_cs_SafeStack_seqcst_forCSEQ_staticmalloc.c._pp_.c line 2715 function main_thread thread 0
----------------------------------------------------
  t=thread_1 (0000100100000000000000000000000000000000000000000000000000000000)

State 419 file regression/pointertranslation/_cs_SafeStack_seqcst_forCSEQ_staticmalloc.c._pp_.c line 2715 function main_thread thread 0
----------------------------------------------------
  arg=NULL + 1 (0000000000000000000000000000000000000000000000000000000000000001)

State 420 file regression/pointertranslation/_cs_SafeStack_seqcst_forCSEQ_staticmalloc.c._pp_.c line 2715 function main_thread thread 0
----------------------------------------------------
  threadID=2 (00000000000000000000000000000010)

State 422 file regression/pointertranslation/_cs_SafeStack_seqcst_forCSEQ_staticmalloc.c._pp_.c line 88 function __cs_create thread 0
----------------------------------------------------
  threads[1]=2 (00000000000000000000000000000010)

State 423 file regression/pointertranslation/_cs_SafeStack_seqcst_forCSEQ_staticmalloc.c._pp_.c line 88 function __cs_create thread 0
----------------------------------------------------
  active_thread[2]=1 (1)

State 424 file regression/pointertranslation/_cs_SafeStack_seqcst_forCSEQ_staticmalloc.c._pp_.c line 88 function __cs_create thread 0
----------------------------------------------------
  threadargs[2]=NULL + 1 (0000000000000000000000000000000000000000000000000000000000000001)

State 431 file regression/pointertranslation/_cs_SafeStack_seqcst_forCSEQ_staticmalloc.c._pp_.c line 2716 function main_thread thread 0
----------------------------------------------------
  id=threads + 2 (0000011100000000000000000000000000000000000000000000000000001000)

State 432 file regression/pointertranslation/_cs_SafeStack_seqcst_forCSEQ_staticmalloc.c._pp_.c line 2716 function main_thread thread 0
----------------------------------------------------
  attr=NULL (0000000000000000000000000000000000000000000000000000000000000000)

State 433 file regression/pointertranslation/_cs_SafeStack_seqcst_forCSEQ_staticmalloc.c._pp_.c line 2716 function main_thread thread 0
----------------------------------------------------
  t=thread_2 (0000101000000000000000000000000000000000000000000000000000000000)

State 434 file regression/pointertranslation/_cs_SafeStack_seqcst_forCSEQ_staticmalloc.c._pp_.c line 2716 function main_thread thread 0
----------------------------------------------------
  arg=NULL + 2 (0000000000000000000000000000000000000000000000000000000000000010)

State 435 file regression/pointertranslation/_cs_SafeStack_seqcst_forCSEQ_staticmalloc.c._pp_.c line 2716 function main_thread thread 0
----------------------------------------------------
  threadID=3 (00000000000000000000000000000011)

State 437 file regression/pointertranslation/_cs_SafeStack_seqcst_forCSEQ_staticmalloc.c._pp_.c line 88 function __cs_create thread 0
----------------------------------------------------
  threads[2]=3 (00000000000000000000000000000011)

State 438 file regression/pointertranslation/_cs_SafeStack_seqcst_forCSEQ_staticmalloc.c._pp_.c line 88 function __cs_create thread 0
----------------------------------------------------
  active_thread[3]=1 (1)

State 439 file regression/pointertranslation/_cs_SafeStack_seqcst_forCSEQ_staticmalloc.c._pp_.c line 88 function __cs_create thread 0
----------------------------------------------------
  threadargs[3]=NULL + 2 (0000000000000000000000000000000000000000000000000000000000000010)

State 449 file regression/pointertranslation/_cs_SafeStack_seqcst_forCSEQ_staticmalloc.c._pp_.c line 2734 function main thread 0
----------------------------------------------------
  pc[0]=3 (00000011)

State 450 file regression/pointertranslation/_cs_SafeStack_seqcst_forCSEQ_staticmalloc.c._pp_.c line 2736 function main thread 0
----------------------------------------------------
  thread_index=1 (00000000000000000000000000000001)

State 455 file regression/pointertranslation/_cs_SafeStack_seqcst_forCSEQ_staticmalloc.c._pp_.c line 143 function guess_pc thread 0
----------------------------------------------------
  i=3 (00000011)

State 460 file regression/pointertranslation/_cs_SafeStack_seqcst_forCSEQ_staticmalloc.c._pp_.c line 2738 function main thread 0
----------------------------------------------------
  pc_cs=3 (000000011)

State 464 file regression/pointertranslation/_cs_SafeStack_seqcst_forCSEQ_staticmalloc.c._pp_.c line 2740 function main thread 0
----------------------------------------------------
  __csLOCALPARAM_thread_arg=NULL (0000000000000000000000000000000000000000000000000000000000000000)

State 466 file regression/pointertranslation/_cs_SafeStack_seqcst_forCSEQ_staticmalloc.c._pp_.c line 220 function thread_0 thread 0
----------------------------------------------------
  __csLOCAL_thread_idx=0 (00000000000000000000000000000000)

State 467 file regression/pointertranslation/_cs_SafeStack_seqcst_forCSEQ_staticmalloc.c._pp_.c line 221 function thread_0 thread 0
----------------------------------------------------
  __csLOCAL_thread_i=0 (0000000000000000000000000000000000000000000000000000000000000000)

State 472 file regression/pointertranslation/_cs_SafeStack_seqcst_forCSEQ_staticmalloc.c._pp_.c line 228 function thread_0 thread 0
----------------------------------------------------
  __csLOCALPARAM___CS_atomic_load_obj=&stack.count (0000011000000000000000000000000000000000000000000000000000001100)

State 477 file regression/pointertranslation/_cs_SafeStack_seqcst_forCSEQ_staticmalloc.c._pp_.c line 228 function thread_0 thread 0
----------------------------------------------------
  __csLOCAL_Pop___while_cond_0=TRUE (00000001)

State 482 file regression/pointertranslation/_cs_SafeStack_seqcst_forCSEQ_staticmalloc.c._pp_.c line 236 function thread_0 thread 0
----------------------------------------------------
  __csLOCALPARAM___CS_atomic_load_obj=&stack.head (0000011000000000000000000000000000000000000000000000000000001000)

State 486 file regression/pointertranslation/_cs_SafeStack_seqcst_forCSEQ_staticmalloc.c._pp_.c line 236 function thread_0 thread 0
----------------------------------------------------
  __csLOCAL_Pop_head1=0 (00000000000000000000000000000000)

State 626 file regression/pointertranslation/_cs_SafeStack_seqcst_forCSEQ_staticmalloc.c._pp_.c line 2741 function main thread 0
----------------------------------------------------
  pc[1]=3 (00000011)

State 627 file regression/pointertranslation/_cs_SafeStack_seqcst_forCSEQ_staticmalloc.c._pp_.c line 2744 function main thread 0
----------------------------------------------------
  thread_index=2 (00000000000000000000000000000010)

State 632 file regression/pointertranslation/_cs_SafeStack_seqcst_forCSEQ_staticmalloc.c._pp_.c line 143 function guess_pc thread 0
----------------------------------------------------
  i=62 (00111110)

State 637 file regression/pointertranslation/_cs_SafeStack_seqcst_forCSEQ_staticmalloc.c._pp_.c line 2746 function main thread 0
----------------------------------------------------
  pc_cs=62 (000111110)

State 641 file regression/pointertranslation/_cs_SafeStack_seqcst_forCSEQ_staticmalloc.c._pp_.c line 2748 function main thread 0
----------------------------------------------------
  __csLOCALPARAM_thread_arg=NULL + 1 (0000000000000000000000000000000000000000000000000000000000000001)

State 643 file regression/pointertranslation/_cs_SafeStack_seqcst_forCSEQ_staticmalloc.c._pp_.c line 1039 function thread_1 thread 0
----------------------------------------------------
  __csLOCAL_thread_idx=1 (00000000000000000000000000000001)

State 644 file regression/pointertranslation/_cs_SafeStack_seqcst_forCSEQ_staticmalloc.c._pp_.c line 1040 function thread_1 thread 0
----------------------------------------------------
  __csLOCAL_thread_i=0 (0000000000000000000000000000000000000000000000000000000000000000)

State 649 file regression/pointertranslation/_cs_SafeStack_seqcst_forCSEQ_staticmalloc.c._pp_.c line 1047 function thread_1 thread 0
----------------------------------------------------
  __csLOCALPARAM___CS_atomic_load_obj=&stack.count (0000011000000000000000000000000000000000000000000000000000001100)

State 654 file regression/pointertranslation/_cs_SafeStack_seqcst_forCSEQ_staticmalloc.c._pp_.c line 1047 function thread_1 thread 0
----------------------------------------------------
  __csLOCAL_Pop___while_cond_0=TRUE (00000001)

State 659 file regression/pointertranslation/_cs_SafeStack_seqcst_forCSEQ_staticmalloc.c._pp_.c line 1055 function thread_1 thread 0
----------------------------------------------------
  __csLOCALPARAM___CS_atomic_load_obj=&stack.head (0000011000000000000000000000000000000000000000000000000000001000)

State 663 file regression/pointertranslation/_cs_SafeStack_seqcst_forCSEQ_staticmalloc.c._pp_.c line 1055 function thread_1 thread 0
----------------------------------------------------
  __csLOCAL_Pop_head1=0 (00000000000000000000000000000000)

State 667 file regression/pointertranslation/_cs_SafeStack_seqcst_forCSEQ_staticmalloc.c._pp_.c line 1057 function thread_1 thread 0
----------------------------------------------------
  __csLOCALPARAM___CS_atomic_exchange_obj=&dynamic_object1[0].Next (0000001000000000000000000000000000000000000000000000000000000100)

State 668 file regression/pointertranslation/_cs_SafeStack_seqcst_forCSEQ_staticmalloc.c._pp_.c line 1057 function thread_1 thread 0
----------------------------------------------------
  __csLOCALPARAM___CS_atomic_exchange_v=-1 (11111111111111111111111111111111)

State 669 file regression/pointertranslation/_cs_SafeStack_seqcst_forCSEQ_staticmalloc.c._pp_.c line 176 function __CS_atomic_exchange thread 0
----------------------------------------------------
  __csLOCAL___CS_atomic_exchange_t=1 (00000000000000000000000000000001)

State 670 file regression/pointertranslation/_cs_SafeStack_seqcst_forCSEQ_staticmalloc.c._pp_.c line 177 function __CS_atomic_exchange thread 0
----------------------------------------------------
  dynamic_object1={ { .Value=0, .Next=-1 }, { .Value=1, .Next=2 }, { .Value=2, .Next=-1 } } ({ { 00000000000000000000000000000000, 11111111111111111111111111111111 }, { 00000000000000000000000000000001, 00000000000000000000000000000010 }, { 00000000000000000000000000000010, 11111111111111111111111111111111 } })

State 674 file regression/pointertranslation/_cs_SafeStack_seqcst_forCSEQ_staticmalloc.c._pp_.c line 1057 function thread_1 thread 0
----------------------------------------------------
  __csLOCAL_Pop_next1=1 (00000000000000000000000000000001)

State 676 file regression/pointertranslation/_cs_SafeStack_seqcst_forCSEQ_staticmalloc.c._pp_.c line 1061 function thread_1 thread 0
----------------------------------------------------
  __csLOCAL_Pop_head2=0 (00000000000000000000000000000000)

State 680 file regression/pointertranslation/_cs_SafeStack_seqcst_forCSEQ_staticmalloc.c._pp_.c line 1063 function thread_1 thread 0
----------------------------------------------------
  __csLOCALPARAM___CS_atomic_compare_and_exchange_obj=&stack.head (0000011000000000000000000000000000000000000000000000000000001000)

State 681 file regression/pointertranslation/_cs_SafeStack_seqcst_forCSEQ_staticmalloc.c._pp_.c line 1063 function thread_1 thread 0
----------------------------------------------------
  __csLOCALPARAM___CS_atomic_compare_and_exchange_expected=&__csLOCAL_Pop_head2 (0001111100000000000000000000000000000000000000000000000000000000)

State 682 file regression/pointertranslation/_cs_SafeStack_seqcst_forCSEQ_staticmalloc.c._pp_.c line 1063 function thread_1 thread 0
----------------------------------------------------
  __csLOCALPARAM___CS_atomic_compare_and_exchange_desired=1 (00000000000000000000000000000001)

State 684 file regression/pointertranslation/_cs_SafeStack_seqcst_forCSEQ_staticmalloc.c._pp_.c line 185 function __CS_atomic_compare_and_exchange thread 0
----------------------------------------------------
  stack={ .array=&dynamic_object1[0].Value, .head=1, .count=3 } ({ 0000001000000000000000000000000000000000000000000000000000000000, 00000000000000000000000000000001, 00000000000000000000000000000011 })

State 688 file regression/pointertranslation/_cs_SafeStack_seqcst_forCSEQ_staticmalloc.c._pp_.c line 1063 function thread_1 thread 0
----------------------------------------------------
  __csLOCAL_Pop___if_cond_0=TRUE (00000001)

State 693 file regression/pointertranslation/_cs_SafeStack_seqcst_forCSEQ_staticmalloc.c._pp_.c line 1066 function thread_1 thread 0
----------------------------------------------------
  __csLOCALPARAM___CS_atomic_fetch_sub_obj=&stack.count (0000011000000000000000000000000000000000000000000000000000001100)

State 694 file regression/pointertranslation/_cs_SafeStack_seqcst_forCSEQ_staticmalloc.c._pp_.c line 1066 function thread_1 thread 0
----------------------------------------------------
  __csLOCALPARAM___CS_atomic_fetch_sub_v=1 (00000000000000000000000000000001)

State 695 file regression/pointertranslation/_cs_SafeStack_seqcst_forCSEQ_staticmalloc.c._pp_.c line 207 function __CS_atomic_fetch_sub thread 0
----------------------------------------------------
  __csLOCAL___CS_atomic_fetch_sub_old=3 (00000000000000000000000000000011)

State 696 file regression/pointertranslation/_cs_SafeStack_seqcst_forCSEQ_staticmalloc.c._pp_.c line 208 function __CS_atomic_fetch_sub thread 0
----------------------------------------------------
  stack={ .array=&dynamic_object1[0].Value, .head=1, .count=2 } ({ 0000001000000000000000000000000000000000000000000000000000000000, 00000000000000000000000000000001, 00000000000000000000000000000010 })

State 700 file regression/pointertranslation/_cs_SafeStack_seqcst_forCSEQ_staticmalloc.c._pp_.c line 1067 function thread_1 thread 0
----------------------------------------------------
  __retval__Pop_1=0 (00000000000000000000000000000000)

State 703 file regression/pointertranslation/_cs_SafeStack_seqcst_forCSEQ_staticmalloc.c._pp_.c line 1149 function thread_1 thread 0
----------------------------------------------------
  __csLOCAL_thread_elem=0 (00000000000000000000000000000000)

State 707 file regression/pointertranslation/_cs_SafeStack_seqcst_forCSEQ_staticmalloc.c._pp_.c line 1385 function thread_1 thread 0
----------------------------------------------------
  dynamic_object1[POINTER_OFFSET(stack.array + (long int)__csLOCAL_thread_elem) / 8].Value={ { .Value=1, .Next=-1 }, { .Value=1, .Next=2 }, { .Value=2, .Next=-1 } }[POINTER_OFFSET(&dynamic_object1[0].Value) / 8].Value (?)

State 710 file regression/pointertranslation/_cs_SafeStack_seqcst_forCSEQ_staticmalloc.c._pp_.c line 1389 function thread_1 thread 0
----------------------------------------------------
  __csLOCALPARAM_Push_index=0 (00000000000000000000000000000000)

State 714 file regression/pointertranslation/_cs_SafeStack_seqcst_forCSEQ_staticmalloc.c._pp_.c line 1391 function thread_1 thread 0
----------------------------------------------------
  __csLOCALPARAM___CS_atomic_load_obj=&stack.head (0000011000000000000000000000000000000000000000000000000000001000)

State 718 file regression/pointertranslation/_cs_SafeStack_seqcst_forCSEQ_staticmalloc.c._pp_.c line 1391 function thread_1 thread 0
----------------------------------------------------
  __csLOCAL_Push_head1=1 (00000000000000000000000000000001)

State 719 file regression/pointertranslation/_cs_SafeStack_seqcst_forCSEQ_staticmalloc.c._pp_.c line 1394 function thread_1 thread 0
----------------------------------------------------
  __csLOCAL_Push___cs_dowhile_onetime_1=0 (00000000000000000000000000000000)

State 723 file regression/pointertranslation/_cs_SafeStack_seqcst_forCSEQ_staticmalloc.c._pp_.c line 1396 function thread_1 thread 0
----------------------------------------------------
  __csLOCALPARAM___CS_atomic_store_obj=&dynamic_object1[0].Next (0000001000000000000000000000000000000000000000000000000000000100)

State 724 file regression/pointertranslation/_cs_SafeStack_seqcst_forCSEQ_staticmalloc.c._pp_.c line 1396 function thread_1 thread 0
----------------------------------------------------
  __csLOCALPARAM___CS_atomic_store_v=1 (00000000000000000000000000000001)

State 725 file regression/pointertranslation/_cs_SafeStack_seqcst_forCSEQ_staticmalloc.c._pp_.c line 165 function __CS_atomic_store thread 0
----------------------------------------------------
  dynamic_object1={ { .Value=1, .Next=1 }, { .Value=1, .Next=2 }, { .Value=2, .Next=-1 } } ({ { 00000000000000000000000000000001, 00000000000000000000000000000001 }, { 00000000000000000000000000000001, 00000000000000000000000000000010 }, { 00000000000000000000000000000010, 11111111111111111111111111111111 } })

State 727 file regression/pointertranslation/_cs_SafeStack_seqcst_forCSEQ_staticmalloc.c._pp_.c line 1398 function thread_1 thread 0
----------------------------------------------------
  __csLOCAL_Push___cs_dowhile_onetime_1=1 (00000000000000000000000000000001)

State 809 file regression/pointertranslation/_cs_SafeStack_seqcst_forCSEQ_staticmalloc.c._pp_.c line 2749 function main thread 0
----------------------------------------------------
  pc[2]=62 (00111110)

State 810 file regression/pointertranslation/_cs_SafeStack_seqcst_forCSEQ_staticmalloc.c._pp_.c line 2752 function main thread 0
----------------------------------------------------
  thread_index=3 (00000000000000000000000000000011)

State 815 file regression/pointertranslation/_cs_SafeStack_seqcst_forCSEQ_staticmalloc.c._pp_.c line 143 function guess_pc thread 0
----------------------------------------------------
  i=5 (00000101)

State 820 file regression/pointertranslation/_cs_SafeStack_seqcst_forCSEQ_staticmalloc.c._pp_.c line 2754 function main thread 0
----------------------------------------------------
  pc_cs=5 (000000101)

State 824 file regression/pointertranslation/_cs_SafeStack_seqcst_forCSEQ_staticmalloc.c._pp_.c line 2756 function main thread 0
----------------------------------------------------
  __csLOCALPARAM_thread_arg=NULL + 2 (0000000000000000000000000000000000000000000000000000000000000010)

State 826 file regression/pointertranslation/_cs_SafeStack_seqcst_forCSEQ_staticmalloc.c._pp_.c line 1856 function thread_2 thread 0
----------------------------------------------------
  __csLOCAL_thread_idx=2 (00000000000000000000000000000010)

State 827 file regression/pointertranslation/_cs_SafeStack_seqcst_forCSEQ_staticmalloc.c._pp_.c line 1857 function thread_2 thread 0
----------------------------------------------------
  __csLOCAL_thread_i=0 (0000000000000000000000000000000000000000000000000000000000000000)

State 832 file regression/pointertranslation/_cs_SafeStack_seqcst_forCSEQ_staticmalloc.c._pp_.c line 1864 function thread_2 thread 0
----------------------------------------------------
  __csLOCALPARAM___CS_atomic_load_obj=&stack.count (0000011000000000000000000000000000000000000000000000000000001100)

State 837 file regression/pointertranslation/_cs_SafeStack_seqcst_forCSEQ_staticmalloc.c._pp_.c line 1864 function thread_2 thread 0
----------------------------------------------------
  __csLOCAL_Pop___while_cond_0=TRUE (00000001)

State 842 file regression/pointertranslation/_cs_SafeStack_seqcst_forCSEQ_staticmalloc.c._pp_.c line 1872 function thread_2 thread 0
----------------------------------------------------
  __csLOCALPARAM___CS_atomic_load_obj=&stack.head (0000011000000000000000000000000000000000000000000000000000001000)

State 846 file regression/pointertranslation/_cs_SafeStack_seqcst_forCSEQ_staticmalloc.c._pp_.c line 1872 function thread_2 thread 0
----------------------------------------------------
  __csLOCAL_Pop_head1=1 (00000000000000000000000000000001)

State 850 file regression/pointertranslation/_cs_SafeStack_seqcst_forCSEQ_staticmalloc.c._pp_.c line 1874 function thread_2 thread 0
----------------------------------------------------
  __csLOCALPARAM___CS_atomic_exchange_obj=&dynamic_object1[1].Next (0000001000000000000000000000000000000000000000000000000000001100)

State 851 file regression/pointertranslation/_cs_SafeStack_seqcst_forCSEQ_staticmalloc.c._pp_.c line 1874 function thread_2 thread 0
----------------------------------------------------
  __csLOCALPARAM___CS_atomic_exchange_v=-1 (11111111111111111111111111111111)

State 852 file regression/pointertranslation/_cs_SafeStack_seqcst_forCSEQ_staticmalloc.c._pp_.c line 176 function __CS_atomic_exchange thread 0
----------------------------------------------------
  __csLOCAL___CS_atomic_exchange_t=2 (00000000000000000000000000000010)

State 853 file regression/pointertranslation/_cs_SafeStack_seqcst_forCSEQ_staticmalloc.c._pp_.c line 177 function __CS_atomic_exchange thread 0
----------------------------------------------------
  dynamic_object1={ { .Value=1, .Next=1 }, { .Value=1, .Next=-1 }, { .Value=2, .Next=-1 } } ({ { 00000000000000000000000000000001, 00000000000000000000000000000001 }, { 00000000000000000000000000000001, 11111111111111111111111111111111 }, { 00000000000000000000000000000010, 11111111111111111111111111111111 } })

State 857 file regression/pointertranslation/_cs_SafeStack_seqcst_forCSEQ_staticmalloc.c._pp_.c line 1874 function thread_2 thread 0
----------------------------------------------------
  __csLOCAL_Pop_next1=2 (00000000000000000000000000000010)

State 859 file regression/pointertranslation/_cs_SafeStack_seqcst_forCSEQ_staticmalloc.c._pp_.c line 1878 function thread_2 thread 0
----------------------------------------------------
  __csLOCAL_Pop_head2=1 (00000000000000000000000000000001)

State 863 file regression/pointertranslation/_cs_SafeStack_seqcst_forCSEQ_staticmalloc.c._pp_.c line 1880 function thread_2 thread 0
----------------------------------------------------
  __csLOCALPARAM___CS_atomic_compare_and_exchange_obj=&stack.head (0000011000000000000000000000000000000000000000000000000000001000)

State 864 file regression/pointertranslation/_cs_SafeStack_seqcst_forCSEQ_staticmalloc.c._pp_.c line 1880 function thread_2 thread 0
----------------------------------------------------
  __csLOCALPARAM___CS_atomic_compare_and_exchange_expected=&__csLOCAL_Pop_head2 (0011001100000000000000000000000000000000000000000000000000000000)

State 865 file regression/pointertranslation/_cs_SafeStack_seqcst_forCSEQ_staticmalloc.c._pp_.c line 1880 function thread_2 thread 0
----------------------------------------------------
  __csLOCALPARAM___CS_atomic_compare_and_exchange_desired=2 (00000000000000000000000000000010)

State 867 file regression/pointertranslation/_cs_SafeStack_seqcst_forCSEQ_staticmalloc.c._pp_.c line 185 function __CS_atomic_compare_and_exchange thread 0
----------------------------------------------------
  stack={ .array=&dynamic_object1[0].Value, .head=2, .count=2 } ({ 0000001000000000000000000000000000000000000000000000000000000000, 00000000000000000000000000000010, 00000000000000000000000000000010 })

State 871 file regression/pointertranslation/_cs_SafeStack_seqcst_forCSEQ_staticmalloc.c._pp_.c line 1880 function thread_2 thread 0
----------------------------------------------------
  __csLOCAL_Pop___if_cond_0=TRUE (00000001)

State 1010 file regression/pointertranslation/_cs_SafeStack_seqcst_forCSEQ_staticmalloc.c._pp_.c line 2757 function main thread 0
----------------------------------------------------
  pc[3]=5 (00000101)

State 1011 file regression/pointertranslation/_cs_SafeStack_seqcst_forCSEQ_staticmalloc.c._pp_.c line 2761 function main thread 0
----------------------------------------------------
  thread_index=0 (00000000000000000000000000000000)

State 1016 file regression/pointertranslation/_cs_SafeStack_seqcst_forCSEQ_staticmalloc.c._pp_.c line 143 function guess_pc thread 0
----------------------------------------------------
  i=0 (00000000)

State 1021 file regression/pointertranslation/_cs_SafeStack_seqcst_forCSEQ_staticmalloc.c._pp_.c line 2763 function main thread 0
----------------------------------------------------
  pc_cs=3 (000000011)

State 1034 file regression/pointertranslation/_cs_SafeStack_seqcst_forCSEQ_staticmalloc.c._pp_.c line 2766 function main thread 0
----------------------------------------------------
  pc[0]=3 (00000011)

State 1035 file regression/pointertranslation/_cs_SafeStack_seqcst_forCSEQ_staticmalloc.c._pp_.c line 2769 function main thread 0
----------------------------------------------------
  thread_index=1 (00000000000000000000000000000001)

State 1040 file regression/pointertranslation/_cs_SafeStack_seqcst_forCSEQ_staticmalloc.c._pp_.c line 143 function guess_pc thread 0
----------------------------------------------------
  i=3 (00000011)

State 1045 file regression/pointertranslation/_cs_SafeStack_seqcst_forCSEQ_staticmalloc.c._pp_.c line 2771 function main thread 0
----------------------------------------------------
  pc_cs=6 (000000110)

State 1049 file regression/pointertranslation/_cs_SafeStack_seqcst_forCSEQ_staticmalloc.c._pp_.c line 2773 function main thread 0
----------------------------------------------------
  __csLOCALPARAM_thread_arg=NULL (0000000000000000000000000000000000000000000000000000000000000000)

State 1056 file regression/pointertranslation/_cs_SafeStack_seqcst_forCSEQ_staticmalloc.c._pp_.c line 238 function thread_0 thread 0
----------------------------------------------------
  __csLOCALPARAM___CS_atomic_exchange_obj=&dynamic_object1[0].Next (0000001000000000000000000000000000000000000000000000000000000100)

State 1057 file regression/pointertranslation/_cs_SafeStack_seqcst_forCSEQ_staticmalloc.c._pp_.c line 238 function thread_0 thread 0
----------------------------------------------------
  __csLOCALPARAM___CS_atomic_exchange_v=-1 (11111111111111111111111111111111)

State 1058 file regression/pointertranslation/_cs_SafeStack_seqcst_forCSEQ_staticmalloc.c._pp_.c line 176 function __CS_atomic_exchange thread 0
----------------------------------------------------
  __csLOCAL___CS_atomic_exchange_t=1 (00000000000000000000000000000001)

State 1059 file regression/pointertranslation/_cs_SafeStack_seqcst_forCSEQ_staticmalloc.c._pp_.c line 177 function __CS_atomic_exchange thread 0
----------------------------------------------------
  dynamic_object1={ { .Value=1, .Next=-1 }, { .Value=1, .Next=-1 }, { .Value=2, .Next=-1 } } ({ { 00000000000000000000000000000001, 11111111111111111111111111111111 }, { 00000000000000000000000000000001, 11111111111111111111111111111111 }, { 00000000000000000000000000000010, 11111111111111111111111111111111 } })

State 1063 file regression/pointertranslation/_cs_SafeStack_seqcst_forCSEQ_staticmalloc.c._pp_.c line 238 function thread_0 thread 0
----------------------------------------------------
  __csLOCAL_Pop_next1=1 (00000000000000000000000000000001)

State 1065 file regression/pointertranslation/_cs_SafeStack_seqcst_forCSEQ_staticmalloc.c._pp_.c line 242 function thread_0 thread 0
----------------------------------------------------
  __csLOCAL_Pop_head2=0 (00000000000000000000000000000000)

State 1069 file regression/pointertranslation/_cs_SafeStack_seqcst_forCSEQ_staticmalloc.c._pp_.c line 244 function thread_0 thread 0
----------------------------------------------------
  __csLOCALPARAM___CS_atomic_compare_and_exchange_obj=&stack.head (0000011000000000000000000000000000000000000000000000000000001000)

State 1070 file regression/pointertranslation/_cs_SafeStack_seqcst_forCSEQ_staticmalloc.c._pp_.c line 244 function thread_0 thread 0
----------------------------------------------------
  __csLOCALPARAM___CS_atomic_compare_and_exchange_expected=&__csLOCAL_Pop_head2 (0000101100000000000000000000000000000000000000000000000000000000)

State 1071 file regression/pointertranslation/_cs_SafeStack_seqcst_forCSEQ_staticmalloc.c._pp_.c line 244 function thread_0 thread 0
----------------------------------------------------
  __csLOCALPARAM___CS_atomic_compare_and_exchange_desired=1 (00000000000000000000000000000001)

State 1073 file regression/pointertranslation/_cs_SafeStack_seqcst_forCSEQ_staticmalloc.c._pp_.c line 190 function __CS_atomic_compare_and_exchange thread 0
----------------------------------------------------
  __csLOCAL_Pop_head2=2 (00000000000000000000000000000010)

State 1077 file regression/pointertranslation/_cs_SafeStack_seqcst_forCSEQ_staticmalloc.c._pp_.c line 244 function thread_0 thread 0
----------------------------------------------------
  __csLOCAL_Pop___if_cond_0=FALSE (00000000)

State 1216 file regression/pointertranslation/_cs_SafeStack_seqcst_forCSEQ_staticmalloc.c._pp_.c line 2774 function main thread 0
----------------------------------------------------
  pc[1]=6 (00000110)

State 1217 file regression/pointertranslation/_cs_SafeStack_seqcst_forCSEQ_staticmalloc.c._pp_.c line 2777 function main thread 0
----------------------------------------------------
  thread_index=2 (00000000000000000000000000000010)

State 1222 file regression/pointertranslation/_cs_SafeStack_seqcst_forCSEQ_staticmalloc.c._pp_.c line 143 function guess_pc thread 0
----------------------------------------------------
  i=9 (00001001)

State 1227 file regression/pointertranslation/_cs_SafeStack_seqcst_forCSEQ_staticmalloc.c._pp_.c line 2779 function main thread 0
----------------------------------------------------
  pc_cs=71 (001000111)

State 1231 file regression/pointertranslation/_cs_SafeStack_seqcst_forCSEQ_staticmalloc.c._pp_.c line 2781 function main thread 0
----------------------------------------------------
  __csLOCALPARAM_thread_arg=NULL + 1 (0000000000000000000000000000000000000000000000000000000000000001)

State 1298 file regression/pointertranslation/_cs_SafeStack_seqcst_forCSEQ_staticmalloc.c._pp_.c line 1403 function thread_1 thread 0
----------------------------------------------------
  __csLOCALPARAM___CS_atomic_compare_and_exchange_obj=&stack.head (0000011000000000000000000000000000000000000000000000000000001000)

State 1299 file regression/pointertranslation/_cs_SafeStack_seqcst_forCSEQ_staticmalloc.c._pp_.c line 1403 function thread_1 thread 0
----------------------------------------------------
  __csLOCALPARAM___CS_atomic_compare_and_exchange_expected=&__csLOCAL_Push_head1 (0010100000000000000000000000000000000000000000000000000000000000)

State 1300 file regression/pointertranslation/_cs_SafeStack_seqcst_forCSEQ_staticmalloc.c._pp_.c line 1403 function thread_1 thread 0
----------------------------------------------------
  __csLOCALPARAM___CS_atomic_compare_and_exchange_desired=0 (00000000000000000000000000000000)

State 1302 file regression/pointertranslation/_cs_SafeStack_seqcst_forCSEQ_staticmalloc.c._pp_.c line 190 function __CS_atomic_compare_and_exchange thread 0
----------------------------------------------------
  __csLOCAL_Push_head1=2 (00000000000000000000000000000010)

State 1307 file regression/pointertranslation/_cs_SafeStack_seqcst_forCSEQ_staticmalloc.c._pp_.c line 1403 function thread_1 thread 0
----------------------------------------------------
  __csLOCAL_Push___while_cond_1=TRUE (00000001)

State 1312 file regression/pointertranslation/_cs_SafeStack_seqcst_forCSEQ_staticmalloc.c._pp_.c line 1410 function thread_1 thread 0
----------------------------------------------------
  __csLOCALPARAM___CS_atomic_store_obj=&dynamic_object1[0].Next (0000001000000000000000000000000000000000000000000000000000000100)

State 1313 file regression/pointertranslation/_cs_SafeStack_seqcst_forCSEQ_staticmalloc.c._pp_.c line 1410 function thread_1 thread 0
----------------------------------------------------
  __csLOCALPARAM___CS_atomic_store_v=2 (00000000000000000000000000000010)

State 1314 file regression/pointertranslation/_cs_SafeStack_seqcst_forCSEQ_staticmalloc.c._pp_.c line 165 function __CS_atomic_store thread 0
----------------------------------------------------
  dynamic_object1={ { .Value=1, .Next=2 }, { .Value=1, .Next=-1 }, { .Value=2, .Next=-1 } } ({ { 00000000000000000000000000000001, 00000000000000000000000000000010 }, { 00000000000000000000000000000001, 11111111111111111111111111111111 }, { 00000000000000000000000000000010, 11111111111111111111111111111111 } })

State 1320 file regression/pointertranslation/_cs_SafeStack_seqcst_forCSEQ_staticmalloc.c._pp_.c line 1411 function thread_1 thread 0
----------------------------------------------------
  __csLOCALPARAM___CS_atomic_compare_and_exchange_obj=&stack.head (0000011000000000000000000000000000000000000000000000000000001000)

State 1321 file regression/pointertranslation/_cs_SafeStack_seqcst_forCSEQ_staticmalloc.c._pp_.c line 1411 function thread_1 thread 0
----------------------------------------------------
  __csLOCALPARAM___CS_atomic_compare_and_exchange_expected=&__csLOCAL_Push_head1 (0010100000000000000000000000000000000000000000000000000000000000)

State 1322 file regression/pointertranslation/_cs_SafeStack_seqcst_forCSEQ_staticmalloc.c._pp_.c line 1411 function thread_1 thread 0
----------------------------------------------------
  __csLOCALPARAM___CS_atomic_compare_and_exchange_desired=0 (00000000000000000000000000000000)

State 1324 file regression/pointertranslation/_cs_SafeStack_seqcst_forCSEQ_staticmalloc.c._pp_.c line 185 function __CS_atomic_compare_and_exchange thread 0
----------------------------------------------------
  stack={ .array=&dynamic_object1[0].Value, .head=0, .count=2 } ({ 0000001000000000000000000000000000000000000000000000000000000000, 00000000000000000000000000000000, 00000000000000000000000000000010 })

State 1329 file regression/pointertranslation/_cs_SafeStack_seqcst_forCSEQ_staticmalloc.c._pp_.c line 1411 function thread_1 thread 0
----------------------------------------------------
  __csLOCAL_Push___while_cond_1=FALSE (00000000)

State 1335 file regression/pointertranslation/_cs_SafeStack_seqcst_forCSEQ_staticmalloc.c._pp_.c line 1434 function thread_1 thread 0
----------------------------------------------------
  __csLOCALPARAM___CS_atomic_fetch_add_obj=&stack.count (0000011000000000000000000000000000000000000000000000000000001100)

State 1336 file regression/pointertranslation/_cs_SafeStack_seqcst_forCSEQ_staticmalloc.c._pp_.c line 1434 function thread_1 thread 0
----------------------------------------------------
  __csLOCALPARAM___CS_atomic_fetch_add_v=1 (00000000000000000000000000000001)

State 1337 file regression/pointertranslation/_cs_SafeStack_seqcst_forCSEQ_staticmalloc.c._pp_.c line 199 function __CS_atomic_fetch_add thread 0
----------------------------------------------------
  __csLOCAL___CS_atomic_fetch_add_old=2 (00000000000000000000000000000010)

State 1338 file regression/pointertranslation/_cs_SafeStack_seqcst_forCSEQ_staticmalloc.c._pp_.c line 200 function __CS_atomic_fetch_add thread 0
----------------------------------------------------
  stack={ .array=&dynamic_object1[0].Value, .head=0, .count=3 } ({ 0000001000000000000000000000000000000000000000000000000000000000, 00000000000000000000000000000000, 00000000000000000000000000000011 })

State 1343 file regression/pointertranslation/_cs_SafeStack_seqcst_forCSEQ_staticmalloc.c._pp_.c line 1440 function thread_1 thread 0
----------------------------------------------------
  __csLOCAL_thread_i=1 (0000000000000000000000000000000000000000000000000000000000000001)

State 1348 file regression/pointertranslation/_cs_SafeStack_seqcst_forCSEQ_staticmalloc.c._pp_.c line 1447 function thread_1 thread 0
----------------------------------------------------
  __csLOCALPARAM___CS_atomic_load_obj=&stack.count (0000011000000000000000000000000000000000000000000000000000001100)

State 1353 file regression/pointertranslation/_cs_SafeStack_seqcst_forCSEQ_staticmalloc.c._pp_.c line 1447 function thread_1 thread 0
----------------------------------------------------
  __csLOCAL_Pop___while_cond_0=TRUE (00000001)

State 1426 file regression/pointertranslation/_cs_SafeStack_seqcst_forCSEQ_staticmalloc.c._pp_.c line 2782 function main thread 0
----------------------------------------------------
  pc[2]=71 (01000111)

State 1427 file regression/pointertranslation/_cs_SafeStack_seqcst_forCSEQ_staticmalloc.c._pp_.c line 2785 function main thread 0
----------------------------------------------------
  thread_index=3 (00000000000000000000000000000011)

State 1432 file regression/pointertranslation/_cs_SafeStack_seqcst_forCSEQ_staticmalloc.c._pp_.c line 143 function guess_pc thread 0
----------------------------------------------------
  i=57 (00111001)

State 1437 file regression/pointertranslation/_cs_SafeStack_seqcst_forCSEQ_staticmalloc.c._pp_.c line 2787 function main thread 0
----------------------------------------------------
  pc_cs=62 (000111110)

State 1441 file regression/pointertranslation/_cs_SafeStack_seqcst_forCSEQ_staticmalloc.c._pp_.c line 2789 function main thread 0
----------------------------------------------------
  __csLOCALPARAM_thread_arg=NULL + 2 (0000000000000000000000000000000000000000000000000000000000000010)

State 1450 file regression/pointertranslation/_cs_SafeStack_seqcst_forCSEQ_staticmalloc.c._pp_.c line 1883 function thread_2 thread 0
----------------------------------------------------
  __csLOCALPARAM___CS_atomic_fetch_sub_obj=&stack.count (0000011000000000000000000000000000000000000000000000000000001100)

State 1451 file regression/pointertranslation/_cs_SafeStack_seqcst_forCSEQ_staticmalloc.c._pp_.c line 1883 function thread_2 thread 0
----------------------------------------------------
  __csLOCALPARAM___CS_atomic_fetch_sub_v=1 (00000000000000000000000000000001)

State 1452 file regression/pointertranslation/_cs_SafeStack_seqcst_forCSEQ_staticmalloc.c._pp_.c line 207 function __CS_atomic_fetch_sub thread 0
----------------------------------------------------
  __csLOCAL___CS_atomic_fetch_sub_old=3 (00000000000000000000000000000011)

State 1453 file regression/pointertranslation/_cs_SafeStack_seqcst_forCSEQ_staticmalloc.c._pp_.c line 208 function __CS_atomic_fetch_sub thread 0
----------------------------------------------------
  stack={ .array=&dynamic_object1[0].Value, .head=0, .count=2 } ({ 0000001000000000000000000000000000000000000000000000000000000000, 00000000000000000000000000000000, 00000000000000000000000000000010 })

State 1457 file regression/pointertranslation/_cs_SafeStack_seqcst_forCSEQ_staticmalloc.c._pp_.c line 1884 function thread_2 thread 0
----------------------------------------------------
  __retval__Pop_1=1 (00000000000000000000000000000001)

State 1460 file regression/pointertranslation/_cs_SafeStack_seqcst_forCSEQ_staticmalloc.c._pp_.c line 1966 function thread_2 thread 0
----------------------------------------------------
  __csLOCAL_thread_elem=1 (00000000000000000000000000000001)

State 1464 file regression/pointertranslation/_cs_SafeStack_seqcst_forCSEQ_staticmalloc.c._pp_.c line 2202 function thread_2 thread 0
----------------------------------------------------
  dynamic_object1[POINTER_OFFSET(stack.array + (long int)__csLOCAL_thread_elem) / 8].Value={ { .Value=1, .Next=2 }, { .Value=2, .Next=-1 }, { .Value=2, .Next=-1 } }[(8 + POINTER_OFFSET(&dynamic_object1[0].Value)) / 8].Value (?)

State 1467 file regression/pointertranslation/_cs_SafeStack_seqcst_forCSEQ_staticmalloc.c._pp_.c line 2206 function thread_2 thread 0
----------------------------------------------------
  __csLOCALPARAM_Push_index=1 (00000000000000000000000000000001)

State 1471 file regression/pointertranslation/_cs_SafeStack_seqcst_forCSEQ_staticmalloc.c._pp_.c line 2208 function thread_2 thread 0
----------------------------------------------------
  __csLOCALPARAM___CS_atomic_load_obj=&stack.head (0000011000000000000000000000000000000000000000000000000000001000)

State 1475 file regression/pointertranslation/_cs_SafeStack_seqcst_forCSEQ_staticmalloc.c._pp_.c line 2208 function thread_2 thread 0
----------------------------------------------------
  __csLOCAL_Push_head1=0 (00000000000000000000000000000000)

State 1476 file regression/pointertranslation/_cs_SafeStack_seqcst_forCSEQ_staticmalloc.c._pp_.c line 2211 function thread_2 thread 0
----------------------------------------------------
  __csLOCAL_Push___cs_dowhile_onetime_1=0 (00000000000000000000000000000000)

State 1480 file regression/pointertranslation/_cs_SafeStack_seqcst_forCSEQ_staticmalloc.c._pp_.c line 2213 function thread_2 thread 0
----------------------------------------------------
  __csLOCALPARAM___CS_atomic_store_obj=&dynamic_object1[1].Next (0000001000000000000000000000000000000000000000000000000000001100)

State 1481 file regression/pointertranslation/_cs_SafeStack_seqcst_forCSEQ_staticmalloc.c._pp_.c line 2213 function thread_2 thread 0
----------------------------------------------------
  __csLOCALPARAM___CS_atomic_store_v=0 (00000000000000000000000000000000)

State 1482 file regression/pointertranslation/_cs_SafeStack_seqcst_forCSEQ_staticmalloc.c._pp_.c line 165 function __CS_atomic_store thread 0
----------------------------------------------------
  dynamic_object1={ { .Value=1, .Next=2 }, { .Value=2, .Next=0 }, { .Value=2, .Next=-1 } } ({ { 00000000000000000000000000000001, 00000000000000000000000000000010 }, { 00000000000000000000000000000010, 00000000000000000000000000000000 }, { 00000000000000000000000000000010, 11111111111111111111111111111111 } })

State 1484 file regression/pointertranslation/_cs_SafeStack_seqcst_forCSEQ_staticmalloc.c._pp_.c line 2215 function thread_2 thread 0
----------------------------------------------------
  __csLOCAL_Push___cs_dowhile_onetime_1=1 (00000000000000000000000000000001)

State 1567 file regression/pointertranslation/_cs_SafeStack_seqcst_forCSEQ_staticmalloc.c._pp_.c line 2790 function main thread 0
----------------------------------------------------
  pc[3]=62 (00111110)

State 1568 file regression/pointertranslation/_cs_SafeStack_seqcst_forCSEQ_staticmalloc.c._pp_.c line 2794 function main thread 0
----------------------------------------------------
  thread_index=0 (00000000000000000000000000000000)

State 1573 file regression/pointertranslation/_cs_SafeStack_seqcst_forCSEQ_staticmalloc.c._pp_.c line 143 function guess_pc thread 0
----------------------------------------------------
  i=0 (00000000)

State 1578 file regression/pointertranslation/_cs_SafeStack_seqcst_forCSEQ_staticmalloc.c._pp_.c line 2796 function main thread 0
----------------------------------------------------
  pc_cs=3 (000000011)

State 1591 file regression/pointertranslation/_cs_SafeStack_seqcst_forCSEQ_staticmalloc.c._pp_.c line 2799 function main thread 0
----------------------------------------------------
  pc[0]=3 (00000011)

State 1592 file regression/pointertranslation/_cs_SafeStack_seqcst_forCSEQ_staticmalloc.c._pp_.c line 2802 function main thread 0
----------------------------------------------------
  thread_index=1 (00000000000000000000000000000001)

State 1597 file regression/pointertranslation/_cs_SafeStack_seqcst_forCSEQ_staticmalloc.c._pp_.c line 143 function guess_pc thread 0
----------------------------------------------------
  i=54 (00110110)

State 1602 file regression/pointertranslation/_cs_SafeStack_seqcst_forCSEQ_staticmalloc.c._pp_.c line 2804 function main thread 0
----------------------------------------------------
  pc_cs=60 (000111100)

State 1606 file regression/pointertranslation/_cs_SafeStack_seqcst_forCSEQ_staticmalloc.c._pp_.c line 2806 function main thread 0
----------------------------------------------------
  __csLOCALPARAM_thread_arg=NULL (0000000000000000000000000000000000000000000000000000000000000000)

State 1616 file regression/pointertranslation/_cs_SafeStack_seqcst_forCSEQ_staticmalloc.c._pp_.c line 253 function thread_0 thread 0
----------------------------------------------------
  __csLOCALPARAM___CS_atomic_exchange_obj=&dynamic_object1[0].Next (0000001000000000000000000000000000000000000000000000000000000100)

State 1617 file regression/pointertranslation/_cs_SafeStack_seqcst_forCSEQ_staticmalloc.c._pp_.c line 253 function thread_0 thread 0
----------------------------------------------------
  __csLOCALPARAM___CS_atomic_exchange_v=1 (00000000000000000000000000000001)

State 1618 file regression/pointertranslation/_cs_SafeStack_seqcst_forCSEQ_staticmalloc.c._pp_.c line 176 function __CS_atomic_exchange thread 0
----------------------------------------------------
  __csLOCAL___CS_atomic_exchange_t=2 (00000000000000000000000000000010)

State 1619 file regression/pointertranslation/_cs_SafeStack_seqcst_forCSEQ_staticmalloc.c._pp_.c line 177 function __CS_atomic_exchange thread 0
----------------------------------------------------
  dynamic_object1={ { .Value=1, .Next=1 }, { .Value=2, .Next=0 }, { .Value=2, .Next=-1 } } ({ { 00000000000000000000000000000001, 00000000000000000000000000000001 }, { 00000000000000000000000000000010, 00000000000000000000000000000000 }, { 00000000000000000000000000000010, 11111111111111111111111111111111 } })

State 1629 file regression/pointertranslation/_cs_SafeStack_seqcst_forCSEQ_staticmalloc.c._pp_.c line 258 function thread_0 thread 0
----------------------------------------------------
  __csLOCALPARAM___CS_atomic_load_obj=&stack.count (0000011000000000000000000000000000000000000000000000000000001100)

State 1634 file regression/pointertranslation/_cs_SafeStack_seqcst_forCSEQ_staticmalloc.c._pp_.c line 258 function thread_0 thread 0
----------------------------------------------------
  __csLOCAL_Pop___while_cond_0=TRUE (00000001)

State 1639 file regression/pointertranslation/_cs_SafeStack_seqcst_forCSEQ_staticmalloc.c._pp_.c line 267 function thread_0 thread 0
----------------------------------------------------
  __csLOCALPARAM___CS_atomic_load_obj=&stack.head (0000011000000000000000000000000000000000000000000000000000001000)

State 1643 file regression/pointertranslation/_cs_SafeStack_seqcst_forCSEQ_staticmalloc.c._pp_.c line 267 function thread_0 thread 0
----------------------------------------------------
  __csLOCAL_Pop_head1=0 (00000000000000000000000000000000)

State 1647 file regression/pointertranslation/_cs_SafeStack_seqcst_forCSEQ_staticmalloc.c._pp_.c line 269 function thread_0 thread 0
----------------------------------------------------
  __csLOCALPARAM___CS_atomic_exchange_obj=&dynamic_object1[0].Next (0000001000000000000000000000000000000000000000000000000000000100)

State 1648 file regression/pointertranslation/_cs_SafeStack_seqcst_forCSEQ_staticmalloc.c._pp_.c line 269 function thread_0 thread 0
----------------------------------------------------
  __csLOCALPARAM___CS_atomic_exchange_v=-1 (11111111111111111111111111111111)

State 1649 file regression/pointertranslation/_cs_SafeStack_seqcst_forCSEQ_staticmalloc.c._pp_.c line 176 function __CS_atomic_exchange thread 0
----------------------------------------------------
  __csLOCAL___CS_atomic_exchange_t=1 (00000000000000000000000000000001)

State 1650 file regression/pointertranslation/_cs_SafeStack_seqcst_forCSEQ_staticmalloc.c._pp_.c line 177 function __CS_atomic_exchange thread 0
----------------------------------------------------
  dynamic_object1={ { .Value=1, .Next=-1 }, { .Value=2, .Next=0 }, { .Value=2, .Next=-1 } } ({ { 00000000000000000000000000000001, 11111111111111111111111111111111 }, { 00000000000000000000000000000010, 00000000000000000000000000000000 }, { 00000000000000000000000000000010, 11111111111111111111111111111111 } })

State 1654 file regression/pointertranslation/_cs_SafeStack_seqcst_forCSEQ_staticmalloc.c._pp_.c line 269 function thread_0 thread 0
----------------------------------------------------
  __csLOCAL_Pop_next1=1 (00000000000000000000000000000001)

State 1656 file regression/pointertranslation/_cs_SafeStack_seqcst_forCSEQ_staticmalloc.c._pp_.c line 273 function thread_0 thread 0
----------------------------------------------------
  __csLOCAL_Pop_head2=0 (00000000000000000000000000000000)

State 1660 file regression/pointertranslation/_cs_SafeStack_seqcst_forCSEQ_staticmalloc.c._pp_.c line 275 function thread_0 thread 0
----------------------------------------------------
  __csLOCALPARAM___CS_atomic_compare_and_exchange_obj=&stack.head (0000011000000000000000000000000000000000000000000000000000001000)

State 1661 file regression/pointertranslation/_cs_SafeStack_seqcst_forCSEQ_staticmalloc.c._pp_.c line 275 function thread_0 thread 0
----------------------------------------------------
  __csLOCALPARAM___CS_atomic_compare_and_exchange_expected=&__csLOCAL_Pop_head2 (0000110000000000000000000000000000000000000000000000000000000000)

State 1662 file regression/pointertranslation/_cs_SafeStack_seqcst_forCSEQ_staticmalloc.c._pp_.c line 275 function thread_0 thread 0
----------------------------------------------------
  __csLOCALPARAM___CS_atomic_compare_and_exchange_desired=1 (00000000000000000000000000000001)

State 1664 file regression/pointertranslation/_cs_SafeStack_seqcst_forCSEQ_staticmalloc.c._pp_.c line 185 function __CS_atomic_compare_and_exchange thread 0
----------------------------------------------------
  stack={ .array=&dynamic_object1[0].Value, .head=1, .count=2 } ({ 0000001000000000000000000000000000000000000000000000000000000000, 00000000000000000000000000000001, 00000000000000000000000000000010 })

State 1668 file regression/pointertranslation/_cs_SafeStack_seqcst_forCSEQ_staticmalloc.c._pp_.c line 275 function thread_0 thread 0
----------------------------------------------------
  __csLOCAL_Pop___if_cond_0=TRUE (00000001)

State 1673 file regression/pointertranslation/_cs_SafeStack_seqcst_forCSEQ_staticmalloc.c._pp_.c line 278 function thread_0 thread 0
----------------------------------------------------
  __csLOCALPARAM___CS_atomic_fetch_sub_obj=&stack.count (0000011000000000000000000000000000000000000000000000000000001100)

State 1674 file regression/pointertranslation/_cs_SafeStack_seqcst_forCSEQ_staticmalloc.c._pp_.c line 278 function thread_0 thread 0
----------------------------------------------------
  __csLOCALPARAM___CS_atomic_fetch_sub_v=1 (00000000000000000000000000000001)

State 1675 file regression/pointertranslation/_cs_SafeStack_seqcst_forCSEQ_staticmalloc.c._pp_.c line 207 function __CS_atomic_fetch_sub thread 0
----------------------------------------------------
  __csLOCAL___CS_atomic_fetch_sub_old=2 (00000000000000000000000000000010)

State 1676 file regression/pointertranslation/_cs_SafeStack_seqcst_forCSEQ_staticmalloc.c._pp_.c line 208 function __CS_atomic_fetch_sub thread 0
----------------------------------------------------
  stack={ .array=&dynamic_object1[0].Value, .head=1, .count=1 } ({ 0000001000000000000000000000000000000000000000000000000000000000, 00000000000000000000000000000001, 00000000000000000000000000000001 })

State 1680 file regression/pointertranslation/_cs_SafeStack_seqcst_forCSEQ_staticmalloc.c._pp_.c line 279 function thread_0 thread 0
----------------------------------------------------
  __retval__Pop_1=0 (00000000000000000000000000000000)

State 1683 file regression/pointertranslation/_cs_SafeStack_seqcst_forCSEQ_staticmalloc.c._pp_.c line 330 function thread_0 thread 0
----------------------------------------------------
  __csLOCAL_thread_elem=0 (00000000000000000000000000000000)

State 1687 file regression/pointertranslation/_cs_SafeStack_seqcst_forCSEQ_staticmalloc.c._pp_.c line 566 function thread_0 thread 0
----------------------------------------------------
  dynamic_object1[POINTER_OFFSET(stack.array + (long int)__csLOCAL_thread_elem) / 8].Value={ { .Value=0, .Next=-1 }, { .Value=2, .Next=0 }, { .Value=2, .Next=-1 } }[POINTER_OFFSET(&dynamic_object1[0].Value) / 8].Value (?)

State 1690 file regression/pointertranslation/_cs_SafeStack_seqcst_forCSEQ_staticmalloc.c._pp_.c line 570 function thread_0 thread 0
----------------------------------------------------
  __csLOCALPARAM_Push_index=0 (00000000000000000000000000000000)

State 1773 file regression/pointertranslation/_cs_SafeStack_seqcst_forCSEQ_staticmalloc.c._pp_.c line 2807 function main thread 0
----------------------------------------------------
  pc[1]=60 (00111100)

State 1774 file regression/pointertranslation/_cs_SafeStack_seqcst_forCSEQ_staticmalloc.c._pp_.c line 2810 function main thread 0
----------------------------------------------------
  thread_index=2 (00000000000000000000000000000010)

State 1779 file regression/pointertranslation/_cs_SafeStack_seqcst_forCSEQ_staticmalloc.c._pp_.c line 143 function guess_pc thread 0
----------------------------------------------------
  i=2 (00000010)

State 1784 file regression/pointertranslation/_cs_SafeStack_seqcst_forCSEQ_staticmalloc.c._pp_.c line 2812 function main thread 0
----------------------------------------------------
  pc_cs=73 (001001001)

State 1788 file regression/pointertranslation/_cs_SafeStack_seqcst_forCSEQ_staticmalloc.c._pp_.c line 2814 function main thread 0
----------------------------------------------------
  __csLOCALPARAM_thread_arg=NULL + 1 (0000000000000000000000000000000000000000000000000000000000000001)

State 1863 file regression/pointertranslation/_cs_SafeStack_seqcst_forCSEQ_staticmalloc.c._pp_.c line 1455 function thread_1 thread 0
----------------------------------------------------
  __csLOCALPARAM___CS_atomic_load_obj=&stack.head (0000011000000000000000000000000000000000000000000000000000001000)

State 1867 file regression/pointertranslation/_cs_SafeStack_seqcst_forCSEQ_staticmalloc.c._pp_.c line 1455 function thread_1 thread 0
----------------------------------------------------
  __csLOCAL_Pop_head1=1 (00000000000000000000000000000001)

State 1871 file regression/pointertranslation/_cs_SafeStack_seqcst_forCSEQ_staticmalloc.c._pp_.c line 1457 function thread_1 thread 0
----------------------------------------------------
  __csLOCALPARAM___CS_atomic_exchange_obj=&dynamic_object1[1].Next (0000001000000000000000000000000000000000000000000000000000001100)

State 1872 file regression/pointertranslation/_cs_SafeStack_seqcst_forCSEQ_staticmalloc.c._pp_.c line 1457 function thread_1 thread 0
----------------------------------------------------
  __csLOCALPARAM___CS_atomic_exchange_v=-1 (11111111111111111111111111111111)

State 1873 file regression/pointertranslation/_cs_SafeStack_seqcst_forCSEQ_staticmalloc.c._pp_.c line 176 function __CS_atomic_exchange thread 0
----------------------------------------------------
  __csLOCAL___CS_atomic_exchange_t=0 (00000000000000000000000000000000)

State 1874 file regression/pointertranslation/_cs_SafeStack_seqcst_forCSEQ_staticmalloc.c._pp_.c line 177 function __CS_atomic_exchange thread 0
----------------------------------------------------
  dynamic_object1={ { .Value=0, .Next=-1 }, { .Value=2, .Next=-1 }, { .Value=2, .Next=-1 } } ({ { 00000000000000000000000000000000, 11111111111111111111111111111111 }, { 00000000000000000000000000000010, 11111111111111111111111111111111 }, { 00000000000000000000000000000010, 11111111111111111111111111111111 } })

State 1878 file regression/pointertranslation/_cs_SafeStack_seqcst_forCSEQ_staticmalloc.c._pp_.c line 1457 function thread_1 thread 0
----------------------------------------------------
  __csLOCAL_Pop_next1=0 (00000000000000000000000000000000)

State 1880 file regression/pointertranslation/_cs_SafeStack_seqcst_forCSEQ_staticmalloc.c._pp_.c line 1461 function thread_1 thread 0
----------------------------------------------------
  __csLOCAL_Pop_head2=1 (00000000000000000000000000000001)

State 1950 file regression/pointertranslation/_cs_SafeStack_seqcst_forCSEQ_staticmalloc.c._pp_.c line 2815 function main thread 0
----------------------------------------------------
  pc[2]=73 (01001001)

State 1951 file regression/pointertranslation/_cs_SafeStack_seqcst_forCSEQ_staticmalloc.c._pp_.c line 2818 function main thread 0
----------------------------------------------------
  thread_index=3 (00000000000000000000000000000011)

State 1956 file regression/pointertranslation/_cs_SafeStack_seqcst_forCSEQ_staticmalloc.c._pp_.c line 143 function guess_pc thread 0
----------------------------------------------------
  i=66 (01000010)

State 1961 file regression/pointertranslation/_cs_SafeStack_seqcst_forCSEQ_staticmalloc.c._pp_.c line 2820 function main thread 0
----------------------------------------------------
  pc_cs=128 (010000000)

State 1965 file regression/pointertranslation/_cs_SafeStack_seqcst_forCSEQ_staticmalloc.c._pp_.c line 2822 function main thread 0
----------------------------------------------------
  __csLOCALPARAM_thread_arg=NULL + 2 (0000000000000000000000000000000000000000000000000000000000000010)

State 2032 file regression/pointertranslation/_cs_SafeStack_seqcst_forCSEQ_staticmalloc.c._pp_.c line 2220 function thread_2 thread 0
----------------------------------------------------
  __csLOCALPARAM___CS_atomic_compare_and_exchange_obj=&stack.head (0000011000000000000000000000000000000000000000000000000000001000)

State 2033 file regression/pointertranslation/_cs_SafeStack_seqcst_forCSEQ_staticmalloc.c._pp_.c line 2220 function thread_2 thread 0
----------------------------------------------------
  __csLOCALPARAM___CS_atomic_compare_and_exchange_expected=&__csLOCAL_Push_head1 (0011110000000000000000000000000000000000000000000000000000000000)

State 2034 file regression/pointertranslation/_cs_SafeStack_seqcst_forCSEQ_staticmalloc.c._pp_.c line 2220 function thread_2 thread 0
----------------------------------------------------
  __csLOCALPARAM___CS_atomic_compare_and_exchange_desired=1 (00000000000000000000000000000001)

State 2036 file regression/pointertranslation/_cs_SafeStack_seqcst_forCSEQ_staticmalloc.c._pp_.c line 190 function __CS_atomic_compare_and_exchange thread 0
----------------------------------------------------
  __csLOCAL_Push_head1=1 (00000000000000000000000000000001)

State 2041 file regression/pointertranslation/_cs_SafeStack_seqcst_forCSEQ_staticmalloc.c._pp_.c line 2220 function thread_2 thread 0
----------------------------------------------------
  __csLOCAL_Push___while_cond_1=TRUE (00000001)

State 2046 file regression/pointertranslation/_cs_SafeStack_seqcst_forCSEQ_staticmalloc.c._pp_.c line 2227 function thread_2 thread 0
----------------------------------------------------
  __csLOCALPARAM___CS_atomic_store_obj=&dynamic_object1[1].Next (0000001000000000000000000000000000000000000000000000000000001100)

State 2047 file regression/pointertranslation/_cs_SafeStack_seqcst_forCSEQ_staticmalloc.c._pp_.c line 2227 function thread_2 thread 0
----------------------------------------------------
  __csLOCALPARAM___CS_atomic_store_v=1 (00000000000000000000000000000001)

State 2048 file regression/pointertranslation/_cs_SafeStack_seqcst_forCSEQ_staticmalloc.c._pp_.c line 165 function __CS_atomic_store thread 0
----------------------------------------------------
  dynamic_object1={ { .Value=0, .Next=-1 }, { .Value=2, .Next=1 }, { .Value=2, .Next=-1 } } ({ { 00000000000000000000000000000000, 11111111111111111111111111111111 }, { 00000000000000000000000000000010, 00000000000000000000000000000001 }, { 00000000000000000000000000000010, 11111111111111111111111111111111 } })

State 2054 file regression/pointertranslation/_cs_SafeStack_seqcst_forCSEQ_staticmalloc.c._pp_.c line 2228 function thread_2 thread 0
----------------------------------------------------
  __csLOCALPARAM___CS_atomic_compare_and_exchange_obj=&stack.head (0000011000000000000000000000000000000000000000000000000000001000)

State 2055 file regression/pointertranslation/_cs_SafeStack_seqcst_forCSEQ_staticmalloc.c._pp_.c line 2228 function thread_2 thread 0
----------------------------------------------------
  __csLOCALPARAM___CS_atomic_compare_and_exchange_expected=&__csLOCAL_Push_head1 (0011110000000000000000000000000000000000000000000000000000000000)

State 2056 file regression/pointertranslation/_cs_SafeStack_seqcst_forCSEQ_staticmalloc.c._pp_.c line 2228 function thread_2 thread 0
----------------------------------------------------
  __csLOCALPARAM___CS_atomic_compare_and_exchange_desired=1 (00000000000000000000000000000001)

State 2058 file regression/pointertranslation/_cs_SafeStack_seqcst_forCSEQ_staticmalloc.c._pp_.c line 185 function __CS_atomic_compare_and_exchange thread 0
----------------------------------------------------
  stack={ .array=&dynamic_object1[0].Value, .head=1, .count=1 } ({ 0000001000000000000000000000000000000000000000000000000000000000, 00000000000000000000000000000001, 00000000000000000000000000000001 })

State 2063 file regression/pointertranslation/_cs_SafeStack_seqcst_forCSEQ_staticmalloc.c._pp_.c line 2228 function thread_2 thread 0
----------------------------------------------------
  __csLOCAL_Push___while_cond_1=FALSE (00000000)

State 2069 file regression/pointertranslation/_cs_SafeStack_seqcst_forCSEQ_staticmalloc.c._pp_.c line 2251 function thread_2 thread 0
----------------------------------------------------
  __csLOCALPARAM___CS_atomic_fetch_add_obj=&stack.count (0000011000000000000000000000000000000000000000000000000000001100)

State 2070 file regression/pointertranslation/_cs_SafeStack_seqcst_forCSEQ_staticmalloc.c._pp_.c line 2251 function thread_2 thread 0
----------------------------------------------------
  __csLOCALPARAM___CS_atomic_fetch_add_v=1 (00000000000000000000000000000001)

State 2071 file regression/pointertranslation/_cs_SafeStack_seqcst_forCSEQ_staticmalloc.c._pp_.c line 199 function __CS_atomic_fetch_add thread 0
----------------------------------------------------
  __csLOCAL___CS_atomic_fetch_add_old=1 (00000000000000000000000000000001)

State 2072 file regression/pointertranslation/_cs_SafeStack_seqcst_forCSEQ_staticmalloc.c._pp_.c line 200 function __CS_atomic_fetch_add thread 0
----------------------------------------------------
  stack={ .array=&dynamic_object1[0].Value, .head=1, .count=2 } ({ 0000001000000000000000000000000000000000000000000000000000000000, 00000000000000000000000000000001, 00000000000000000000000000000010 })

State 2077 file regression/pointertranslation/_cs_SafeStack_seqcst_forCSEQ_staticmalloc.c._pp_.c line 2257 function thread_2 thread 0
----------------------------------------------------
  __csLOCAL_thread_i=1 (0000000000000000000000000000000000000000000000000000000000000001)

State 2082 file regression/pointertranslation/_cs_SafeStack_seqcst_forCSEQ_staticmalloc.c._pp_.c line 2264 function thread_2 thread 0
----------------------------------------------------
  __csLOCALPARAM___CS_atomic_load_obj=&stack.count (0000011000000000000000000000000000000000000000000000000000001100)

State 2087 file regression/pointertranslation/_cs_SafeStack_seqcst_forCSEQ_staticmalloc.c._pp_.c line 2264 function thread_2 thread 0
----------------------------------------------------
  __csLOCAL_Pop___while_cond_0=TRUE (00000001)

State 2092 file regression/pointertranslation/_cs_SafeStack_seqcst_forCSEQ_staticmalloc.c._pp_.c line 2272 function thread_2 thread 0
----------------------------------------------------
  __csLOCALPARAM___CS_atomic_load_obj=&stack.head (0000011000000000000000000000000000000000000000000000000000001000)

State 2096 file regression/pointertranslation/_cs_SafeStack_seqcst_forCSEQ_staticmalloc.c._pp_.c line 2272 function thread_2 thread 0
----------------------------------------------------
  __csLOCAL_Pop_head1=1 (00000000000000000000000000000001)

State 2100 file regression/pointertranslation/_cs_SafeStack_seqcst_forCSEQ_staticmalloc.c._pp_.c line 2274 function thread_2 thread 0
----------------------------------------------------
  __csLOCALPARAM___CS_atomic_exchange_obj=&dynamic_object1[1].Next (0000001000000000000000000000000000000000000000000000000000001100)

State 2101 file regression/pointertranslation/_cs_SafeStack_seqcst_forCSEQ_staticmalloc.c._pp_.c line 2274 function thread_2 thread 0
----------------------------------------------------
  __csLOCALPARAM___CS_atomic_exchange_v=-1 (11111111111111111111111111111111)

State 2102 file regression/pointertranslation/_cs_SafeStack_seqcst_forCSEQ_staticmalloc.c._pp_.c line 176 function __CS_atomic_exchange thread 0
----------------------------------------------------
  __csLOCAL___CS_atomic_exchange_t=1 (00000000000000000000000000000001)

State 2103 file regression/pointertranslation/_cs_SafeStack_seqcst_forCSEQ_staticmalloc.c._pp_.c line 177 function __CS_atomic_exchange thread 0
----------------------------------------------------
  dynamic_object1={ { .Value=0, .Next=-1 }, { .Value=2, .Next=-1 }, { .Value=2, .Next=-1 } } ({ { 00000000000000000000000000000000, 11111111111111111111111111111111 }, { 00000000000000000000000000000010, 11111111111111111111111111111111 }, { 00000000000000000000000000000010, 11111111111111111111111111111111 } })

State 2107 file regression/pointertranslation/_cs_SafeStack_seqcst_forCSEQ_staticmalloc.c._pp_.c line 2274 function thread_2 thread 0
----------------------------------------------------
  __csLOCAL_Pop_next1=1 (00000000000000000000000000000001)

State 2109 file regression/pointertranslation/_cs_SafeStack_seqcst_forCSEQ_staticmalloc.c._pp_.c line 2278 function thread_2 thread 0
----------------------------------------------------
  __csLOCAL_Pop_head2=1 (00000000000000000000000000000001)

State 2113 file regression/pointertranslation/_cs_SafeStack_seqcst_forCSEQ_staticmalloc.c._pp_.c line 2280 function thread_2 thread 0
----------------------------------------------------
  __csLOCALPARAM___CS_atomic_compare_and_exchange_obj=&stack.head (0000011000000000000000000000000000000000000000000000000000001000)

State 2114 file regression/pointertranslation/_cs_SafeStack_seqcst_forCSEQ_staticmalloc.c._pp_.c line 2280 function thread_2 thread 0
----------------------------------------------------
  __csLOCALPARAM___CS_atomic_compare_and_exchange_expected=&__csLOCAL_Pop_head2 (0011110100000000000000000000000000000000000000000000000000000000)

State 2115 file regression/pointertranslation/_cs_SafeStack_seqcst_forCSEQ_staticmalloc.c._pp_.c line 2280 function thread_2 thread 0
----------------------------------------------------
  __csLOCALPARAM___CS_atomic_compare_and_exchange_desired=1 (00000000000000000000000000000001)

State 2117 file regression/pointertranslation/_cs_SafeStack_seqcst_forCSEQ_staticmalloc.c._pp_.c line 185 function __CS_atomic_compare_and_exchange thread 0
----------------------------------------------------
  stack={ .array=&dynamic_object1[0].Value, .head=1, .count=2 } ({ 0000001000000000000000000000000000000000000000000000000000000000, 00000000000000000000000000000001, 00000000000000000000000000000010 })

State 2121 file regression/pointertranslation/_cs_SafeStack_seqcst_forCSEQ_staticmalloc.c._pp_.c line 2280 function thread_2 thread 0
----------------------------------------------------
  __csLOCAL_Pop___if_cond_0=TRUE (00000001)

State 2126 file regression/pointertranslation/_cs_SafeStack_seqcst_forCSEQ_staticmalloc.c._pp_.c line 2283 function thread_2 thread 0
----------------------------------------------------
  __csLOCALPARAM___CS_atomic_fetch_sub_obj=&stack.count (0000011000000000000000000000000000000000000000000000000000001100)

State 2127 file regression/pointertranslation/_cs_SafeStack_seqcst_forCSEQ_staticmalloc.c._pp_.c line 2283 function thread_2 thread 0
----------------------------------------------------
  __csLOCALPARAM___CS_atomic_fetch_sub_v=1 (00000000000000000000000000000001)

State 2128 file regression/pointertranslation/_cs_SafeStack_seqcst_forCSEQ_staticmalloc.c._pp_.c line 207 function __CS_atomic_fetch_sub thread 0
----------------------------------------------------
  __csLOCAL___CS_atomic_fetch_sub_old=2 (00000000000000000000000000000010)

State 2129 file regression/pointertranslation/_cs_SafeStack_seqcst_forCSEQ_staticmalloc.c._pp_.c line 208 function __CS_atomic_fetch_sub thread 0
----------------------------------------------------
  stack={ .array=&dynamic_object1[0].Value, .head=1, .count=1 } ({ 0000001000000000000000000000000000000000000000000000000000000000, 00000000000000000000000000000001, 00000000000000000000000000000001 })

State 2133 file regression/pointertranslation/_cs_SafeStack_seqcst_forCSEQ_staticmalloc.c._pp_.c line 2284 function thread_2 thread 0
----------------------------------------------------
  __retval__Pop_1=1 (00000000000000000000000000000001)

State 2136 file regression/pointertranslation/_cs_SafeStack_seqcst_forCSEQ_staticmalloc.c._pp_.c line 2366 function thread_2 thread 0
----------------------------------------------------
  __csLOCAL_thread_elem=1 (00000000000000000000000000000001)

State 2140 file regression/pointertranslation/_cs_SafeStack_seqcst_forCSEQ_staticmalloc.c._pp_.c line 2602 function thread_2 thread 0
----------------------------------------------------
  dynamic_object1[POINTER_OFFSET(stack.array + (long int)__csLOCAL_thread_elem) / 8].Value={ { .Value=0, .Next=-1 }, { .Value=2, .Next=-1 }, { .Value=2, .Next=-1 } }[(8 + POINTER_OFFSET(&dynamic_object1[0].Value)) / 8].Value (?)

State 2155 file regression/pointertranslation/_cs_SafeStack_seqcst_forCSEQ_staticmalloc.c._pp_.c line 2823 function main thread 0
----------------------------------------------------
  pc[3]=128 (10000000)

State 2156 file regression/pointertranslation/_cs_SafeStack_seqcst_forCSEQ_staticmalloc.c._pp_.c line 2827 function main thread 0
----------------------------------------------------
  thread_index=0 (00000000000000000000000000000000)

State 2161 file regression/pointertranslation/_cs_SafeStack_seqcst_forCSEQ_staticmalloc.c._pp_.c line 143 function guess_pc thread 0
----------------------------------------------------
  i=0 (00000000)

State 2166 file regression/pointertranslation/_cs_SafeStack_seqcst_forCSEQ_staticmalloc.c._pp_.c line 2829 function main thread 0
----------------------------------------------------
  pc_cs=3 (000000011)

State 2179 file regression/pointertranslation/_cs_SafeStack_seqcst_forCSEQ_staticmalloc.c._pp_.c line 2832 function main thread 0
----------------------------------------------------
  pc[0]=3 (00000011)

State 2180 file regression/pointertranslation/_cs_SafeStack_seqcst_forCSEQ_staticmalloc.c._pp_.c line 2835 function main thread 0
----------------------------------------------------
  thread_index=1 (00000000000000000000000000000001)

State 2185 file regression/pointertranslation/_cs_SafeStack_seqcst_forCSEQ_staticmalloc.c._pp_.c line 143 function guess_pc thread 0
----------------------------------------------------
  i=14 (00001110)

State 2190 file regression/pointertranslation/_cs_SafeStack_seqcst_forCSEQ_staticmalloc.c._pp_.c line 2837 function main thread 0
----------------------------------------------------
  pc_cs=74 (001001010)

State 2194 file regression/pointertranslation/_cs_SafeStack_seqcst_forCSEQ_staticmalloc.c._pp_.c line 2839 function main thread 0
----------------------------------------------------
  __csLOCALPARAM_thread_arg=NULL (0000000000000000000000000000000000000000000000000000000000000000)

State 2258 file regression/pointertranslation/_cs_SafeStack_seqcst_forCSEQ_staticmalloc.c._pp_.c line 572 function thread_0 thread 0
----------------------------------------------------
  __csLOCALPARAM___CS_atomic_load_obj=&stack.head (0000011000000000000000000000000000000000000000000000000000001000)

State 2262 file regression/pointertranslation/_cs_SafeStack_seqcst_forCSEQ_staticmalloc.c._pp_.c line 572 function thread_0 thread 0
----------------------------------------------------
  __csLOCAL_Push_head1=1 (00000000000000000000000000000001)

State 2263 file regression/pointertranslation/_cs_SafeStack_seqcst_forCSEQ_staticmalloc.c._pp_.c line 575 function thread_0 thread 0
----------------------------------------------------
  __csLOCAL_Push___cs_dowhile_onetime_1=0 (00000000000000000000000000000000)

State 2267 file regression/pointertranslation/_cs_SafeStack_seqcst_forCSEQ_staticmalloc.c._pp_.c line 577 function thread_0 thread 0
----------------------------------------------------
  __csLOCALPARAM___CS_atomic_store_obj=&dynamic_object1[0].Next (0000001000000000000000000000000000000000000000000000000000000100)

State 2268 file regression/pointertranslation/_cs_SafeStack_seqcst_forCSEQ_staticmalloc.c._pp_.c line 577 function thread_0 thread 0
----------------------------------------------------
  __csLOCALPARAM___CS_atomic_store_v=1 (00000000000000000000000000000001)

State 2269 file regression/pointertranslation/_cs_SafeStack_seqcst_forCSEQ_staticmalloc.c._pp_.c line 165 function __CS_atomic_store thread 0
----------------------------------------------------
  dynamic_object1={ { .Value=0, .Next=1 }, { .Value=2, .Next=-1 }, { .Value=2, .Next=-1 } } ({ { 00000000000000000000000000000000, 00000000000000000000000000000001 }, { 00000000000000000000000000000010, 11111111111111111111111111111111 }, { 00000000000000000000000000000010, 11111111111111111111111111111111 } })

State 2271 file regression/pointertranslation/_cs_SafeStack_seqcst_forCSEQ_staticmalloc.c._pp_.c line 579 function thread_0 thread 0
----------------------------------------------------
  __csLOCAL_Push___cs_dowhile_onetime_1=1 (00000000000000000000000000000001)

State 2278 file regression/pointertranslation/_cs_SafeStack_seqcst_forCSEQ_staticmalloc.c._pp_.c line 585 function thread_0 thread 0
----------------------------------------------------
  __csLOCALPARAM___CS_atomic_compare_and_exchange_obj=&stack.head (0000011000000000000000000000000000000000000000000000000000001000)

State 2279 file regression/pointertranslation/_cs_SafeStack_seqcst_forCSEQ_staticmalloc.c._pp_.c line 585 function thread_0 thread 0
----------------------------------------------------
  __csLOCALPARAM___CS_atomic_compare_and_exchange_expected=&__csLOCAL_Push_head1 (0001010000000000000000000000000000000000000000000000000000000000)

State 2280 file regression/pointertranslation/_cs_SafeStack_seqcst_forCSEQ_staticmalloc.c._pp_.c line 585 function thread_0 thread 0
----------------------------------------------------
  __csLOCALPARAM___CS_atomic_compare_and_exchange_desired=0 (00000000000000000000000000000000)

State 2282 file regression/pointertranslation/_cs_SafeStack_seqcst_forCSEQ_staticmalloc.c._pp_.c line 185 function __CS_atomic_compare_and_exchange thread 0
----------------------------------------------------
  stack={ .array=&dynamic_object1[0].Value, .head=0, .count=1 } ({ 0000001000000000000000000000000000000000000000000000000000000000, 00000000000000000000000000000000, 00000000000000000000000000000001 })

State 2287 file regression/pointertranslation/_cs_SafeStack_seqcst_forCSEQ_staticmalloc.c._pp_.c line 584 function thread_0 thread 0
----------------------------------------------------
  __csLOCAL_Push___while_cond_1=FALSE (00000000)

State 2293 file regression/pointertranslation/_cs_SafeStack_seqcst_forCSEQ_staticmalloc.c._pp_.c line 617 function thread_0 thread 0
----------------------------------------------------
  __csLOCALPARAM___CS_atomic_fetch_add_obj=&stack.count (0000011000000000000000000000000000000000000000000000000000001100)

State 2294 file regression/pointertranslation/_cs_SafeStack_seqcst_forCSEQ_staticmalloc.c._pp_.c line 617 function thread_0 thread 0
----------------------------------------------------
  __csLOCALPARAM___CS_atomic_fetch_add_v=1 (00000000000000000000000000000001)

State 2295 file regression/pointertranslation/_cs_SafeStack_seqcst_forCSEQ_staticmalloc.c._pp_.c line 199 function __CS_atomic_fetch_add thread 0
----------------------------------------------------
  __csLOCAL___CS_atomic_fetch_add_old=1 (00000000000000000000000000000001)

State 2296 file regression/pointertranslation/_cs_SafeStack_seqcst_forCSEQ_staticmalloc.c._pp_.c line 200 function __CS_atomic_fetch_add thread 0
----------------------------------------------------
  stack={ .array=&dynamic_object1[0].Value, .head=0, .count=2 } ({ 0000001000000000000000000000000000000000000000000000000000000000, 00000000000000000000000000000000, 00000000000000000000000000000010 })

State 2301 file regression/pointertranslation/_cs_SafeStack_seqcst_forCSEQ_staticmalloc.c._pp_.c line 623 function thread_0 thread 0
----------------------------------------------------
  __csLOCAL_thread_i=1 (0000000000000000000000000000000000000000000000000000000000000001)

State 2306 file regression/pointertranslation/_cs_SafeStack_seqcst_forCSEQ_staticmalloc.c._pp_.c line 630 function thread_0 thread 0
----------------------------------------------------
  __csLOCALPARAM___CS_atomic_load_obj=&stack.count (0000011000000000000000000000000000000000000000000000000000001100)

State 2311 file regression/pointertranslation/_cs_SafeStack_seqcst_forCSEQ_staticmalloc.c._pp_.c line 630 function thread_0 thread 0
----------------------------------------------------
  __csLOCAL_Pop___while_cond_0=TRUE (00000001)

State 2316 file regression/pointertranslation/_cs_SafeStack_seqcst_forCSEQ_staticmalloc.c._pp_.c line 638 function thread_0 thread 0
----------------------------------------------------
  __csLOCALPARAM___CS_atomic_load_obj=&stack.head (0000011000000000000000000000000000000000000000000000000000001000)

State 2320 file regression/pointertranslation/_cs_SafeStack_seqcst_forCSEQ_staticmalloc.c._pp_.c line 638 function thread_0 thread 0
----------------------------------------------------
  __csLOCAL_Pop_head1=0 (00000000000000000000000000000000)

State 2324 file regression/pointertranslation/_cs_SafeStack_seqcst_forCSEQ_staticmalloc.c._pp_.c line 640 function thread_0 thread 0
----------------------------------------------------
  __csLOCALPARAM___CS_atomic_exchange_obj=&dynamic_object1[0].Next (0000001000000000000000000000000000000000000000000000000000000100)

State 2325 file regression/pointertranslation/_cs_SafeStack_seqcst_forCSEQ_staticmalloc.c._pp_.c line 640 function thread_0 thread 0
----------------------------------------------------
  __csLOCALPARAM___CS_atomic_exchange_v=-1 (11111111111111111111111111111111)

State 2326 file regression/pointertranslation/_cs_SafeStack_seqcst_forCSEQ_staticmalloc.c._pp_.c line 176 function __CS_atomic_exchange thread 0
----------------------------------------------------
  __csLOCAL___CS_atomic_exchange_t=1 (00000000000000000000000000000001)

State 2327 file regression/pointertranslation/_cs_SafeStack_seqcst_forCSEQ_staticmalloc.c._pp_.c line 177 function __CS_atomic_exchange thread 0
----------------------------------------------------
  dynamic_object1={ { .Value=0, .Next=-1 }, { .Value=2, .Next=-1 }, { .Value=2, .Next=-1 } } ({ { 00000000000000000000000000000000, 11111111111111111111111111111111 }, { 00000000000000000000000000000010, 11111111111111111111111111111111 }, { 00000000000000000000000000000010, 11111111111111111111111111111111 } })

State 2331 file regression/pointertranslation/_cs_SafeStack_seqcst_forCSEQ_staticmalloc.c._pp_.c line 640 function thread_0 thread 0
----------------------------------------------------
  __csLOCAL_Pop_next1=1 (00000000000000000000000000000001)

State 2333 file regression/pointertranslation/_cs_SafeStack_seqcst_forCSEQ_staticmalloc.c._pp_.c line 644 function thread_0 thread 0
----------------------------------------------------
  __csLOCAL_Pop_head2=0 (00000000000000000000000000000000)

State 2337 file regression/pointertranslation/_cs_SafeStack_seqcst_forCSEQ_staticmalloc.c._pp_.c line 646 function thread_0 thread 0
----------------------------------------------------
  __csLOCALPARAM___CS_atomic_compare_and_exchange_obj=&stack.head (0000011000000000000000000000000000000000000000000000000000001000)

State 2338 file regression/pointertranslation/_cs_SafeStack_seqcst_forCSEQ_staticmalloc.c._pp_.c line 646 function thread_0 thread 0
----------------------------------------------------
  __csLOCALPARAM___CS_atomic_compare_and_exchange_expected=&__csLOCAL_Pop_head2 (0001010100000000000000000000000000000000000000000000000000000000)

State 2339 file regression/pointertranslation/_cs_SafeStack_seqcst_forCSEQ_staticmalloc.c._pp_.c line 646 function thread_0 thread 0
----------------------------------------------------
  __csLOCALPARAM___CS_atomic_compare_and_exchange_desired=1 (00000000000000000000000000000001)

State 2341 file regression/pointertranslation/_cs_SafeStack_seqcst_forCSEQ_staticmalloc.c._pp_.c line 185 function __CS_atomic_compare_and_exchange thread 0
----------------------------------------------------
  stack={ .array=&dynamic_object1[0].Value, .head=1, .count=2 } ({ 0000001000000000000000000000000000000000000000000000000000000000, 00000000000000000000000000000001, 00000000000000000000000000000010 })

State 2345 file regression/pointertranslation/_cs_SafeStack_seqcst_forCSEQ_staticmalloc.c._pp_.c line 646 function thread_0 thread 0
----------------------------------------------------
  __csLOCAL_Pop___if_cond_0=TRUE (00000001)

State 2415 file regression/pointertranslation/_cs_SafeStack_seqcst_forCSEQ_staticmalloc.c._pp_.c line 2840 function main thread 0
----------------------------------------------------
  pc[1]=74 (01001010)

State 2416 file regression/pointertranslation/_cs_SafeStack_seqcst_forCSEQ_staticmalloc.c._pp_.c line 2843 function main thread 0
----------------------------------------------------
  thread_index=2 (00000000000000000000000000000010)

State 2421 file regression/pointertranslation/_cs_SafeStack_seqcst_forCSEQ_staticmalloc.c._pp_.c line 143 function guess_pc thread 0
----------------------------------------------------
  i=56 (00111000)

State 2426 file regression/pointertranslation/_cs_SafeStack_seqcst_forCSEQ_staticmalloc.c._pp_.c line 2845 function main thread 0
----------------------------------------------------
  pc_cs=129 (010000001)

State 2430 file regression/pointertranslation/_cs_SafeStack_seqcst_forCSEQ_staticmalloc.c._pp_.c line 2847 function main thread 0
----------------------------------------------------
  __csLOCALPARAM_thread_arg=NULL + 1 (0000000000000000000000000000000000000000000000000000000000000001)

State 2507 file regression/pointertranslation/_cs_SafeStack_seqcst_forCSEQ_staticmalloc.c._pp_.c line 1463 function thread_1 thread 0
----------------------------------------------------
  __csLOCALPARAM___CS_atomic_compare_and_exchange_obj=&stack.head (0000011000000000000000000000000000000000000000000000000000001000)

State 2508 file regression/pointertranslation/_cs_SafeStack_seqcst_forCSEQ_staticmalloc.c._pp_.c line 1463 function thread_1 thread 0
----------------------------------------------------
  __csLOCALPARAM___CS_atomic_compare_and_exchange_expected=&__csLOCAL_Pop_head2 (0010100100000000000000000000000000000000000000000000000000000000)

State 2509 file regression/pointertranslation/_cs_SafeStack_seqcst_forCSEQ_staticmalloc.c._pp_.c line 1463 function thread_1 thread 0
----------------------------------------------------
  __csLOCALPARAM___CS_atomic_compare_and_exchange_desired=0 (00000000000000000000000000000000)

State 2511 file regression/pointertranslation/_cs_SafeStack_seqcst_forCSEQ_staticmalloc.c._pp_.c line 185 function __CS_atomic_compare_and_exchange thread 0
----------------------------------------------------
  stack={ .array=&dynamic_object1[0].Value, .head=0, .count=2 } ({ 0000001000000000000000000000000000000000000000000000000000000000, 00000000000000000000000000000000, 00000000000000000000000000000010 })

State 2515 file regression/pointertranslation/_cs_SafeStack_seqcst_forCSEQ_staticmalloc.c._pp_.c line 1463 function thread_1 thread 0
----------------------------------------------------
  __csLOCAL_Pop___if_cond_0=TRUE (00000001)

State 2520 file regression/pointertranslation/_cs_SafeStack_seqcst_forCSEQ_staticmalloc.c._pp_.c line 1466 function thread_1 thread 0
----------------------------------------------------
  __csLOCALPARAM___CS_atomic_fetch_sub_obj=&stack.count (0000011000000000000000000000000000000000000000000000000000001100)

State 2521 file regression/pointertranslation/_cs_SafeStack_seqcst_forCSEQ_staticmalloc.c._pp_.c line 1466 function thread_1 thread 0
----------------------------------------------------
  __csLOCALPARAM___CS_atomic_fetch_sub_v=1 (00000000000000000000000000000001)

State 2522 file regression/pointertranslation/_cs_SafeStack_seqcst_forCSEQ_staticmalloc.c._pp_.c line 207 function __CS_atomic_fetch_sub thread 0
----------------------------------------------------
  __csLOCAL___CS_atomic_fetch_sub_old=2 (00000000000000000000000000000010)

State 2523 file regression/pointertranslation/_cs_SafeStack_seqcst_forCSEQ_staticmalloc.c._pp_.c line 208 function __CS_atomic_fetch_sub thread 0
----------------------------------------------------
  stack={ .array=&dynamic_object1[0].Value, .head=0, .count=1 } ({ 0000001000000000000000000000000000000000000000000000000000000000, 00000000000000000000000000000000, 00000000000000000000000000000001 })

State 2527 file regression/pointertranslation/_cs_SafeStack_seqcst_forCSEQ_staticmalloc.c._pp_.c line 1467 function thread_1 thread 0
----------------------------------------------------
  __retval__Pop_1=1 (00000000000000000000000000000001)

State 2530 file regression/pointertranslation/_cs_SafeStack_seqcst_forCSEQ_staticmalloc.c._pp_.c line 1549 function thread_1 thread 0
----------------------------------------------------
  __csLOCAL_thread_elem=1 (00000000000000000000000000000001)

State 2534 file regression/pointertranslation/_cs_SafeStack_seqcst_forCSEQ_staticmalloc.c._pp_.c line 1785 function thread_1 thread 0
----------------------------------------------------
  dynamic_object1[POINTER_OFFSET(stack.array + (long int)__csLOCAL_thread_elem) / 8].Value={ { .Value=0, .Next=-1 }, { .Value=1, .Next=-1 }, { .Value=2, .Next=-1 } }[(8 + POINTER_OFFSET(&dynamic_object1[0].Value)) / 8].Value (?)

State 2537 file regression/pointertranslation/_cs_SafeStack_seqcst_forCSEQ_staticmalloc.c._pp_.c line 1789 function thread_1 thread 0
----------------------------------------------------
  __csLOCALPARAM_Push_index=1 (00000000000000000000000000000001)

State 2551 file regression/pointertranslation/_cs_SafeStack_seqcst_forCSEQ_staticmalloc.c._pp_.c line 2848 function main thread 0
----------------------------------------------------
  pc[2]=129 (10000001)

State 2552 file regression/pointertranslation/_cs_SafeStack_seqcst_forCSEQ_staticmalloc.c._pp_.c line 2851 function main thread 0
----------------------------------------------------
  thread_index=3 (00000000000000000000000000000011)

State 2557 file regression/pointertranslation/_cs_SafeStack_seqcst_forCSEQ_staticmalloc.c._pp_.c line 143 function guess_pc thread 0
----------------------------------------------------
  i=8 (00001000)

State 2562 file regression/pointertranslation/_cs_SafeStack_seqcst_forCSEQ_staticmalloc.c._pp_.c line 2853 function main thread 0
----------------------------------------------------
  pc_cs=136 (010001000)

State 2566 file regression/pointertranslation/_cs_SafeStack_seqcst_forCSEQ_staticmalloc.c._pp_.c line 2855 function main thread 0
----------------------------------------------------
  __csLOCALPARAM_thread_arg=NULL + 2 (0000000000000000000000000000000000000000000000000000000000000010)

Violated property:
  file regression/pointertranslation/_cs_SafeStack_seqcst_forCSEQ_staticmalloc.c._pp_.c line 2603 function thread_2
  assertion (stack.array + (signed long int)__csLOCAL_thread_elem)->Value == __csLOCAL_thread_idx
  (stack.array + (signed long int)__csLOCAL_thread_elem)->Value == __csLOCAL_thread_idx

VERIFICATION FAILED

real    39m56.482s
user    39m50.135s
sys 0m3.369s